2024/10/27 17:18:57 - mmengine - INFO - 
------------------------------------------------------------
System environment:
    sys.platform: linux
    Python: 3.8.19 (default, Mar 20 2024, 19:58:24) [GCC 11.2.0]
    CUDA available: True
    MUSA available: False
    numpy_random_seed: 3407
    GPU 0: NVIDIA GeForce RTX 4060 Ti
    CUDA_HOME: /usr/local/cuda-11.8
    NVCC: Cuda compilation tools, release 11.8, V11.8.89
    GCC: gcc (Ubuntu 11.4.0-1ubuntu1~22.04) 11.4.0
    PyTorch: 2.4.1
    PyTorch compiling details: PyTorch built with:
  - GCC 9.3
  - C++ Version: 201703
  - Intel(R) oneAPI Math Kernel Library Version 2023.1-Product Build 20230303 for Intel(R) 64 architecture applications
  - Intel(R) MKL-DNN v3.4.2 (Git Hash 1137e04ec0b5251ca2b4400a4fd3c667ce843d67)
  - OpenMP 201511 (a.k.a. OpenMP 4.5)
  - LAPACK is enabled (usually provided by MKL)
  - NNPACK is enabled
  - CPU capability usage: AVX2
  - CUDA Runtime 11.8
  - NVCC architecture flags: -gencode;arch=compute_50,code=sm_50;-gencode;arch=compute_60,code=sm_60;-gencode;arch=compute_61,code=sm_61;-gencode;arch=compute_70,code=sm_70;-gencode;arch=compute_75,code=sm_75;-gencode;arch=compute_80,code=sm_80;-gencode;arch=compute_86,code=sm_86;-gencode;arch=compute_37,code=sm_37;-gencode;arch=compute_90,code=sm_90;-gencode;arch=compute_37,code=compute_37
  - CuDNN 90.1
  - Magma 2.6.1
  - Build settings: BLAS_INFO=mkl, BUILD_TYPE=Release, CUDA_VERSION=11.8, CUDNN_VERSION=9.1.0, CXX_COMPILER=/opt/rh/devtoolset-9/root/usr/bin/c++, CXX_FLAGS= -D_GLIBCXX_USE_CXX11_ABI=0 -fabi-version=11 -fvisibility-inlines-hidden -DUSE_PTHREADPOOL -DNDEBUG -DUSE_KINETO -DLIBKINETO_NOROCTRACER -DUSE_FBGEMM -DUSE_PYTORCH_QNNPACK -DUSE_XNNPACK -DSYMBOLICATE_MOBILE_DEBUG_HANDLE -O2 -fPIC -Wall -Wextra -Werror=return-type -Werror=non-virtual-dtor -Werror=bool-operation -Wnarrowing -Wno-missing-field-initializers -Wno-type-limits -Wno-array-bounds -Wno-unknown-pragmas -Wno-unused-parameter -Wno-unused-function -Wno-unused-result -Wno-strict-overflow -Wno-strict-aliasing -Wno-stringop-overflow -Wsuggest-override -Wno-psabi -Wno-error=pedantic -Wno-error=old-style-cast -Wno-missing-braces -fdiagnostics-color=always -faligned-new -Wno-unused-but-set-variable -Wno-maybe-uninitialized -fno-math-errno -fno-trapping-math -Werror=format -Wno-stringop-overflow, LAPACK_INFO=mkl, PERF_WITH_AVX=1, PERF_WITH_AVX2=1, PERF_WITH_AVX512=1, TORCH_VERSION=2.4.1, USE_CUDA=ON, USE_CUDNN=ON, USE_CUSPARSELT=1, USE_EXCEPTION_PTR=1, USE_GFLAGS=OFF, USE_GLOG=OFF, USE_GLOO=ON, USE_MKL=ON, USE_MKLDNN=ON, USE_MPI=OFF, USE_NCCL=ON, USE_NNPACK=ON, USE_OPENMP=ON, USE_ROCM=OFF, USE_ROCM_KERNEL_ASSERT=OFF, 

    TorchVision: 0.19.1
    OpenCV: 4.10.0
    MMEngine: 0.10.5

Runtime environment:
    cudnn_benchmark: False
    mp_cfg: {'mp_start_method': 'fork', 'opencv_num_threads': 0}
    dist_cfg: {'backend': 'nccl'}
    seed: 3407
    Distributed launcher: none
    Distributed training: False
    GPU number: 1
------------------------------------------------------------

2024/10/27 17:18:57 - mmengine - INFO - Config:
ann_file_train = '/home/node1/Desktop/code/ai/data/sbu/nc_plus_08size_3c_filter/trainPrivacyRaw.txt'
ann_file_val = '/home/node1/Desktop/code/ai/data/sbu/nc_plus_08size_3c_filter/valPrivacyRaw.txt'
auto_scale_lr = dict(base_batch_size=256, enable=False)
data_root = '/home/node1/Desktop/code/ai/data/sbu/nc_plus_08size_3c_filter/data'
data_root_val = '/home/node1/Desktop/code/ai/data/sbu/nc_plus_08size_3c_filter/data'
dataset_type = 'RawframeDataset'
default_hooks = dict(
    checkpoint=dict(
        interval=3, max_keep_ckpts=1, save_best='auto', type='CheckpointHook'),
    logger=dict(ignore_last=False, interval=100, type='LoggerHook'),
    param_scheduler=dict(type='ParamSchedulerHook'),
    runtime_info=dict(type='RuntimeInfoHook'),
    sampler_seed=dict(type='DistSamplerSeedHook'),
    sync_buffers=dict(type='SyncBuffersHook'),
    timer=dict(type='IterTimerHook'))
default_scope = 'mmaction'
env_cfg = dict(
    cudnn_benchmark=False,
    dist_cfg=dict(backend='nccl'),
    mp_cfg=dict(mp_start_method='fork', opencv_num_threads=0))
file_client_args = dict(io_backend='disk')
launcher = 'none'
load_from = None
log_level = 'INFO'
log_processor = dict(custom_cfg=[
    dict(
        data_src='top1_acc',
        log_name='top1_acc_avg',
        method_name='mean',
        window_size='global'),
])
model = dict(
    backbone=dict(
        depth=50,
        norm_eval=False,
        pretrained='https://download.pytorch.org/models/resnet50-11ad3fa6.pth',
        type='ResNet'),
    cls_head=dict(
        average_clips='score',
        in_channels=2048,
        init_std=0.01,
        num_classes=13,
        type='SoftmaxHead'),
    data_preprocessor=dict(
        format_shape='NCHW',
        mean=[
            123.675,
            116.28,
            103.53,
        ],
        std=[
            58.395,
            57.12,
            57.375,
        ],
        type='ActionDataPreprocessor'),
    test_cfg=None,
    train_cfg=None,
    type='Recognizer2D')
optim_wrapper = dict(
    clip_grad=dict(max_norm=40, norm_type=2),
    loss_scale='dynamic',
    optimizer=dict(lr=0.01, momentum=0.9, type='SGD', weight_decay=0.0001),
    type='AmpOptimWrapper')
param_scheduler = [
    dict(
        T_max=50,
        begin=0,
        by_epoch=True,
        end=50,
        eta_min=0,
        type='CosineAnnealingLR'),
]
randomness = dict(seed=3407)
resume = False
test_cfg = dict(type='TestLoop')
test_dataloader = dict(
    batch_size=1,
    dataset=dict(
        ann_file=
        '/home/node1/Desktop/code/ai/data/sbu/nc_plus_08size_3c_filter/valPrivacyRaw.txt',
        data_prefix=dict(
            img=
            '/home/node1/Desktop/code/ai/data/sbu/nc_plus_08size_3c_filter/data'
        ),
        filename_tmpl='{:06}.png',
        pipeline=[
            dict(
                clip_len=1,
                frame_interval=1,
                num_clips=25,
                test_mode=True,
                type='SampleFrames'),
            dict(io_backend='disk', type='RawFrameDecode'),
            dict(scale=(
                -1,
                256,
            ), type='Resize'),
            dict(crop_size=224, type='TenCrop'),
            dict(input_format='NCHW', type='FormatShape'),
            dict(type='PackActionInputs'),
        ],
        test_mode=True,
        type='RawframeDataset'),
    num_workers=8,
    persistent_workers=True,
    sampler=dict(shuffle=False, type='DefaultSampler'))
test_evaluator = dict(type='AccMetric')
test_pipeline = [
    dict(
        clip_len=1,
        frame_interval=1,
        num_clips=25,
        test_mode=True,
        type='SampleFrames'),
    dict(io_backend='disk', type='RawFrameDecode'),
    dict(scale=(
        -1,
        256,
    ), type='Resize'),
    dict(crop_size=224, type='TenCrop'),
    dict(input_format='NCHW', type='FormatShape'),
    dict(type='PackActionInputs'),
]
train_cfg = dict(
    max_epochs=50, type='EpochBasedTrainLoop', val_begin=1, val_interval=1)
train_dataloader = dict(
    batch_size=16,
    dataset=dict(
        ann_file=
        '/home/node1/Desktop/code/ai/data/sbu/nc_plus_08size_3c_filter/trainPrivacyRaw.txt',
        data_prefix=dict(
            img=
            '/home/node1/Desktop/code/ai/data/sbu/nc_plus_08size_3c_filter/data'
        ),
        filename_tmpl='{:06}.png',
        pipeline=[
            dict(
                clip_len=1, frame_interval=1, num_clips=6,
                type='SampleFrames'),
            dict(io_backend='disk', type='RawFrameDecode'),
            dict(scale=(
                -1,
                256,
            ), type='Resize'),
            dict(
                input_size=224,
                max_wh_scale_gap=1,
                random_crop=False,
                scales=(
                    1,
                    0.875,
                    0.75,
                    0.5,
                ),
                type='MultiScaleCrop'),
            dict(keep_ratio=False, scale=(
                224,
                224,
            ), type='Resize'),
            dict(input_format='NCHW', type='FormatShape'),
            dict(type='PackActionInputs'),
        ],
        type='RawframeDataset'),
    num_workers=8,
    persistent_workers=True,
    sampler=dict(shuffle=True, type='DefaultSampler'))
train_pipeline = [
    dict(clip_len=1, frame_interval=1, num_clips=6, type='SampleFrames'),
    dict(io_backend='disk', type='RawFrameDecode'),
    dict(scale=(
        -1,
        256,
    ), type='Resize'),
    dict(
        input_size=224,
        max_wh_scale_gap=1,
        random_crop=False,
        scales=(
            1,
            0.875,
            0.75,
            0.5,
        ),
        type='MultiScaleCrop'),
    dict(keep_ratio=False, scale=(
        224,
        224,
    ), type='Resize'),
    dict(input_format='NCHW', type='FormatShape'),
    dict(type='PackActionInputs'),
]
val_cfg = dict(type='ValLoop')
val_dataloader = dict(
    batch_size=16,
    dataset=dict(
        ann_file=
        '/home/node1/Desktop/code/ai/data/sbu/nc_plus_08size_3c_filter/valPrivacyRaw.txt',
        data_prefix=dict(
            img=
            '/home/node1/Desktop/code/ai/data/sbu/nc_plus_08size_3c_filter/data'
        ),
        filename_tmpl='{:06}.png',
        pipeline=[
            dict(
                clip_len=1,
                frame_interval=1,
                num_clips=6,
                test_mode=True,
                type='SampleFrames'),
            dict(io_backend='disk', type='RawFrameDecode'),
            dict(scale=(
                -1,
                256,
            ), type='Resize'),
            dict(crop_size=224, type='CenterCrop'),
            dict(input_format='NCHW', type='FormatShape'),
            dict(type='PackActionInputs'),
        ],
        test_mode=True,
        type='RawframeDataset'),
    num_workers=8,
    persistent_workers=True,
    sampler=dict(shuffle=False, type='DefaultSampler'))
val_evaluator = dict(type='AccMetric')
val_pipeline = [
    dict(
        clip_len=1,
        frame_interval=1,
        num_clips=6,
        test_mode=True,
        type='SampleFrames'),
    dict(io_backend='disk', type='RawFrameDecode'),
    dict(scale=(
        -1,
        256,
    ), type='Resize'),
    dict(crop_size=224, type='CenterCrop'),
    dict(input_format='NCHW', type='FormatShape'),
    dict(type='PackActionInputs'),
]
vis_backends = [
    dict(type='LocalVisBackend'),
]
visualizer = dict(
    type='ActionVisualizer', vis_backends=[
        dict(type='LocalVisBackend'),
    ])
work_dir = '/home/node1/Desktop/code/ai/open-mmlab/mmaction2/work_dirs/resnet_cls_softmax_privacy_08-zqf2'

2024/10/27 17:18:58 - mmengine - INFO - Distributed training is not used, all SyncBatchNorm (SyncBN) layers in the model will be automatically reverted to BatchNormXd layers if they are used.
2024/10/27 17:18:58 - mmengine - INFO - Hooks will be executed in the following order:
before_run:
(VERY_HIGH   ) RuntimeInfoHook                    
(BELOW_NORMAL) LoggerHook                         
 -------------------- 
before_train:
(VERY_HIGH   ) RuntimeInfoHook                    
(NORMAL      ) IterTimerHook                      
(VERY_LOW    ) CheckpointHook                     
 -------------------- 
before_train_epoch:
(VERY_HIGH   ) RuntimeInfoHook                    
(NORMAL      ) IterTimerHook                      
(NORMAL      ) DistSamplerSeedHook                
 -------------------- 
before_train_iter:
(VERY_HIGH   ) RuntimeInfoHook                    
(NORMAL      ) IterTimerHook                      
 -------------------- 
after_train_iter:
(VERY_HIGH   ) RuntimeInfoHook                    
(NORMAL      ) IterTimerHook                      
(BELOW_NORMAL) LoggerHook                         
(LOW         ) ParamSchedulerHook                 
(VERY_LOW    ) CheckpointHook                     
 -------------------- 
after_train_epoch:
(NORMAL      ) IterTimerHook                      
(NORMAL      ) SyncBuffersHook                    
(LOW         ) ParamSchedulerHook                 
(VERY_LOW    ) CheckpointHook                     
 -------------------- 
before_val:
(VERY_HIGH   ) RuntimeInfoHook                    
 -------------------- 
before_val_epoch:
(NORMAL      ) IterTimerHook                      
(NORMAL      ) SyncBuffersHook                    
 -------------------- 
before_val_iter:
(NORMAL      ) IterTimerHook                      
 -------------------- 
after_val_iter:
(NORMAL      ) IterTimerHook                      
(BELOW_NORMAL) LoggerHook                         
 -------------------- 
after_val_epoch:
(VERY_HIGH   ) RuntimeInfoHook                    
(NORMAL      ) IterTimerHook                      
(BELOW_NORMAL) LoggerHook                         
(LOW         ) ParamSchedulerHook                 
(VERY_LOW    ) CheckpointHook                     
 -------------------- 
after_val:
(VERY_HIGH   ) RuntimeInfoHook                    
 -------------------- 
after_train:
(VERY_HIGH   ) RuntimeInfoHook                    
(VERY_LOW    ) CheckpointHook                     
 -------------------- 
before_test:
(VERY_HIGH   ) RuntimeInfoHook                    
 -------------------- 
before_test_epoch:
(NORMAL      ) IterTimerHook                      
 -------------------- 
before_test_iter:
(NORMAL      ) IterTimerHook                      
 -------------------- 
after_test_iter:
(NORMAL      ) IterTimerHook                      
(BELOW_NORMAL) LoggerHook                         
 -------------------- 
after_test_epoch:
(VERY_HIGH   ) RuntimeInfoHook                    
(NORMAL      ) IterTimerHook                      
(BELOW_NORMAL) LoggerHook                         
 -------------------- 
after_test:
(VERY_HIGH   ) RuntimeInfoHook                    
 -------------------- 
after_run:
(BELOW_NORMAL) LoggerHook                         
 -------------------- 
2024/10/27 17:18:58 - mmengine - INFO - These parameters in pretrained checkpoint are not loaded: {'fc.bias', 'fc.weight'}
Name of parameter - Initialization information

backbone.conv1.conv.weight - torch.Size([64, 3, 7, 7]): 
Initialized by user-defined `init_weights` in ResNet  

backbone.conv1.bn.weight - torch.Size([64]): 
Initialized by user-defined `init_weights` in ResNet  

backbone.conv1.bn.bias - torch.Size([64]): 
Initialized by user-defined `init_weights` in ResNet  

backbone.layer1.0.conv1.conv.weight - torch.Size([64, 64, 1, 1]): 
Initialized by user-defined `init_weights` in ResNet  

backbone.layer1.0.conv1.bn.weight - torch.Size([64]): 
Initialized by user-defined `init_weights` in ResNet  

backbone.layer1.0.conv1.bn.bias - torch.Size([64]): 
Initialized by user-defined `init_weights` in ResNet  

backbone.layer1.0.conv2.conv.weight - torch.Size([64, 64, 3, 3]): 
Initialized by user-defined `init_weights` in ResNet  

backbone.layer1.0.conv2.bn.weight - torch.Size([64]): 
Initialized by user-defined `init_weights` in ResNet  

backbone.layer1.0.conv2.bn.bias - torch.Size([64]): 
Initialized by user-defined `init_weights` in ResNet  

backbone.layer1.0.conv3.conv.weight - torch.Size([256, 64, 1, 1]): 
Initialized by user-defined `init_weights` in ResNet  

backbone.layer1.0.conv3.bn.weight - torch.Size([256]): 
Initialized by user-defined `init_weights` in ResNet  

backbone.layer1.0.conv3.bn.bias - torch.Size([256]): 
Initialized by user-defined `init_weights` in ResNet  

backbone.layer1.0.downsample.conv.weight - torch.Size([256, 64, 1, 1]): 
Initialized by user-defined `init_weights` in ResNet  

backbone.layer1.0.downsample.bn.weight - torch.Size([256]): 
Initialized by user-defined `init_weights` in ResNet  

backbone.layer1.0.downsample.bn.bias - torch.Size([256]): 
Initialized by user-defined `init_weights` in ResNet  

backbone.layer1.1.conv1.conv.weight - torch.Size([64, 256, 1, 1]): 
Initialized by user-defined `init_weights` in ResNet  

backbone.layer1.1.conv1.bn.weight - torch.Size([64]): 
Initialized by user-defined `init_weights` in ResNet  

backbone.layer1.1.conv1.bn.bias - torch.Size([64]): 
Initialized by user-defined `init_weights` in ResNet  

backbone.layer1.1.conv2.conv.weight - torch.Size([64, 64, 3, 3]): 
Initialized by user-defined `init_weights` in ResNet  

backbone.layer1.1.conv2.bn.weight - torch.Size([64]): 
Initialized by user-defined `init_weights` in ResNet  

backbone.layer1.1.conv2.bn.bias - torch.Size([64]): 
Initialized by user-defined `init_weights` in ResNet  

backbone.layer1.1.conv3.conv.weight - torch.Size([256, 64, 1, 1]): 
Initialized by user-defined `init_weights` in ResNet  

backbone.layer1.1.conv3.bn.weight - torch.Size([256]): 
Initialized by user-defined `init_weights` in ResNet  

backbone.layer1.1.conv3.bn.bias - torch.Size([256]): 
Initialized by user-defined `init_weights` in ResNet  

backbone.layer1.2.conv1.conv.weight - torch.Size([64, 256, 1, 1]): 
Initialized by user-defined `init_weights` in ResNet  

backbone.layer1.2.conv1.bn.weight - torch.Size([64]): 
Initialized by user-defined `init_weights` in ResNet  

backbone.layer1.2.conv1.bn.bias - torch.Size([64]): 
Initialized by user-defined `init_weights` in ResNet  

backbone.layer1.2.conv2.conv.weight - torch.Size([64, 64, 3, 3]): 
Initialized by user-defined `init_weights` in ResNet  

backbone.layer1.2.conv2.bn.weight - torch.Size([64]): 
Initialized by user-defined `init_weights` in ResNet  

backbone.layer1.2.conv2.bn.bias - torch.Size([64]): 
Initialized by user-defined `init_weights` in ResNet  

backbone.layer1.2.conv3.conv.weight - torch.Size([256, 64, 1, 1]): 
Initialized by user-defined `init_weights` in ResNet  

backbone.layer1.2.conv3.bn.weight - torch.Size([256]): 
Initialized by user-defined `init_weights` in ResNet  

backbone.layer1.2.conv3.bn.bias - torch.Size([256]): 
Initialized by user-defined `init_weights` in ResNet  

backbone.layer2.0.conv1.conv.weight - torch.Size([128, 256, 1, 1]): 
Initialized by user-defined `init_weights` in ResNet  

backbone.layer2.0.conv1.bn.weight - torch.Size([128]): 
Initialized by user-defined `init_weights` in ResNet  

backbone.layer2.0.conv1.bn.bias - torch.Size([128]): 
Initialized by user-defined `init_weights` in ResNet  

backbone.layer2.0.conv2.conv.weight - torch.Size([128, 128, 3, 3]): 
Initialized by user-defined `init_weights` in ResNet  

backbone.layer2.0.conv2.bn.weight - torch.Size([128]): 
Initialized by user-defined `init_weights` in ResNet  

backbone.layer2.0.conv2.bn.bias - torch.Size([128]): 
Initialized by user-defined `init_weights` in ResNet  

backbone.layer2.0.conv3.conv.weight - torch.Size([512, 128, 1, 1]): 
Initialized by user-defined `init_weights` in ResNet  

backbone.layer2.0.conv3.bn.weight - torch.Size([512]): 
Initialized by user-defined `init_weights` in ResNet  

backbone.layer2.0.conv3.bn.bias - torch.Size([512]): 
Initialized by user-defined `init_weights` in ResNet  

backbone.layer2.0.downsample.conv.weight - torch.Size([512, 256, 1, 1]): 
Initialized by user-defined `init_weights` in ResNet  

backbone.layer2.0.downsample.bn.weight - torch.Size([512]): 
Initialized by user-defined `init_weights` in ResNet  

backbone.layer2.0.downsample.bn.bias - torch.Size([512]): 
Initialized by user-defined `init_weights` in ResNet  

backbone.layer2.1.conv1.conv.weight - torch.Size([128, 512, 1, 1]): 
Initialized by user-defined `init_weights` in ResNet  

backbone.layer2.1.conv1.bn.weight - torch.Size([128]): 
Initialized by user-defined `init_weights` in ResNet  

backbone.layer2.1.conv1.bn.bias - torch.Size([128]): 
Initialized by user-defined `init_weights` in ResNet  

backbone.layer2.1.conv2.conv.weight - torch.Size([128, 128, 3, 3]): 
Initialized by user-defined `init_weights` in ResNet  

backbone.layer2.1.conv2.bn.weight - torch.Size([128]): 
Initialized by user-defined `init_weights` in ResNet  

backbone.layer2.1.conv2.bn.bias - torch.Size([128]): 
Initialized by user-defined `init_weights` in ResNet  

backbone.layer2.1.conv3.conv.weight - torch.Size([512, 128, 1, 1]): 
Initialized by user-defined `init_weights` in ResNet  

backbone.layer2.1.conv3.bn.weight - torch.Size([512]): 
Initialized by user-defined `init_weights` in ResNet  

backbone.layer2.1.conv3.bn.bias - torch.Size([512]): 
Initialized by user-defined `init_weights` in ResNet  

backbone.layer2.2.conv1.conv.weight - torch.Size([128, 512, 1, 1]): 
Initialized by user-defined `init_weights` in ResNet  

backbone.layer2.2.conv1.bn.weight - torch.Size([128]): 
Initialized by user-defined `init_weights` in ResNet  

backbone.layer2.2.conv1.bn.bias - torch.Size([128]): 
Initialized by user-defined `init_weights` in ResNet  

backbone.layer2.2.conv2.conv.weight - torch.Size([128, 128, 3, 3]): 
Initialized by user-defined `init_weights` in ResNet  

backbone.layer2.2.conv2.bn.weight - torch.Size([128]): 
Initialized by user-defined `init_weights` in ResNet  

backbone.layer2.2.conv2.bn.bias - torch.Size([128]): 
Initialized by user-defined `init_weights` in ResNet  

backbone.layer2.2.conv3.conv.weight - torch.Size([512, 128, 1, 1]): 
Initialized by user-defined `init_weights` in ResNet  

backbone.layer2.2.conv3.bn.weight - torch.Size([512]): 
Initialized by user-defined `init_weights` in ResNet  

backbone.layer2.2.conv3.bn.bias - torch.Size([512]): 
Initialized by user-defined `init_weights` in ResNet  

backbone.layer2.3.conv1.conv.weight - torch.Size([128, 512, 1, 1]): 
Initialized by user-defined `init_weights` in ResNet  

backbone.layer2.3.conv1.bn.weight - torch.Size([128]): 
Initialized by user-defined `init_weights` in ResNet  

backbone.layer2.3.conv1.bn.bias - torch.Size([128]): 
Initialized by user-defined `init_weights` in ResNet  

backbone.layer2.3.conv2.conv.weight - torch.Size([128, 128, 3, 3]): 
Initialized by user-defined `init_weights` in ResNet  

backbone.layer2.3.conv2.bn.weight - torch.Size([128]): 
Initialized by user-defined `init_weights` in ResNet  

backbone.layer2.3.conv2.bn.bias - torch.Size([128]): 
Initialized by user-defined `init_weights` in ResNet  

backbone.layer2.3.conv3.conv.weight - torch.Size([512, 128, 1, 1]): 
Initialized by user-defined `init_weights` in ResNet  

backbone.layer2.3.conv3.bn.weight - torch.Size([512]): 
Initialized by user-defined `init_weights` in ResNet  

backbone.layer2.3.conv3.bn.bias - torch.Size([512]): 
Initialized by user-defined `init_weights` in ResNet  

backbone.layer3.0.conv1.conv.weight - torch.Size([256, 512, 1, 1]): 
Initialized by user-defined `init_weights` in ResNet  

backbone.layer3.0.conv1.bn.weight - torch.Size([256]): 
Initialized by user-defined `init_weights` in ResNet  

backbone.layer3.0.conv1.bn.bias - torch.Size([256]): 
Initialized by user-defined `init_weights` in ResNet  

backbone.layer3.0.conv2.conv.weight - torch.Size([256, 256, 3, 3]): 
Initialized by user-defined `init_weights` in ResNet  

backbone.layer3.0.conv2.bn.weight - torch.Size([256]): 
Initialized by user-defined `init_weights` in ResNet  

backbone.layer3.0.conv2.bn.bias - torch.Size([256]): 
Initialized by user-defined `init_weights` in ResNet  

backbone.layer3.0.conv3.conv.weight - torch.Size([1024, 256, 1, 1]): 
Initialized by user-defined `init_weights` in ResNet  

backbone.layer3.0.conv3.bn.weight - torch.Size([1024]): 
Initialized by user-defined `init_weights` in ResNet  

backbone.layer3.0.conv3.bn.bias - torch.Size([1024]): 
Initialized by user-defined `init_weights` in ResNet  

backbone.layer3.0.downsample.conv.weight - torch.Size([1024, 512, 1, 1]): 
Initialized by user-defined `init_weights` in ResNet  

backbone.layer3.0.downsample.bn.weight - torch.Size([1024]): 
Initialized by user-defined `init_weights` in ResNet  

backbone.layer3.0.downsample.bn.bias - torch.Size([1024]): 
Initialized by user-defined `init_weights` in ResNet  

backbone.layer3.1.conv1.conv.weight - torch.Size([256, 1024, 1, 1]): 
Initialized by user-defined `init_weights` in ResNet  

backbone.layer3.1.conv1.bn.weight - torch.Size([256]): 
Initialized by user-defined `init_weights` in ResNet  

backbone.layer3.1.conv1.bn.bias - torch.Size([256]): 
Initialized by user-defined `init_weights` in ResNet  

backbone.layer3.1.conv2.conv.weight - torch.Size([256, 256, 3, 3]): 
Initialized by user-defined `init_weights` in ResNet  

backbone.layer3.1.conv2.bn.weight - torch.Size([256]): 
Initialized by user-defined `init_weights` in ResNet  

backbone.layer3.1.conv2.bn.bias - torch.Size([256]): 
Initialized by user-defined `init_weights` in ResNet  

backbone.layer3.1.conv3.conv.weight - torch.Size([1024, 256, 1, 1]): 
Initialized by user-defined `init_weights` in ResNet  

backbone.layer3.1.conv3.bn.weight - torch.Size([1024]): 
Initialized by user-defined `init_weights` in ResNet  

backbone.layer3.1.conv3.bn.bias - torch.Size([1024]): 
Initialized by user-defined `init_weights` in ResNet  

backbone.layer3.2.conv1.conv.weight - torch.Size([256, 1024, 1, 1]): 
Initialized by user-defined `init_weights` in ResNet  

backbone.layer3.2.conv1.bn.weight - torch.Size([256]): 
Initialized by user-defined `init_weights` in ResNet  

backbone.layer3.2.conv1.bn.bias - torch.Size([256]): 
Initialized by user-defined `init_weights` in ResNet  

backbone.layer3.2.conv2.conv.weight - torch.Size([256, 256, 3, 3]): 
Initialized by user-defined `init_weights` in ResNet  

backbone.layer3.2.conv2.bn.weight - torch.Size([256]): 
Initialized by user-defined `init_weights` in ResNet  

backbone.layer3.2.conv2.bn.bias - torch.Size([256]): 
Initialized by user-defined `init_weights` in ResNet  

backbone.layer3.2.conv3.conv.weight - torch.Size([1024, 256, 1, 1]): 
Initialized by user-defined `init_weights` in ResNet  

backbone.layer3.2.conv3.bn.weight - torch.Size([1024]): 
Initialized by user-defined `init_weights` in ResNet  

backbone.layer3.2.conv3.bn.bias - torch.Size([1024]): 
Initialized by user-defined `init_weights` in ResNet  

backbone.layer3.3.conv1.conv.weight - torch.Size([256, 1024, 1, 1]): 
Initialized by user-defined `init_weights` in ResNet  

backbone.layer3.3.conv1.bn.weight - torch.Size([256]): 
Initialized by user-defined `init_weights` in ResNet  

backbone.layer3.3.conv1.bn.bias - torch.Size([256]): 
Initialized by user-defined `init_weights` in ResNet  

backbone.layer3.3.conv2.conv.weight - torch.Size([256, 256, 3, 3]): 
Initialized by user-defined `init_weights` in ResNet  

backbone.layer3.3.conv2.bn.weight - torch.Size([256]): 
Initialized by user-defined `init_weights` in ResNet  

backbone.layer3.3.conv2.bn.bias - torch.Size([256]): 
Initialized by user-defined `init_weights` in ResNet  

backbone.layer3.3.conv3.conv.weight - torch.Size([1024, 256, 1, 1]): 
Initialized by user-defined `init_weights` in ResNet  

backbone.layer3.3.conv3.bn.weight - torch.Size([1024]): 
Initialized by user-defined `init_weights` in ResNet  

backbone.layer3.3.conv3.bn.bias - torch.Size([1024]): 
Initialized by user-defined `init_weights` in ResNet  

backbone.layer3.4.conv1.conv.weight - torch.Size([256, 1024, 1, 1]): 
Initialized by user-defined `init_weights` in ResNet  

backbone.layer3.4.conv1.bn.weight - torch.Size([256]): 
Initialized by user-defined `init_weights` in ResNet  

backbone.layer3.4.conv1.bn.bias - torch.Size([256]): 
Initialized by user-defined `init_weights` in ResNet  

backbone.layer3.4.conv2.conv.weight - torch.Size([256, 256, 3, 3]): 
Initialized by user-defined `init_weights` in ResNet  

backbone.layer3.4.conv2.bn.weight - torch.Size([256]): 
Initialized by user-defined `init_weights` in ResNet  

backbone.layer3.4.conv2.bn.bias - torch.Size([256]): 
Initialized by user-defined `init_weights` in ResNet  

backbone.layer3.4.conv3.conv.weight - torch.Size([1024, 256, 1, 1]): 
Initialized by user-defined `init_weights` in ResNet  

backbone.layer3.4.conv3.bn.weight - torch.Size([1024]): 
Initialized by user-defined `init_weights` in ResNet  

backbone.layer3.4.conv3.bn.bias - torch.Size([1024]): 
Initialized by user-defined `init_weights` in ResNet  

backbone.layer3.5.conv1.conv.weight - torch.Size([256, 1024, 1, 1]): 
Initialized by user-defined `init_weights` in ResNet  

backbone.layer3.5.conv1.bn.weight - torch.Size([256]): 
Initialized by user-defined `init_weights` in ResNet  

backbone.layer3.5.conv1.bn.bias - torch.Size([256]): 
Initialized by user-defined `init_weights` in ResNet  

backbone.layer3.5.conv2.conv.weight - torch.Size([256, 256, 3, 3]): 
Initialized by user-defined `init_weights` in ResNet  

backbone.layer3.5.conv2.bn.weight - torch.Size([256]): 
Initialized by user-defined `init_weights` in ResNet  

backbone.layer3.5.conv2.bn.bias - torch.Size([256]): 
Initialized by user-defined `init_weights` in ResNet  

backbone.layer3.5.conv3.conv.weight - torch.Size([1024, 256, 1, 1]): 
Initialized by user-defined `init_weights` in ResNet  

backbone.layer3.5.conv3.bn.weight - torch.Size([1024]): 
Initialized by user-defined `init_weights` in ResNet  

backbone.layer3.5.conv3.bn.bias - torch.Size([1024]): 
Initialized by user-defined `init_weights` in ResNet  

backbone.layer4.0.conv1.conv.weight - torch.Size([512, 1024, 1, 1]): 
Initialized by user-defined `init_weights` in ResNet  

backbone.layer4.0.conv1.bn.weight - torch.Size([512]): 
Initialized by user-defined `init_weights` in ResNet  

backbone.layer4.0.conv1.bn.bias - torch.Size([512]): 
Initialized by user-defined `init_weights` in ResNet  

backbone.layer4.0.conv2.conv.weight - torch.Size([512, 512, 3, 3]): 
Initialized by user-defined `init_weights` in ResNet  

backbone.layer4.0.conv2.bn.weight - torch.Size([512]): 
Initialized by user-defined `init_weights` in ResNet  

backbone.layer4.0.conv2.bn.bias - torch.Size([512]): 
Initialized by user-defined `init_weights` in ResNet  

backbone.layer4.0.conv3.conv.weight - torch.Size([2048, 512, 1, 1]): 
Initialized by user-defined `init_weights` in ResNet  

backbone.layer4.0.conv3.bn.weight - torch.Size([2048]): 
Initialized by user-defined `init_weights` in ResNet  

backbone.layer4.0.conv3.bn.bias - torch.Size([2048]): 
Initialized by user-defined `init_weights` in ResNet  

backbone.layer4.0.downsample.conv.weight - torch.Size([2048, 1024, 1, 1]): 
Initialized by user-defined `init_weights` in ResNet  

backbone.layer4.0.downsample.bn.weight - torch.Size([2048]): 
Initialized by user-defined `init_weights` in ResNet  

backbone.layer4.0.downsample.bn.bias - torch.Size([2048]): 
Initialized by user-defined `init_weights` in ResNet  

backbone.layer4.1.conv1.conv.weight - torch.Size([512, 2048, 1, 1]): 
Initialized by user-defined `init_weights` in ResNet  

backbone.layer4.1.conv1.bn.weight - torch.Size([512]): 
Initialized by user-defined `init_weights` in ResNet  

backbone.layer4.1.conv1.bn.bias - torch.Size([512]): 
Initialized by user-defined `init_weights` in ResNet  

backbone.layer4.1.conv2.conv.weight - torch.Size([512, 512, 3, 3]): 
Initialized by user-defined `init_weights` in ResNet  

backbone.layer4.1.conv2.bn.weight - torch.Size([512]): 
Initialized by user-defined `init_weights` in ResNet  

backbone.layer4.1.conv2.bn.bias - torch.Size([512]): 
Initialized by user-defined `init_weights` in ResNet  

backbone.layer4.1.conv3.conv.weight - torch.Size([2048, 512, 1, 1]): 
Initialized by user-defined `init_weights` in ResNet  

backbone.layer4.1.conv3.bn.weight - torch.Size([2048]): 
Initialized by user-defined `init_weights` in ResNet  

backbone.layer4.1.conv3.bn.bias - torch.Size([2048]): 
Initialized by user-defined `init_weights` in ResNet  

backbone.layer4.2.conv1.conv.weight - torch.Size([512, 2048, 1, 1]): 
Initialized by user-defined `init_weights` in ResNet  

backbone.layer4.2.conv1.bn.weight - torch.Size([512]): 
Initialized by user-defined `init_weights` in ResNet  

backbone.layer4.2.conv1.bn.bias - torch.Size([512]): 
Initialized by user-defined `init_weights` in ResNet  

backbone.layer4.2.conv2.conv.weight - torch.Size([512, 512, 3, 3]): 
Initialized by user-defined `init_weights` in ResNet  

backbone.layer4.2.conv2.bn.weight - torch.Size([512]): 
Initialized by user-defined `init_weights` in ResNet  

backbone.layer4.2.conv2.bn.bias - torch.Size([512]): 
Initialized by user-defined `init_weights` in ResNet  

backbone.layer4.2.conv3.conv.weight - torch.Size([2048, 512, 1, 1]): 
Initialized by user-defined `init_weights` in ResNet  

backbone.layer4.2.conv3.bn.weight - torch.Size([2048]): 
Initialized by user-defined `init_weights` in ResNet  

backbone.layer4.2.conv3.bn.bias - torch.Size([2048]): 
Initialized by user-defined `init_weights` in ResNet  

cls_head.fc_cls.weight - torch.Size([13, 2048]): 
Initialized by user-defined `init_weights` in SoftmaxHead  

cls_head.fc_cls.bias - torch.Size([13]): 
Initialized by user-defined `init_weights` in SoftmaxHead  
2024/10/27 17:18:58 - mmengine - WARNING - "FileClient" will be deprecated in future. Please use io functions in https://mmengine.readthedocs.io/en/latest/api/fileio.html#file-io
2024/10/27 17:18:58 - mmengine - WARNING - "HardDiskBackend" is the alias of "LocalBackend" and the former will be deprecated in future.
2024/10/27 17:18:58 - mmengine - INFO - Checkpoints will be saved to /home/node1/Desktop/code/ai/open-mmlab/mmaction2/work_dirs/resnet_cls_softmax_privacy_08-zqf2.
2024/10/27 17:19:02 - mmengine - INFO - Exp name: resnet_cls_softmax_privacy_08-zqf2_20241027_171856
2024/10/27 17:19:02 - mmengine - INFO - Epoch(train)  [1][15/15]  lr: 1.0000e-02  eta: 0:02:47  time: 0.1935  data_time: 0.0052  memory: 4366  grad_norm: 3.0597  loss: 2.6106  top1_acc: 0.0000  top5_acc: 0.0000  loss_cls: 2.6106  top1_acc_avg: 0.0708
2024/10/27 17:19:02 - mmengine - INFO - Epoch(val) [1][4/4]    acc/top1: 0.0526  acc/top5: 0.4211  acc/mean1: 0.0833  data_time: 0.0493  time: 0.1874
2024/10/27 17:19:03 - mmengine - INFO - The best checkpoint with 0.0526 acc/top1 at 1 epoch is saved to best_acc_top1_epoch_1.pth.
2024/10/27 17:19:06 - mmengine - INFO - Exp name: resnet_cls_softmax_privacy_08-zqf2_20241027_171856
2024/10/27 17:19:06 - mmengine - INFO - Epoch(train)  [2][15/15]  lr: 9.9901e-03  eta: 0:02:33  time: 0.1859  data_time: 0.0041  memory: 4366  grad_norm: 2.2343  loss: 2.5395  top1_acc: 0.0000  top5_acc: 0.0000  loss_cls: 2.5395  top1_acc_avg: 0.0854
2024/10/27 17:19:06 - mmengine - INFO - Epoch(val) [2][4/4]    acc/top1: 0.0877  acc/top5: 0.3860  acc/mean1: 0.0833  data_time: 0.0131  time: 0.1377
2024/10/27 17:19:06 - mmengine - INFO - The previous best checkpoint /home/node1/Desktop/code/ai/open-mmlab/mmaction2/work_dirs/resnet_cls_softmax_privacy_08-zqf2/best_acc_top1_epoch_1.pth is removed
2024/10/27 17:19:07 - mmengine - INFO - The best checkpoint with 0.0877 acc/top1 at 2 epoch is saved to best_acc_top1_epoch_2.pth.
2024/10/27 17:19:09 - mmengine - INFO - Exp name: resnet_cls_softmax_privacy_08-zqf2_20241027_171856
2024/10/27 17:19:09 - mmengine - INFO - Epoch(train)  [3][15/15]  lr: 9.9606e-03  eta: 0:02:26  time: 0.1844  data_time: 0.0036  memory: 4366  grad_norm: 2.2489  loss: 2.5178  top1_acc: 0.0000  top5_acc: 0.0000  loss_cls: 2.5178  top1_acc_avg: 0.0944
2024/10/27 17:19:09 - mmengine - INFO - Saving checkpoint at 3 epochs
2024/10/27 17:19:10 - mmengine - INFO - Epoch(val) [3][4/4]    acc/top1: 0.1228  acc/top5: 0.4386  acc/mean1: 0.0833  data_time: 0.0128  time: 0.1361
2024/10/27 17:19:10 - mmengine - INFO - The previous best checkpoint /home/node1/Desktop/code/ai/open-mmlab/mmaction2/work_dirs/resnet_cls_softmax_privacy_08-zqf2/best_acc_top1_epoch_2.pth is removed
2024/10/27 17:19:11 - mmengine - INFO - The best checkpoint with 0.1228 acc/top1 at 3 epoch is saved to best_acc_top1_epoch_3.pth.
2024/10/27 17:19:14 - mmengine - INFO - Exp name: resnet_cls_softmax_privacy_08-zqf2_20241027_171856
2024/10/27 17:19:14 - mmengine - INFO - Epoch(train)  [4][15/15]  lr: 9.9114e-03  eta: 0:02:21  time: 0.1852  data_time: 0.0040  memory: 4366  grad_norm: 2.4270  loss: 2.5307  top1_acc: 0.0000  top5_acc: 0.0000  loss_cls: 2.5307  top1_acc_avg: 0.0906
2024/10/27 17:19:15 - mmengine - INFO - Epoch(val) [4][4/4]    acc/top1: 0.1404  acc/top5: 0.4561  acc/mean1: 0.0833  data_time: 0.0128  time: 0.1363
2024/10/27 17:19:15 - mmengine - INFO - The previous best checkpoint /home/node1/Desktop/code/ai/open-mmlab/mmaction2/work_dirs/resnet_cls_softmax_privacy_08-zqf2/best_acc_top1_epoch_3.pth is removed
2024/10/27 17:19:15 - mmengine - INFO - The best checkpoint with 0.1404 acc/top1 at 4 epoch is saved to best_acc_top1_epoch_4.pth.
2024/10/27 17:19:19 - mmengine - INFO - Exp name: resnet_cls_softmax_privacy_08-zqf2_20241027_171856
2024/10/27 17:19:19 - mmengine - INFO - Epoch(train)  [5][15/15]  lr: 9.8429e-03  eta: 0:02:17  time: 0.1850  data_time: 0.0036  memory: 4366  grad_norm: 1.9728  loss: 2.4178  top1_acc: 0.0000  top5_acc: 0.0000  loss_cls: 2.4178  top1_acc_avg: 0.1025
2024/10/27 17:19:19 - mmengine - INFO - Epoch(val) [5][4/4]    acc/top1: 0.0877  acc/top5: 0.5439  acc/mean1: 0.1071  data_time: 0.0131  time: 0.1363
2024/10/27 17:19:22 - mmengine - INFO - Exp name: resnet_cls_softmax_privacy_08-zqf2_20241027_171856
2024/10/27 17:19:22 - mmengine - INFO - Epoch(train)  [6][15/15]  lr: 9.7553e-03  eta: 0:02:13  time: 0.1859  data_time: 0.0039  memory: 4366  grad_norm: 3.1392  loss: 2.3328  top1_acc: 1.0000  top5_acc: 1.0000  loss_cls: 2.3328  top1_acc_avg: 0.1292
2024/10/27 17:19:22 - mmengine - INFO - Saving checkpoint at 6 epochs
2024/10/27 17:19:23 - mmengine - INFO - Epoch(val) [6][4/4]    acc/top1: 0.1754  acc/top5: 0.5439  acc/mean1: 0.2306  data_time: 0.0130  time: 0.1364
2024/10/27 17:19:23 - mmengine - INFO - The previous best checkpoint /home/node1/Desktop/code/ai/open-mmlab/mmaction2/work_dirs/resnet_cls_softmax_privacy_08-zqf2/best_acc_top1_epoch_4.pth is removed
2024/10/27 17:19:24 - mmengine - INFO - The best checkpoint with 0.1754 acc/top1 at 6 epoch is saved to best_acc_top1_epoch_6.pth.
2024/10/27 17:19:27 - mmengine - INFO - Exp name: resnet_cls_softmax_privacy_08-zqf2_20241027_171856
2024/10/27 17:19:27 - mmengine - INFO - Epoch(train)  [7][15/15]  lr: 9.6489e-03  eta: 0:02:10  time: 0.1851  data_time: 0.0035  memory: 4366  grad_norm: 3.7678  loss: 2.2525  top1_acc: 1.0000  top5_acc: 1.0000  loss_cls: 2.2525  top1_acc_avg: 0.1476
2024/10/27 17:19:28 - mmengine - INFO - Epoch(val) [7][4/4]    acc/top1: 0.2105  acc/top5: 0.6667  acc/mean1: 0.2285  data_time: 0.0129  time: 0.1367
2024/10/27 17:19:28 - mmengine - INFO - The previous best checkpoint /home/node1/Desktop/code/ai/open-mmlab/mmaction2/work_dirs/resnet_cls_softmax_privacy_08-zqf2/best_acc_top1_epoch_6.pth is removed
2024/10/27 17:19:28 - mmengine - INFO - The best checkpoint with 0.2105 acc/top1 at 7 epoch is saved to best_acc_top1_epoch_7.pth.
2024/10/27 17:19:31 - mmengine - INFO - Exp name: resnet_cls_softmax_privacy_08-zqf2_20241027_171856
2024/10/27 17:19:31 - mmengine - INFO - Epoch(train)  [8][15/15]  lr: 9.5241e-03  eta: 0:02:06  time: 0.1862  data_time: 0.0046  memory: 4366  grad_norm: 4.6041  loss: 2.1122  top1_acc: 0.0000  top5_acc: 1.0000  loss_cls: 2.1122  top1_acc_avg: 0.1552
2024/10/27 17:19:32 - mmengine - INFO - Epoch(val) [8][4/4]    acc/top1: 0.2807  acc/top5: 0.5789  acc/mean1: 0.2640  data_time: 0.0126  time: 0.1369
2024/10/27 17:19:32 - mmengine - INFO - The previous best checkpoint /home/node1/Desktop/code/ai/open-mmlab/mmaction2/work_dirs/resnet_cls_softmax_privacy_08-zqf2/best_acc_top1_epoch_7.pth is removed
2024/10/27 17:19:32 - mmengine - INFO - The best checkpoint with 0.2807 acc/top1 at 8 epoch is saved to best_acc_top1_epoch_8.pth.
2024/10/27 17:19:36 - mmengine - INFO - Exp name: resnet_cls_softmax_privacy_08-zqf2_20241027_171856
2024/10/27 17:19:36 - mmengine - INFO - Epoch(train)  [9][15/15]  lr: 9.3815e-03  eta: 0:02:03  time: 0.1849  data_time: 0.0036  memory: 4366  grad_norm: 4.1742  loss: 2.0247  top1_acc: 0.0000  top5_acc: 1.0000  loss_cls: 2.0247  top1_acc_avg: 0.1671
2024/10/27 17:19:36 - mmengine - INFO - Saving checkpoint at 9 epochs
2024/10/27 17:19:37 - mmengine - INFO - Epoch(val) [9][4/4]    acc/top1: 0.2105  acc/top5: 0.7719  acc/mean1: 0.2151  data_time: 0.0129  time: 0.1367
2024/10/27 17:19:40 - mmengine - INFO - Exp name: resnet_cls_softmax_privacy_08-zqf2_20241027_171856
2024/10/27 17:19:40 - mmengine - INFO - Epoch(train) [10][15/15]  lr: 9.2216e-03  eta: 0:02:00  time: 0.1848  data_time: 0.0036  memory: 4366  grad_norm: 4.8410  loss: 1.9742  top1_acc: 0.0000  top5_acc: 1.0000  loss_cls: 1.9742  top1_acc_avg: 0.1783
2024/10/27 17:19:40 - mmengine - INFO - Epoch(val) [10][4/4]    acc/top1: 0.3158  acc/top5: 0.7719  acc/mean1: 0.3110  data_time: 0.0129  time: 0.1369
2024/10/27 17:19:40 - mmengine - INFO - The previous best checkpoint /home/node1/Desktop/code/ai/open-mmlab/mmaction2/work_dirs/resnet_cls_softmax_privacy_08-zqf2/best_acc_top1_epoch_8.pth is removed
2024/10/27 17:19:40 - mmengine - INFO - The best checkpoint with 0.3158 acc/top1 at 10 epoch is saved to best_acc_top1_epoch_10.pth.
2024/10/27 17:19:44 - mmengine - INFO - Exp name: resnet_cls_softmax_privacy_08-zqf2_20241027_171856
2024/10/27 17:19:44 - mmengine - INFO - Epoch(train) [11][15/15]  lr: 9.0451e-03  eta: 0:01:57  time: 0.1850  data_time: 0.0036  memory: 4366  grad_norm: 3.9824  loss: 1.7753  top1_acc: 0.0000  top5_acc: 1.0000  loss_cls: 1.7753  top1_acc_avg: 0.1924
2024/10/27 17:19:44 - mmengine - INFO - Epoch(val) [11][4/4]    acc/top1: 0.3860  acc/top5: 0.9474  acc/mean1: 0.3508  data_time: 0.0134  time: 0.1370
2024/10/27 17:19:44 - mmengine - INFO - The previous best checkpoint /home/node1/Desktop/code/ai/open-mmlab/mmaction2/work_dirs/resnet_cls_softmax_privacy_08-zqf2/best_acc_top1_epoch_10.pth is removed
2024/10/27 17:19:45 - mmengine - INFO - The best checkpoint with 0.3860 acc/top1 at 11 epoch is saved to best_acc_top1_epoch_11.pth.
2024/10/27 17:19:48 - mmengine - INFO - Exp name: resnet_cls_softmax_privacy_08-zqf2_20241027_171856
2024/10/27 17:19:48 - mmengine - INFO - Epoch(train) [12][15/15]  lr: 8.8526e-03  eta: 0:01:53  time: 0.1858  data_time: 0.0045  memory: 4366  grad_norm: 4.2743  loss: 1.8676  top1_acc: 0.0000  top5_acc: 1.0000  loss_cls: 1.8676  top1_acc_avg: 0.2059
2024/10/27 17:19:48 - mmengine - INFO - Saving checkpoint at 12 epochs
2024/10/27 17:19:49 - mmengine - INFO - Epoch(val) [12][4/4]    acc/top1: 0.2632  acc/top5: 0.9298  acc/mean1: 0.2923  data_time: 0.0130  time: 0.1369
2024/10/27 17:19:52 - mmengine - INFO - Exp name: resnet_cls_softmax_privacy_08-zqf2_20241027_171856
2024/10/27 17:19:52 - mmengine - INFO - Epoch(train) [13][15/15]  lr: 8.6448e-03  eta: 0:01:50  time: 0.1853  data_time: 0.0040  memory: 4366  grad_norm: 5.0798  loss: 1.6277  top1_acc: 0.0000  top5_acc: 1.0000  loss_cls: 1.6277  top1_acc_avg: 0.2183
2024/10/27 17:19:53 - mmengine - INFO - Epoch(val) [13][4/4]    acc/top1: 0.3158  acc/top5: 0.9123  acc/mean1: 0.2625  data_time: 0.0128  time: 0.1366
2024/10/27 17:19:56 - mmengine - INFO - Exp name: resnet_cls_softmax_privacy_08-zqf2_20241027_171856
2024/10/27 17:19:56 - mmengine - INFO - Epoch(train) [14][15/15]  lr: 8.4227e-03  eta: 0:01:47  time: 0.1860  data_time: 0.0047  memory: 4366  grad_norm: 5.7742  loss: 1.5691  top1_acc: 0.0000  top5_acc: 1.0000  loss_cls: 1.5691  top1_acc_avg: 0.2339
2024/10/27 17:19:56 - mmengine - INFO - Epoch(val) [14][4/4]    acc/top1: 0.3860  acc/top5: 0.8246  acc/mean1: 0.3248  data_time: 0.0131  time: 0.1367
2024/10/27 17:19:59 - mmengine - INFO - Exp name: resnet_cls_softmax_privacy_08-zqf2_20241027_171856
2024/10/27 17:19:59 - mmengine - INFO - Epoch(train) [15][15/15]  lr: 8.1871e-03  eta: 0:01:44  time: 0.1858  data_time: 0.0046  memory: 4366  grad_norm: 6.2062  loss: 1.6955  top1_acc: 0.0000  top5_acc: 0.0000  loss_cls: 1.6955  top1_acc_avg: 0.2472
2024/10/27 17:19:59 - mmengine - INFO - Saving checkpoint at 15 epochs
2024/10/27 17:20:00 - mmengine - INFO - Epoch(val) [15][4/4]    acc/top1: 0.2982  acc/top5: 0.8947  acc/mean1: 0.2609  data_time: 0.0128  time: 0.1364
2024/10/27 17:20:03 - mmengine - INFO - Exp name: resnet_cls_softmax_privacy_08-zqf2_20241027_171856
2024/10/27 17:20:03 - mmengine - INFO - Epoch(train) [16][15/15]  lr: 7.9389e-03  eta: 0:01:41  time: 0.1863  data_time: 0.0040  memory: 4366  grad_norm: 6.0873  loss: 1.4429  top1_acc: 0.0000  top5_acc: 1.0000  loss_cls: 1.4429  top1_acc_avg: 0.2609
2024/10/27 17:20:04 - mmengine - INFO - Epoch(val) [16][4/4]    acc/top1: 0.5263  acc/top5: 0.9825  acc/mean1: 0.4822  data_time: 0.0128  time: 0.1367
2024/10/27 17:20:04 - mmengine - INFO - The previous best checkpoint /home/node1/Desktop/code/ai/open-mmlab/mmaction2/work_dirs/resnet_cls_softmax_privacy_08-zqf2/best_acc_top1_epoch_11.pth is removed
2024/10/27 17:20:04 - mmengine - INFO - The best checkpoint with 0.5263 acc/top1 at 16 epoch is saved to best_acc_top1_epoch_16.pth.
2024/10/27 17:20:07 - mmengine - INFO - Exp name: resnet_cls_softmax_privacy_08-zqf2_20241027_171856
2024/10/27 17:20:07 - mmengine - INFO - Epoch(train) [17][15/15]  lr: 7.6791e-03  eta: 0:01:38  time: 0.1832  data_time: 0.0021  memory: 4366  grad_norm: nan  loss: 1.4972  top1_acc: 0.0000  top5_acc: 0.0000  loss_cls: 1.4972  top1_acc_avg: 0.2767
2024/10/27 17:20:08 - mmengine - INFO - Epoch(val) [17][4/4]    acc/top1: 0.4737  acc/top5: 0.9825  acc/mean1: 0.4016  data_time: 0.0127  time: 0.1365
2024/10/27 17:20:11 - mmengine - INFO - Exp name: resnet_cls_softmax_privacy_08-zqf2_20241027_171856
2024/10/27 17:20:11 - mmengine - INFO - Epoch(train) [18][15/15]  lr: 7.4088e-03  eta: 0:01:35  time: 0.1852  data_time: 0.0036  memory: 4366  grad_norm: 6.2552  loss: 1.4768  top1_acc: 0.0000  top5_acc: 0.0000  loss_cls: 1.4768  top1_acc_avg: 0.2861
2024/10/27 17:20:11 - mmengine - INFO - Saving checkpoint at 18 epochs
2024/10/27 17:20:12 - mmengine - INFO - Epoch(val) [18][4/4]    acc/top1: 0.6842  acc/top5: 0.9825  acc/mean1: 0.6255  data_time: 0.0130  time: 0.1369
2024/10/27 17:20:12 - mmengine - INFO - The previous best checkpoint /home/node1/Desktop/code/ai/open-mmlab/mmaction2/work_dirs/resnet_cls_softmax_privacy_08-zqf2/best_acc_top1_epoch_16.pth is removed
2024/10/27 17:20:12 - mmengine - INFO - The best checkpoint with 0.6842 acc/top1 at 18 epoch is saved to best_acc_top1_epoch_18.pth.
2024/10/27 17:20:16 - mmengine - INFO - Exp name: resnet_cls_softmax_privacy_08-zqf2_20241027_171856
2024/10/27 17:20:16 - mmengine - INFO - Epoch(train) [19][15/15]  lr: 7.1289e-03  eta: 0:01:32  time: 0.1849  data_time: 0.0038  memory: 4366  grad_norm: 7.0922  loss: 1.5301  top1_acc: 0.0000  top5_acc: 1.0000  loss_cls: 1.5301  top1_acc_avg: 0.2976
2024/10/27 17:20:16 - mmengine - INFO - Epoch(val) [19][4/4]    acc/top1: 0.5088  acc/top5: 0.9474  acc/mean1: 0.4473  data_time: 0.0134  time: 0.1377
2024/10/27 17:20:19 - mmengine - INFO - Exp name: resnet_cls_softmax_privacy_08-zqf2_20241027_171856
2024/10/27 17:20:19 - mmengine - INFO - Epoch(train) [20][15/15]  lr: 6.8406e-03  eta: 0:01:29  time: 0.1854  data_time: 0.0039  memory: 4366  grad_norm: 6.0827  loss: 1.1719  top1_acc: 1.0000  top5_acc: 1.0000  loss_cls: 1.1719  top1_acc_avg: 0.3140
2024/10/27 17:20:20 - mmengine - INFO - Epoch(val) [20][4/4]    acc/top1: 0.5965  acc/top5: 1.0000  acc/mean1: 0.5277  data_time: 0.0135  time: 0.1374
2024/10/27 17:20:23 - mmengine - INFO - Exp name: resnet_cls_softmax_privacy_08-zqf2_20241027_171856
2024/10/27 17:20:23 - mmengine - INFO - Epoch(train) [21][15/15]  lr: 6.5451e-03  eta: 0:01:26  time: 0.1856  data_time: 0.0039  memory: 4366  grad_norm: 6.3869  loss: 1.1868  top1_acc: 0.0000  top5_acc: 1.0000  loss_cls: 1.1868  top1_acc_avg: 0.3262
2024/10/27 17:20:23 - mmengine - INFO - Saving checkpoint at 21 epochs
2024/10/27 17:20:24 - mmengine - INFO - Epoch(val) [21][4/4]    acc/top1: 0.6491  acc/top5: 0.9649  acc/mean1: 0.5406  data_time: 0.0130  time: 0.1365
2024/10/27 17:20:27 - mmengine - INFO - Exp name: resnet_cls_softmax_privacy_08-zqf2_20241027_171856
2024/10/27 17:20:27 - mmengine - INFO - Epoch(train) [22][15/15]  lr: 6.2434e-03  eta: 0:01:23  time: 0.1857  data_time: 0.0037  memory: 4366  grad_norm: 6.0451  loss: 1.1882  top1_acc: 0.0000  top5_acc: 1.0000  loss_cls: 1.1882  top1_acc_avg: 0.3388
2024/10/27 17:20:27 - mmengine - INFO - Epoch(val) [22][4/4]    acc/top1: 0.7193  acc/top5: 1.0000  acc/mean1: 0.6676  data_time: 0.0126  time: 0.1364
2024/10/27 17:20:27 - mmengine - INFO - The previous best checkpoint /home/node1/Desktop/code/ai/open-mmlab/mmaction2/work_dirs/resnet_cls_softmax_privacy_08-zqf2/best_acc_top1_epoch_18.pth is removed
2024/10/27 17:20:28 - mmengine - INFO - The best checkpoint with 0.7193 acc/top1 at 22 epoch is saved to best_acc_top1_epoch_22.pth.
2024/10/27 17:20:31 - mmengine - INFO - Exp name: resnet_cls_softmax_privacy_08-zqf2_20241027_171856
2024/10/27 17:20:31 - mmengine - INFO - Epoch(train) [23][15/15]  lr: 5.9369e-03  eta: 0:01:20  time: 0.1867  data_time: 0.0051  memory: 4366  grad_norm: 6.8162  loss: 1.0733  top1_acc: 0.0000  top5_acc: 1.0000  loss_cls: 1.0733  top1_acc_avg: 0.3529
2024/10/27 17:20:32 - mmengine - INFO - Epoch(val) [23][4/4]    acc/top1: 0.7895  acc/top5: 0.9825  acc/mean1: 0.6810  data_time: 0.0127  time: 0.1365
2024/10/27 17:20:32 - mmengine - INFO - The previous best checkpoint /home/node1/Desktop/code/ai/open-mmlab/mmaction2/work_dirs/resnet_cls_softmax_privacy_08-zqf2/best_acc_top1_epoch_22.pth is removed
2024/10/27 17:20:32 - mmengine - INFO - The best checkpoint with 0.7895 acc/top1 at 23 epoch is saved to best_acc_top1_epoch_23.pth.
2024/10/27 17:20:35 - mmengine - INFO - Exp name: resnet_cls_softmax_privacy_08-zqf2_20241027_171856
2024/10/27 17:20:35 - mmengine - INFO - Epoch(train) [24][15/15]  lr: 5.6267e-03  eta: 0:01:17  time: 0.1855  data_time: 0.0042  memory: 4366  grad_norm: 7.0265  loss: 0.9794  top1_acc: 0.0000  top5_acc: 1.0000  loss_cls: 0.9794  top1_acc_avg: 0.3632
2024/10/27 17:20:35 - mmengine - INFO - Saving checkpoint at 24 epochs
2024/10/27 17:20:36 - mmengine - INFO - Epoch(val) [24][4/4]    acc/top1: 0.7368  acc/top5: 1.0000  acc/mean1: 0.5981  data_time: 0.0132  time: 0.1366
2024/10/27 17:20:39 - mmengine - INFO - Exp name: resnet_cls_softmax_privacy_08-zqf2_20241027_171856
2024/10/27 17:20:39 - mmengine - INFO - Epoch(train) [25][15/15]  lr: 5.3140e-03  eta: 0:01:14  time: 0.1849  data_time: 0.0038  memory: 4366  grad_norm: 6.6990  loss: 1.0911  top1_acc: 0.0000  top5_acc: 0.0000  loss_cls: 1.0911  top1_acc_avg: 0.3733
2024/10/27 17:20:40 - mmengine - INFO - Epoch(val) [25][4/4]    acc/top1: 0.7368  acc/top5: 1.0000  acc/mean1: 0.6812  data_time: 0.0127  time: 0.1367
2024/10/27 17:20:43 - mmengine - INFO - Exp name: resnet_cls_softmax_privacy_08-zqf2_20241027_171856
2024/10/27 17:20:43 - mmengine - INFO - Epoch(train) [26][15/15]  lr: 5.0000e-03  eta: 0:01:11  time: 0.1854  data_time: 0.0038  memory: 4366  grad_norm: 6.0505  loss: 0.9366  top1_acc: 0.0000  top5_acc: 1.0000  loss_cls: 0.9366  top1_acc_avg: 0.3843
2024/10/27 17:20:44 - mmengine - INFO - Epoch(val) [26][4/4]    acc/top1: 0.7018  acc/top5: 0.9474  acc/mean1: 0.5787  data_time: 0.0128  time: 0.1371
2024/10/27 17:20:47 - mmengine - INFO - Exp name: resnet_cls_softmax_privacy_08-zqf2_20241027_171856
2024/10/27 17:20:47 - mmengine - INFO - Epoch(train) [27][15/15]  lr: 4.6860e-03  eta: 0:01:08  time: 0.1856  data_time: 0.0041  memory: 4366  grad_norm: 6.1187  loss: 0.7688  top1_acc: 1.0000  top5_acc: 1.0000  loss_cls: 0.7688  top1_acc_avg: 0.3974
2024/10/27 17:20:47 - mmengine - INFO - Saving checkpoint at 27 epochs
2024/10/27 17:20:48 - mmengine - INFO - Epoch(val) [27][4/4]    acc/top1: 0.7193  acc/top5: 1.0000  acc/mean1: 0.6662  data_time: 0.0129  time: 0.1372
2024/10/27 17:20:50 - mmengine - INFO - Exp name: resnet_cls_softmax_privacy_08-zqf2_20241027_171856
2024/10/27 17:20:50 - mmengine - INFO - Epoch(train) [28][15/15]  lr: 4.3733e-03  eta: 0:01:05  time: 0.1857  data_time: 0.0045  memory: 4366  grad_norm: 6.2976  loss: 0.8645  top1_acc: 0.0000  top5_acc: 1.0000  loss_cls: 0.8645  top1_acc_avg: 0.4077
2024/10/27 17:20:51 - mmengine - INFO - Epoch(val) [28][4/4]    acc/top1: 0.8421  acc/top5: 1.0000  acc/mean1: 0.7158  data_time: 0.0128  time: 0.1373
2024/10/27 17:20:51 - mmengine - INFO - The previous best checkpoint /home/node1/Desktop/code/ai/open-mmlab/mmaction2/work_dirs/resnet_cls_softmax_privacy_08-zqf2/best_acc_top1_epoch_23.pth is removed
2024/10/27 17:20:51 - mmengine - INFO - The best checkpoint with 0.8421 acc/top1 at 28 epoch is saved to best_acc_top1_epoch_28.pth.
2024/10/27 17:20:55 - mmengine - INFO - Exp name: resnet_cls_softmax_privacy_08-zqf2_20241027_171856
2024/10/27 17:20:55 - mmengine - INFO - Epoch(train) [29][15/15]  lr: 4.0631e-03  eta: 0:01:02  time: 0.1851  data_time: 0.0036  memory: 4366  grad_norm: 6.8700  loss: 0.7601  top1_acc: 1.0000  top5_acc: 1.0000  loss_cls: 0.7601  top1_acc_avg: 0.4182
2024/10/27 17:20:55 - mmengine - INFO - Epoch(val) [29][4/4]    acc/top1: 0.7368  acc/top5: 1.0000  acc/mean1: 0.6483  data_time: 0.0132  time: 0.1367
2024/10/27 17:20:58 - mmengine - INFO - Exp name: resnet_cls_softmax_privacy_08-zqf2_20241027_171856
2024/10/27 17:20:58 - mmengine - INFO - Epoch(train) [30][15/15]  lr: 3.7566e-03  eta: 0:00:59  time: 0.1852  data_time: 0.0042  memory: 4366  grad_norm: 6.1587  loss: 0.7839  top1_acc: 0.0000  top5_acc: 1.0000  loss_cls: 0.7839  top1_acc_avg: 0.4281
2024/10/27 17:20:58 - mmengine - INFO - Saving checkpoint at 30 epochs
2024/10/27 17:20:59 - mmengine - INFO - Epoch(val) [30][4/4]    acc/top1: 0.7368  acc/top5: 1.0000  acc/mean1: 0.6089  data_time: 0.0137  time: 0.1372
2024/10/27 17:21:02 - mmengine - INFO - Exp name: resnet_cls_softmax_privacy_08-zqf2_20241027_171856
2024/10/27 17:21:02 - mmengine - INFO - Epoch(train) [31][15/15]  lr: 3.4549e-03  eta: 0:00:56  time: 0.1851  data_time: 0.0037  memory: 4366  grad_norm: 7.2703  loss: 0.9779  top1_acc: 0.0000  top5_acc: 1.0000  loss_cls: 0.9779  top1_acc_avg: 0.4358
2024/10/27 17:21:03 - mmengine - INFO - Epoch(val) [31][4/4]    acc/top1: 0.7895  acc/top5: 0.9649  acc/mean1: 0.6519  data_time: 0.0133  time: 0.1372
2024/10/27 17:21:06 - mmengine - INFO - Exp name: resnet_cls_softmax_privacy_08-zqf2_20241027_171856
2024/10/27 17:21:06 - mmengine - INFO - Epoch(train) [32][15/15]  lr: 3.1594e-03  eta: 0:00:53  time: 0.1861  data_time: 0.0042  memory: 4366  grad_norm: 6.7798  loss: 0.9024  top1_acc: 0.0000  top5_acc: 0.0000  loss_cls: 0.9024  top1_acc_avg: 0.4451
2024/10/27 17:21:07 - mmengine - INFO - Epoch(val) [32][4/4]    acc/top1: 0.7544  acc/top5: 1.0000  acc/mean1: 0.6830  data_time: 0.0129  time: 0.1366
2024/10/27 17:21:09 - mmengine - INFO - Exp name: resnet_cls_softmax_privacy_08-zqf2_20241027_171856
2024/10/27 17:21:09 - mmengine - INFO - Epoch(train) [33][15/15]  lr: 2.8711e-03  eta: 0:00:50  time: 0.1854  data_time: 0.0038  memory: 4366  grad_norm: 6.6422  loss: 0.8941  top1_acc: 0.0000  top5_acc: 0.0000  loss_cls: 0.8941  top1_acc_avg: 0.4537
2024/10/27 17:21:09 - mmengine - INFO - Saving checkpoint at 33 epochs
2024/10/27 17:21:10 - mmengine - INFO - Epoch(val) [33][4/4]    acc/top1: 0.8421  acc/top5: 1.0000  acc/mean1: 0.7241  data_time: 0.0127  time: 0.1371
2024/10/27 17:21:13 - mmengine - INFO - Exp name: resnet_cls_softmax_privacy_08-zqf2_20241027_171856
2024/10/27 17:21:13 - mmengine - INFO - Epoch(train) [34][15/15]  lr: 2.5912e-03  eta: 0:00:47  time: 0.1854  data_time: 0.0037  memory: 4366  grad_norm: 5.6316  loss: 0.6084  top1_acc: 1.0000  top5_acc: 1.0000  loss_cls: 0.6084  top1_acc_avg: 0.4638
2024/10/27 17:21:14 - mmengine - INFO - Epoch(val) [34][4/4]    acc/top1: 0.8421  acc/top5: 0.9825  acc/mean1: 0.7755  data_time: 0.0126  time: 0.1366
2024/10/27 17:21:17 - mmengine - INFO - Exp name: resnet_cls_softmax_privacy_08-zqf2_20241027_171856
2024/10/27 17:21:17 - mmengine - INFO - Epoch(train) [35][15/15]  lr: 2.3209e-03  eta: 0:00:44  time: 0.1863  data_time: 0.0042  memory: 4366  grad_norm: 5.5070  loss: 0.5851  top1_acc: 1.0000  top5_acc: 1.0000  loss_cls: 0.5851  top1_acc_avg: 0.4737
2024/10/27 17:21:18 - mmengine - INFO - Epoch(val) [35][4/4]    acc/top1: 0.8246  acc/top5: 1.0000  acc/mean1: 0.7505  data_time: 0.0129  time: 0.1364
2024/10/27 17:21:21 - mmengine - INFO - Exp name: resnet_cls_softmax_privacy_08-zqf2_20241027_171856
2024/10/27 17:21:21 - mmengine - INFO - Epoch(train) [36][15/15]  lr: 2.0611e-03  eta: 0:00:41  time: 0.1853  data_time: 0.0039  memory: 4366  grad_norm: 7.5393  loss: 0.8505  top1_acc: 0.0000  top5_acc: 0.0000  loss_cls: 0.8505  top1_acc_avg: 0.4811
2024/10/27 17:21:21 - mmengine - INFO - Saving checkpoint at 36 epochs
2024/10/27 17:21:22 - mmengine - INFO - Epoch(val) [36][4/4]    acc/top1: 0.7719  acc/top5: 1.0000  acc/mean1: 0.7148  data_time: 0.0129  time: 0.1373
2024/10/27 17:21:25 - mmengine - INFO - Exp name: resnet_cls_softmax_privacy_08-zqf2_20241027_171856
2024/10/27 17:21:25 - mmengine - INFO - Epoch(train) [37][15/15]  lr: 1.8129e-03  eta: 0:00:38  time: 0.1854  data_time: 0.0044  memory: 4366  grad_norm: 8.5731  loss: 0.8670  top1_acc: 0.0000  top5_acc: 1.0000  loss_cls: 0.8670  top1_acc_avg: 0.4884
2024/10/27 17:21:25 - mmengine - INFO - Epoch(val) [37][4/4]    acc/top1: 0.7895  acc/top5: 0.9825  acc/mean1: 0.6746  data_time: 0.0126  time: 0.1365
2024/10/27 17:21:28 - mmengine - INFO - Exp name: resnet_cls_softmax_privacy_08-zqf2_20241027_171856
2024/10/27 17:21:28 - mmengine - INFO - Epoch(train) [38][15/15]  lr: 1.5773e-03  eta: 0:00:35  time: 0.1858  data_time: 0.0038  memory: 4366  grad_norm: 6.2433  loss: 0.7232  top1_acc: 0.0000  top5_acc: 1.0000  loss_cls: 0.7232  top1_acc_avg: 0.4961
2024/10/27 17:21:29 - mmengine - INFO - Epoch(val) [38][4/4]    acc/top1: 0.8246  acc/top5: 1.0000  acc/mean1: 0.7644  data_time: 0.0143  time: 0.1381
2024/10/27 17:21:32 - mmengine - INFO - Exp name: resnet_cls_softmax_privacy_08-zqf2_20241027_171856
2024/10/27 17:21:32 - mmengine - INFO - Epoch(train) [39][15/15]  lr: 1.3552e-03  eta: 0:00:32  time: 0.1859  data_time: 0.0044  memory: 4366  grad_norm: 5.5646  loss: 0.5493  top1_acc: 1.0000  top5_acc: 1.0000  loss_cls: 0.5493  top1_acc_avg: 0.5052
2024/10/27 17:21:32 - mmengine - INFO - Saving checkpoint at 39 epochs
2024/10/27 17:21:33 - mmengine - INFO - Epoch(val) [39][4/4]    acc/top1: 0.9123  acc/top5: 1.0000  acc/mean1: 0.8438  data_time: 0.0135  time: 0.1378
2024/10/27 17:21:33 - mmengine - INFO - The previous best checkpoint /home/node1/Desktop/code/ai/open-mmlab/mmaction2/work_dirs/resnet_cls_softmax_privacy_08-zqf2/best_acc_top1_epoch_28.pth is removed
2024/10/27 17:21:33 - mmengine - INFO - The best checkpoint with 0.9123 acc/top1 at 39 epoch is saved to best_acc_top1_epoch_39.pth.
2024/10/27 17:21:36 - mmengine - INFO - Exp name: resnet_cls_softmax_privacy_08-zqf2_20241027_171856
2024/10/27 17:21:36 - mmengine - INFO - Epoch(train) [40][15/15]  lr: 1.1474e-03  eta: 0:00:29  time: 0.1853  data_time: 0.0038  memory: 4366  grad_norm: 6.5398  loss: 0.6803  top1_acc: 1.0000  top5_acc: 1.0000  loss_cls: 0.6803  top1_acc_avg: 0.5126
2024/10/27 17:21:37 - mmengine - INFO - Epoch(val) [40][4/4]    acc/top1: 0.8596  acc/top5: 1.0000  acc/mean1: 0.7832  data_time: 0.0128  time: 0.1362
2024/10/27 17:21:40 - mmengine - INFO - Exp name: resnet_cls_softmax_privacy_08-zqf2_20241027_171856
2024/10/27 17:21:40 - mmengine - INFO - Epoch(train) [41][15/15]  lr: 9.5492e-04  eta: 0:00:26  time: 0.1856  data_time: 0.0042  memory: 4366  grad_norm: 6.4710  loss: 0.6943  top1_acc: 0.0000  top5_acc: 1.0000  loss_cls: 0.6943  top1_acc_avg: 0.5186
2024/10/27 17:21:41 - mmengine - INFO - Epoch(val) [41][4/4]    acc/top1: 0.8421  acc/top5: 1.0000  acc/mean1: 0.7076  data_time: 0.0130  time: 0.1370
2024/10/27 17:21:44 - mmengine - INFO - Exp name: resnet_cls_softmax_privacy_08-zqf2_20241027_171856
2024/10/27 17:21:44 - mmengine - INFO - Epoch(train) [42][15/15]  lr: 7.7836e-04  eta: 0:00:23  time: 0.1857  data_time: 0.0039  memory: 4366  grad_norm: 5.6990  loss: 0.6016  top1_acc: 1.0000  top5_acc: 1.0000  loss_cls: 0.6016  top1_acc_avg: 0.5261
2024/10/27 17:21:44 - mmengine - INFO - Saving checkpoint at 42 epochs
2024/10/27 17:21:45 - mmengine - INFO - Epoch(val) [42][4/4]    acc/top1: 0.8246  acc/top5: 1.0000  acc/mean1: 0.7684  data_time: 0.0130  time: 0.1375
2024/10/27 17:21:48 - mmengine - INFO - Exp name: resnet_cls_softmax_privacy_08-zqf2_20241027_171856
2024/10/27 17:21:48 - mmengine - INFO - Epoch(train) [43][15/15]  lr: 6.1847e-04  eta: 0:00:20  time: 0.1867  data_time: 0.0041  memory: 4366  grad_norm: 6.6222  loss: 0.7935  top1_acc: 0.0000  top5_acc: 0.0000  loss_cls: 0.7935  top1_acc_avg: 0.5311
2024/10/27 17:21:48 - mmengine - INFO - Epoch(val) [43][4/4]    acc/top1: 0.8421  acc/top5: 1.0000  acc/mean1: 0.7783  data_time: 0.0132  time: 0.1367
2024/10/27 17:21:51 - mmengine - INFO - Exp name: resnet_cls_softmax_privacy_08-zqf2_20241027_171856
2024/10/27 17:21:51 - mmengine - INFO - Epoch(train) [44][15/15]  lr: 4.7586e-04  eta: 0:00:17  time: 0.1859  data_time: 0.0039  memory: 4366  grad_norm: 5.4948  loss: 0.5331  top1_acc: 1.0000  top5_acc: 1.0000  loss_cls: 0.5331  top1_acc_avg: 0.5387
2024/10/27 17:21:52 - mmengine - INFO - Epoch(val) [44][4/4]    acc/top1: 0.8772  acc/top5: 1.0000  acc/mean1: 0.8041  data_time: 0.0129  time: 0.1370
2024/10/27 17:21:55 - mmengine - INFO - Exp name: resnet_cls_softmax_privacy_08-zqf2_20241027_171856
2024/10/27 17:21:55 - mmengine - INFO - Epoch(train) [45][15/15]  lr: 3.5112e-04  eta: 0:00:14  time: 0.1863  data_time: 0.0045  memory: 4366  grad_norm: 6.0619  loss: 0.6110  top1_acc: 0.0000  top5_acc: 1.0000  loss_cls: 0.6110  top1_acc_avg: 0.5452
2024/10/27 17:21:55 - mmengine - INFO - Saving checkpoint at 45 epochs
2024/10/27 17:21:56 - mmengine - INFO - Epoch(val) [45][4/4]    acc/top1: 0.8772  acc/top5: 1.0000  acc/mean1: 0.8041  data_time: 0.0130  time: 0.1369
2024/10/27 17:21:59 - mmengine - INFO - Exp name: resnet_cls_softmax_privacy_08-zqf2_20241027_171856
2024/10/27 17:21:59 - mmengine - INFO - Epoch(train) [46][15/15]  lr: 2.4472e-04  eta: 0:00:11  time: 0.1853  data_time: 0.0037  memory: 4366  grad_norm: 7.0078  loss: 0.5918  top1_acc: 1.0000  top5_acc: 1.0000  loss_cls: 0.5918  top1_acc_avg: 0.5517
2024/10/27 17:21:59 - mmengine - INFO - Epoch(val) [46][4/4]    acc/top1: 0.8596  acc/top5: 1.0000  acc/mean1: 0.7922  data_time: 0.0129  time: 0.1363
2024/10/27 17:22:02 - mmengine - INFO - Exp name: resnet_cls_softmax_privacy_08-zqf2_20241027_171856
2024/10/27 17:22:02 - mmengine - INFO - Epoch(train) [47][15/15]  lr: 1.5708e-04  eta: 0:00:08  time: 0.1859  data_time: 0.0038  memory: 4366  grad_norm: 6.4119  loss: 0.5771  top1_acc: 1.0000  top5_acc: 1.0000  loss_cls: 0.5771  top1_acc_avg: 0.5579
2024/10/27 17:22:03 - mmengine - INFO - Epoch(val) [47][4/4]    acc/top1: 0.8772  acc/top5: 1.0000  acc/mean1: 0.8041  data_time: 0.0128  time: 0.1368
2024/10/27 17:22:06 - mmengine - INFO - Exp name: resnet_cls_softmax_privacy_08-zqf2_20241027_171856
2024/10/27 17:22:06 - mmengine - INFO - Epoch(train) [48][15/15]  lr: 8.8564e-05  eta: 0:00:05  time: 0.1858  data_time: 0.0038  memory: 4366  grad_norm: 8.0165  loss: 0.8152  top1_acc: 0.0000  top5_acc: 0.0000  loss_cls: 0.8152  top1_acc_avg: 0.5622
2024/10/27 17:22:06 - mmengine - INFO - Saving checkpoint at 48 epochs
2024/10/27 17:22:07 - mmengine - INFO - Epoch(val) [48][4/4]    acc/top1: 0.8947  acc/top5: 1.0000  acc/mean1: 0.8160  data_time: 0.0130  time: 0.1373
2024/10/27 17:22:10 - mmengine - INFO - Exp name: resnet_cls_softmax_privacy_08-zqf2_20241027_171856
2024/10/27 17:22:10 - mmengine - INFO - Epoch(train) [49][15/15]  lr: 3.9426e-05  eta: 0:00:02  time: 0.1851  data_time: 0.0037  memory: 4366  grad_norm: 6.4408  loss: 0.7673  top1_acc: 0.0000  top5_acc: 0.0000  loss_cls: 0.7673  top1_acc_avg: 0.5668
2024/10/27 17:22:10 - mmengine - INFO - Epoch(val) [49][4/4]    acc/top1: 0.8772  acc/top5: 1.0000  acc/mean1: 0.8041  data_time: 0.0127  time: 0.1362
2024/10/27 17:22:13 - mmengine - INFO - Exp name: resnet_cls_softmax_privacy_08-zqf2_20241027_171856
2024/10/27 17:22:13 - mmengine - INFO - Epoch(train) [50][15/15]  lr: 9.8664e-06  eta: 0:00:00  time: 0.1858  data_time: 0.0039  memory: 4366  grad_norm: 6.1954  loss: 0.5832  top1_acc: 1.0000  top5_acc: 1.0000  loss_cls: 0.5832  top1_acc_avg: 0.5725
2024/10/27 17:22:13 - mmengine - INFO - Saving checkpoint at 50 epochs
2024/10/27 17:22:15 - mmengine - INFO - Epoch(val) [50][4/4]    acc/top1: 0.8772  acc/top5: 1.0000  acc/mean1: 0.8041  data_time: 0.0130  time: 0.1375
