2024/10/27 19:25:19 - mmengine - INFO - 
------------------------------------------------------------
System environment:
    sys.platform: linux
    Python: 3.8.19 (default, Mar 20 2024, 19:58:24) [GCC 11.2.0]
    CUDA available: True
    MUSA available: False
    numpy_random_seed: 3407
    GPU 0: NVIDIA GeForce RTX 4060 Ti
    CUDA_HOME: /usr/local/cuda-11.8
    NVCC: Cuda compilation tools, release 11.8, V11.8.89
    GCC: gcc (Ubuntu 11.4.0-1ubuntu1~22.04) 11.4.0
    PyTorch: 2.4.1
    PyTorch compiling details: PyTorch built with:
  - GCC 9.3
  - C++ Version: 201703
  - Intel(R) oneAPI Math Kernel Library Version 2023.1-Product Build 20230303 for Intel(R) 64 architecture applications
  - Intel(R) MKL-DNN v3.4.2 (Git Hash 1137e04ec0b5251ca2b4400a4fd3c667ce843d67)
  - OpenMP 201511 (a.k.a. OpenMP 4.5)
  - LAPACK is enabled (usually provided by MKL)
  - NNPACK is enabled
  - CPU capability usage: AVX2
  - CUDA Runtime 11.8
  - NVCC architecture flags: -gencode;arch=compute_50,code=sm_50;-gencode;arch=compute_60,code=sm_60;-gencode;arch=compute_61,code=sm_61;-gencode;arch=compute_70,code=sm_70;-gencode;arch=compute_75,code=sm_75;-gencode;arch=compute_80,code=sm_80;-gencode;arch=compute_86,code=sm_86;-gencode;arch=compute_37,code=sm_37;-gencode;arch=compute_90,code=sm_90;-gencode;arch=compute_37,code=compute_37
  - CuDNN 90.1
  - Magma 2.6.1
  - Build settings: BLAS_INFO=mkl, BUILD_TYPE=Release, CUDA_VERSION=11.8, CUDNN_VERSION=9.1.0, CXX_COMPILER=/opt/rh/devtoolset-9/root/usr/bin/c++, CXX_FLAGS= -D_GLIBCXX_USE_CXX11_ABI=0 -fabi-version=11 -fvisibility-inlines-hidden -DUSE_PTHREADPOOL -DNDEBUG -DUSE_KINETO -DLIBKINETO_NOROCTRACER -DUSE_FBGEMM -DUSE_PYTORCH_QNNPACK -DUSE_XNNPACK -DSYMBOLICATE_MOBILE_DEBUG_HANDLE -O2 -fPIC -Wall -Wextra -Werror=return-type -Werror=non-virtual-dtor -Werror=bool-operation -Wnarrowing -Wno-missing-field-initializers -Wno-type-limits -Wno-array-bounds -Wno-unknown-pragmas -Wno-unused-parameter -Wno-unused-function -Wno-unused-result -Wno-strict-overflow -Wno-strict-aliasing -Wno-stringop-overflow -Wsuggest-override -Wno-psabi -Wno-error=pedantic -Wno-error=old-style-cast -Wno-missing-braces -fdiagnostics-color=always -faligned-new -Wno-unused-but-set-variable -Wno-maybe-uninitialized -fno-math-errno -fno-trapping-math -Werror=format -Wno-stringop-overflow, LAPACK_INFO=mkl, PERF_WITH_AVX=1, PERF_WITH_AVX2=1, PERF_WITH_AVX512=1, TORCH_VERSION=2.4.1, USE_CUDA=ON, USE_CUDNN=ON, USE_CUSPARSELT=1, USE_EXCEPTION_PTR=1, USE_GFLAGS=OFF, USE_GLOG=OFF, USE_GLOO=ON, USE_MKL=ON, USE_MKLDNN=ON, USE_MPI=OFF, USE_NCCL=ON, USE_NNPACK=ON, USE_OPENMP=ON, USE_ROCM=OFF, USE_ROCM_KERNEL_ASSERT=OFF, 

    TorchVision: 0.19.1
    OpenCV: 4.10.0
    MMEngine: 0.10.5

Runtime environment:
    cudnn_benchmark: False
    mp_cfg: {'mp_start_method': 'fork', 'opencv_num_threads': 0}
    dist_cfg: {'backend': 'nccl'}
    seed: 3407
    Distributed launcher: none
    Distributed training: False
    GPU number: 1
------------------------------------------------------------

2024/10/27 19:25:19 - mmengine - INFO - Config:
ann_file_train = '/home/node1/Desktop/code/ai/data/sbu/nc_plus_08size_3c_filter/Privacy-zqf/trainPrivacyRaw.txt'
ann_file_val = '/home/node1/Desktop/code/ai/data/sbu/nc_plus_08size_3c_filter/Privacy-zqf/valPrivacyRaw.txt'
auto_scale_lr = dict(base_batch_size=256, enable=False)
data_root = '/home/node1/Desktop/code/ai/data/sbu/nc_plus_08size_3c_filter/data'
data_root_val = '/home/node1/Desktop/code/ai/data/sbu/nc_plus_08size_3c_filter/data'
dataset_type = 'RawframeDataset'
default_hooks = dict(
    checkpoint=dict(
        interval=3, max_keep_ckpts=1, save_best='auto', type='CheckpointHook'),
    logger=dict(ignore_last=False, interval=100, type='LoggerHook'),
    param_scheduler=dict(type='ParamSchedulerHook'),
    runtime_info=dict(type='RuntimeInfoHook'),
    sampler_seed=dict(type='DistSamplerSeedHook'),
    sync_buffers=dict(type='SyncBuffersHook'),
    timer=dict(type='IterTimerHook'))
default_scope = 'mmaction'
env_cfg = dict(
    cudnn_benchmark=False,
    dist_cfg=dict(backend='nccl'),
    mp_cfg=dict(mp_start_method='fork', opencv_num_threads=0))
file_client_args = dict(io_backend='disk')
launcher = 'none'
load_from = None
log_level = 'INFO'
log_processor = dict(custom_cfg=[
    dict(
        data_src='top1_acc',
        log_name='top1_acc_avg',
        method_name='mean',
        window_size='global'),
])
model = dict(
    backbone=dict(
        depth=50,
        norm_eval=False,
        pretrained='https://download.pytorch.org/models/resnet50-11ad3fa6.pth',
        type='ResNet'),
    cls_head=dict(
        average_clips='score',
        in_channels=2048,
        init_std=0.01,
        num_classes=13,
        type='SoftmaxHead'),
    data_preprocessor=dict(
        format_shape='NCHW',
        mean=[
            123.675,
            116.28,
            103.53,
        ],
        std=[
            58.395,
            57.12,
            57.375,
        ],
        type='ActionDataPreprocessor'),
    test_cfg=None,
    train_cfg=None,
    type='Recognizer2D')
optim_wrapper = dict(
    clip_grad=dict(max_norm=40, norm_type=2),
    loss_scale='dynamic',
    optimizer=dict(lr=0.01, momentum=0.9, type='SGD', weight_decay=0.0001),
    type='AmpOptimWrapper')
param_scheduler = [
    dict(
        T_max=50,
        begin=0,
        by_epoch=True,
        end=50,
        eta_min=0,
        type='CosineAnnealingLR'),
]
randomness = dict(seed=3407)
resume = False
test_cfg = dict(type='TestLoop')
test_dataloader = dict(
    batch_size=1,
    dataset=dict(
        ann_file=
        '/home/node1/Desktop/code/ai/data/sbu/nc_plus_08size_3c_filter/Privacy-zqf/valPrivacyRaw.txt',
        data_prefix=dict(
            img=
            '/home/node1/Desktop/code/ai/data/sbu/nc_plus_08size_3c_filter/data'
        ),
        filename_tmpl='{:06}.png',
        pipeline=[
            dict(
                clip_len=1,
                frame_interval=1,
                num_clips=25,
                test_mode=True,
                type='SampleFrames'),
            dict(io_backend='disk', type='RawFrameDecode'),
            dict(scale=(
                -1,
                256,
            ), type='Resize'),
            dict(crop_size=224, type='TenCrop'),
            dict(input_format='NCHW', type='FormatShape'),
            dict(type='PackActionInputs'),
        ],
        test_mode=True,
        type='RawframeDataset'),
    num_workers=8,
    persistent_workers=True,
    sampler=dict(shuffle=False, type='DefaultSampler'))
test_evaluator = dict(type='AccMetric')
test_pipeline = [
    dict(
        clip_len=1,
        frame_interval=1,
        num_clips=25,
        test_mode=True,
        type='SampleFrames'),
    dict(io_backend='disk', type='RawFrameDecode'),
    dict(scale=(
        -1,
        256,
    ), type='Resize'),
    dict(crop_size=224, type='TenCrop'),
    dict(input_format='NCHW', type='FormatShape'),
    dict(type='PackActionInputs'),
]
train_cfg = dict(
    max_epochs=50, type='EpochBasedTrainLoop', val_begin=1, val_interval=1)
train_dataloader = dict(
    batch_size=16,
    dataset=dict(
        ann_file=
        '/home/node1/Desktop/code/ai/data/sbu/nc_plus_08size_3c_filter/Privacy-zqf/trainPrivacyRaw.txt',
        data_prefix=dict(
            img=
            '/home/node1/Desktop/code/ai/data/sbu/nc_plus_08size_3c_filter/data'
        ),
        filename_tmpl='{:06}.png',
        pipeline=[
            dict(
                clip_len=1, frame_interval=1, num_clips=6,
                type='SampleFrames'),
            dict(io_backend='disk', type='RawFrameDecode'),
            dict(scale=(
                -1,
                256,
            ), type='Resize'),
            dict(
                input_size=224,
                max_wh_scale_gap=1,
                random_crop=False,
                scales=(
                    1,
                    0.875,
                    0.75,
                    0.5,
                ),
                type='MultiScaleCrop'),
            dict(keep_ratio=False, scale=(
                224,
                224,
            ), type='Resize'),
            dict(input_format='NCHW', type='FormatShape'),
            dict(type='PackActionInputs'),
        ],
        type='RawframeDataset'),
    num_workers=8,
    persistent_workers=True,
    sampler=dict(shuffle=True, type='DefaultSampler'))
train_pipeline = [
    dict(clip_len=1, frame_interval=1, num_clips=6, type='SampleFrames'),
    dict(io_backend='disk', type='RawFrameDecode'),
    dict(scale=(
        -1,
        256,
    ), type='Resize'),
    dict(
        input_size=224,
        max_wh_scale_gap=1,
        random_crop=False,
        scales=(
            1,
            0.875,
            0.75,
            0.5,
        ),
        type='MultiScaleCrop'),
    dict(keep_ratio=False, scale=(
        224,
        224,
    ), type='Resize'),
    dict(input_format='NCHW', type='FormatShape'),
    dict(type='PackActionInputs'),
]
val_cfg = dict(type='ValLoop')
val_dataloader = dict(
    batch_size=16,
    dataset=dict(
        ann_file=
        '/home/node1/Desktop/code/ai/data/sbu/nc_plus_08size_3c_filter/Privacy-zqf/valPrivacyRaw.txt',
        data_prefix=dict(
            img=
            '/home/node1/Desktop/code/ai/data/sbu/nc_plus_08size_3c_filter/data'
        ),
        filename_tmpl='{:06}.png',
        pipeline=[
            dict(
                clip_len=1,
                frame_interval=1,
                num_clips=6,
                test_mode=True,
                type='SampleFrames'),
            dict(io_backend='disk', type='RawFrameDecode'),
            dict(scale=(
                -1,
                256,
            ), type='Resize'),
            dict(crop_size=224, type='CenterCrop'),
            dict(input_format='NCHW', type='FormatShape'),
            dict(type='PackActionInputs'),
        ],
        test_mode=True,
        type='RawframeDataset'),
    num_workers=8,
    persistent_workers=True,
    sampler=dict(shuffle=False, type='DefaultSampler'))
val_evaluator = dict(type='AccMetric')
val_pipeline = [
    dict(
        clip_len=1,
        frame_interval=1,
        num_clips=6,
        test_mode=True,
        type='SampleFrames'),
    dict(io_backend='disk', type='RawFrameDecode'),
    dict(scale=(
        -1,
        256,
    ), type='Resize'),
    dict(crop_size=224, type='CenterCrop'),
    dict(input_format='NCHW', type='FormatShape'),
    dict(type='PackActionInputs'),
]
vis_backends = [
    dict(type='LocalVisBackend'),
]
visualizer = dict(
    type='ActionVisualizer', vis_backends=[
        dict(type='LocalVisBackend'),
    ])
work_dir = '/home/node1/Desktop/code/ai/open-mmlab/mmaction2/work_dirs/resnet_cls_softmax_privacy_08-zqf2'

2024/10/27 19:25:20 - mmengine - INFO - Distributed training is not used, all SyncBatchNorm (SyncBN) layers in the model will be automatically reverted to BatchNormXd layers if they are used.
2024/10/27 19:25:20 - mmengine - INFO - Hooks will be executed in the following order:
before_run:
(VERY_HIGH   ) RuntimeInfoHook                    
(BELOW_NORMAL) LoggerHook                         
 -------------------- 
before_train:
(VERY_HIGH   ) RuntimeInfoHook                    
(NORMAL      ) IterTimerHook                      
(VERY_LOW    ) CheckpointHook                     
 -------------------- 
before_train_epoch:
(VERY_HIGH   ) RuntimeInfoHook                    
(NORMAL      ) IterTimerHook                      
(NORMAL      ) DistSamplerSeedHook                
 -------------------- 
before_train_iter:
(VERY_HIGH   ) RuntimeInfoHook                    
(NORMAL      ) IterTimerHook                      
 -------------------- 
after_train_iter:
(VERY_HIGH   ) RuntimeInfoHook                    
(NORMAL      ) IterTimerHook                      
(BELOW_NORMAL) LoggerHook                         
(LOW         ) ParamSchedulerHook                 
(VERY_LOW    ) CheckpointHook                     
 -------------------- 
after_train_epoch:
(NORMAL      ) IterTimerHook                      
(NORMAL      ) SyncBuffersHook                    
(LOW         ) ParamSchedulerHook                 
(VERY_LOW    ) CheckpointHook                     
 -------------------- 
before_val:
(VERY_HIGH   ) RuntimeInfoHook                    
 -------------------- 
before_val_epoch:
(NORMAL      ) IterTimerHook                      
(NORMAL      ) SyncBuffersHook                    
 -------------------- 
before_val_iter:
(NORMAL      ) IterTimerHook                      
 -------------------- 
after_val_iter:
(NORMAL      ) IterTimerHook                      
(BELOW_NORMAL) LoggerHook                         
 -------------------- 
after_val_epoch:
(VERY_HIGH   ) RuntimeInfoHook                    
(NORMAL      ) IterTimerHook                      
(BELOW_NORMAL) LoggerHook                         
(LOW         ) ParamSchedulerHook                 
(VERY_LOW    ) CheckpointHook                     
 -------------------- 
after_val:
(VERY_HIGH   ) RuntimeInfoHook                    
 -------------------- 
after_train:
(VERY_HIGH   ) RuntimeInfoHook                    
(VERY_LOW    ) CheckpointHook                     
 -------------------- 
before_test:
(VERY_HIGH   ) RuntimeInfoHook                    
 -------------------- 
before_test_epoch:
(NORMAL      ) IterTimerHook                      
 -------------------- 
before_test_iter:
(NORMAL      ) IterTimerHook                      
 -------------------- 
after_test_iter:
(NORMAL      ) IterTimerHook                      
(BELOW_NORMAL) LoggerHook                         
 -------------------- 
after_test_epoch:
(VERY_HIGH   ) RuntimeInfoHook                    
(NORMAL      ) IterTimerHook                      
(BELOW_NORMAL) LoggerHook                         
 -------------------- 
after_test:
(VERY_HIGH   ) RuntimeInfoHook                    
 -------------------- 
after_run:
(BELOW_NORMAL) LoggerHook                         
 -------------------- 
2024/10/27 19:25:21 - mmengine - INFO - These parameters in pretrained checkpoint are not loaded: {'fc.bias', 'fc.weight'}
Name of parameter - Initialization information

backbone.conv1.conv.weight - torch.Size([64, 3, 7, 7]): 
Initialized by user-defined `init_weights` in ResNet  

backbone.conv1.bn.weight - torch.Size([64]): 
Initialized by user-defined `init_weights` in ResNet  

backbone.conv1.bn.bias - torch.Size([64]): 
Initialized by user-defined `init_weights` in ResNet  

backbone.layer1.0.conv1.conv.weight - torch.Size([64, 64, 1, 1]): 
Initialized by user-defined `init_weights` in ResNet  

backbone.layer1.0.conv1.bn.weight - torch.Size([64]): 
Initialized by user-defined `init_weights` in ResNet  

backbone.layer1.0.conv1.bn.bias - torch.Size([64]): 
Initialized by user-defined `init_weights` in ResNet  

backbone.layer1.0.conv2.conv.weight - torch.Size([64, 64, 3, 3]): 
Initialized by user-defined `init_weights` in ResNet  

backbone.layer1.0.conv2.bn.weight - torch.Size([64]): 
Initialized by user-defined `init_weights` in ResNet  

backbone.layer1.0.conv2.bn.bias - torch.Size([64]): 
Initialized by user-defined `init_weights` in ResNet  

backbone.layer1.0.conv3.conv.weight - torch.Size([256, 64, 1, 1]): 
Initialized by user-defined `init_weights` in ResNet  

backbone.layer1.0.conv3.bn.weight - torch.Size([256]): 
Initialized by user-defined `init_weights` in ResNet  

backbone.layer1.0.conv3.bn.bias - torch.Size([256]): 
Initialized by user-defined `init_weights` in ResNet  

backbone.layer1.0.downsample.conv.weight - torch.Size([256, 64, 1, 1]): 
Initialized by user-defined `init_weights` in ResNet  

backbone.layer1.0.downsample.bn.weight - torch.Size([256]): 
Initialized by user-defined `init_weights` in ResNet  

backbone.layer1.0.downsample.bn.bias - torch.Size([256]): 
Initialized by user-defined `init_weights` in ResNet  

backbone.layer1.1.conv1.conv.weight - torch.Size([64, 256, 1, 1]): 
Initialized by user-defined `init_weights` in ResNet  

backbone.layer1.1.conv1.bn.weight - torch.Size([64]): 
Initialized by user-defined `init_weights` in ResNet  

backbone.layer1.1.conv1.bn.bias - torch.Size([64]): 
Initialized by user-defined `init_weights` in ResNet  

backbone.layer1.1.conv2.conv.weight - torch.Size([64, 64, 3, 3]): 
Initialized by user-defined `init_weights` in ResNet  

backbone.layer1.1.conv2.bn.weight - torch.Size([64]): 
Initialized by user-defined `init_weights` in ResNet  

backbone.layer1.1.conv2.bn.bias - torch.Size([64]): 
Initialized by user-defined `init_weights` in ResNet  

backbone.layer1.1.conv3.conv.weight - torch.Size([256, 64, 1, 1]): 
Initialized by user-defined `init_weights` in ResNet  

backbone.layer1.1.conv3.bn.weight - torch.Size([256]): 
Initialized by user-defined `init_weights` in ResNet  

backbone.layer1.1.conv3.bn.bias - torch.Size([256]): 
Initialized by user-defined `init_weights` in ResNet  

backbone.layer1.2.conv1.conv.weight - torch.Size([64, 256, 1, 1]): 
Initialized by user-defined `init_weights` in ResNet  

backbone.layer1.2.conv1.bn.weight - torch.Size([64]): 
Initialized by user-defined `init_weights` in ResNet  

backbone.layer1.2.conv1.bn.bias - torch.Size([64]): 
Initialized by user-defined `init_weights` in ResNet  

backbone.layer1.2.conv2.conv.weight - torch.Size([64, 64, 3, 3]): 
Initialized by user-defined `init_weights` in ResNet  

backbone.layer1.2.conv2.bn.weight - torch.Size([64]): 
Initialized by user-defined `init_weights` in ResNet  

backbone.layer1.2.conv2.bn.bias - torch.Size([64]): 
Initialized by user-defined `init_weights` in ResNet  

backbone.layer1.2.conv3.conv.weight - torch.Size([256, 64, 1, 1]): 
Initialized by user-defined `init_weights` in ResNet  

backbone.layer1.2.conv3.bn.weight - torch.Size([256]): 
Initialized by user-defined `init_weights` in ResNet  

backbone.layer1.2.conv3.bn.bias - torch.Size([256]): 
Initialized by user-defined `init_weights` in ResNet  

backbone.layer2.0.conv1.conv.weight - torch.Size([128, 256, 1, 1]): 
Initialized by user-defined `init_weights` in ResNet  

backbone.layer2.0.conv1.bn.weight - torch.Size([128]): 
Initialized by user-defined `init_weights` in ResNet  

backbone.layer2.0.conv1.bn.bias - torch.Size([128]): 
Initialized by user-defined `init_weights` in ResNet  

backbone.layer2.0.conv2.conv.weight - torch.Size([128, 128, 3, 3]): 
Initialized by user-defined `init_weights` in ResNet  

backbone.layer2.0.conv2.bn.weight - torch.Size([128]): 
Initialized by user-defined `init_weights` in ResNet  

backbone.layer2.0.conv2.bn.bias - torch.Size([128]): 
Initialized by user-defined `init_weights` in ResNet  

backbone.layer2.0.conv3.conv.weight - torch.Size([512, 128, 1, 1]): 
Initialized by user-defined `init_weights` in ResNet  

backbone.layer2.0.conv3.bn.weight - torch.Size([512]): 
Initialized by user-defined `init_weights` in ResNet  

backbone.layer2.0.conv3.bn.bias - torch.Size([512]): 
Initialized by user-defined `init_weights` in ResNet  

backbone.layer2.0.downsample.conv.weight - torch.Size([512, 256, 1, 1]): 
Initialized by user-defined `init_weights` in ResNet  

backbone.layer2.0.downsample.bn.weight - torch.Size([512]): 
Initialized by user-defined `init_weights` in ResNet  

backbone.layer2.0.downsample.bn.bias - torch.Size([512]): 
Initialized by user-defined `init_weights` in ResNet  

backbone.layer2.1.conv1.conv.weight - torch.Size([128, 512, 1, 1]): 
Initialized by user-defined `init_weights` in ResNet  

backbone.layer2.1.conv1.bn.weight - torch.Size([128]): 
Initialized by user-defined `init_weights` in ResNet  

backbone.layer2.1.conv1.bn.bias - torch.Size([128]): 
Initialized by user-defined `init_weights` in ResNet  

backbone.layer2.1.conv2.conv.weight - torch.Size([128, 128, 3, 3]): 
Initialized by user-defined `init_weights` in ResNet  

backbone.layer2.1.conv2.bn.weight - torch.Size([128]): 
Initialized by user-defined `init_weights` in ResNet  

backbone.layer2.1.conv2.bn.bias - torch.Size([128]): 
Initialized by user-defined `init_weights` in ResNet  

backbone.layer2.1.conv3.conv.weight - torch.Size([512, 128, 1, 1]): 
Initialized by user-defined `init_weights` in ResNet  

backbone.layer2.1.conv3.bn.weight - torch.Size([512]): 
Initialized by user-defined `init_weights` in ResNet  

backbone.layer2.1.conv3.bn.bias - torch.Size([512]): 
Initialized by user-defined `init_weights` in ResNet  

backbone.layer2.2.conv1.conv.weight - torch.Size([128, 512, 1, 1]): 
Initialized by user-defined `init_weights` in ResNet  

backbone.layer2.2.conv1.bn.weight - torch.Size([128]): 
Initialized by user-defined `init_weights` in ResNet  

backbone.layer2.2.conv1.bn.bias - torch.Size([128]): 
Initialized by user-defined `init_weights` in ResNet  

backbone.layer2.2.conv2.conv.weight - torch.Size([128, 128, 3, 3]): 
Initialized by user-defined `init_weights` in ResNet  

backbone.layer2.2.conv2.bn.weight - torch.Size([128]): 
Initialized by user-defined `init_weights` in ResNet  

backbone.layer2.2.conv2.bn.bias - torch.Size([128]): 
Initialized by user-defined `init_weights` in ResNet  

backbone.layer2.2.conv3.conv.weight - torch.Size([512, 128, 1, 1]): 
Initialized by user-defined `init_weights` in ResNet  

backbone.layer2.2.conv3.bn.weight - torch.Size([512]): 
Initialized by user-defined `init_weights` in ResNet  

backbone.layer2.2.conv3.bn.bias - torch.Size([512]): 
Initialized by user-defined `init_weights` in ResNet  

backbone.layer2.3.conv1.conv.weight - torch.Size([128, 512, 1, 1]): 
Initialized by user-defined `init_weights` in ResNet  

backbone.layer2.3.conv1.bn.weight - torch.Size([128]): 
Initialized by user-defined `init_weights` in ResNet  

backbone.layer2.3.conv1.bn.bias - torch.Size([128]): 
Initialized by user-defined `init_weights` in ResNet  

backbone.layer2.3.conv2.conv.weight - torch.Size([128, 128, 3, 3]): 
Initialized by user-defined `init_weights` in ResNet  

backbone.layer2.3.conv2.bn.weight - torch.Size([128]): 
Initialized by user-defined `init_weights` in ResNet  

backbone.layer2.3.conv2.bn.bias - torch.Size([128]): 
Initialized by user-defined `init_weights` in ResNet  

backbone.layer2.3.conv3.conv.weight - torch.Size([512, 128, 1, 1]): 
Initialized by user-defined `init_weights` in ResNet  

backbone.layer2.3.conv3.bn.weight - torch.Size([512]): 
Initialized by user-defined `init_weights` in ResNet  

backbone.layer2.3.conv3.bn.bias - torch.Size([512]): 
Initialized by user-defined `init_weights` in ResNet  

backbone.layer3.0.conv1.conv.weight - torch.Size([256, 512, 1, 1]): 
Initialized by user-defined `init_weights` in ResNet  

backbone.layer3.0.conv1.bn.weight - torch.Size([256]): 
Initialized by user-defined `init_weights` in ResNet  

backbone.layer3.0.conv1.bn.bias - torch.Size([256]): 
Initialized by user-defined `init_weights` in ResNet  

backbone.layer3.0.conv2.conv.weight - torch.Size([256, 256, 3, 3]): 
Initialized by user-defined `init_weights` in ResNet  

backbone.layer3.0.conv2.bn.weight - torch.Size([256]): 
Initialized by user-defined `init_weights` in ResNet  

backbone.layer3.0.conv2.bn.bias - torch.Size([256]): 
Initialized by user-defined `init_weights` in ResNet  

backbone.layer3.0.conv3.conv.weight - torch.Size([1024, 256, 1, 1]): 
Initialized by user-defined `init_weights` in ResNet  

backbone.layer3.0.conv3.bn.weight - torch.Size([1024]): 
Initialized by user-defined `init_weights` in ResNet  

backbone.layer3.0.conv3.bn.bias - torch.Size([1024]): 
Initialized by user-defined `init_weights` in ResNet  

backbone.layer3.0.downsample.conv.weight - torch.Size([1024, 512, 1, 1]): 
Initialized by user-defined `init_weights` in ResNet  

backbone.layer3.0.downsample.bn.weight - torch.Size([1024]): 
Initialized by user-defined `init_weights` in ResNet  

backbone.layer3.0.downsample.bn.bias - torch.Size([1024]): 
Initialized by user-defined `init_weights` in ResNet  

backbone.layer3.1.conv1.conv.weight - torch.Size([256, 1024, 1, 1]): 
Initialized by user-defined `init_weights` in ResNet  

backbone.layer3.1.conv1.bn.weight - torch.Size([256]): 
Initialized by user-defined `init_weights` in ResNet  

backbone.layer3.1.conv1.bn.bias - torch.Size([256]): 
Initialized by user-defined `init_weights` in ResNet  

backbone.layer3.1.conv2.conv.weight - torch.Size([256, 256, 3, 3]): 
Initialized by user-defined `init_weights` in ResNet  

backbone.layer3.1.conv2.bn.weight - torch.Size([256]): 
Initialized by user-defined `init_weights` in ResNet  

backbone.layer3.1.conv2.bn.bias - torch.Size([256]): 
Initialized by user-defined `init_weights` in ResNet  

backbone.layer3.1.conv3.conv.weight - torch.Size([1024, 256, 1, 1]): 
Initialized by user-defined `init_weights` in ResNet  

backbone.layer3.1.conv3.bn.weight - torch.Size([1024]): 
Initialized by user-defined `init_weights` in ResNet  

backbone.layer3.1.conv3.bn.bias - torch.Size([1024]): 
Initialized by user-defined `init_weights` in ResNet  

backbone.layer3.2.conv1.conv.weight - torch.Size([256, 1024, 1, 1]): 
Initialized by user-defined `init_weights` in ResNet  

backbone.layer3.2.conv1.bn.weight - torch.Size([256]): 
Initialized by user-defined `init_weights` in ResNet  

backbone.layer3.2.conv1.bn.bias - torch.Size([256]): 
Initialized by user-defined `init_weights` in ResNet  

backbone.layer3.2.conv2.conv.weight - torch.Size([256, 256, 3, 3]): 
Initialized by user-defined `init_weights` in ResNet  

backbone.layer3.2.conv2.bn.weight - torch.Size([256]): 
Initialized by user-defined `init_weights` in ResNet  

backbone.layer3.2.conv2.bn.bias - torch.Size([256]): 
Initialized by user-defined `init_weights` in ResNet  

backbone.layer3.2.conv3.conv.weight - torch.Size([1024, 256, 1, 1]): 
Initialized by user-defined `init_weights` in ResNet  

backbone.layer3.2.conv3.bn.weight - torch.Size([1024]): 
Initialized by user-defined `init_weights` in ResNet  

backbone.layer3.2.conv3.bn.bias - torch.Size([1024]): 
Initialized by user-defined `init_weights` in ResNet  

backbone.layer3.3.conv1.conv.weight - torch.Size([256, 1024, 1, 1]): 
Initialized by user-defined `init_weights` in ResNet  

backbone.layer3.3.conv1.bn.weight - torch.Size([256]): 
Initialized by user-defined `init_weights` in ResNet  

backbone.layer3.3.conv1.bn.bias - torch.Size([256]): 
Initialized by user-defined `init_weights` in ResNet  

backbone.layer3.3.conv2.conv.weight - torch.Size([256, 256, 3, 3]): 
Initialized by user-defined `init_weights` in ResNet  

backbone.layer3.3.conv2.bn.weight - torch.Size([256]): 
Initialized by user-defined `init_weights` in ResNet  

backbone.layer3.3.conv2.bn.bias - torch.Size([256]): 
Initialized by user-defined `init_weights` in ResNet  

backbone.layer3.3.conv3.conv.weight - torch.Size([1024, 256, 1, 1]): 
Initialized by user-defined `init_weights` in ResNet  

backbone.layer3.3.conv3.bn.weight - torch.Size([1024]): 
Initialized by user-defined `init_weights` in ResNet  

backbone.layer3.3.conv3.bn.bias - torch.Size([1024]): 
Initialized by user-defined `init_weights` in ResNet  

backbone.layer3.4.conv1.conv.weight - torch.Size([256, 1024, 1, 1]): 
Initialized by user-defined `init_weights` in ResNet  

backbone.layer3.4.conv1.bn.weight - torch.Size([256]): 
Initialized by user-defined `init_weights` in ResNet  

backbone.layer3.4.conv1.bn.bias - torch.Size([256]): 
Initialized by user-defined `init_weights` in ResNet  

backbone.layer3.4.conv2.conv.weight - torch.Size([256, 256, 3, 3]): 
Initialized by user-defined `init_weights` in ResNet  

backbone.layer3.4.conv2.bn.weight - torch.Size([256]): 
Initialized by user-defined `init_weights` in ResNet  

backbone.layer3.4.conv2.bn.bias - torch.Size([256]): 
Initialized by user-defined `init_weights` in ResNet  

backbone.layer3.4.conv3.conv.weight - torch.Size([1024, 256, 1, 1]): 
Initialized by user-defined `init_weights` in ResNet  

backbone.layer3.4.conv3.bn.weight - torch.Size([1024]): 
Initialized by user-defined `init_weights` in ResNet  

backbone.layer3.4.conv3.bn.bias - torch.Size([1024]): 
Initialized by user-defined `init_weights` in ResNet  

backbone.layer3.5.conv1.conv.weight - torch.Size([256, 1024, 1, 1]): 
Initialized by user-defined `init_weights` in ResNet  

backbone.layer3.5.conv1.bn.weight - torch.Size([256]): 
Initialized by user-defined `init_weights` in ResNet  

backbone.layer3.5.conv1.bn.bias - torch.Size([256]): 
Initialized by user-defined `init_weights` in ResNet  

backbone.layer3.5.conv2.conv.weight - torch.Size([256, 256, 3, 3]): 
Initialized by user-defined `init_weights` in ResNet  

backbone.layer3.5.conv2.bn.weight - torch.Size([256]): 
Initialized by user-defined `init_weights` in ResNet  

backbone.layer3.5.conv2.bn.bias - torch.Size([256]): 
Initialized by user-defined `init_weights` in ResNet  

backbone.layer3.5.conv3.conv.weight - torch.Size([1024, 256, 1, 1]): 
Initialized by user-defined `init_weights` in ResNet  

backbone.layer3.5.conv3.bn.weight - torch.Size([1024]): 
Initialized by user-defined `init_weights` in ResNet  

backbone.layer3.5.conv3.bn.bias - torch.Size([1024]): 
Initialized by user-defined `init_weights` in ResNet  

backbone.layer4.0.conv1.conv.weight - torch.Size([512, 1024, 1, 1]): 
Initialized by user-defined `init_weights` in ResNet  

backbone.layer4.0.conv1.bn.weight - torch.Size([512]): 
Initialized by user-defined `init_weights` in ResNet  

backbone.layer4.0.conv1.bn.bias - torch.Size([512]): 
Initialized by user-defined `init_weights` in ResNet  

backbone.layer4.0.conv2.conv.weight - torch.Size([512, 512, 3, 3]): 
Initialized by user-defined `init_weights` in ResNet  

backbone.layer4.0.conv2.bn.weight - torch.Size([512]): 
Initialized by user-defined `init_weights` in ResNet  

backbone.layer4.0.conv2.bn.bias - torch.Size([512]): 
Initialized by user-defined `init_weights` in ResNet  

backbone.layer4.0.conv3.conv.weight - torch.Size([2048, 512, 1, 1]): 
Initialized by user-defined `init_weights` in ResNet  

backbone.layer4.0.conv3.bn.weight - torch.Size([2048]): 
Initialized by user-defined `init_weights` in ResNet  

backbone.layer4.0.conv3.bn.bias - torch.Size([2048]): 
Initialized by user-defined `init_weights` in ResNet  

backbone.layer4.0.downsample.conv.weight - torch.Size([2048, 1024, 1, 1]): 
Initialized by user-defined `init_weights` in ResNet  

backbone.layer4.0.downsample.bn.weight - torch.Size([2048]): 
Initialized by user-defined `init_weights` in ResNet  

backbone.layer4.0.downsample.bn.bias - torch.Size([2048]): 
Initialized by user-defined `init_weights` in ResNet  

backbone.layer4.1.conv1.conv.weight - torch.Size([512, 2048, 1, 1]): 
Initialized by user-defined `init_weights` in ResNet  

backbone.layer4.1.conv1.bn.weight - torch.Size([512]): 
Initialized by user-defined `init_weights` in ResNet  

backbone.layer4.1.conv1.bn.bias - torch.Size([512]): 
Initialized by user-defined `init_weights` in ResNet  

backbone.layer4.1.conv2.conv.weight - torch.Size([512, 512, 3, 3]): 
Initialized by user-defined `init_weights` in ResNet  

backbone.layer4.1.conv2.bn.weight - torch.Size([512]): 
Initialized by user-defined `init_weights` in ResNet  

backbone.layer4.1.conv2.bn.bias - torch.Size([512]): 
Initialized by user-defined `init_weights` in ResNet  

backbone.layer4.1.conv3.conv.weight - torch.Size([2048, 512, 1, 1]): 
Initialized by user-defined `init_weights` in ResNet  

backbone.layer4.1.conv3.bn.weight - torch.Size([2048]): 
Initialized by user-defined `init_weights` in ResNet  

backbone.layer4.1.conv3.bn.bias - torch.Size([2048]): 
Initialized by user-defined `init_weights` in ResNet  

backbone.layer4.2.conv1.conv.weight - torch.Size([512, 2048, 1, 1]): 
Initialized by user-defined `init_weights` in ResNet  

backbone.layer4.2.conv1.bn.weight - torch.Size([512]): 
Initialized by user-defined `init_weights` in ResNet  

backbone.layer4.2.conv1.bn.bias - torch.Size([512]): 
Initialized by user-defined `init_weights` in ResNet  

backbone.layer4.2.conv2.conv.weight - torch.Size([512, 512, 3, 3]): 
Initialized by user-defined `init_weights` in ResNet  

backbone.layer4.2.conv2.bn.weight - torch.Size([512]): 
Initialized by user-defined `init_weights` in ResNet  

backbone.layer4.2.conv2.bn.bias - torch.Size([512]): 
Initialized by user-defined `init_weights` in ResNet  

backbone.layer4.2.conv3.conv.weight - torch.Size([2048, 512, 1, 1]): 
Initialized by user-defined `init_weights` in ResNet  

backbone.layer4.2.conv3.bn.weight - torch.Size([2048]): 
Initialized by user-defined `init_weights` in ResNet  

backbone.layer4.2.conv3.bn.bias - torch.Size([2048]): 
Initialized by user-defined `init_weights` in ResNet  

cls_head.fc_cls.weight - torch.Size([13, 2048]): 
Initialized by user-defined `init_weights` in SoftmaxHead  

cls_head.fc_cls.bias - torch.Size([13]): 
Initialized by user-defined `init_weights` in SoftmaxHead  
2024/10/27 19:25:21 - mmengine - WARNING - "FileClient" will be deprecated in future. Please use io functions in https://mmengine.readthedocs.io/en/latest/api/fileio.html#file-io
2024/10/27 19:25:21 - mmengine - WARNING - "HardDiskBackend" is the alias of "LocalBackend" and the former will be deprecated in future.
2024/10/27 19:25:21 - mmengine - INFO - Checkpoints will be saved to /home/node1/Desktop/code/ai/open-mmlab/mmaction2/work_dirs/resnet_cls_softmax_privacy_08-zqf2.
2024/10/27 19:25:23 - mmengine - INFO - Exp name: resnet_cls_softmax_privacy_08-zqf2_20241027_192519
2024/10/27 19:25:23 - mmengine - INFO - Epoch(train)  [1][12/12]  lr: 1.0000e-02  eta: 0:02:18  time: 0.1978  data_time: 0.0030  memory: 4366  grad_norm: 3.0314  loss: 2.5526  top1_acc: 0.0833  top5_acc: 0.5000  loss_cls: 2.5526  top1_acc_avg: 0.0955
2024/10/27 19:25:25 - mmengine - INFO - Epoch(val) [1][6/6]    acc/top1: 0.0426  acc/top5: 0.4043  acc/mean1: 0.0769  data_time: 0.0373  time: 0.1872
2024/10/27 19:25:25 - mmengine - INFO - The best checkpoint with 0.0426 acc/top1 at 1 epoch is saved to best_acc_top1_epoch_1.pth.
2024/10/27 19:25:27 - mmengine - INFO - Exp name: resnet_cls_softmax_privacy_08-zqf2_20241027_192519
2024/10/27 19:25:27 - mmengine - INFO - Epoch(train)  [2][12/12]  lr: 9.9901e-03  eta: 0:02:07  time: 0.1998  data_time: 0.0045  memory: 4366  grad_norm: 2.8121  loss: 2.5218  top1_acc: 0.0833  top5_acc: 0.5000  loss_cls: 2.5218  top1_acc_avg: 0.1059
2024/10/27 19:25:28 - mmengine - INFO - Epoch(val) [2][6/6]    acc/top1: 0.0638  acc/top5: 0.3936  acc/mean1: 0.0962  data_time: 0.0118  time: 0.1574
2024/10/27 19:25:28 - mmengine - INFO - The previous best checkpoint /home/node1/Desktop/code/ai/open-mmlab/mmaction2/work_dirs/resnet_cls_softmax_privacy_08-zqf2/best_acc_top1_epoch_1.pth is removed
2024/10/27 19:25:29 - mmengine - INFO - The best checkpoint with 0.0638 acc/top1 at 2 epoch is saved to best_acc_top1_epoch_2.pth.
2024/10/27 19:25:31 - mmengine - INFO - Exp name: resnet_cls_softmax_privacy_08-zqf2_20241027_192519
2024/10/27 19:25:31 - mmengine - INFO - Epoch(train)  [3][12/12]  lr: 9.9606e-03  eta: 0:02:02  time: 0.1993  data_time: 0.0044  memory: 4366  grad_norm: 2.6868  loss: 2.5295  top1_acc: 0.0833  top5_acc: 0.2500  loss_cls: 2.5295  top1_acc_avg: 0.1285
2024/10/27 19:25:31 - mmengine - INFO - Saving checkpoint at 3 epochs
2024/10/27 19:25:32 - mmengine - INFO - Epoch(val) [3][6/6]    acc/top1: 0.0851  acc/top5: 0.4149  acc/mean1: 0.1154  data_time: 0.0110  time: 0.1564
2024/10/27 19:25:32 - mmengine - INFO - The previous best checkpoint /home/node1/Desktop/code/ai/open-mmlab/mmaction2/work_dirs/resnet_cls_softmax_privacy_08-zqf2/best_acc_top1_epoch_2.pth is removed
2024/10/27 19:25:33 - mmengine - INFO - The best checkpoint with 0.0851 acc/top1 at 3 epoch is saved to best_acc_top1_epoch_3.pth.
2024/10/27 19:25:36 - mmengine - INFO - Exp name: resnet_cls_softmax_privacy_08-zqf2_20241027_192519
2024/10/27 19:25:36 - mmengine - INFO - Epoch(train)  [4][12/12]  lr: 9.9114e-03  eta: 0:01:58  time: 0.1988  data_time: 0.0042  memory: 4366  grad_norm: 2.6254  loss: 2.5095  top1_acc: 0.0833  top5_acc: 0.6667  loss_cls: 2.5095  top1_acc_avg: 0.1398
2024/10/27 19:25:37 - mmengine - INFO - Epoch(val) [4][6/6]    acc/top1: 0.1702  acc/top5: 0.4894  acc/mean1: 0.1538  data_time: 0.0108  time: 0.1563
2024/10/27 19:25:37 - mmengine - INFO - The previous best checkpoint /home/node1/Desktop/code/ai/open-mmlab/mmaction2/work_dirs/resnet_cls_softmax_privacy_08-zqf2/best_acc_top1_epoch_3.pth is removed
2024/10/27 19:25:37 - mmengine - INFO - The best checkpoint with 0.1702 acc/top1 at 4 epoch is saved to best_acc_top1_epoch_4.pth.
2024/10/27 19:25:40 - mmengine - INFO - Exp name: resnet_cls_softmax_privacy_08-zqf2_20241027_192519
2024/10/27 19:25:40 - mmengine - INFO - Epoch(train)  [5][12/12]  lr: 9.8429e-03  eta: 0:01:54  time: 0.1990  data_time: 0.0045  memory: 4366  grad_norm: 2.6492  loss: 2.5022  top1_acc: 0.0000  top5_acc: 0.4167  loss_cls: 2.5022  top1_acc_avg: 0.1441
2024/10/27 19:25:41 - mmengine - INFO - Epoch(val) [5][6/6]    acc/top1: 0.0426  acc/top5: 0.5000  acc/mean1: 0.0769  data_time: 0.0109  time: 0.1567
2024/10/27 19:25:43 - mmengine - INFO - Exp name: resnet_cls_softmax_privacy_08-zqf2_20241027_192519
2024/10/27 19:25:43 - mmengine - INFO - Epoch(train)  [6][12/12]  lr: 9.7553e-03  eta: 0:01:51  time: 0.1984  data_time: 0.0038  memory: 4366  grad_norm: 2.7493  loss: 2.3818  top1_acc: 0.3333  top5_acc: 0.5833  loss_cls: 2.3818  top1_acc_avg: 0.1464
2024/10/27 19:25:43 - mmengine - INFO - Saving checkpoint at 6 epochs
2024/10/27 19:25:45 - mmengine - INFO - Epoch(val) [6][6/6]    acc/top1: 0.1915  acc/top5: 0.6277  acc/mean1: 0.1923  data_time: 0.0110  time: 0.1569
2024/10/27 19:25:45 - mmengine - INFO - The previous best checkpoint /home/node1/Desktop/code/ai/open-mmlab/mmaction2/work_dirs/resnet_cls_softmax_privacy_08-zqf2/best_acc_top1_epoch_4.pth is removed
2024/10/27 19:25:45 - mmengine - INFO - The best checkpoint with 0.1915 acc/top1 at 6 epoch is saved to best_acc_top1_epoch_6.pth.
2024/10/27 19:25:48 - mmengine - INFO - Exp name: resnet_cls_softmax_privacy_08-zqf2_20241027_192519
2024/10/27 19:25:48 - mmengine - INFO - Epoch(train)  [7][12/12]  lr: 9.6489e-03  eta: 0:01:48  time: 0.1986  data_time: 0.0044  memory: 4366  grad_norm: 3.3502  loss: 2.3283  top1_acc: 0.0833  top5_acc: 0.3333  loss_cls: 2.3283  top1_acc_avg: 0.1600
2024/10/27 19:25:49 - mmengine - INFO - Epoch(val) [7][6/6]    acc/top1: 0.2340  acc/top5: 0.6809  acc/mean1: 0.2212  data_time: 0.0106  time: 0.1559
2024/10/27 19:25:49 - mmengine - INFO - The previous best checkpoint /home/node1/Desktop/code/ai/open-mmlab/mmaction2/work_dirs/resnet_cls_softmax_privacy_08-zqf2/best_acc_top1_epoch_6.pth is removed
2024/10/27 19:25:49 - mmengine - INFO - The best checkpoint with 0.2340 acc/top1 at 7 epoch is saved to best_acc_top1_epoch_7.pth.
2024/10/27 19:25:52 - mmengine - INFO - Exp name: resnet_cls_softmax_privacy_08-zqf2_20241027_192519
2024/10/27 19:25:52 - mmengine - INFO - Epoch(train)  [8][12/12]  lr: 9.5241e-03  eta: 0:01:45  time: 0.2000  data_time: 0.0042  memory: 4366  grad_norm: 4.0441  loss: 2.1406  top1_acc: 0.1667  top5_acc: 0.5833  loss_cls: 2.1406  top1_acc_avg: 0.1782
2024/10/27 19:25:53 - mmengine - INFO - Epoch(val) [8][6/6]    acc/top1: 0.1489  acc/top5: 0.6277  acc/mean1: 0.1635  data_time: 0.0108  time: 0.1564
2024/10/27 19:25:56 - mmengine - INFO - Exp name: resnet_cls_softmax_privacy_08-zqf2_20241027_192519
2024/10/27 19:25:56 - mmengine - INFO - Epoch(train)  [9][12/12]  lr: 9.3815e-03  eta: 0:01:43  time: 0.2021  data_time: 0.0041  memory: 4366  grad_norm: 4.5539  loss: 1.9406  top1_acc: 0.1667  top5_acc: 0.5833  loss_cls: 1.9406  top1_acc_avg: 0.1993
2024/10/27 19:25:56 - mmengine - INFO - Saving checkpoint at 9 epochs
2024/10/27 19:25:57 - mmengine - INFO - Epoch(val) [9][6/6]    acc/top1: 0.1702  acc/top5: 0.7447  acc/mean1: 0.1391  data_time: 0.0108  time: 0.1571
2024/10/27 19:26:00 - mmengine - INFO - Exp name: resnet_cls_softmax_privacy_08-zqf2_20241027_192519
2024/10/27 19:26:00 - mmengine - INFO - Epoch(train) [10][12/12]  lr: 9.2216e-03  eta: 0:01:40  time: 0.2000  data_time: 0.0038  memory: 4366  grad_norm: 5.0162  loss: 1.8042  top1_acc: 0.3333  top5_acc: 0.6667  loss_cls: 1.8042  top1_acc_avg: 0.2155
2024/10/27 19:26:01 - mmengine - INFO - Epoch(val) [10][6/6]    acc/top1: 0.3936  acc/top5: 0.8511  acc/mean1: 0.3294  data_time: 0.0109  time: 0.1604
2024/10/27 19:26:01 - mmengine - INFO - The previous best checkpoint /home/node1/Desktop/code/ai/open-mmlab/mmaction2/work_dirs/resnet_cls_softmax_privacy_08-zqf2/best_acc_top1_epoch_7.pth is removed
2024/10/27 19:26:01 - mmengine - INFO - The best checkpoint with 0.3936 acc/top1 at 10 epoch is saved to best_acc_top1_epoch_10.pth.
2024/10/27 19:26:04 - mmengine - INFO - Exp name: resnet_cls_softmax_privacy_08-zqf2_20241027_192519
2024/10/27 19:26:04 - mmengine - INFO - Epoch(train) [11][12/12]  lr: 9.0451e-03  eta: 0:01:38  time: 0.2071  data_time: 0.0043  memory: 4366  grad_norm: 4.7142  loss: 1.6481  top1_acc: 0.4167  top5_acc: 0.8333  loss_cls: 1.6481  top1_acc_avg: 0.2317
2024/10/27 19:26:05 - mmengine - INFO - Epoch(val) [11][6/6]    acc/top1: 0.3830  acc/top5: 0.9043  acc/mean1: 0.3213  data_time: 0.0107  time: 0.1710
2024/10/27 19:26:08 - mmengine - INFO - Exp name: resnet_cls_softmax_privacy_08-zqf2_20241027_192519
2024/10/27 19:26:08 - mmengine - INFO - Epoch(train) [12][12/12]  lr: 8.8526e-03  eta: 0:01:36  time: 0.2110  data_time: 0.0039  memory: 4366  grad_norm: 5.0219  loss: 1.6422  top1_acc: 0.4167  top5_acc: 0.9167  loss_cls: 1.6422  top1_acc_avg: 0.2474
2024/10/27 19:26:08 - mmengine - INFO - Saving checkpoint at 12 epochs
2024/10/27 19:26:09 - mmengine - INFO - Epoch(val) [12][6/6]    acc/top1: 0.4043  acc/top5: 0.9149  acc/mean1: 0.2959  data_time: 0.0118  time: 0.1634
2024/10/27 19:26:09 - mmengine - INFO - The previous best checkpoint /home/node1/Desktop/code/ai/open-mmlab/mmaction2/work_dirs/resnet_cls_softmax_privacy_08-zqf2/best_acc_top1_epoch_10.pth is removed
2024/10/27 19:26:10 - mmengine - INFO - The best checkpoint with 0.4043 acc/top1 at 12 epoch is saved to best_acc_top1_epoch_12.pth.
2024/10/27 19:26:12 - mmengine - INFO - Exp name: resnet_cls_softmax_privacy_08-zqf2_20241027_192519
2024/10/27 19:26:12 - mmengine - INFO - Epoch(train) [13][12/12]  lr: 8.6448e-03  eta: 0:01:33  time: 0.2033  data_time: 0.0057  memory: 4366  grad_norm: 5.1191  loss: 1.4228  top1_acc: 0.3333  top5_acc: 0.7500  loss_cls: 1.4228  top1_acc_avg: 0.2662
2024/10/27 19:26:13 - mmengine - INFO - Epoch(val) [13][6/6]    acc/top1: 0.4894  acc/top5: 0.9468  acc/mean1: 0.4164  data_time: 0.0106  time: 0.1577
2024/10/27 19:26:13 - mmengine - INFO - The previous best checkpoint /home/node1/Desktop/code/ai/open-mmlab/mmaction2/work_dirs/resnet_cls_softmax_privacy_08-zqf2/best_acc_top1_epoch_12.pth is removed
2024/10/27 19:26:14 - mmengine - INFO - The best checkpoint with 0.4894 acc/top1 at 13 epoch is saved to best_acc_top1_epoch_13.pth.
2024/10/27 19:26:17 - mmengine - INFO - Exp name: resnet_cls_softmax_privacy_08-zqf2_20241027_192519
2024/10/27 19:26:17 - mmengine - INFO - Epoch(train) [14][12/12]  lr: 8.4227e-03  eta: 0:01:31  time: 0.2027  data_time: 0.0047  memory: 4366  grad_norm: 5.0645  loss: 1.3735  top1_acc: 0.6667  top5_acc: 0.9167  loss_cls: 1.3735  top1_acc_avg: 0.2879
2024/10/27 19:26:18 - mmengine - INFO - Epoch(val) [14][6/6]    acc/top1: 0.6064  acc/top5: 0.9681  acc/mean1: 0.5404  data_time: 0.0107  time: 0.1585
2024/10/27 19:26:18 - mmengine - INFO - The previous best checkpoint /home/node1/Desktop/code/ai/open-mmlab/mmaction2/work_dirs/resnet_cls_softmax_privacy_08-zqf2/best_acc_top1_epoch_13.pth is removed
2024/10/27 19:26:18 - mmengine - INFO - The best checkpoint with 0.6064 acc/top1 at 14 epoch is saved to best_acc_top1_epoch_14.pth.
2024/10/27 19:26:21 - mmengine - INFO - Exp name: resnet_cls_softmax_privacy_08-zqf2_20241027_192519
2024/10/27 19:26:21 - mmengine - INFO - Epoch(train) [15][12/12]  lr: 8.1871e-03  eta: 0:01:28  time: 0.2018  data_time: 0.0037  memory: 4366  grad_norm: 5.5593  loss: 1.3412  top1_acc: 0.3333  top5_acc: 0.9167  loss_cls: 1.3412  top1_acc_avg: 0.3071
2024/10/27 19:26:21 - mmengine - INFO - Saving checkpoint at 15 epochs
2024/10/27 19:26:22 - mmengine - INFO - Epoch(val) [15][6/6]    acc/top1: 0.5319  acc/top5: 0.9681  acc/mean1: 0.5025  data_time: 0.0110  time: 0.1586
2024/10/27 19:26:25 - mmengine - INFO - Exp name: resnet_cls_softmax_privacy_08-zqf2_20241027_192519
2024/10/27 19:26:25 - mmengine - INFO - Epoch(train) [16][12/12]  lr: 7.9389e-03  eta: 0:01:25  time: 0.2019  data_time: 0.0048  memory: 4366  grad_norm: 5.2029  loss: 1.1656  top1_acc: 0.5833  top5_acc: 0.9167  loss_cls: 1.1656  top1_acc_avg: 0.3254
2024/10/27 19:26:26 - mmengine - INFO - Epoch(val) [16][6/6]    acc/top1: 0.6489  acc/top5: 0.9681  acc/mean1: 0.5800  data_time: 0.0114  time: 0.1588
2024/10/27 19:26:26 - mmengine - INFO - The previous best checkpoint /home/node1/Desktop/code/ai/open-mmlab/mmaction2/work_dirs/resnet_cls_softmax_privacy_08-zqf2/best_acc_top1_epoch_14.pth is removed
2024/10/27 19:26:26 - mmengine - INFO - The best checkpoint with 0.6489 acc/top1 at 16 epoch is saved to best_acc_top1_epoch_16.pth.
2024/10/27 19:26:29 - mmengine - INFO - Exp name: resnet_cls_softmax_privacy_08-zqf2_20241027_192519
2024/10/27 19:26:29 - mmengine - INFO - Epoch(train) [17][12/12]  lr: 7.6791e-03  eta: 0:01:23  time: 0.2008  data_time: 0.0035  memory: 4366  grad_norm: 5.7793  loss: 1.0937  top1_acc: 0.5833  top5_acc: 0.8333  loss_cls: 1.0937  top1_acc_avg: 0.3431
2024/10/27 19:26:30 - mmengine - INFO - Epoch(val) [17][6/6]    acc/top1: 0.6064  acc/top5: 0.9574  acc/mean1: 0.6126  data_time: 0.0111  time: 0.1590
2024/10/27 19:26:33 - mmengine - INFO - Exp name: resnet_cls_softmax_privacy_08-zqf2_20241027_192519
2024/10/27 19:26:33 - mmengine - INFO - Epoch(train) [18][12/12]  lr: 7.4088e-03  eta: 0:01:20  time: 0.2015  data_time: 0.0041  memory: 4366  grad_norm: 5.7515  loss: 1.0741  top1_acc: 0.6667  top5_acc: 0.9167  loss_cls: 1.0741  top1_acc_avg: 0.3584
2024/10/27 19:26:33 - mmengine - INFO - Saving checkpoint at 18 epochs
2024/10/27 19:26:34 - mmengine - INFO - Epoch(val) [18][6/6]    acc/top1: 0.7447  acc/top5: 0.9894  acc/mean1: 0.6839  data_time: 0.0112  time: 0.1588
2024/10/27 19:26:34 - mmengine - INFO - The previous best checkpoint /home/node1/Desktop/code/ai/open-mmlab/mmaction2/work_dirs/resnet_cls_softmax_privacy_08-zqf2/best_acc_top1_epoch_16.pth is removed
2024/10/27 19:26:34 - mmengine - INFO - The best checkpoint with 0.7447 acc/top1 at 18 epoch is saved to best_acc_top1_epoch_18.pth.
2024/10/27 19:26:37 - mmengine - INFO - Exp name: resnet_cls_softmax_privacy_08-zqf2_20241027_192519
2024/10/27 19:26:37 - mmengine - INFO - Epoch(train) [19][12/12]  lr: 7.1289e-03  eta: 0:01:18  time: 0.2035  data_time: 0.0051  memory: 4366  grad_norm: 5.6846  loss: 0.9897  top1_acc: 0.5000  top5_acc: 1.0000  loss_cls: 0.9897  top1_acc_avg: 0.3738
2024/10/27 19:26:38 - mmengine - INFO - Epoch(val) [19][6/6]    acc/top1: 0.7660  acc/top5: 0.9894  acc/mean1: 0.7398  data_time: 0.0106  time: 0.1593
2024/10/27 19:26:38 - mmengine - INFO - The previous best checkpoint /home/node1/Desktop/code/ai/open-mmlab/mmaction2/work_dirs/resnet_cls_softmax_privacy_08-zqf2/best_acc_top1_epoch_18.pth is removed
2024/10/27 19:26:39 - mmengine - INFO - The best checkpoint with 0.7660 acc/top1 at 19 epoch is saved to best_acc_top1_epoch_19.pth.
2024/10/27 19:26:42 - mmengine - INFO - Exp name: resnet_cls_softmax_privacy_08-zqf2_20241027_192519
2024/10/27 19:26:42 - mmengine - INFO - Epoch(train) [20][12/12]  lr: 6.8406e-03  eta: 0:01:15  time: 0.2040  data_time: 0.0049  memory: 4366  grad_norm: 5.5366  loss: 0.9210  top1_acc: 0.4167  top5_acc: 0.9167  loss_cls: 0.9210  top1_acc_avg: 0.3902
2024/10/27 19:26:43 - mmengine - INFO - Epoch(val) [20][6/6]    acc/top1: 0.8085  acc/top5: 1.0000  acc/mean1: 0.8156  data_time: 0.0109  time: 0.1593
2024/10/27 19:26:43 - mmengine - INFO - The previous best checkpoint /home/node1/Desktop/code/ai/open-mmlab/mmaction2/work_dirs/resnet_cls_softmax_privacy_08-zqf2/best_acc_top1_epoch_19.pth is removed
2024/10/27 19:26:43 - mmengine - INFO - The best checkpoint with 0.8085 acc/top1 at 20 epoch is saved to best_acc_top1_epoch_20.pth.
2024/10/27 19:26:46 - mmengine - INFO - Exp name: resnet_cls_softmax_privacy_08-zqf2_20241027_192519
2024/10/27 19:26:46 - mmengine - INFO - Epoch(train) [21][12/12]  lr: 6.5451e-03  eta: 0:01:13  time: 0.2037  data_time: 0.0054  memory: 4366  grad_norm: 6.2969  loss: 0.9566  top1_acc: 0.5833  top5_acc: 0.9167  loss_cls: 0.9566  top1_acc_avg: 0.4042
2024/10/27 19:26:46 - mmengine - INFO - Saving checkpoint at 21 epochs
2024/10/27 19:26:47 - mmengine - INFO - Epoch(val) [21][6/6]    acc/top1: 0.5745  acc/top5: 0.9681  acc/mean1: 0.5091  data_time: 0.0110  time: 0.1596
2024/10/27 19:26:50 - mmengine - INFO - Exp name: resnet_cls_softmax_privacy_08-zqf2_20241027_192519
2024/10/27 19:26:50 - mmengine - INFO - Epoch(train) [22][12/12]  lr: 6.2434e-03  eta: 0:01:10  time: 0.2014  data_time: 0.0031  memory: 4366  grad_norm: 5.6070  loss: 0.8353  top1_acc: 0.6667  top5_acc: 0.9167  loss_cls: 0.8353  top1_acc_avg: 0.4179
2024/10/27 19:26:51 - mmengine - INFO - Epoch(val) [22][6/6]    acc/top1: 0.6809  acc/top5: 0.9574  acc/mean1: 0.6945  data_time: 0.0111  time: 0.1593
2024/10/27 19:26:53 - mmengine - INFO - Exp name: resnet_cls_softmax_privacy_08-zqf2_20241027_192519
2024/10/27 19:26:53 - mmengine - INFO - Epoch(train) [23][12/12]  lr: 5.9369e-03  eta: 0:01:08  time: 0.2019  data_time: 0.0035  memory: 4366  grad_norm: 5.1727  loss: 0.7661  top1_acc: 0.9167  top5_acc: 1.0000  loss_cls: 0.7661  top1_acc_avg: 0.4312
2024/10/27 19:26:54 - mmengine - INFO - Epoch(val) [23][6/6]    acc/top1: 0.7553  acc/top5: 0.9787  acc/mean1: 0.7492  data_time: 0.0116  time: 0.1604
2024/10/27 19:26:57 - mmengine - INFO - Exp name: resnet_cls_softmax_privacy_08-zqf2_20241027_192519
2024/10/27 19:26:57 - mmengine - INFO - Epoch(train) [24][12/12]  lr: 5.6267e-03  eta: 0:01:05  time: 0.2026  data_time: 0.0041  memory: 4366  grad_norm: 5.1978  loss: 0.7405  top1_acc: 0.6667  top5_acc: 1.0000  loss_cls: 0.7405  top1_acc_avg: 0.4426
2024/10/27 19:26:57 - mmengine - INFO - Saving checkpoint at 24 epochs
2024/10/27 19:26:58 - mmengine - INFO - Epoch(val) [24][6/6]    acc/top1: 0.7872  acc/top5: 0.9681  acc/mean1: 0.8012  data_time: 0.0111  time: 0.1591
2024/10/27 19:27:01 - mmengine - INFO - Exp name: resnet_cls_softmax_privacy_08-zqf2_20241027_192519
2024/10/27 19:27:01 - mmengine - INFO - Epoch(train) [25][12/12]  lr: 5.3140e-03  eta: 0:01:03  time: 0.2028  data_time: 0.0044  memory: 4366  grad_norm: 5.8832  loss: 0.7329  top1_acc: 0.5000  top5_acc: 0.9167  loss_cls: 0.7329  top1_acc_avg: 0.4547
2024/10/27 19:27:02 - mmengine - INFO - Epoch(val) [25][6/6]    acc/top1: 0.8298  acc/top5: 0.9894  acc/mean1: 0.8394  data_time: 0.0111  time: 0.1595
2024/10/27 19:27:02 - mmengine - INFO - The previous best checkpoint /home/node1/Desktop/code/ai/open-mmlab/mmaction2/work_dirs/resnet_cls_softmax_privacy_08-zqf2/best_acc_top1_epoch_20.pth is removed
2024/10/27 19:27:02 - mmengine - INFO - The best checkpoint with 0.8298 acc/top1 at 25 epoch is saved to best_acc_top1_epoch_25.pth.
2024/10/27 19:27:05 - mmengine - INFO - Exp name: resnet_cls_softmax_privacy_08-zqf2_20241027_192519
2024/10/27 19:27:05 - mmengine - INFO - Epoch(train) [26][12/12]  lr: 5.0000e-03  eta: 0:01:00  time: 0.2024  data_time: 0.0043  memory: 4366  grad_norm: 5.8985  loss: 0.6778  top1_acc: 0.8333  top5_acc: 1.0000  loss_cls: 0.6778  top1_acc_avg: 0.4657
2024/10/27 19:27:06 - mmengine - INFO - Epoch(val) [26][6/6]    acc/top1: 0.6596  acc/top5: 0.9681  acc/mean1: 0.7137  data_time: 0.0115  time: 0.1606
2024/10/27 19:27:09 - mmengine - INFO - Exp name: resnet_cls_softmax_privacy_08-zqf2_20241027_192519
2024/10/27 19:27:09 - mmengine - INFO - Epoch(train) [27][12/12]  lr: 4.6860e-03  eta: 0:00:58  time: 0.2018  data_time: 0.0034  memory: 4366  grad_norm: 5.8596  loss: 0.7471  top1_acc: 0.8333  top5_acc: 0.9167  loss_cls: 0.7471  top1_acc_avg: 0.4763
2024/10/27 19:27:09 - mmengine - INFO - Saving checkpoint at 27 epochs
2024/10/27 19:27:10 - mmengine - INFO - Epoch(val) [27][6/6]    acc/top1: 0.5319  acc/top5: 0.9468  acc/mean1: 0.5394  data_time: 0.0111  time: 0.1604
2024/10/27 19:27:13 - mmengine - INFO - Exp name: resnet_cls_softmax_privacy_08-zqf2_20241027_192519
2024/10/27 19:27:13 - mmengine - INFO - Epoch(train) [28][12/12]  lr: 4.3733e-03  eta: 0:00:55  time: 0.2031  data_time: 0.0043  memory: 4366  grad_norm: 4.9335  loss: 0.5560  top1_acc: 0.8333  top5_acc: 1.0000  loss_cls: 0.5560  top1_acc_avg: 0.4886
2024/10/27 19:27:14 - mmengine - INFO - Epoch(val) [28][6/6]    acc/top1: 0.8191  acc/top5: 0.9894  acc/mean1: 0.7811  data_time: 0.0115  time: 0.1595
2024/10/27 19:27:16 - mmengine - INFO - Exp name: resnet_cls_softmax_privacy_08-zqf2_20241027_192519
2024/10/27 19:27:16 - mmengine - INFO - Epoch(train) [29][12/12]  lr: 4.0631e-03  eta: 0:00:52  time: 0.2018  data_time: 0.0031  memory: 4366  grad_norm: 5.6038  loss: 0.5923  top1_acc: 0.9167  top5_acc: 0.9167  loss_cls: 0.5923  top1_acc_avg: 0.5010
2024/10/27 19:27:17 - mmengine - INFO - Epoch(val) [29][6/6]    acc/top1: 0.7979  acc/top5: 0.9787  acc/mean1: 0.8050  data_time: 0.0116  time: 0.1604
2024/10/27 19:27:20 - mmengine - INFO - Exp name: resnet_cls_softmax_privacy_08-zqf2_20241027_192519
2024/10/27 19:27:20 - mmengine - INFO - Epoch(train) [30][12/12]  lr: 3.7566e-03  eta: 0:00:50  time: 0.2035  data_time: 0.0044  memory: 4366  grad_norm: 5.3501  loss: 0.6657  top1_acc: 0.6667  top5_acc: 1.0000  loss_cls: 0.6657  top1_acc_avg: 0.5094
2024/10/27 19:27:20 - mmengine - INFO - Saving checkpoint at 30 epochs
2024/10/27 19:27:21 - mmengine - INFO - Epoch(val) [30][6/6]    acc/top1: 0.7766  acc/top5: 0.9787  acc/mean1: 0.8039  data_time: 0.0114  time: 0.1613
2024/10/27 19:27:24 - mmengine - INFO - Exp name: resnet_cls_softmax_privacy_08-zqf2_20241027_192519
2024/10/27 19:27:24 - mmengine - INFO - Epoch(train) [31][12/12]  lr: 3.4549e-03  eta: 0:00:47  time: 0.2034  data_time: 0.0045  memory: 4366  grad_norm: 5.1339  loss: 0.5551  top1_acc: 0.8333  top5_acc: 1.0000  loss_cls: 0.5551  top1_acc_avg: 0.5192
2024/10/27 19:27:25 - mmengine - INFO - Epoch(val) [31][6/6]    acc/top1: 0.8085  acc/top5: 0.9894  acc/mean1: 0.8189  data_time: 0.0116  time: 0.1603
2024/10/27 19:27:27 - mmengine - INFO - Exp name: resnet_cls_softmax_privacy_08-zqf2_20241027_192519
2024/10/27 19:27:27 - mmengine - INFO - Epoch(train) [32][12/12]  lr: 3.1594e-03  eta: 0:00:45  time: 0.2026  data_time: 0.0040  memory: 4366  grad_norm: 4.6218  loss: 0.4795  top1_acc: 0.8333  top5_acc: 1.0000  loss_cls: 0.4795  top1_acc_avg: 0.5302
2024/10/27 19:27:28 - mmengine - INFO - Epoch(val) [32][6/6]    acc/top1: 0.8511  acc/top5: 0.9894  acc/mean1: 0.8760  data_time: 0.0108  time: 0.1592
2024/10/27 19:27:28 - mmengine - INFO - The previous best checkpoint /home/node1/Desktop/code/ai/open-mmlab/mmaction2/work_dirs/resnet_cls_softmax_privacy_08-zqf2/best_acc_top1_epoch_25.pth is removed
2024/10/27 19:27:28 - mmengine - INFO - The best checkpoint with 0.8511 acc/top1 at 32 epoch is saved to best_acc_top1_epoch_32.pth.
2024/10/27 19:27:31 - mmengine - INFO - Exp name: resnet_cls_softmax_privacy_08-zqf2_20241027_192519
2024/10/27 19:27:31 - mmengine - INFO - Epoch(train) [33][12/12]  lr: 2.8711e-03  eta: 0:00:42  time: 0.2021  data_time: 0.0039  memory: 4366  grad_norm: 5.0664  loss: 0.6136  top1_acc: 1.0000  top5_acc: 1.0000  loss_cls: 0.6136  top1_acc_avg: 0.5383
2024/10/27 19:27:31 - mmengine - INFO - Saving checkpoint at 33 epochs
2024/10/27 19:27:33 - mmengine - INFO - Epoch(val) [33][6/6]    acc/top1: 0.8404  acc/top5: 0.9894  acc/mean1: 0.8370  data_time: 0.0107  time: 0.1594
2024/10/27 19:27:35 - mmengine - INFO - Exp name: resnet_cls_softmax_privacy_08-zqf2_20241027_192519
2024/10/27 19:27:35 - mmengine - INFO - Epoch(train) [34][12/12]  lr: 2.5912e-03  eta: 0:00:40  time: 0.2027  data_time: 0.0046  memory: 4366  grad_norm: 5.4494  loss: 0.5218  top1_acc: 0.7500  top5_acc: 1.0000  loss_cls: 0.5218  top1_acc_avg: 0.5470
2024/10/27 19:27:36 - mmengine - INFO - Epoch(val) [34][6/6]    acc/top1: 0.8404  acc/top5: 0.9894  acc/mean1: 0.8834  data_time: 0.0107  time: 0.1589
2024/10/27 19:27:39 - mmengine - INFO - Exp name: resnet_cls_softmax_privacy_08-zqf2_20241027_192519
2024/10/27 19:27:39 - mmengine - INFO - Epoch(train) [35][12/12]  lr: 2.3209e-03  eta: 0:00:37  time: 0.2025  data_time: 0.0049  memory: 4366  grad_norm: 4.6745  loss: 0.4570  top1_acc: 0.8333  top5_acc: 0.9167  loss_cls: 0.4570  top1_acc_avg: 0.5552
2024/10/27 19:27:40 - mmengine - INFO - Epoch(val) [35][6/6]    acc/top1: 0.8936  acc/top5: 0.9894  acc/mean1: 0.9112  data_time: 0.0108  time: 0.1595
2024/10/27 19:27:40 - mmengine - INFO - The previous best checkpoint /home/node1/Desktop/code/ai/open-mmlab/mmaction2/work_dirs/resnet_cls_softmax_privacy_08-zqf2/best_acc_top1_epoch_32.pth is removed
2024/10/27 19:27:40 - mmengine - INFO - The best checkpoint with 0.8936 acc/top1 at 35 epoch is saved to best_acc_top1_epoch_35.pth.
2024/10/27 19:27:43 - mmengine - INFO - Exp name: resnet_cls_softmax_privacy_08-zqf2_20241027_192519
2024/10/27 19:27:43 - mmengine - INFO - Epoch(train) [36][12/12]  lr: 2.0611e-03  eta: 0:00:35  time: 0.2029  data_time: 0.0043  memory: 4366  grad_norm: 4.8062  loss: 0.4965  top1_acc: 0.8333  top5_acc: 1.0000  loss_cls: 0.4965  top1_acc_avg: 0.5634
2024/10/27 19:27:43 - mmengine - INFO - Saving checkpoint at 36 epochs
2024/10/27 19:27:44 - mmengine - INFO - Epoch(val) [36][6/6]    acc/top1: 0.8723  acc/top5: 0.9894  acc/mean1: 0.8888  data_time: 0.0113  time: 0.1600
2024/10/27 19:27:47 - mmengine - INFO - Exp name: resnet_cls_softmax_privacy_08-zqf2_20241027_192519
2024/10/27 19:27:47 - mmengine - INFO - Epoch(train) [37][12/12]  lr: 1.8129e-03  eta: 0:00:32  time: 0.2017  data_time: 0.0039  memory: 4366  grad_norm: 4.2560  loss: 0.4141  top1_acc: 0.9167  top5_acc: 1.0000  loss_cls: 0.4141  top1_acc_avg: 0.5719
2024/10/27 19:27:48 - mmengine - INFO - Epoch(val) [37][6/6]    acc/top1: 0.8511  acc/top5: 0.9894  acc/mean1: 0.8471  data_time: 0.0109  time: 0.1583
2024/10/27 19:27:50 - mmengine - INFO - Exp name: resnet_cls_softmax_privacy_08-zqf2_20241027_192519
2024/10/27 19:27:50 - mmengine - INFO - Epoch(train) [38][12/12]  lr: 1.5773e-03  eta: 0:00:30  time: 0.2021  data_time: 0.0042  memory: 4366  grad_norm: 3.8552  loss: 0.3324  top1_acc: 1.0000  top5_acc: 1.0000  loss_cls: 0.3324  top1_acc_avg: 0.5805
2024/10/27 19:27:51 - mmengine - INFO - Epoch(val) [38][6/6]    acc/top1: 0.8723  acc/top5: 0.9894  acc/mean1: 0.8856  data_time: 0.0113  time: 0.1600
2024/10/27 19:27:54 - mmengine - INFO - Exp name: resnet_cls_softmax_privacy_08-zqf2_20241027_192519
2024/10/27 19:27:54 - mmengine - INFO - Epoch(train) [39][12/12]  lr: 1.3552e-03  eta: 0:00:27  time: 0.2016  data_time: 0.0037  memory: 4366  grad_norm: 4.4054  loss: 0.4046  top1_acc: 1.0000  top5_acc: 1.0000  loss_cls: 0.4046  top1_acc_avg: 0.5872
2024/10/27 19:27:54 - mmengine - INFO - Saving checkpoint at 39 epochs
2024/10/27 19:27:55 - mmengine - INFO - Epoch(val) [39][6/6]    acc/top1: 0.8617  acc/top5: 0.9894  acc/mean1: 0.8797  data_time: 0.0111  time: 0.1595
2024/10/27 19:27:58 - mmengine - INFO - Exp name: resnet_cls_softmax_privacy_08-zqf2_20241027_192519
2024/10/27 19:27:58 - mmengine - INFO - Epoch(train) [40][12/12]  lr: 1.1474e-03  eta: 0:00:25  time: 0.2021  data_time: 0.0033  memory: 4366  grad_norm: 4.2195  loss: 0.3606  top1_acc: 0.7500  top5_acc: 0.9167  loss_cls: 0.3606  top1_acc_avg: 0.5947
2024/10/27 19:27:59 - mmengine - INFO - Epoch(val) [40][6/6]    acc/top1: 0.8511  acc/top5: 0.9894  acc/mean1: 0.8701  data_time: 0.0108  time: 0.1587
2024/10/27 19:28:01 - mmengine - INFO - Exp name: resnet_cls_softmax_privacy_08-zqf2_20241027_192519
2024/10/27 19:28:01 - mmengine - INFO - Epoch(train) [41][12/12]  lr: 9.5492e-04  eta: 0:00:22  time: 0.2033  data_time: 0.0049  memory: 4366  grad_norm: 4.4912  loss: 0.4084  top1_acc: 0.6667  top5_acc: 1.0000  loss_cls: 0.4084  top1_acc_avg: 0.6011
2024/10/27 19:28:02 - mmengine - INFO - Epoch(val) [41][6/6]    acc/top1: 0.8617  acc/top5: 0.9894  acc/mean1: 0.8701  data_time: 0.0109  time: 0.1590
2024/10/27 19:28:05 - mmengine - INFO - Exp name: resnet_cls_softmax_privacy_08-zqf2_20241027_192519
2024/10/27 19:28:05 - mmengine - INFO - Epoch(train) [42][12/12]  lr: 7.7836e-04  eta: 0:00:20  time: 0.2038  data_time: 0.0044  memory: 4366  grad_norm: 4.1110  loss: 0.3758  top1_acc: 1.0000  top5_acc: 1.0000  loss_cls: 0.3758  top1_acc_avg: 0.6070
2024/10/27 19:28:05 - mmengine - INFO - Saving checkpoint at 42 epochs
2024/10/27 19:28:06 - mmengine - INFO - Epoch(val) [42][6/6]    acc/top1: 0.8723  acc/top5: 0.9894  acc/mean1: 0.8989  data_time: 0.0110  time: 0.1602
2024/10/27 19:28:09 - mmengine - INFO - Exp name: resnet_cls_softmax_privacy_08-zqf2_20241027_192519
2024/10/27 19:28:09 - mmengine - INFO - Epoch(train) [43][12/12]  lr: 6.1847e-04  eta: 0:00:17  time: 0.2034  data_time: 0.0039  memory: 4366  grad_norm: 4.7328  loss: 0.4486  top1_acc: 0.6667  top5_acc: 1.0000  loss_cls: 0.4486  top1_acc_avg: 0.6124
2024/10/27 19:28:10 - mmengine - INFO - Epoch(val) [43][6/6]    acc/top1: 0.8617  acc/top5: 0.9894  acc/mean1: 0.8696  data_time: 0.0112  time: 0.1606
2024/10/27 19:28:12 - mmengine - INFO - Exp name: resnet_cls_softmax_privacy_08-zqf2_20241027_192519
2024/10/27 19:28:12 - mmengine - INFO - Epoch(train) [44][12/12]  lr: 4.7586e-04  eta: 0:00:15  time: 0.2044  data_time: 0.0056  memory: 4366  grad_norm: 4.2596  loss: 0.3680  top1_acc: 0.8333  top5_acc: 1.0000  loss_cls: 0.3680  top1_acc_avg: 0.6189
2024/10/27 19:28:13 - mmengine - INFO - Epoch(val) [44][6/6]    acc/top1: 0.8617  acc/top5: 0.9894  acc/mean1: 0.8568  data_time: 0.0108  time: 0.1595
2024/10/27 19:28:16 - mmengine - INFO - Exp name: resnet_cls_softmax_privacy_08-zqf2_20241027_192519
2024/10/27 19:28:16 - mmengine - INFO - Epoch(train) [45][12/12]  lr: 3.5112e-04  eta: 0:00:12  time: 0.2050  data_time: 0.0050  memory: 4366  grad_norm: 4.3831  loss: 0.3596  top1_acc: 0.7500  top5_acc: 1.0000  loss_cls: 0.3596  top1_acc_avg: 0.6250
2024/10/27 19:28:16 - mmengine - INFO - Saving checkpoint at 45 epochs
2024/10/27 19:28:17 - mmengine - INFO - Epoch(val) [45][6/6]    acc/top1: 0.8404  acc/top5: 0.9894  acc/mean1: 0.8311  data_time: 0.0116  time: 0.1614
2024/10/27 19:28:20 - mmengine - INFO - Exp name: resnet_cls_softmax_privacy_08-zqf2_20241027_192519
2024/10/27 19:28:20 - mmengine - INFO - Epoch(train) [46][12/12]  lr: 2.4472e-04  eta: 0:00:10  time: 0.2018  data_time: 0.0034  memory: 4366  grad_norm: 4.5728  loss: 0.3820  top1_acc: 0.7500  top5_acc: 1.0000  loss_cls: 0.3820  top1_acc_avg: 0.6312
2024/10/27 19:28:21 - mmengine - INFO - Epoch(val) [46][6/6]    acc/top1: 0.8511  acc/top5: 0.9894  acc/mean1: 0.8375  data_time: 0.0107  time: 0.1601
2024/10/27 19:28:23 - mmengine - INFO - Exp name: resnet_cls_softmax_privacy_08-zqf2_20241027_192519
2024/10/27 19:28:23 - mmengine - INFO - Epoch(train) [47][12/12]  lr: 1.5708e-04  eta: 0:00:07  time: 0.2021  data_time: 0.0030  memory: 4366  grad_norm: 4.2705  loss: 0.3351  top1_acc: 0.9167  top5_acc: 1.0000  loss_cls: 0.3351  top1_acc_avg: 0.6365
2024/10/27 19:28:24 - mmengine - INFO - Epoch(val) [47][6/6]    acc/top1: 0.8511  acc/top5: 0.9894  acc/mean1: 0.8503  data_time: 0.0106  time: 0.1604
2024/10/27 19:28:27 - mmengine - INFO - Exp name: resnet_cls_softmax_privacy_08-zqf2_20241027_192519
2024/10/27 19:28:27 - mmengine - INFO - Epoch(train) [48][12/12]  lr: 8.8564e-05  eta: 0:00:05  time: 0.2031  data_time: 0.0044  memory: 4366  grad_norm: 4.1851  loss: 0.3687  top1_acc: 1.0000  top5_acc: 1.0000  loss_cls: 0.3687  top1_acc_avg: 0.6404
2024/10/27 19:28:27 - mmengine - INFO - Saving checkpoint at 48 epochs
2024/10/27 19:28:28 - mmengine - INFO - Epoch(val) [48][6/6]    acc/top1: 0.8511  acc/top5: 0.9894  acc/mean1: 0.8375  data_time: 0.0115  time: 0.1605
2024/10/27 19:28:31 - mmengine - INFO - Exp name: resnet_cls_softmax_privacy_08-zqf2_20241027_192519
2024/10/27 19:28:31 - mmengine - INFO - Epoch(train) [49][12/12]  lr: 3.9426e-05  eta: 0:00:02  time: 0.2008  data_time: 0.0031  memory: 4366  grad_norm: 4.6064  loss: 0.4260  top1_acc: 0.9167  top5_acc: 1.0000  loss_cls: 0.4260  top1_acc_avg: 0.6449
2024/10/27 19:28:32 - mmengine - INFO - Epoch(val) [49][6/6]    acc/top1: 0.8511  acc/top5: 0.9894  acc/mean1: 0.8407  data_time: 0.0108  time: 0.1584
2024/10/27 19:28:34 - mmengine - INFO - Exp name: resnet_cls_softmax_privacy_08-zqf2_20241027_192519
2024/10/27 19:28:34 - mmengine - INFO - Epoch(train) [50][12/12]  lr: 9.8664e-06  eta: 0:00:00  time: 0.2021  data_time: 0.0052  memory: 4366  grad_norm: 4.2136  loss: 0.3907  top1_acc: 0.8333  top5_acc: 1.0000  loss_cls: 0.3907  top1_acc_avg: 0.6495
2024/10/27 19:28:34 - mmengine - INFO - Saving checkpoint at 50 epochs
2024/10/27 19:28:36 - mmengine - INFO - Epoch(val) [50][6/6]    acc/top1: 0.8617  acc/top5: 0.9894  acc/mean1: 0.8600  data_time: 0.0114  time: 0.1598
