2024/11/08 09:14:40 - mmengine - INFO - 
------------------------------------------------------------
System environment:
    sys.platform: linux
    Python: 3.8.19 (default, Mar 20 2024, 19:58:24) [GCC 11.2.0]
    CUDA available: True
    MUSA available: False
    numpy_random_seed: 1267776144
    GPU 0: NVIDIA GeForce RTX 4060 Ti
    CUDA_HOME: /usr/local/cuda-11.8
    NVCC: Cuda compilation tools, release 11.8, V11.8.89
    GCC: gcc (Ubuntu 11.4.0-1ubuntu1~22.04) 11.4.0
    PyTorch: 2.4.1
    PyTorch compiling details: PyTorch built with:
  - GCC 9.3
  - C++ Version: 201703
  - Intel(R) oneAPI Math Kernel Library Version 2023.1-Product Build 20230303 for Intel(R) 64 architecture applications
  - Intel(R) MKL-DNN v3.4.2 (Git Hash 1137e04ec0b5251ca2b4400a4fd3c667ce843d67)
  - OpenMP 201511 (a.k.a. OpenMP 4.5)
  - LAPACK is enabled (usually provided by MKL)
  - NNPACK is enabled
  - CPU capability usage: AVX2
  - CUDA Runtime 11.8
  - NVCC architecture flags: -gencode;arch=compute_50,code=sm_50;-gencode;arch=compute_60,code=sm_60;-gencode;arch=compute_61,code=sm_61;-gencode;arch=compute_70,code=sm_70;-gencode;arch=compute_75,code=sm_75;-gencode;arch=compute_80,code=sm_80;-gencode;arch=compute_86,code=sm_86;-gencode;arch=compute_37,code=sm_37;-gencode;arch=compute_90,code=sm_90;-gencode;arch=compute_37,code=compute_37
  - CuDNN 90.1
  - Magma 2.6.1
  - Build settings: BLAS_INFO=mkl, BUILD_TYPE=Release, CUDA_VERSION=11.8, CUDNN_VERSION=9.1.0, CXX_COMPILER=/opt/rh/devtoolset-9/root/usr/bin/c++, CXX_FLAGS= -D_GLIBCXX_USE_CXX11_ABI=0 -fabi-version=11 -fvisibility-inlines-hidden -DUSE_PTHREADPOOL -DNDEBUG -DUSE_KINETO -DLIBKINETO_NOROCTRACER -DUSE_FBGEMM -DUSE_PYTORCH_QNNPACK -DUSE_XNNPACK -DSYMBOLICATE_MOBILE_DEBUG_HANDLE -O2 -fPIC -Wall -Wextra -Werror=return-type -Werror=non-virtual-dtor -Werror=bool-operation -Wnarrowing -Wno-missing-field-initializers -Wno-type-limits -Wno-array-bounds -Wno-unknown-pragmas -Wno-unused-parameter -Wno-unused-function -Wno-unused-result -Wno-strict-overflow -Wno-strict-aliasing -Wno-stringop-overflow -Wsuggest-override -Wno-psabi -Wno-error=pedantic -Wno-error=old-style-cast -Wno-missing-braces -fdiagnostics-color=always -faligned-new -Wno-unused-but-set-variable -Wno-maybe-uninitialized -fno-math-errno -fno-trapping-math -Werror=format -Wno-stringop-overflow, LAPACK_INFO=mkl, PERF_WITH_AVX=1, PERF_WITH_AVX2=1, PERF_WITH_AVX512=1, TORCH_VERSION=2.4.1, USE_CUDA=ON, USE_CUDNN=ON, USE_CUSPARSELT=1, USE_EXCEPTION_PTR=1, USE_GFLAGS=OFF, USE_GLOG=OFF, USE_GLOO=ON, USE_MKL=ON, USE_MKLDNN=ON, USE_MPI=OFF, USE_NCCL=ON, USE_NNPACK=ON, USE_OPENMP=ON, USE_ROCM=OFF, USE_ROCM_KERNEL_ASSERT=OFF, 

    TorchVision: 0.19.1
    OpenCV: 4.10.0
    MMEngine: 0.10.5

Runtime environment:
    cudnn_benchmark: False
    mp_cfg: {'mp_start_method': 'fork', 'opencv_num_threads': 0}
    dist_cfg: {'backend': 'nccl'}
    seed: 1267776144
    diff_rank_seed: False
    deterministic: False
    Distributed launcher: none
    Distributed training: False
    GPU number: 1
------------------------------------------------------------

2024/11/08 09:14:40 - mmengine - INFO - Config:
ann_file_train = '/home/node1/Desktop/code/ai/data/ucf101/ucf_MvMbRd/video-ann/train_ann.txt'
ann_file_val = '/home/node1/Desktop/code/ai/data/ucf101/ucf_MvMbRd/video-ann/test_ann.txt'
auto_scale_lr = dict(base_batch_size=240, enable=False)
data_root = 'data/ucf101/videos'
data_root_val = 'data/ucf101/videos'
dataset_type = 'VideoDataset'
default_hooks = dict(
    checkpoint=dict(interval=5, save_best='auto', type='CheckpointHook'),
    logger=dict(ignore_last=False, interval=20, type='LoggerHook'),
    param_scheduler=dict(type='ParamSchedulerHook'),
    runtime_info=dict(type='RuntimeInfoHook'),
    sampler_seed=dict(type='DistSamplerSeedHook'),
    sync_buffers=dict(type='SyncBuffersHook'),
    timer=dict(type='IterTimerHook'))
default_scope = 'mmaction'
env_cfg = dict(
    cudnn_benchmark=False,
    dist_cfg=dict(backend='nccl'),
    mp_cfg=dict(mp_start_method='fork', opencv_num_threads=0))
file_client_args = dict(io_backend='disk')
launcher = 'none'
load_from = None
log_level = 'INFO'
log_processor = dict(by_epoch=True, type='LogProcessor', window_size=20)
model = dict(
    backbone=dict(
        act_cfg=dict(type='ReLU'),
        conv_cfg=dict(type='Conv3d'),
        dropout_ratio=0.5,
        init_std=0.005,
        norm_cfg=None,
        pretrained=
        'https://download.openmmlab.com/mmaction/recognition/c3d/c3d_sports1m_pretrain_20201016-dcc47ddc.pth',
        style='pytorch',
        type='C3D'),
    cls_head=dict(
        average_clips='prob',
        dropout_ratio=0.5,
        in_channels=4096,
        init_std=0.01,
        num_classes=101,
        spatial_type=None,
        type='I3DHead'),
    data_preprocessor=dict(
        format_shape='NCTHW',
        mean=[
            104,
            117,
            128,
        ],
        std=[
            1,
            1,
            1,
        ],
        type='ActionDataPreprocessor'),
    test_cfg=None,
    train_cfg=None,
    type='Recognizer3D')
optim_wrapper = dict(
    clip_grad=dict(max_norm=40, norm_type=2),
    optimizer=dict(lr=0.001, momentum=0.9, type='SGD', weight_decay=0.0005))
param_scheduler = [
    dict(
        begin=0,
        by_epoch=True,
        end=100,
        gamma=0.1,
        milestones=[
            20,
            40,
        ],
        type='MultiStepLR'),
]
randomness = dict(deterministic=False, diff_rank_seed=False, seed=None)
resume = False
test_cfg = dict(type='TestLoop')
test_dataloader = dict(
    batch_size=1,
    dataset=dict(
        ann_file=
        '/home/node1/Desktop/code/ai/data/ucf101/ucf_MvMbRd/video-ann/test_ann.txt',
        data_prefix=dict(video='data/ucf101/videos'),
        pipeline=[
            dict(io_backend='disk', type='DecordInit'),
            dict(
                clip_len=16,
                frame_interval=1,
                num_clips=3,
                test_mode=True,
                type='SampleFrames'),
            dict(type='DecordDecode'),
            dict(scale=(
                -1,
                128,
            ), type='Resize'),
            dict(crop_size=112, type='CenterCrop'),
            dict(input_format='NCTHW', type='FormatShape'),
            dict(type='PackActionInputs'),
        ],
        test_mode=True,
        type='VideoDataset'),
    num_workers=8,
    persistent_workers=True,
    sampler=dict(shuffle=False, type='DefaultSampler'))
test_evaluator = dict(type='AccMetric')
test_pipeline = [
    dict(io_backend='disk', type='DecordInit'),
    dict(
        clip_len=16,
        frame_interval=1,
        num_clips=3,
        test_mode=True,
        type='SampleFrames'),
    dict(type='DecordDecode'),
    dict(scale=(
        -1,
        128,
    ), type='Resize'),
    dict(crop_size=112, type='CenterCrop'),
    dict(input_format='NCTHW', type='FormatShape'),
    dict(type='PackActionInputs'),
]
train_cfg = dict(
    max_epochs=100, type='EpochBasedTrainLoop', val_begin=1, val_interval=1)
train_dataloader = dict(
    batch_size=32,
    dataset=dict(
        ann_file=
        '/home/node1/Desktop/code/ai/data/ucf101/ucf_MvMbRd/video-ann/train_ann.txt',
        data_prefix=dict(video='data/ucf101/videos'),
        pipeline=[
            dict(io_backend='disk', type='DecordInit'),
            dict(
                clip_len=16,
                frame_interval=3,
                num_clips=1,
                type='SampleFrames'),
            dict(type='DecordDecode'),
            dict(scale=(
                -1,
                128,
            ), type='Resize'),
            dict(size=112, type='RandomCrop'),
            dict(flip_ratio=0.5, type='Flip'),
            dict(input_format='NCTHW', type='FormatShape'),
            dict(type='PackActionInputs'),
        ],
        type='VideoDataset'),
    num_workers=8,
    persistent_workers=True,
    sampler=dict(shuffle=True, type='DefaultSampler'))
train_pipeline = [
    dict(io_backend='disk', type='DecordInit'),
    dict(clip_len=16, frame_interval=3, num_clips=1, type='SampleFrames'),
    dict(type='DecordDecode'),
    dict(scale=(
        -1,
        128,
    ), type='Resize'),
    dict(size=112, type='RandomCrop'),
    dict(flip_ratio=0.5, type='Flip'),
    dict(input_format='NCTHW', type='FormatShape'),
    dict(type='PackActionInputs'),
]
val_cfg = dict(type='ValLoop')
val_dataloader = dict(
    batch_size=16,
    dataset=dict(
        ann_file=
        '/home/node1/Desktop/code/ai/data/ucf101/ucf_MvMbRd/video-ann/test_ann.txt',
        data_prefix=dict(video='data/ucf101/videos'),
        pipeline=[
            dict(io_backend='disk', type='DecordInit'),
            dict(
                clip_len=16,
                frame_interval=3,
                num_clips=1,
                test_mode=True,
                type='SampleFrames'),
            dict(type='DecordDecode'),
            dict(scale=(
                -1,
                128,
            ), type='Resize'),
            dict(crop_size=112, type='CenterCrop'),
            dict(input_format='NCTHW', type='FormatShape'),
            dict(type='PackActionInputs'),
        ],
        test_mode=True,
        type='VideoDataset'),
    num_workers=8,
    persistent_workers=True,
    sampler=dict(shuffle=False, type='DefaultSampler'))
val_evaluator = dict(type='AccMetric')
val_pipeline = [
    dict(io_backend='disk', type='DecordInit'),
    dict(
        clip_len=16,
        frame_interval=3,
        num_clips=1,
        test_mode=True,
        type='SampleFrames'),
    dict(type='DecordDecode'),
    dict(scale=(
        -1,
        128,
    ), type='Resize'),
    dict(crop_size=112, type='CenterCrop'),
    dict(input_format='NCTHW', type='FormatShape'),
    dict(type='PackActionInputs'),
]
vis_backends = [
    dict(type='LocalVisBackend'),
]
visualizer = dict(
    type='ActionVisualizer', vis_backends=[
        dict(type='LocalVisBackend'),
    ])
work_dir = './work_dirs/c3d-ucf101-all-zqf'

2024/11/08 09:14:41 - mmengine - INFO - Distributed training is not used, all SyncBatchNorm (SyncBN) layers in the model will be automatically reverted to BatchNormXd layers if they are used.
2024/11/08 09:14:41 - mmengine - INFO - Hooks will be executed in the following order:
before_run:
(VERY_HIGH   ) RuntimeInfoHook                    
(BELOW_NORMAL) LoggerHook                         
 -------------------- 
before_train:
(VERY_HIGH   ) RuntimeInfoHook                    
(NORMAL      ) IterTimerHook                      
(VERY_LOW    ) CheckpointHook                     
 -------------------- 
before_train_epoch:
(VERY_HIGH   ) RuntimeInfoHook                    
(NORMAL      ) IterTimerHook                      
(NORMAL      ) DistSamplerSeedHook                
 -------------------- 
before_train_iter:
(VERY_HIGH   ) RuntimeInfoHook                    
(NORMAL      ) IterTimerHook                      
 -------------------- 
after_train_iter:
(VERY_HIGH   ) RuntimeInfoHook                    
(NORMAL      ) IterTimerHook                      
(BELOW_NORMAL) LoggerHook                         
(LOW         ) ParamSchedulerHook                 
(VERY_LOW    ) CheckpointHook                     
 -------------------- 
after_train_epoch:
(NORMAL      ) IterTimerHook                      
(NORMAL      ) SyncBuffersHook                    
(LOW         ) ParamSchedulerHook                 
(VERY_LOW    ) CheckpointHook                     
 -------------------- 
before_val:
(VERY_HIGH   ) RuntimeInfoHook                    
 -------------------- 
before_val_epoch:
(NORMAL      ) IterTimerHook                      
(NORMAL      ) SyncBuffersHook                    
 -------------------- 
before_val_iter:
(NORMAL      ) IterTimerHook                      
 -------------------- 
after_val_iter:
(NORMAL      ) IterTimerHook                      
(BELOW_NORMAL) LoggerHook                         
 -------------------- 
after_val_epoch:
(VERY_HIGH   ) RuntimeInfoHook                    
(NORMAL      ) IterTimerHook                      
(BELOW_NORMAL) LoggerHook                         
(LOW         ) ParamSchedulerHook                 
(VERY_LOW    ) CheckpointHook                     
 -------------------- 
after_val:
(VERY_HIGH   ) RuntimeInfoHook                    
 -------------------- 
after_train:
(VERY_HIGH   ) RuntimeInfoHook                    
(VERY_LOW    ) CheckpointHook                     
 -------------------- 
before_test:
(VERY_HIGH   ) RuntimeInfoHook                    
 -------------------- 
before_test_epoch:
(NORMAL      ) IterTimerHook                      
 -------------------- 
before_test_iter:
(NORMAL      ) IterTimerHook                      
 -------------------- 
after_test_iter:
(NORMAL      ) IterTimerHook                      
(BELOW_NORMAL) LoggerHook                         
 -------------------- 
after_test_epoch:
(VERY_HIGH   ) RuntimeInfoHook                    
(NORMAL      ) IterTimerHook                      
(BELOW_NORMAL) LoggerHook                         
 -------------------- 
after_test:
(VERY_HIGH   ) RuntimeInfoHook                    
 -------------------- 
after_run:
(BELOW_NORMAL) LoggerHook                         
 -------------------- 
2024/11/08 09:14:42 - mmengine - INFO - load model from: https://download.openmmlab.com/mmaction/recognition/c3d/c3d_sports1m_pretrain_20201016-dcc47ddc.pth
2024/11/08 09:14:42 - mmengine - INFO - Loads checkpoint by http backend from path: https://download.openmmlab.com/mmaction/recognition/c3d/c3d_sports1m_pretrain_20201016-dcc47ddc.pth
Name of parameter - Initialization information

backbone.conv1a.conv.weight - torch.Size([64, 3, 3, 3, 3]): 
Initialized by user-defined `init_weights` in C3D  

backbone.conv1a.conv.bias - torch.Size([64]): 
Initialized by user-defined `init_weights` in C3D  

backbone.conv2a.conv.weight - torch.Size([128, 64, 3, 3, 3]): 
Initialized by user-defined `init_weights` in C3D  

backbone.conv2a.conv.bias - torch.Size([128]): 
Initialized by user-defined `init_weights` in C3D  

backbone.conv3a.conv.weight - torch.Size([256, 128, 3, 3, 3]): 
Initialized by user-defined `init_weights` in C3D  

backbone.conv3a.conv.bias - torch.Size([256]): 
Initialized by user-defined `init_weights` in C3D  

backbone.conv3b.conv.weight - torch.Size([256, 256, 3, 3, 3]): 
Initialized by user-defined `init_weights` in C3D  

backbone.conv3b.conv.bias - torch.Size([256]): 
Initialized by user-defined `init_weights` in C3D  

backbone.conv4a.conv.weight - torch.Size([512, 256, 3, 3, 3]): 
Initialized by user-defined `init_weights` in C3D  

backbone.conv4a.conv.bias - torch.Size([512]): 
Initialized by user-defined `init_weights` in C3D  

backbone.conv4b.conv.weight - torch.Size([512, 512, 3, 3, 3]): 
Initialized by user-defined `init_weights` in C3D  

backbone.conv4b.conv.bias - torch.Size([512]): 
Initialized by user-defined `init_weights` in C3D  

backbone.conv5a.conv.weight - torch.Size([512, 512, 3, 3, 3]): 
Initialized by user-defined `init_weights` in C3D  

backbone.conv5a.conv.bias - torch.Size([512]): 
Initialized by user-defined `init_weights` in C3D  

backbone.conv5b.conv.weight - torch.Size([512, 512, 3, 3, 3]): 
Initialized by user-defined `init_weights` in C3D  

backbone.conv5b.conv.bias - torch.Size([512]): 
Initialized by user-defined `init_weights` in C3D  

backbone.fc6.weight - torch.Size([4096, 8192]): 
Initialized by user-defined `init_weights` in C3D  

backbone.fc6.bias - torch.Size([4096]): 
Initialized by user-defined `init_weights` in C3D  

backbone.fc7.weight - torch.Size([4096, 4096]): 
Initialized by user-defined `init_weights` in C3D  

backbone.fc7.bias - torch.Size([4096]): 
Initialized by user-defined `init_weights` in C3D  

cls_head.fc_cls.weight - torch.Size([101, 4096]): 
Initialized by user-defined `init_weights` in I3DHead  

cls_head.fc_cls.bias - torch.Size([101]): 
Initialized by user-defined `init_weights` in I3DHead  
2024/11/08 09:14:42 - mmengine - WARNING - "FileClient" will be deprecated in future. Please use io functions in https://mmengine.readthedocs.io/en/latest/api/fileio.html#file-io
2024/11/08 09:14:42 - mmengine - WARNING - "HardDiskBackend" is the alias of "LocalBackend" and the former will be deprecated in future.
2024/11/08 09:14:42 - mmengine - INFO - Checkpoints will be saved to /home/node1/Desktop/n1/ai/open-mmlab/mmaction2/work_dirs/c3d-ucf101-all-zqf.
2024/11/08 09:14:56 - mmengine - INFO - Epoch(train)   [1][ 20/333]  lr: 1.0000e-03  eta: 6:11:05  time: 0.6690  data_time: 0.0439  memory: 6107  grad_norm: 19.7464  loss: 4.5209  top1_acc: 0.1562  top5_acc: 0.3125  loss_cls: 4.5209
2024/11/08 09:15:08 - mmengine - INFO - Epoch(train)   [1][ 40/333]  lr: 1.0000e-03  eta: 5:59:45  time: 0.6289  data_time: 0.0100  memory: 6107  grad_norm: 26.2396  loss: 3.8315  top1_acc: 0.2500  top5_acc: 0.5625  loss_cls: 3.8315
2024/11/08 09:15:21 - mmengine - INFO - Epoch(train)   [1][ 60/333]  lr: 1.0000e-03  eta: 5:55:50  time: 0.6290  data_time: 0.0100  memory: 6107  grad_norm: 32.9470  loss: 3.0464  top1_acc: 0.3125  top5_acc: 0.5312  loss_cls: 3.0464
2024/11/08 09:15:33 - mmengine - INFO - Epoch(train)   [1][ 80/333]  lr: 1.0000e-03  eta: 5:53:49  time: 0.6293  data_time: 0.0103  memory: 6107  grad_norm: 34.9131  loss: 2.4115  top1_acc: 0.4375  top5_acc: 0.6562  loss_cls: 2.4115
2024/11/08 09:15:46 - mmengine - INFO - Epoch(train)   [1][100/333]  lr: 1.0000e-03  eta: 5:52:28  time: 0.6288  data_time: 0.0099  memory: 6107  grad_norm: 33.0332  loss: 2.0497  top1_acc: 0.4062  top5_acc: 0.8750  loss_cls: 2.0497
2024/11/08 09:15:58 - mmengine - INFO - Epoch(train)   [1][120/333]  lr: 1.0000e-03  eta: 5:51:32  time: 0.6292  data_time: 0.0104  memory: 6107  grad_norm: 32.2709  loss: 1.7314  top1_acc: 0.2812  top5_acc: 0.7812  loss_cls: 1.7314
2024/11/08 09:16:11 - mmengine - INFO - Epoch(train)   [1][140/333]  lr: 1.0000e-03  eta: 5:50:54  time: 0.6303  data_time: 0.0098  memory: 6107  grad_norm: 30.8547  loss: 1.6521  top1_acc: 0.5312  top5_acc: 0.8125  loss_cls: 1.6521
2024/11/08 09:16:24 - mmengine - INFO - Epoch(train)   [1][160/333]  lr: 1.0000e-03  eta: 5:50:21  time: 0.6302  data_time: 0.0096  memory: 6107  grad_norm: 28.6210  loss: 1.5535  top1_acc: 0.7188  top5_acc: 0.9375  loss_cls: 1.5535
2024/11/08 09:16:36 - mmengine - INFO - Epoch(train)   [1][180/333]  lr: 1.0000e-03  eta: 5:49:52  time: 0.6299  data_time: 0.0094  memory: 6107  grad_norm: 29.9941  loss: 1.3895  top1_acc: 0.6875  top5_acc: 0.8125  loss_cls: 1.3895
2024/11/08 09:16:49 - mmengine - INFO - Epoch(train)   [1][200/333]  lr: 1.0000e-03  eta: 5:49:27  time: 0.6301  data_time: 0.0097  memory: 6107  grad_norm: 27.7611  loss: 1.2072  top1_acc: 0.5312  top5_acc: 0.8438  loss_cls: 1.2072
2024/11/08 09:17:01 - mmengine - INFO - Epoch(train)   [1][220/333]  lr: 1.0000e-03  eta: 5:49:06  time: 0.6307  data_time: 0.0102  memory: 6107  grad_norm: 26.8673  loss: 1.2607  top1_acc: 0.5625  top5_acc: 0.9062  loss_cls: 1.2607
2024/11/08 09:17:14 - mmengine - INFO - Epoch(train)   [1][240/333]  lr: 1.0000e-03  eta: 5:48:46  time: 0.6305  data_time: 0.0098  memory: 6107  grad_norm: 25.9482  loss: 1.2459  top1_acc: 0.8438  top5_acc: 0.9375  loss_cls: 1.2459
2024/11/08 09:17:27 - mmengine - INFO - Epoch(train)   [1][260/333]  lr: 1.0000e-03  eta: 5:48:27  time: 0.6303  data_time: 0.0097  memory: 6107  grad_norm: 26.2608  loss: 1.0016  top1_acc: 0.5625  top5_acc: 1.0000  loss_cls: 1.0016
2024/11/08 09:17:39 - mmengine - INFO - Epoch(train)   [1][280/333]  lr: 1.0000e-03  eta: 5:48:09  time: 0.6305  data_time: 0.0098  memory: 6107  grad_norm: 25.7042  loss: 0.9456  top1_acc: 0.5938  top5_acc: 0.9375  loss_cls: 0.9456
2024/11/08 09:17:52 - mmengine - INFO - Epoch(train)   [1][300/333]  lr: 1.0000e-03  eta: 5:47:50  time: 0.6300  data_time: 0.0095  memory: 6107  grad_norm: 27.3623  loss: 1.0591  top1_acc: 0.6562  top5_acc: 1.0000  loss_cls: 1.0591
2024/11/08 09:18:04 - mmengine - INFO - Epoch(train)   [1][320/333]  lr: 1.0000e-03  eta: 5:47:33  time: 0.6301  data_time: 0.0094  memory: 6107  grad_norm: 25.0519  loss: 1.0565  top1_acc: 0.8438  top5_acc: 0.9688  loss_cls: 1.0565
2024/11/08 09:18:13 - mmengine - INFO - Exp name: c3d-ucf101-all-zqf_20241108_091440
2024/11/08 09:18:13 - mmengine - INFO - Epoch(train)   [1][333/333]  lr: 1.0000e-03  eta: 5:47:21  time: 0.6299  data_time: 0.0094  memory: 6107  grad_norm: 26.8124  loss: 1.0234  top1_acc: 0.7188  top5_acc: 0.8750  loss_cls: 1.0234
2024/11/08 09:18:15 - mmengine - INFO - Epoch(val)   [1][ 20/167]    eta: 0:00:20  time: 0.1400  data_time: 0.0276  memory: 2027  
2024/11/08 09:18:18 - mmengine - INFO - Epoch(val)   [1][ 40/167]    eta: 0:00:16  time: 0.1182  data_time: 0.0061  memory: 2027  
2024/11/08 09:18:20 - mmengine - INFO - Epoch(val)   [1][ 60/167]    eta: 0:00:13  time: 0.1176  data_time: 0.0055  memory: 2027  
2024/11/08 09:18:23 - mmengine - INFO - Epoch(val)   [1][ 80/167]    eta: 0:00:10  time: 0.1176  data_time: 0.0056  memory: 2027  
2024/11/08 09:18:25 - mmengine - INFO - Epoch(val)   [1][100/167]    eta: 0:00:08  time: 0.1181  data_time: 0.0058  memory: 2027  
2024/11/08 09:18:27 - mmengine - INFO - Epoch(val)   [1][120/167]    eta: 0:00:05  time: 0.1175  data_time: 0.0055  memory: 2027  
2024/11/08 09:18:30 - mmengine - INFO - Epoch(val)   [1][140/167]    eta: 0:00:03  time: 0.1174  data_time: 0.0054  memory: 2027  
2024/11/08 09:18:32 - mmengine - INFO - Epoch(val)   [1][160/167]    eta: 0:00:00  time: 0.1176  data_time: 0.0057  memory: 2027  
2024/11/08 09:18:33 - mmengine - INFO - Epoch(val) [1][167/167]    acc/top1: 0.7894  acc/top5: 0.9643  acc/mean1: 0.7860  data_time: 0.0083  time: 0.1200
2024/11/08 09:18:33 - mmengine - INFO - The best checkpoint with 0.7894 acc/top1 at 1 epoch is saved to best_acc_top1_epoch_1.pth.
2024/11/08 09:18:47 - mmengine - INFO - Epoch(train)   [2][ 20/333]  lr: 1.0000e-03  eta: 5:48:00  time: 0.6597  data_time: 0.0389  memory: 6107  grad_norm: 24.5421  loss: 0.8436  top1_acc: 0.7188  top5_acc: 0.9062  loss_cls: 0.8436
2024/11/08 09:18:59 - mmengine - INFO - Epoch(train)   [2][ 40/333]  lr: 1.0000e-03  eta: 5:47:43  time: 0.6314  data_time: 0.0107  memory: 6107  grad_norm: 23.3620  loss: 0.8241  top1_acc: 0.9062  top5_acc: 1.0000  loss_cls: 0.8241
2024/11/08 09:19:12 - mmengine - INFO - Epoch(train)   [2][ 60/333]  lr: 1.0000e-03  eta: 5:47:26  time: 0.6310  data_time: 0.0103  memory: 6107  grad_norm: 22.7556  loss: 0.7602  top1_acc: 0.7812  top5_acc: 0.9375  loss_cls: 0.7602
2024/11/08 09:19:24 - mmengine - INFO - Epoch(train)   [2][ 80/333]  lr: 1.0000e-03  eta: 5:47:09  time: 0.6312  data_time: 0.0104  memory: 6107  grad_norm: 23.5305  loss: 0.7057  top1_acc: 0.8438  top5_acc: 1.0000  loss_cls: 0.7057
2024/11/08 09:19:37 - mmengine - INFO - Epoch(train)   [2][100/333]  lr: 1.0000e-03  eta: 5:46:54  time: 0.6313  data_time: 0.0104  memory: 6107  grad_norm: 22.9116  loss: 0.7169  top1_acc: 0.5938  top5_acc: 0.8125  loss_cls: 0.7169
2024/11/08 09:19:50 - mmengine - INFO - Epoch(train)   [2][120/333]  lr: 1.0000e-03  eta: 5:46:37  time: 0.6305  data_time: 0.0098  memory: 6107  grad_norm: 22.6680  loss: 0.7313  top1_acc: 0.7812  top5_acc: 0.9062  loss_cls: 0.7313
2024/11/08 09:20:02 - mmengine - INFO - Epoch(train)   [2][140/333]  lr: 1.0000e-03  eta: 5:46:20  time: 0.6303  data_time: 0.0099  memory: 6107  grad_norm: 21.7260  loss: 0.7447  top1_acc: 0.6875  top5_acc: 0.8750  loss_cls: 0.7447
2024/11/08 09:20:15 - mmengine - INFO - Epoch(train)   [2][160/333]  lr: 1.0000e-03  eta: 5:46:05  time: 0.6308  data_time: 0.0101  memory: 6107  grad_norm: 21.5170  loss: 0.7045  top1_acc: 0.8750  top5_acc: 1.0000  loss_cls: 0.7045
2024/11/08 09:20:28 - mmengine - INFO - Epoch(train)   [2][180/333]  lr: 1.0000e-03  eta: 5:45:49  time: 0.6310  data_time: 0.0102  memory: 6107  grad_norm: 20.4211  loss: 0.5915  top1_acc: 0.7812  top5_acc: 0.9688  loss_cls: 0.5915
2024/11/08 09:20:40 - mmengine - INFO - Epoch(train)   [2][200/333]  lr: 1.0000e-03  eta: 5:45:34  time: 0.6306  data_time: 0.0100  memory: 6107  grad_norm: 21.0146  loss: 0.6152  top1_acc: 0.9062  top5_acc: 1.0000  loss_cls: 0.6152
2024/11/08 09:20:53 - mmengine - INFO - Epoch(train)   [2][220/333]  lr: 1.0000e-03  eta: 5:45:19  time: 0.6307  data_time: 0.0100  memory: 6107  grad_norm: 22.3065  loss: 0.6887  top1_acc: 0.8438  top5_acc: 0.9688  loss_cls: 0.6887
2024/11/08 09:21:05 - mmengine - INFO - Epoch(train)   [2][240/333]  lr: 1.0000e-03  eta: 5:45:10  time: 0.6359  data_time: 0.0152  memory: 6107  grad_norm: 19.7923  loss: 0.5468  top1_acc: 0.8438  top5_acc: 0.9688  loss_cls: 0.5468
2024/11/08 09:21:18 - mmengine - INFO - Epoch(train)   [2][260/333]  lr: 1.0000e-03  eta: 5:44:54  time: 0.6305  data_time: 0.0099  memory: 6107  grad_norm: 24.7110  loss: 0.6863  top1_acc: 0.7812  top5_acc: 0.9688  loss_cls: 0.6863
2024/11/08 09:21:31 - mmengine - INFO - Epoch(train)   [2][280/333]  lr: 1.0000e-03  eta: 5:44:40  time: 0.6311  data_time: 0.0105  memory: 6107  grad_norm: 20.7216  loss: 0.5843  top1_acc: 0.8438  top5_acc: 1.0000  loss_cls: 0.5843
2024/11/08 09:21:43 - mmengine - INFO - Epoch(train)   [2][300/333]  lr: 1.0000e-03  eta: 5:44:26  time: 0.6313  data_time: 0.0105  memory: 6107  grad_norm: 22.6622  loss: 0.6420  top1_acc: 0.8438  top5_acc: 1.0000  loss_cls: 0.6420
2024/11/08 09:21:56 - mmengine - INFO - Epoch(train)   [2][320/333]  lr: 1.0000e-03  eta: 5:44:12  time: 0.6310  data_time: 0.0103  memory: 6107  grad_norm: 21.8867  loss: 0.6570  top1_acc: 0.7188  top5_acc: 0.9062  loss_cls: 0.6570
2024/11/08 09:22:04 - mmengine - INFO - Exp name: c3d-ucf101-all-zqf_20241108_091440
2024/11/08 09:22:04 - mmengine - INFO - Epoch(train)   [2][333/333]  lr: 1.0000e-03  eta: 5:44:02  time: 0.6305  data_time: 0.0100  memory: 6107  grad_norm: 22.3812  loss: 0.6419  top1_acc: 0.8438  top5_acc: 1.0000  loss_cls: 0.6419
2024/11/08 09:22:07 - mmengine - INFO - Epoch(val)   [2][ 20/167]    eta: 0:00:19  time: 0.1327  data_time: 0.0205  memory: 2027  
2024/11/08 09:22:09 - mmengine - INFO - Epoch(val)   [2][ 40/167]    eta: 0:00:15  time: 0.1179  data_time: 0.0058  memory: 2027  
2024/11/08 09:22:11 - mmengine - INFO - Epoch(val)   [2][ 60/167]    eta: 0:00:13  time: 0.1175  data_time: 0.0055  memory: 2027  
2024/11/08 09:22:14 - mmengine - INFO - Epoch(val)   [2][ 80/167]    eta: 0:00:10  time: 0.1177  data_time: 0.0056  memory: 2027  
2024/11/08 09:22:16 - mmengine - INFO - Epoch(val)   [2][100/167]    eta: 0:00:08  time: 0.1176  data_time: 0.0057  memory: 2027  
2024/11/08 09:22:19 - mmengine - INFO - Epoch(val)   [2][120/167]    eta: 0:00:05  time: 0.1180  data_time: 0.0058  memory: 2027  
2024/11/08 09:22:21 - mmengine - INFO - Epoch(val)   [2][140/167]    eta: 0:00:03  time: 0.1180  data_time: 0.0058  memory: 2027  
2024/11/08 09:22:23 - mmengine - INFO - Epoch(val)   [2][160/167]    eta: 0:00:00  time: 0.1172  data_time: 0.0053  memory: 2027  
2024/11/08 09:22:24 - mmengine - INFO - Epoch(val) [2][167/167]    acc/top1: 0.8776  acc/top5: 0.9839  acc/mean1: 0.8740  data_time: 0.0074  time: 0.1188
2024/11/08 09:22:24 - mmengine - INFO - The previous best checkpoint /home/node1/Desktop/n1/ai/open-mmlab/mmaction2/work_dirs/c3d-ucf101-all-zqf/best_acc_top1_epoch_1.pth is removed
2024/11/08 09:22:25 - mmengine - INFO - The best checkpoint with 0.8776 acc/top1 at 2 epoch is saved to best_acc_top1_epoch_2.pth.
2024/11/08 09:22:38 - mmengine - INFO - Epoch(train)   [3][ 20/333]  lr: 1.0000e-03  eta: 5:44:13  time: 0.6574  data_time: 0.0363  memory: 6107  grad_norm: 17.3242  loss: 0.4478  top1_acc: 0.8438  top5_acc: 0.9688  loss_cls: 0.4478
2024/11/08 09:22:51 - mmengine - INFO - Epoch(train)   [3][ 40/333]  lr: 1.0000e-03  eta: 5:43:58  time: 0.6310  data_time: 0.0101  memory: 6107  grad_norm: 19.4119  loss: 0.4639  top1_acc: 0.9062  top5_acc: 1.0000  loss_cls: 0.4639
2024/11/08 09:23:03 - mmengine - INFO - Epoch(train)   [3][ 60/333]  lr: 1.0000e-03  eta: 5:43:43  time: 0.6309  data_time: 0.0100  memory: 6107  grad_norm: 20.5493  loss: 0.4094  top1_acc: 0.8125  top5_acc: 1.0000  loss_cls: 0.4094
2024/11/08 09:23:16 - mmengine - INFO - Epoch(train)   [3][ 80/333]  lr: 1.0000e-03  eta: 5:43:29  time: 0.6315  data_time: 0.0103  memory: 6107  grad_norm: 21.3156  loss: 0.4268  top1_acc: 0.9062  top5_acc: 0.9688  loss_cls: 0.4268
2024/11/08 09:23:28 - mmengine - INFO - Epoch(train)   [3][100/333]  lr: 1.0000e-03  eta: 5:43:15  time: 0.6309  data_time: 0.0100  memory: 6107  grad_norm: 19.5727  loss: 0.5000  top1_acc: 0.8438  top5_acc: 1.0000  loss_cls: 0.5000
2024/11/08 09:23:41 - mmengine - INFO - Epoch(train)   [3][120/333]  lr: 1.0000e-03  eta: 5:43:01  time: 0.6315  data_time: 0.0104  memory: 6107  grad_norm: 18.7999  loss: 0.3975  top1_acc: 0.8750  top5_acc: 0.9688  loss_cls: 0.3975
2024/11/08 09:23:54 - mmengine - INFO - Epoch(train)   [3][140/333]  lr: 1.0000e-03  eta: 5:42:47  time: 0.6309  data_time: 0.0099  memory: 6107  grad_norm: 18.5096  loss: 0.4114  top1_acc: 0.9062  top5_acc: 1.0000  loss_cls: 0.4114
2024/11/08 09:24:06 - mmengine - INFO - Epoch(train)   [3][160/333]  lr: 1.0000e-03  eta: 5:42:32  time: 0.6307  data_time: 0.0098  memory: 6107  grad_norm: 18.4806  loss: 0.4093  top1_acc: 0.8750  top5_acc: 1.0000  loss_cls: 0.4093
2024/11/08 09:24:19 - mmengine - INFO - Epoch(train)   [3][180/333]  lr: 1.0000e-03  eta: 5:42:18  time: 0.6310  data_time: 0.0102  memory: 6107  grad_norm: 20.2643  loss: 0.4290  top1_acc: 0.8750  top5_acc: 1.0000  loss_cls: 0.4290
2024/11/08 09:24:31 - mmengine - INFO - Epoch(train)   [3][200/333]  lr: 1.0000e-03  eta: 5:42:04  time: 0.6313  data_time: 0.0104  memory: 6107  grad_norm: 19.2903  loss: 0.4498  top1_acc: 0.8438  top5_acc: 0.9375  loss_cls: 0.4498
2024/11/08 09:24:44 - mmengine - INFO - Epoch(train)   [3][220/333]  lr: 1.0000e-03  eta: 5:41:50  time: 0.6312  data_time: 0.0103  memory: 6107  grad_norm: 18.1207  loss: 0.3507  top1_acc: 0.9375  top5_acc: 1.0000  loss_cls: 0.3507
2024/11/08 09:24:57 - mmengine - INFO - Epoch(train)   [3][240/333]  lr: 1.0000e-03  eta: 5:41:36  time: 0.6310  data_time: 0.0100  memory: 6107  grad_norm: 18.5953  loss: 0.3711  top1_acc: 0.8750  top5_acc: 1.0000  loss_cls: 0.3711
2024/11/08 09:25:09 - mmengine - INFO - Epoch(train)   [3][260/333]  lr: 1.0000e-03  eta: 5:41:22  time: 0.6308  data_time: 0.0098  memory: 6107  grad_norm: 21.2713  loss: 0.5493  top1_acc: 0.8750  top5_acc: 0.9688  loss_cls: 0.5493
2024/11/08 09:25:22 - mmengine - INFO - Epoch(train)   [3][280/333]  lr: 1.0000e-03  eta: 5:41:09  time: 0.6314  data_time: 0.0105  memory: 6107  grad_norm: 18.4134  loss: 0.4843  top1_acc: 0.8438  top5_acc: 1.0000  loss_cls: 0.4843
2024/11/08 09:25:35 - mmengine - INFO - Epoch(train)   [3][300/333]  lr: 1.0000e-03  eta: 5:40:55  time: 0.6311  data_time: 0.0101  memory: 6107  grad_norm: 18.6614  loss: 0.4239  top1_acc: 0.9688  top5_acc: 1.0000  loss_cls: 0.4239
2024/11/08 09:25:47 - mmengine - INFO - Epoch(train)   [3][320/333]  lr: 1.0000e-03  eta: 5:40:42  time: 0.6316  data_time: 0.0106  memory: 6107  grad_norm: 16.8302  loss: 0.3385  top1_acc: 0.8438  top5_acc: 1.0000  loss_cls: 0.3385
2024/11/08 09:25:55 - mmengine - INFO - Exp name: c3d-ucf101-all-zqf_20241108_091440
2024/11/08 09:25:55 - mmengine - INFO - Epoch(train)   [3][333/333]  lr: 1.0000e-03  eta: 5:40:33  time: 0.6305  data_time: 0.0097  memory: 6107  grad_norm: 19.4448  loss: 0.4509  top1_acc: 0.8750  top5_acc: 1.0000  loss_cls: 0.4509
2024/11/08 09:25:58 - mmengine - INFO - Epoch(val)   [3][ 20/167]    eta: 0:00:19  time: 0.1326  data_time: 0.0204  memory: 2027  
2024/11/08 09:26:00 - mmengine - INFO - Epoch(val)   [3][ 40/167]    eta: 0:00:15  time: 0.1184  data_time: 0.0062  memory: 2027  
2024/11/08 09:26:03 - mmengine - INFO - Epoch(val)   [3][ 60/167]    eta: 0:00:13  time: 0.1176  data_time: 0.0056  memory: 2027  
2024/11/08 09:26:05 - mmengine - INFO - Epoch(val)   [3][ 80/167]    eta: 0:00:10  time: 0.1179  data_time: 0.0058  memory: 2027  
2024/11/08 09:26:08 - mmengine - INFO - Epoch(val)   [3][100/167]    eta: 0:00:08  time: 0.1176  data_time: 0.0056  memory: 2027  
2024/11/08 09:26:10 - mmengine - INFO - Epoch(val)   [3][120/167]    eta: 0:00:05  time: 0.1180  data_time: 0.0058  memory: 2027  
2024/11/08 09:26:12 - mmengine - INFO - Epoch(val)   [3][140/167]    eta: 0:00:03  time: 0.1177  data_time: 0.0056  memory: 2027  
2024/11/08 09:26:15 - mmengine - INFO - Epoch(val)   [3][160/167]    eta: 0:00:00  time: 0.1174  data_time: 0.0054  memory: 2027  
2024/11/08 09:26:15 - mmengine - INFO - Epoch(val) [3][167/167]    acc/top1: 0.9129  acc/top5: 0.9902  acc/mean1: 0.9096  data_time: 0.0074  time: 0.1188
2024/11/08 09:26:15 - mmengine - INFO - The previous best checkpoint /home/node1/Desktop/n1/ai/open-mmlab/mmaction2/work_dirs/c3d-ucf101-all-zqf/best_acc_top1_epoch_2.pth is removed
2024/11/08 09:26:16 - mmengine - INFO - The best checkpoint with 0.9129 acc/top1 at 3 epoch is saved to best_acc_top1_epoch_3.pth.
2024/11/08 09:26:17 - mmengine - INFO - Exp name: c3d-ucf101-all-zqf_20241108_091440
2024/11/08 09:26:29 - mmengine - INFO - Epoch(train)   [4][ 20/333]  lr: 1.0000e-03  eta: 5:40:35  time: 0.6566  data_time: 0.0356  memory: 6107  grad_norm: 17.0088  loss: 0.3198  top1_acc: 0.8438  top5_acc: 0.9375  loss_cls: 0.3198
2024/11/08 09:26:42 - mmengine - INFO - Epoch(train)   [4][ 40/333]  lr: 1.0000e-03  eta: 5:40:21  time: 0.6310  data_time: 0.0100  memory: 6107  grad_norm: 16.7901  loss: 0.2680  top1_acc: 0.8750  top5_acc: 0.9688  loss_cls: 0.2680
2024/11/08 09:26:54 - mmengine - INFO - Epoch(train)   [4][ 60/333]  lr: 1.0000e-03  eta: 5:40:07  time: 0.6311  data_time: 0.0102  memory: 6107  grad_norm: 17.8420  loss: 0.3296  top1_acc: 0.8438  top5_acc: 1.0000  loss_cls: 0.3296
2024/11/08 09:27:07 - mmengine - INFO - Epoch(train)   [4][ 80/333]  lr: 1.0000e-03  eta: 5:39:54  time: 0.6311  data_time: 0.0102  memory: 6107  grad_norm: 15.6933  loss: 0.2495  top1_acc: 0.8750  top5_acc: 1.0000  loss_cls: 0.2495
2024/11/08 09:27:20 - mmengine - INFO - Epoch(train)   [4][100/333]  lr: 1.0000e-03  eta: 5:39:40  time: 0.6311  data_time: 0.0100  memory: 6107  grad_norm: 19.3071  loss: 0.3505  top1_acc: 0.9375  top5_acc: 1.0000  loss_cls: 0.3505
2024/11/08 09:27:32 - mmengine - INFO - Epoch(train)   [4][120/333]  lr: 1.0000e-03  eta: 5:39:26  time: 0.6310  data_time: 0.0102  memory: 6107  grad_norm: 16.6373  loss: 0.3145  top1_acc: 0.8438  top5_acc: 0.9688  loss_cls: 0.3145
2024/11/08 09:27:45 - mmengine - INFO - Epoch(train)   [4][140/333]  lr: 1.0000e-03  eta: 5:39:15  time: 0.6361  data_time: 0.0151  memory: 6107  grad_norm: 15.4290  loss: 0.2711  top1_acc: 0.9688  top5_acc: 1.0000  loss_cls: 0.2711
2024/11/08 09:27:58 - mmengine - INFO - Epoch(train)   [4][160/333]  lr: 1.0000e-03  eta: 5:39:02  time: 0.6310  data_time: 0.0102  memory: 6107  grad_norm: 14.3452  loss: 0.2300  top1_acc: 0.9688  top5_acc: 1.0000  loss_cls: 0.2300
2024/11/08 09:28:10 - mmengine - INFO - Epoch(train)   [4][180/333]  lr: 1.0000e-03  eta: 5:38:48  time: 0.6310  data_time: 0.0101  memory: 6107  grad_norm: 15.4384  loss: 0.2490  top1_acc: 0.9375  top5_acc: 1.0000  loss_cls: 0.2490
2024/11/08 09:28:23 - mmengine - INFO - Epoch(train)   [4][200/333]  lr: 1.0000e-03  eta: 5:38:34  time: 0.6311  data_time: 0.0101  memory: 6107  grad_norm: 16.1318  loss: 0.2824  top1_acc: 0.8438  top5_acc: 1.0000  loss_cls: 0.2824
2024/11/08 09:28:35 - mmengine - INFO - Epoch(train)   [4][220/333]  lr: 1.0000e-03  eta: 5:38:21  time: 0.6309  data_time: 0.0100  memory: 6107  grad_norm: 16.8614  loss: 0.2421  top1_acc: 0.9375  top5_acc: 1.0000  loss_cls: 0.2421
2024/11/08 09:28:48 - mmengine - INFO - Epoch(train)   [4][240/333]  lr: 1.0000e-03  eta: 5:38:07  time: 0.6313  data_time: 0.0104  memory: 6107  grad_norm: 17.4158  loss: 0.3598  top1_acc: 0.7812  top5_acc: 0.9375  loss_cls: 0.3598
2024/11/08 09:29:01 - mmengine - INFO - Epoch(train)   [4][260/333]  lr: 1.0000e-03  eta: 5:37:53  time: 0.6305  data_time: 0.0099  memory: 6107  grad_norm: 16.1680  loss: 0.2916  top1_acc: 0.9062  top5_acc: 1.0000  loss_cls: 0.2916
2024/11/08 09:29:13 - mmengine - INFO - Epoch(train)   [4][280/333]  lr: 1.0000e-03  eta: 5:37:40  time: 0.6307  data_time: 0.0101  memory: 6107  grad_norm: 13.9773  loss: 0.2533  top1_acc: 0.9062  top5_acc: 1.0000  loss_cls: 0.2533
2024/11/08 09:29:26 - mmengine - INFO - Epoch(train)   [4][300/333]  lr: 1.0000e-03  eta: 5:37:27  time: 0.6317  data_time: 0.0107  memory: 6107  grad_norm: 17.3131  loss: 0.3169  top1_acc: 0.9062  top5_acc: 1.0000  loss_cls: 0.3169
2024/11/08 09:29:39 - mmengine - INFO - Epoch(train)   [4][320/333]  lr: 1.0000e-03  eta: 5:37:13  time: 0.6310  data_time: 0.0102  memory: 6107  grad_norm: 15.6621  loss: 0.2762  top1_acc: 0.9062  top5_acc: 1.0000  loss_cls: 0.2762
2024/11/08 09:29:47 - mmengine - INFO - Exp name: c3d-ucf101-all-zqf_20241108_091440
2024/11/08 09:29:47 - mmengine - INFO - Epoch(train)   [4][333/333]  lr: 1.0000e-03  eta: 5:37:04  time: 0.6308  data_time: 0.0100  memory: 6107  grad_norm: 16.0575  loss: 0.2786  top1_acc: 0.9375  top5_acc: 0.9375  loss_cls: 0.2786
2024/11/08 09:29:49 - mmengine - INFO - Epoch(val)   [4][ 20/167]    eta: 0:00:19  time: 0.1314  data_time: 0.0194  memory: 2027  
2024/11/08 09:29:52 - mmengine - INFO - Epoch(val)   [4][ 40/167]    eta: 0:00:15  time: 0.1184  data_time: 0.0060  memory: 2027  
2024/11/08 09:29:54 - mmengine - INFO - Epoch(val)   [4][ 60/167]    eta: 0:00:13  time: 0.1178  data_time: 0.0057  memory: 2027  
2024/11/08 09:29:56 - mmengine - INFO - Epoch(val)   [4][ 80/167]    eta: 0:00:10  time: 0.1180  data_time: 0.0059  memory: 2027  
2024/11/08 09:29:59 - mmengine - INFO - Epoch(val)   [4][100/167]    eta: 0:00:08  time: 0.1180  data_time: 0.0058  memory: 2027  
2024/11/08 09:30:01 - mmengine - INFO - Epoch(val)   [4][120/167]    eta: 0:00:05  time: 0.1174  data_time: 0.0056  memory: 2027  
2024/11/08 09:30:04 - mmengine - INFO - Epoch(val)   [4][140/167]    eta: 0:00:03  time: 0.1178  data_time: 0.0059  memory: 2027  
2024/11/08 09:30:06 - mmengine - INFO - Epoch(val)   [4][160/167]    eta: 0:00:00  time: 0.1175  data_time: 0.0056  memory: 2027  
2024/11/08 09:30:07 - mmengine - INFO - Epoch(val) [4][167/167]    acc/top1: 0.9291  acc/top5: 0.9921  acc/mean1: 0.9285  data_time: 0.0073  time: 0.1187
2024/11/08 09:30:07 - mmengine - INFO - The previous best checkpoint /home/node1/Desktop/n1/ai/open-mmlab/mmaction2/work_dirs/c3d-ucf101-all-zqf/best_acc_top1_epoch_3.pth is removed
2024/11/08 09:30:07 - mmengine - INFO - The best checkpoint with 0.9291 acc/top1 at 4 epoch is saved to best_acc_top1_epoch_4.pth.
2024/11/08 09:30:21 - mmengine - INFO - Epoch(train)   [5][ 20/333]  lr: 1.0000e-03  eta: 5:37:04  time: 0.6590  data_time: 0.0380  memory: 6107  grad_norm: 14.7373  loss: 0.2172  top1_acc: 0.9688  top5_acc: 1.0000  loss_cls: 0.2172
2024/11/08 09:30:33 - mmengine - INFO - Epoch(train)   [5][ 40/333]  lr: 1.0000e-03  eta: 5:36:50  time: 0.6309  data_time: 0.0103  memory: 6107  grad_norm: 12.9623  loss: 0.1511  top1_acc: 0.9688  top5_acc: 0.9688  loss_cls: 0.1511
2024/11/08 09:30:46 - mmengine - INFO - Epoch(train)   [5][ 60/333]  lr: 1.0000e-03  eta: 5:36:37  time: 0.6307  data_time: 0.0101  memory: 6107  grad_norm: 16.1205  loss: 0.2359  top1_acc: 0.9688  top5_acc: 1.0000  loss_cls: 0.2359
2024/11/08 09:30:58 - mmengine - INFO - Epoch(train)   [5][ 80/333]  lr: 1.0000e-03  eta: 5:36:23  time: 0.6308  data_time: 0.0100  memory: 6107  grad_norm: 14.5059  loss: 0.1992  top1_acc: 0.8750  top5_acc: 0.9688  loss_cls: 0.1992
2024/11/08 09:31:11 - mmengine - INFO - Epoch(train)   [5][100/333]  lr: 1.0000e-03  eta: 5:36:09  time: 0.6308  data_time: 0.0101  memory: 6107  grad_norm: 16.8862  loss: 0.2369  top1_acc: 0.9375  top5_acc: 1.0000  loss_cls: 0.2369
2024/11/08 09:31:24 - mmengine - INFO - Epoch(train)   [5][120/333]  lr: 1.0000e-03  eta: 5:35:56  time: 0.6305  data_time: 0.0099  memory: 6107  grad_norm: 13.7309  loss: 0.2045  top1_acc: 0.9375  top5_acc: 1.0000  loss_cls: 0.2045
2024/11/08 09:31:36 - mmengine - INFO - Epoch(train)   [5][140/333]  lr: 1.0000e-03  eta: 5:35:42  time: 0.6309  data_time: 0.0103  memory: 6107  grad_norm: 13.9282  loss: 0.2226  top1_acc: 1.0000  top5_acc: 1.0000  loss_cls: 0.2226
2024/11/08 09:31:49 - mmengine - INFO - Epoch(train)   [5][160/333]  lr: 1.0000e-03  eta: 5:35:29  time: 0.6310  data_time: 0.0103  memory: 6107  grad_norm: 16.5832  loss: 0.2518  top1_acc: 0.9062  top5_acc: 1.0000  loss_cls: 0.2518
2024/11/08 09:32:02 - mmengine - INFO - Epoch(train)   [5][180/333]  lr: 1.0000e-03  eta: 5:35:15  time: 0.6311  data_time: 0.0106  memory: 6107  grad_norm: 15.0523  loss: 0.2234  top1_acc: 0.9375  top5_acc: 1.0000  loss_cls: 0.2234
2024/11/08 09:32:14 - mmengine - INFO - Epoch(train)   [5][200/333]  lr: 1.0000e-03  eta: 5:35:02  time: 0.6311  data_time: 0.0104  memory: 6107  grad_norm: 14.3313  loss: 0.1933  top1_acc: 0.9375  top5_acc: 1.0000  loss_cls: 0.1933
2024/11/08 09:32:27 - mmengine - INFO - Epoch(train)   [5][220/333]  lr: 1.0000e-03  eta: 5:34:49  time: 0.6312  data_time: 0.0103  memory: 6107  grad_norm: 14.9556  loss: 0.2234  top1_acc: 0.9375  top5_acc: 1.0000  loss_cls: 0.2234
2024/11/08 09:32:39 - mmengine - INFO - Epoch(train)   [5][240/333]  lr: 1.0000e-03  eta: 5:34:35  time: 0.6307  data_time: 0.0100  memory: 6107  grad_norm: 13.1993  loss: 0.1693  top1_acc: 0.9062  top5_acc: 1.0000  loss_cls: 0.1693
2024/11/08 09:32:52 - mmengine - INFO - Epoch(train)   [5][260/333]  lr: 1.0000e-03  eta: 5:34:22  time: 0.6307  data_time: 0.0099  memory: 6107  grad_norm: 16.2496  loss: 0.2421  top1_acc: 0.9375  top5_acc: 1.0000  loss_cls: 0.2421
2024/11/08 09:33:05 - mmengine - INFO - Epoch(train)   [5][280/333]  lr: 1.0000e-03  eta: 5:34:08  time: 0.6309  data_time: 0.0101  memory: 6107  grad_norm: 15.3680  loss: 0.2574  top1_acc: 0.8438  top5_acc: 1.0000  loss_cls: 0.2574
2024/11/08 09:33:17 - mmengine - INFO - Epoch(train)   [5][300/333]  lr: 1.0000e-03  eta: 5:33:55  time: 0.6307  data_time: 0.0100  memory: 6107  grad_norm: 16.6285  loss: 0.2217  top1_acc: 0.9375  top5_acc: 0.9688  loss_cls: 0.2217
2024/11/08 09:33:30 - mmengine - INFO - Epoch(train)   [5][320/333]  lr: 1.0000e-03  eta: 5:33:42  time: 0.6311  data_time: 0.0103  memory: 6107  grad_norm: 16.0477  loss: 0.2744  top1_acc: 0.9062  top5_acc: 1.0000  loss_cls: 0.2744
2024/11/08 09:33:38 - mmengine - INFO - Exp name: c3d-ucf101-all-zqf_20241108_091440
2024/11/08 09:33:38 - mmengine - INFO - Epoch(train)   [5][333/333]  lr: 1.0000e-03  eta: 5:33:33  time: 0.6308  data_time: 0.0101  memory: 6107  grad_norm: 14.9714  loss: 0.2649  top1_acc: 1.0000  top5_acc: 1.0000  loss_cls: 0.2649
2024/11/08 09:33:38 - mmengine - INFO - Saving checkpoint at 5 epochs
2024/11/08 09:33:42 - mmengine - INFO - Epoch(val)   [5][ 20/167]    eta: 0:00:19  time: 0.1318  data_time: 0.0199  memory: 2027  
2024/11/08 09:33:44 - mmengine - INFO - Epoch(val)   [5][ 40/167]    eta: 0:00:16  time: 0.1222  data_time: 0.0102  memory: 2027  
2024/11/08 09:33:47 - mmengine - INFO - Epoch(val)   [5][ 60/167]    eta: 0:00:13  time: 0.1173  data_time: 0.0055  memory: 2027  
2024/11/08 09:33:49 - mmengine - INFO - Epoch(val)   [5][ 80/167]    eta: 0:00:10  time: 0.1173  data_time: 0.0053  memory: 2027  
2024/11/08 09:33:51 - mmengine - INFO - Epoch(val)   [5][100/167]    eta: 0:00:08  time: 0.1176  data_time: 0.0056  memory: 2027  
2024/11/08 09:33:54 - mmengine - INFO - Epoch(val)   [5][120/167]    eta: 0:00:05  time: 0.1175  data_time: 0.0056  memory: 2027  
2024/11/08 09:33:56 - mmengine - INFO - Epoch(val)   [5][140/167]    eta: 0:00:03  time: 0.1177  data_time: 0.0056  memory: 2027  
2024/11/08 09:33:58 - mmengine - INFO - Epoch(val)   [5][160/167]    eta: 0:00:00  time: 0.1179  data_time: 0.0059  memory: 2027  
2024/11/08 09:33:59 - mmengine - INFO - Epoch(val) [5][167/167]    acc/top1: 0.9444  acc/top5: 0.9936  acc/mean1: 0.9415  data_time: 0.0078  time: 0.1191
2024/11/08 09:33:59 - mmengine - INFO - The previous best checkpoint /home/node1/Desktop/n1/ai/open-mmlab/mmaction2/work_dirs/c3d-ucf101-all-zqf/best_acc_top1_epoch_4.pth is removed
2024/11/08 09:34:00 - mmengine - INFO - The best checkpoint with 0.9444 acc/top1 at 5 epoch is saved to best_acc_top1_epoch_5.pth.
2024/11/08 09:34:14 - mmengine - INFO - Epoch(train)   [6][ 20/333]  lr: 1.0000e-03  eta: 5:33:30  time: 0.6584  data_time: 0.0371  memory: 6107  grad_norm: 11.1721  loss: 0.1306  top1_acc: 1.0000  top5_acc: 1.0000  loss_cls: 0.1306
2024/11/08 09:34:27 - mmengine - INFO - Epoch(train)   [6][ 40/333]  lr: 1.0000e-03  eta: 5:33:17  time: 0.6310  data_time: 0.0101  memory: 6107  grad_norm: 10.0224  loss: 0.0989  top1_acc: 0.9688  top5_acc: 1.0000  loss_cls: 0.0989
2024/11/08 09:34:40 - mmengine - INFO - Epoch(train)   [6][ 60/333]  lr: 1.0000e-03  eta: 5:33:03  time: 0.6312  data_time: 0.0102  memory: 6107  grad_norm: 15.2580  loss: 0.1609  top1_acc: 0.9688  top5_acc: 1.0000  loss_cls: 0.1609
2024/11/08 09:34:52 - mmengine - INFO - Epoch(train)   [6][ 80/333]  lr: 1.0000e-03  eta: 5:32:50  time: 0.6311  data_time: 0.0102  memory: 6107  grad_norm: 12.7005  loss: 0.1652  top1_acc: 0.9375  top5_acc: 1.0000  loss_cls: 0.1652
2024/11/08 09:35:05 - mmengine - INFO - Epoch(train)   [6][100/333]  lr: 1.0000e-03  eta: 5:32:38  time: 0.6343  data_time: 0.0125  memory: 6107  grad_norm: 13.3697  loss: 0.1742  top1_acc: 0.9688  top5_acc: 1.0000  loss_cls: 0.1742
2024/11/08 09:35:18 - mmengine - INFO - Epoch(train)   [6][120/333]  lr: 1.0000e-03  eta: 5:32:25  time: 0.6312  data_time: 0.0100  memory: 6107  grad_norm: 11.4067  loss: 0.1454  top1_acc: 1.0000  top5_acc: 1.0000  loss_cls: 0.1454
2024/11/08 09:35:30 - mmengine - INFO - Epoch(train)   [6][140/333]  lr: 1.0000e-03  eta: 5:32:11  time: 0.6303  data_time: 0.0097  memory: 6107  grad_norm: 15.3128  loss: 0.1979  top1_acc: 0.9062  top5_acc: 1.0000  loss_cls: 0.1979
2024/11/08 09:35:43 - mmengine - INFO - Epoch(train)   [6][160/333]  lr: 1.0000e-03  eta: 5:31:58  time: 0.6309  data_time: 0.0099  memory: 6107  grad_norm: 14.0230  loss: 0.1766  top1_acc: 0.8750  top5_acc: 1.0000  loss_cls: 0.1766
2024/11/08 09:35:55 - mmengine - INFO - Epoch(train)   [6][180/333]  lr: 1.0000e-03  eta: 5:31:44  time: 0.6310  data_time: 0.0099  memory: 6107  grad_norm: 12.0038  loss: 0.1370  top1_acc: 0.9375  top5_acc: 1.0000  loss_cls: 0.1370
2024/11/08 09:36:08 - mmengine - INFO - Epoch(train)   [6][200/333]  lr: 1.0000e-03  eta: 5:31:31  time: 0.6309  data_time: 0.0100  memory: 6107  grad_norm: 14.3980  loss: 0.1835  top1_acc: 1.0000  top5_acc: 1.0000  loss_cls: 0.1835
2024/11/08 09:36:21 - mmengine - INFO - Epoch(train)   [6][220/333]  lr: 1.0000e-03  eta: 5:31:18  time: 0.6312  data_time: 0.0103  memory: 6107  grad_norm: 13.3845  loss: 0.1615  top1_acc: 1.0000  top5_acc: 1.0000  loss_cls: 0.1615
2024/11/08 09:36:33 - mmengine - INFO - Epoch(train)   [6][240/333]  lr: 1.0000e-03  eta: 5:31:05  time: 0.6310  data_time: 0.0101  memory: 6107  grad_norm: 13.7435  loss: 0.1254  top1_acc: 0.9688  top5_acc: 1.0000  loss_cls: 0.1254
2024/11/08 09:36:46 - mmengine - INFO - Epoch(train)   [6][260/333]  lr: 1.0000e-03  eta: 5:30:51  time: 0.6312  data_time: 0.0101  memory: 6107  grad_norm: 14.6196  loss: 0.1830  top1_acc: 0.9062  top5_acc: 1.0000  loss_cls: 0.1830
2024/11/08 09:36:58 - mmengine - INFO - Epoch(train)   [6][280/333]  lr: 1.0000e-03  eta: 5:30:38  time: 0.6306  data_time: 0.0100  memory: 6107  grad_norm: 15.0666  loss: 0.2047  top1_acc: 0.8750  top5_acc: 1.0000  loss_cls: 0.2047
2024/11/08 09:37:11 - mmengine - INFO - Epoch(train)   [6][300/333]  lr: 1.0000e-03  eta: 5:30:25  time: 0.6308  data_time: 0.0099  memory: 6107  grad_norm: 16.1750  loss: 0.2483  top1_acc: 0.9688  top5_acc: 1.0000  loss_cls: 0.2483
2024/11/08 09:37:24 - mmengine - INFO - Epoch(train)   [6][320/333]  lr: 1.0000e-03  eta: 5:30:12  time: 0.6310  data_time: 0.0103  memory: 6107  grad_norm: 14.4572  loss: 0.2153  top1_acc: 0.8750  top5_acc: 0.9688  loss_cls: 0.2153
2024/11/08 09:37:32 - mmengine - INFO - Exp name: c3d-ucf101-all-zqf_20241108_091440
2024/11/08 09:37:32 - mmengine - INFO - Epoch(train)   [6][333/333]  lr: 1.0000e-03  eta: 5:30:03  time: 0.6304  data_time: 0.0098  memory: 6107  grad_norm: 13.7217  loss: 0.1862  top1_acc: 0.9062  top5_acc: 0.9688  loss_cls: 0.1862
2024/11/08 09:37:35 - mmengine - INFO - Epoch(val)   [6][ 20/167]    eta: 0:00:19  time: 0.1324  data_time: 0.0203  memory: 2027  
2024/11/08 09:37:37 - mmengine - INFO - Epoch(val)   [6][ 40/167]    eta: 0:00:15  time: 0.1176  data_time: 0.0055  memory: 2027  
2024/11/08 09:37:39 - mmengine - INFO - Epoch(val)   [6][ 60/167]    eta: 0:00:13  time: 0.1179  data_time: 0.0058  memory: 2027  
2024/11/08 09:37:42 - mmengine - INFO - Epoch(val)   [6][ 80/167]    eta: 0:00:10  time: 0.1178  data_time: 0.0057  memory: 2027  
2024/11/08 09:37:44 - mmengine - INFO - Epoch(val)   [6][100/167]    eta: 0:00:08  time: 0.1175  data_time: 0.0055  memory: 2027  
2024/11/08 09:37:46 - mmengine - INFO - Epoch(val)   [6][120/167]    eta: 0:00:05  time: 0.1179  data_time: 0.0060  memory: 2027  
2024/11/08 09:37:49 - mmengine - INFO - Epoch(val)   [6][140/167]    eta: 0:00:03  time: 0.1177  data_time: 0.0057  memory: 2027  
2024/11/08 09:37:51 - mmengine - INFO - Epoch(val)   [6][160/167]    eta: 0:00:00  time: 0.1173  data_time: 0.0054  memory: 2027  
2024/11/08 09:37:52 - mmengine - INFO - Epoch(val) [6][167/167]    acc/top1: 0.9444  acc/top5: 0.9936  acc/mean1: 0.9424  data_time: 0.0073  time: 0.1187
2024/11/08 09:37:54 - mmengine - INFO - Exp name: c3d-ucf101-all-zqf_20241108_091440
2024/11/08 09:38:05 - mmengine - INFO - Epoch(train)   [7][ 20/333]  lr: 1.0000e-03  eta: 5:29:58  time: 0.6564  data_time: 0.0354  memory: 6107  grad_norm: 11.8613  loss: 0.1141  top1_acc: 0.9688  top5_acc: 1.0000  loss_cls: 0.1141
2024/11/08 09:38:18 - mmengine - INFO - Epoch(train)   [7][ 40/333]  lr: 1.0000e-03  eta: 5:29:44  time: 0.6312  data_time: 0.0101  memory: 6107  grad_norm: 13.6697  loss: 0.1437  top1_acc: 1.0000  top5_acc: 1.0000  loss_cls: 0.1437
2024/11/08 09:38:30 - mmengine - INFO - Epoch(train)   [7][ 60/333]  lr: 1.0000e-03  eta: 5:29:31  time: 0.6310  data_time: 0.0102  memory: 6107  grad_norm: 11.8881  loss: 0.1098  top1_acc: 0.9688  top5_acc: 0.9688  loss_cls: 0.1098
2024/11/08 09:38:43 - mmengine - INFO - Epoch(train)   [7][ 80/333]  lr: 1.0000e-03  eta: 5:29:18  time: 0.6315  data_time: 0.0105  memory: 6107  grad_norm: 9.3071  loss: 0.0783  top1_acc: 0.9375  top5_acc: 1.0000  loss_cls: 0.0783
2024/11/08 09:38:55 - mmengine - INFO - Epoch(train)   [7][100/333]  lr: 1.0000e-03  eta: 5:29:05  time: 0.6311  data_time: 0.0103  memory: 6107  grad_norm: 12.7513  loss: 0.1420  top1_acc: 0.9688  top5_acc: 1.0000  loss_cls: 0.1420
2024/11/08 09:39:08 - mmengine - INFO - Epoch(train)   [7][120/333]  lr: 1.0000e-03  eta: 5:28:52  time: 0.6309  data_time: 0.0099  memory: 6107  grad_norm: 11.0985  loss: 0.1204  top1_acc: 0.9688  top5_acc: 1.0000  loss_cls: 0.1204
2024/11/08 09:39:21 - mmengine - INFO - Epoch(train)   [7][140/333]  lr: 1.0000e-03  eta: 5:28:39  time: 0.6314  data_time: 0.0103  memory: 6107  grad_norm: 11.5463  loss: 0.1084  top1_acc: 0.9688  top5_acc: 1.0000  loss_cls: 0.1084
2024/11/08 09:39:33 - mmengine - INFO - Epoch(train)   [7][160/333]  lr: 1.0000e-03  eta: 5:28:26  time: 0.6310  data_time: 0.0100  memory: 6107  grad_norm: 13.1063  loss: 0.1226  top1_acc: 1.0000  top5_acc: 1.0000  loss_cls: 0.1226
2024/11/08 09:39:46 - mmengine - INFO - Epoch(train)   [7][180/333]  lr: 1.0000e-03  eta: 5:28:14  time: 0.6364  data_time: 0.0154  memory: 6107  grad_norm: 10.3270  loss: 0.0857  top1_acc: 0.9375  top5_acc: 1.0000  loss_cls: 0.0857
2024/11/08 09:39:59 - mmengine - INFO - Epoch(train)   [7][200/333]  lr: 1.0000e-03  eta: 5:28:01  time: 0.6312  data_time: 0.0102  memory: 6107  grad_norm: 16.0864  loss: 0.1666  top1_acc: 0.9062  top5_acc: 1.0000  loss_cls: 0.1666
2024/11/08 09:40:11 - mmengine - INFO - Epoch(train)   [7][220/333]  lr: 1.0000e-03  eta: 5:27:48  time: 0.6310  data_time: 0.0100  memory: 6107  grad_norm: 11.1592  loss: 0.1199  top1_acc: 0.9688  top5_acc: 1.0000  loss_cls: 0.1199
2024/11/08 09:40:24 - mmengine - INFO - Epoch(train)   [7][240/333]  lr: 1.0000e-03  eta: 5:27:35  time: 0.6313  data_time: 0.0103  memory: 6107  grad_norm: 15.2108  loss: 0.1858  top1_acc: 0.9375  top5_acc: 1.0000  loss_cls: 0.1858
2024/11/08 09:40:37 - mmengine - INFO - Epoch(train)   [7][260/333]  lr: 1.0000e-03  eta: 5:27:21  time: 0.6309  data_time: 0.0102  memory: 6107  grad_norm: 14.3026  loss: 0.1538  top1_acc: 0.9688  top5_acc: 1.0000  loss_cls: 0.1538
2024/11/08 09:40:49 - mmengine - INFO - Epoch(train)   [7][280/333]  lr: 1.0000e-03  eta: 5:27:08  time: 0.6310  data_time: 0.0102  memory: 6107  grad_norm: 11.2919  loss: 0.1180  top1_acc: 0.9688  top5_acc: 1.0000  loss_cls: 0.1180
2024/11/08 09:41:02 - mmengine - INFO - Epoch(train)   [7][300/333]  lr: 1.0000e-03  eta: 5:26:55  time: 0.6309  data_time: 0.0101  memory: 6107  grad_norm: 13.5100  loss: 0.1460  top1_acc: 1.0000  top5_acc: 1.0000  loss_cls: 0.1460
2024/11/08 09:41:14 - mmengine - INFO - Epoch(train)   [7][320/333]  lr: 1.0000e-03  eta: 5:26:42  time: 0.6309  data_time: 0.0101  memory: 6107  grad_norm: 12.4384  loss: 0.1422  top1_acc: 1.0000  top5_acc: 1.0000  loss_cls: 0.1422
2024/11/08 09:41:23 - mmengine - INFO - Exp name: c3d-ucf101-all-zqf_20241108_091440
2024/11/08 09:41:23 - mmengine - INFO - Epoch(train)   [7][333/333]  lr: 1.0000e-03  eta: 5:26:33  time: 0.6310  data_time: 0.0100  memory: 6107  grad_norm: 11.8916  loss: 0.1236  top1_acc: 0.9688  top5_acc: 1.0000  loss_cls: 0.1236
2024/11/08 09:41:25 - mmengine - INFO - Epoch(val)   [7][ 20/167]    eta: 0:00:19  time: 0.1328  data_time: 0.0208  memory: 2027  
2024/11/08 09:41:28 - mmengine - INFO - Epoch(val)   [7][ 40/167]    eta: 0:00:15  time: 0.1182  data_time: 0.0061  memory: 2027  
2024/11/08 09:41:30 - mmengine - INFO - Epoch(val)   [7][ 60/167]    eta: 0:00:13  time: 0.1176  data_time: 0.0057  memory: 2027  
2024/11/08 09:41:32 - mmengine - INFO - Epoch(val)   [7][ 80/167]    eta: 0:00:10  time: 0.1173  data_time: 0.0054  memory: 2027  
2024/11/08 09:41:35 - mmengine - INFO - Epoch(val)   [7][100/167]    eta: 0:00:08  time: 0.1173  data_time: 0.0054  memory: 2027  
2024/11/08 09:41:37 - mmengine - INFO - Epoch(val)   [7][120/167]    eta: 0:00:05  time: 0.1178  data_time: 0.0057  memory: 2027  
2024/11/08 09:41:39 - mmengine - INFO - Epoch(val)   [7][140/167]    eta: 0:00:03  time: 0.1173  data_time: 0.0055  memory: 2027  
2024/11/08 09:41:42 - mmengine - INFO - Epoch(val)   [7][160/167]    eta: 0:00:00  time: 0.1174  data_time: 0.0055  memory: 2027  
2024/11/08 09:41:42 - mmengine - INFO - Epoch(val) [7][167/167]    acc/top1: 0.9497  acc/top5: 0.9940  acc/mean1: 0.9487  data_time: 0.0074  time: 0.1187
2024/11/08 09:41:43 - mmengine - INFO - The previous best checkpoint /home/node1/Desktop/n1/ai/open-mmlab/mmaction2/work_dirs/c3d-ucf101-all-zqf/best_acc_top1_epoch_5.pth is removed
2024/11/08 09:41:43 - mmengine - INFO - The best checkpoint with 0.9497 acc/top1 at 7 epoch is saved to best_acc_top1_epoch_7.pth.
2024/11/08 09:41:57 - mmengine - INFO - Epoch(train)   [8][ 20/333]  lr: 1.0000e-03  eta: 5:26:27  time: 0.6580  data_time: 0.0371  memory: 6107  grad_norm: 10.0586  loss: 0.1113  top1_acc: 1.0000  top5_acc: 1.0000  loss_cls: 0.1113
2024/11/08 09:42:10 - mmengine - INFO - Epoch(train)   [8][ 40/333]  lr: 1.0000e-03  eta: 5:26:14  time: 0.6309  data_time: 0.0101  memory: 6107  grad_norm: 12.6919  loss: 0.1299  top1_acc: 1.0000  top5_acc: 1.0000  loss_cls: 0.1299
2024/11/08 09:42:23 - mmengine - INFO - Epoch(train)   [8][ 60/333]  lr: 1.0000e-03  eta: 5:26:01  time: 0.6309  data_time: 0.0102  memory: 6107  grad_norm: 14.2519  loss: 0.1506  top1_acc: 0.9375  top5_acc: 1.0000  loss_cls: 0.1506
2024/11/08 09:42:35 - mmengine - INFO - Epoch(train)   [8][ 80/333]  lr: 1.0000e-03  eta: 5:25:48  time: 0.6308  data_time: 0.0101  memory: 6107  grad_norm: 12.7935  loss: 0.1436  top1_acc: 1.0000  top5_acc: 1.0000  loss_cls: 0.1436
2024/11/08 09:42:48 - mmengine - INFO - Epoch(train)   [8][100/333]  lr: 1.0000e-03  eta: 5:25:35  time: 0.6308  data_time: 0.0101  memory: 6107  grad_norm: 10.4543  loss: 0.1268  top1_acc: 1.0000  top5_acc: 1.0000  loss_cls: 0.1268
2024/11/08 09:43:00 - mmengine - INFO - Epoch(train)   [8][120/333]  lr: 1.0000e-03  eta: 5:25:22  time: 0.6309  data_time: 0.0102  memory: 6107  grad_norm: 10.0605  loss: 0.1035  top1_acc: 1.0000  top5_acc: 1.0000  loss_cls: 0.1035
2024/11/08 09:43:13 - mmengine - INFO - Epoch(train)   [8][140/333]  lr: 1.0000e-03  eta: 5:25:08  time: 0.6311  data_time: 0.0104  memory: 6107  grad_norm: 11.3740  loss: 0.0995  top1_acc: 0.9688  top5_acc: 1.0000  loss_cls: 0.0995
2024/11/08 09:43:26 - mmengine - INFO - Epoch(train)   [8][160/333]  lr: 1.0000e-03  eta: 5:24:55  time: 0.6308  data_time: 0.0101  memory: 6107  grad_norm: 13.8912  loss: 0.1295  top1_acc: 0.9688  top5_acc: 1.0000  loss_cls: 0.1295
2024/11/08 09:43:38 - mmengine - INFO - Epoch(train)   [8][180/333]  lr: 1.0000e-03  eta: 5:24:42  time: 0.6309  data_time: 0.0102  memory: 6107  grad_norm: 14.9386  loss: 0.1641  top1_acc: 0.9375  top5_acc: 1.0000  loss_cls: 0.1641
2024/11/08 09:43:51 - mmengine - INFO - Epoch(train)   [8][200/333]  lr: 1.0000e-03  eta: 5:24:29  time: 0.6309  data_time: 0.0101  memory: 6107  grad_norm: 10.8994  loss: 0.1306  top1_acc: 1.0000  top5_acc: 1.0000  loss_cls: 0.1306
2024/11/08 09:44:04 - mmengine - INFO - Epoch(train)   [8][220/333]  lr: 1.0000e-03  eta: 5:24:16  time: 0.6308  data_time: 0.0100  memory: 6107  grad_norm: 11.5557  loss: 0.1303  top1_acc: 0.9688  top5_acc: 1.0000  loss_cls: 0.1303
2024/11/08 09:44:16 - mmengine - INFO - Epoch(train)   [8][240/333]  lr: 1.0000e-03  eta: 5:24:03  time: 0.6309  data_time: 0.0100  memory: 6107  grad_norm: 11.7841  loss: 0.1505  top1_acc: 1.0000  top5_acc: 1.0000  loss_cls: 0.1505
2024/11/08 09:44:29 - mmengine - INFO - Epoch(train)   [8][260/333]  lr: 1.0000e-03  eta: 5:23:50  time: 0.6310  data_time: 0.0103  memory: 6107  grad_norm: 11.1649  loss: 0.1095  top1_acc: 0.9688  top5_acc: 1.0000  loss_cls: 0.1095
2024/11/08 09:44:41 - mmengine - INFO - Epoch(train)   [8][280/333]  lr: 1.0000e-03  eta: 5:23:37  time: 0.6308  data_time: 0.0101  memory: 6107  grad_norm: 10.5803  loss: 0.1146  top1_acc: 0.9375  top5_acc: 1.0000  loss_cls: 0.1146
2024/11/08 09:44:54 - mmengine - INFO - Epoch(train)   [8][300/333]  lr: 1.0000e-03  eta: 5:23:24  time: 0.6307  data_time: 0.0100  memory: 6107  grad_norm: 9.0558  loss: 0.0857  top1_acc: 0.9375  top5_acc: 1.0000  loss_cls: 0.0857
2024/11/08 09:45:07 - mmengine - INFO - Epoch(train)   [8][320/333]  lr: 1.0000e-03  eta: 5:23:11  time: 0.6319  data_time: 0.0110  memory: 6107  grad_norm: 9.4647  loss: 0.0703  top1_acc: 0.9375  top5_acc: 1.0000  loss_cls: 0.0703
2024/11/08 09:45:15 - mmengine - INFO - Exp name: c3d-ucf101-all-zqf_20241108_091440
2024/11/08 09:45:15 - mmengine - INFO - Epoch(train)   [8][333/333]  lr: 1.0000e-03  eta: 5:23:02  time: 0.6318  data_time: 0.0107  memory: 6107  grad_norm: 10.4518  loss: 0.0775  top1_acc: 1.0000  top5_acc: 1.0000  loss_cls: 0.0775
2024/11/08 09:45:18 - mmengine - INFO - Epoch(val)   [8][ 20/167]    eta: 0:00:19  time: 0.1313  data_time: 0.0193  memory: 2027  
2024/11/08 09:45:20 - mmengine - INFO - Epoch(val)   [8][ 40/167]    eta: 0:00:15  time: 0.1182  data_time: 0.0060  memory: 2027  
2024/11/08 09:45:22 - mmengine - INFO - Epoch(val)   [8][ 60/167]    eta: 0:00:13  time: 0.1175  data_time: 0.0055  memory: 2027  
2024/11/08 09:45:25 - mmengine - INFO - Epoch(val)   [8][ 80/167]    eta: 0:00:10  time: 0.1182  data_time: 0.0059  memory: 2027  
2024/11/08 09:45:27 - mmengine - INFO - Epoch(val)   [8][100/167]    eta: 0:00:08  time: 0.1174  data_time: 0.0054  memory: 2027  
2024/11/08 09:45:29 - mmengine - INFO - Epoch(val)   [8][120/167]    eta: 0:00:05  time: 0.1177  data_time: 0.0058  memory: 2027  
2024/11/08 09:45:32 - mmengine - INFO - Epoch(val)   [8][140/167]    eta: 0:00:03  time: 0.1181  data_time: 0.0059  memory: 2027  
2024/11/08 09:45:34 - mmengine - INFO - Epoch(val)   [8][160/167]    eta: 0:00:00  time: 0.1178  data_time: 0.0056  memory: 2027  
2024/11/08 09:45:35 - mmengine - INFO - Epoch(val) [8][167/167]    acc/top1: 0.9531  acc/top5: 0.9929  acc/mean1: 0.9509  data_time: 0.0073  time: 0.1187
2024/11/08 09:45:35 - mmengine - INFO - The previous best checkpoint /home/node1/Desktop/n1/ai/open-mmlab/mmaction2/work_dirs/c3d-ucf101-all-zqf/best_acc_top1_epoch_7.pth is removed
2024/11/08 09:45:36 - mmengine - INFO - The best checkpoint with 0.9531 acc/top1 at 8 epoch is saved to best_acc_top1_epoch_8.pth.
2024/11/08 09:45:50 - mmengine - INFO - Epoch(train)   [9][ 20/333]  lr: 1.0000e-03  eta: 5:22:56  time: 0.6589  data_time: 0.0375  memory: 6107  grad_norm: 11.7912  loss: 0.1041  top1_acc: 1.0000  top5_acc: 1.0000  loss_cls: 0.1041
2024/11/08 09:46:03 - mmengine - INFO - Epoch(train)   [9][ 40/333]  lr: 1.0000e-03  eta: 5:22:43  time: 0.6313  data_time: 0.0104  memory: 6107  grad_norm: 11.5136  loss: 0.1050  top1_acc: 0.9375  top5_acc: 1.0000  loss_cls: 0.1050
2024/11/08 09:46:15 - mmengine - INFO - Epoch(train)   [9][ 60/333]  lr: 1.0000e-03  eta: 5:22:30  time: 0.6313  data_time: 0.0104  memory: 6107  grad_norm: 9.7344  loss: 0.1051  top1_acc: 0.9688  top5_acc: 1.0000  loss_cls: 0.1051
2024/11/08 09:46:28 - mmengine - INFO - Epoch(train)   [9][ 80/333]  lr: 1.0000e-03  eta: 5:22:16  time: 0.6306  data_time: 0.0098  memory: 6107  grad_norm: 10.5648  loss: 0.1027  top1_acc: 0.9688  top5_acc: 1.0000  loss_cls: 0.1027
2024/11/08 09:46:40 - mmengine - INFO - Epoch(train)   [9][100/333]  lr: 1.0000e-03  eta: 5:22:03  time: 0.6307  data_time: 0.0100  memory: 6107  grad_norm: 10.7126  loss: 0.1033  top1_acc: 0.9375  top5_acc: 1.0000  loss_cls: 0.1033
2024/11/08 09:46:53 - mmengine - INFO - Epoch(train)   [9][120/333]  lr: 1.0000e-03  eta: 5:21:50  time: 0.6309  data_time: 0.0102  memory: 6107  grad_norm: 8.5734  loss: 0.0676  top1_acc: 1.0000  top5_acc: 1.0000  loss_cls: 0.0676
2024/11/08 09:47:06 - mmengine - INFO - Epoch(train)   [9][140/333]  lr: 1.0000e-03  eta: 5:21:37  time: 0.6313  data_time: 0.0103  memory: 6107  grad_norm: 11.3709  loss: 0.1055  top1_acc: 0.9062  top5_acc: 1.0000  loss_cls: 0.1055
2024/11/08 09:47:18 - mmengine - INFO - Epoch(train)   [9][160/333]  lr: 1.0000e-03  eta: 5:21:24  time: 0.6312  data_time: 0.0104  memory: 6107  grad_norm: 9.0028  loss: 0.0737  top1_acc: 0.9688  top5_acc: 1.0000  loss_cls: 0.0737
2024/11/08 09:47:31 - mmengine - INFO - Epoch(train)   [9][180/333]  lr: 1.0000e-03  eta: 5:21:11  time: 0.6309  data_time: 0.0100  memory: 6107  grad_norm: 11.0481  loss: 0.0905  top1_acc: 0.9688  top5_acc: 1.0000  loss_cls: 0.0905
2024/11/08 09:47:43 - mmengine - INFO - Epoch(train)   [9][200/333]  lr: 1.0000e-03  eta: 5:20:58  time: 0.6307  data_time: 0.0098  memory: 6107  grad_norm: 12.7927  loss: 0.1469  top1_acc: 0.9688  top5_acc: 1.0000  loss_cls: 0.1469
2024/11/08 09:47:56 - mmengine - INFO - Epoch(train)   [9][220/333]  lr: 1.0000e-03  eta: 5:20:45  time: 0.6315  data_time: 0.0105  memory: 6107  grad_norm: 12.6313  loss: 0.1458  top1_acc: 0.9688  top5_acc: 1.0000  loss_cls: 0.1458
2024/11/08 09:48:09 - mmengine - INFO - Epoch(train)   [9][240/333]  lr: 1.0000e-03  eta: 5:20:32  time: 0.6312  data_time: 0.0103  memory: 6107  grad_norm: 7.9250  loss: 0.0959  top1_acc: 0.9688  top5_acc: 1.0000  loss_cls: 0.0959
2024/11/08 09:48:21 - mmengine - INFO - Epoch(train)   [9][260/333]  lr: 1.0000e-03  eta: 5:20:19  time: 0.6311  data_time: 0.0102  memory: 6107  grad_norm: 10.9238  loss: 0.1012  top1_acc: 0.9688  top5_acc: 1.0000  loss_cls: 0.1012
2024/11/08 09:48:34 - mmengine - INFO - Epoch(train)   [9][280/333]  lr: 1.0000e-03  eta: 5:20:06  time: 0.6308  data_time: 0.0101  memory: 6107  grad_norm: 9.6568  loss: 0.0793  top1_acc: 1.0000  top5_acc: 1.0000  loss_cls: 0.0793
2024/11/08 09:48:47 - mmengine - INFO - Epoch(train)   [9][300/333]  lr: 1.0000e-03  eta: 5:19:53  time: 0.6310  data_time: 0.0101  memory: 6107  grad_norm: 8.1212  loss: 0.0643  top1_acc: 1.0000  top5_acc: 1.0000  loss_cls: 0.0643
2024/11/08 09:48:59 - mmengine - INFO - Epoch(train)   [9][320/333]  lr: 1.0000e-03  eta: 5:19:40  time: 0.6316  data_time: 0.0107  memory: 6107  grad_norm: 10.2655  loss: 0.0915  top1_acc: 1.0000  top5_acc: 1.0000  loss_cls: 0.0915
2024/11/08 09:49:07 - mmengine - INFO - Exp name: c3d-ucf101-all-zqf_20241108_091440
2024/11/08 09:49:07 - mmengine - INFO - Epoch(train)   [9][333/333]  lr: 1.0000e-03  eta: 5:19:32  time: 0.6309  data_time: 0.0103  memory: 6107  grad_norm: 11.6440  loss: 0.1278  top1_acc: 1.0000  top5_acc: 1.0000  loss_cls: 0.1278
2024/11/08 09:49:10 - mmengine - INFO - Epoch(val)   [9][ 20/167]    eta: 0:00:19  time: 0.1320  data_time: 0.0199  memory: 2027  
2024/11/08 09:49:12 - mmengine - INFO - Epoch(val)   [9][ 40/167]    eta: 0:00:15  time: 0.1173  data_time: 0.0054  memory: 2027  
2024/11/08 09:49:15 - mmengine - INFO - Epoch(val)   [9][ 60/167]    eta: 0:00:13  time: 0.1183  data_time: 0.0061  memory: 2027  
2024/11/08 09:49:17 - mmengine - INFO - Epoch(val)   [9][ 80/167]    eta: 0:00:10  time: 0.1174  data_time: 0.0055  memory: 2027  
2024/11/08 09:49:19 - mmengine - INFO - Epoch(val)   [9][100/167]    eta: 0:00:08  time: 0.1185  data_time: 0.0062  memory: 2027  
2024/11/08 09:49:22 - mmengine - INFO - Epoch(val)   [9][120/167]    eta: 0:00:05  time: 0.1176  data_time: 0.0056  memory: 2027  
2024/11/08 09:49:24 - mmengine - INFO - Epoch(val)   [9][140/167]    eta: 0:00:03  time: 0.1174  data_time: 0.0054  memory: 2027  
2024/11/08 09:49:27 - mmengine - INFO - Epoch(val)   [9][160/167]    eta: 0:00:00  time: 0.1182  data_time: 0.0060  memory: 2027  
2024/11/08 09:49:27 - mmengine - INFO - Epoch(val) [9][167/167]    acc/top1: 0.9610  acc/top5: 0.9940  acc/mean1: 0.9594  data_time: 0.0074  time: 0.1188
2024/11/08 09:49:27 - mmengine - INFO - The previous best checkpoint /home/node1/Desktop/n1/ai/open-mmlab/mmaction2/work_dirs/c3d-ucf101-all-zqf/best_acc_top1_epoch_8.pth is removed
2024/11/08 09:49:28 - mmengine - INFO - The best checkpoint with 0.9610 acc/top1 at 9 epoch is saved to best_acc_top1_epoch_9.pth.
2024/11/08 09:49:32 - mmengine - INFO - Exp name: c3d-ucf101-all-zqf_20241108_091440
2024/11/08 09:49:42 - mmengine - INFO - Epoch(train)  [10][ 20/333]  lr: 1.0000e-03  eta: 5:19:24  time: 0.6558  data_time: 0.0345  memory: 6107  grad_norm: 7.1405  loss: 0.0596  top1_acc: 1.0000  top5_acc: 1.0000  loss_cls: 0.0596
2024/11/08 09:49:55 - mmengine - INFO - Epoch(train)  [10][ 40/333]  lr: 1.0000e-03  eta: 5:19:11  time: 0.6305  data_time: 0.0099  memory: 6107  grad_norm: 9.4488  loss: 0.0922  top1_acc: 0.9062  top5_acc: 1.0000  loss_cls: 0.0922
2024/11/08 09:50:08 - mmengine - INFO - Epoch(train)  [10][ 60/333]  lr: 1.0000e-03  eta: 5:18:57  time: 0.6306  data_time: 0.0099  memory: 6107  grad_norm: 11.0053  loss: 0.1224  top1_acc: 0.9688  top5_acc: 1.0000  loss_cls: 0.1224
2024/11/08 09:50:20 - mmengine - INFO - Epoch(train)  [10][ 80/333]  lr: 1.0000e-03  eta: 5:18:44  time: 0.6307  data_time: 0.0100  memory: 6107  grad_norm: 8.7231  loss: 0.0661  top1_acc: 0.9688  top5_acc: 1.0000  loss_cls: 0.0661
2024/11/08 09:50:33 - mmengine - INFO - Epoch(train)  [10][100/333]  lr: 1.0000e-03  eta: 5:18:31  time: 0.6311  data_time: 0.0102  memory: 6107  grad_norm: 11.1591  loss: 0.1130  top1_acc: 1.0000  top5_acc: 1.0000  loss_cls: 0.1130
2024/11/08 09:50:45 - mmengine - INFO - Epoch(train)  [10][120/333]  lr: 1.0000e-03  eta: 5:18:18  time: 0.6309  data_time: 0.0103  memory: 6107  grad_norm: 10.0172  loss: 0.0980  top1_acc: 1.0000  top5_acc: 1.0000  loss_cls: 0.0980
2024/11/08 09:50:58 - mmengine - INFO - Epoch(train)  [10][140/333]  lr: 1.0000e-03  eta: 5:18:05  time: 0.6310  data_time: 0.0102  memory: 6107  grad_norm: 9.7226  loss: 0.0831  top1_acc: 1.0000  top5_acc: 1.0000  loss_cls: 0.0831
2024/11/08 09:51:11 - mmengine - INFO - Epoch(train)  [10][160/333]  lr: 1.0000e-03  eta: 5:17:52  time: 0.6309  data_time: 0.0100  memory: 6107  grad_norm: 8.1374  loss: 0.0650  top1_acc: 0.9688  top5_acc: 1.0000  loss_cls: 0.0650
2024/11/08 09:51:23 - mmengine - INFO - Epoch(train)  [10][180/333]  lr: 1.0000e-03  eta: 5:17:39  time: 0.6308  data_time: 0.0100  memory: 6107  grad_norm: 8.7237  loss: 0.0669  top1_acc: 1.0000  top5_acc: 1.0000  loss_cls: 0.0669
2024/11/08 09:51:36 - mmengine - INFO - Epoch(train)  [10][200/333]  lr: 1.0000e-03  eta: 5:17:26  time: 0.6309  data_time: 0.0102  memory: 6107  grad_norm: 8.4220  loss: 0.0758  top1_acc: 1.0000  top5_acc: 1.0000  loss_cls: 0.0758
2024/11/08 09:51:49 - mmengine - INFO - Epoch(train)  [10][220/333]  lr: 1.0000e-03  eta: 5:17:13  time: 0.6307  data_time: 0.0099  memory: 6107  grad_norm: 7.6950  loss: 0.0503  top1_acc: 1.0000  top5_acc: 1.0000  loss_cls: 0.0503
2024/11/08 09:52:01 - mmengine - INFO - Epoch(train)  [10][240/333]  lr: 1.0000e-03  eta: 5:17:00  time: 0.6308  data_time: 0.0101  memory: 6107  grad_norm: 10.2148  loss: 0.0870  top1_acc: 0.9688  top5_acc: 1.0000  loss_cls: 0.0870
2024/11/08 09:52:14 - mmengine - INFO - Epoch(train)  [10][260/333]  lr: 1.0000e-03  eta: 5:16:47  time: 0.6306  data_time: 0.0100  memory: 6107  grad_norm: 12.7714  loss: 0.1092  top1_acc: 1.0000  top5_acc: 1.0000  loss_cls: 0.1092
2024/11/08 09:52:26 - mmengine - INFO - Epoch(train)  [10][280/333]  lr: 1.0000e-03  eta: 5:16:34  time: 0.6307  data_time: 0.0100  memory: 6107  grad_norm: 12.2643  loss: 0.0903  top1_acc: 1.0000  top5_acc: 1.0000  loss_cls: 0.0903
2024/11/08 09:52:39 - mmengine - INFO - Epoch(train)  [10][300/333]  lr: 1.0000e-03  eta: 5:16:21  time: 0.6309  data_time: 0.0100  memory: 6107  grad_norm: 9.4890  loss: 0.0794  top1_acc: 1.0000  top5_acc: 1.0000  loss_cls: 0.0794
2024/11/08 09:52:52 - mmengine - INFO - Epoch(train)  [10][320/333]  lr: 1.0000e-03  eta: 5:16:08  time: 0.6314  data_time: 0.0107  memory: 6107  grad_norm: 10.9771  loss: 0.1340  top1_acc: 0.9688  top5_acc: 1.0000  loss_cls: 0.1340
2024/11/08 09:53:00 - mmengine - INFO - Exp name: c3d-ucf101-all-zqf_20241108_091440
2024/11/08 09:53:00 - mmengine - INFO - Epoch(train)  [10][333/333]  lr: 1.0000e-03  eta: 5:16:00  time: 0.6309  data_time: 0.0104  memory: 6107  grad_norm: 9.0700  loss: 0.0992  top1_acc: 0.9688  top5_acc: 1.0000  loss_cls: 0.0992
2024/11/08 09:53:00 - mmengine - INFO - Saving checkpoint at 10 epochs
2024/11/08 09:53:04 - mmengine - INFO - Epoch(val)  [10][ 20/167]    eta: 0:00:19  time: 0.1326  data_time: 0.0205  memory: 2027  
2024/11/08 09:53:06 - mmengine - INFO - Epoch(val)  [10][ 40/167]    eta: 0:00:15  time: 0.1179  data_time: 0.0058  memory: 2027  
2024/11/08 09:53:08 - mmengine - INFO - Epoch(val)  [10][ 60/167]    eta: 0:00:13  time: 0.1169  data_time: 0.0052  memory: 2027  
2024/11/08 09:53:11 - mmengine - INFO - Epoch(val)  [10][ 80/167]    eta: 0:00:10  time: 0.1187  data_time: 0.0062  memory: 2027  
2024/11/08 09:53:13 - mmengine - INFO - Epoch(val)  [10][100/167]    eta: 0:00:08  time: 0.1176  data_time: 0.0055  memory: 2027  
2024/11/08 09:53:15 - mmengine - INFO - Epoch(val)  [10][120/167]    eta: 0:00:05  time: 0.1177  data_time: 0.0056  memory: 2027  
2024/11/08 09:53:18 - mmengine - INFO - Epoch(val)  [10][140/167]    eta: 0:00:03  time: 0.1180  data_time: 0.0057  memory: 2027  
2024/11/08 09:53:20 - mmengine - INFO - Epoch(val)  [10][160/167]    eta: 0:00:00  time: 0.1175  data_time: 0.0055  memory: 2027  
2024/11/08 09:53:21 - mmengine - INFO - Epoch(val) [10][167/167]    acc/top1: 0.9613  acc/top5: 0.9959  acc/mean1: 0.9594  data_time: 0.0074  time: 0.1188
2024/11/08 09:53:21 - mmengine - INFO - The previous best checkpoint /home/node1/Desktop/n1/ai/open-mmlab/mmaction2/work_dirs/c3d-ucf101-all-zqf/best_acc_top1_epoch_9.pth is removed
2024/11/08 09:53:22 - mmengine - INFO - The best checkpoint with 0.9613 acc/top1 at 10 epoch is saved to best_acc_top1_epoch_10.pth.
2024/11/08 09:53:36 - mmengine - INFO - Epoch(train)  [11][ 20/333]  lr: 1.0000e-03  eta: 5:15:52  time: 0.6592  data_time: 0.0379  memory: 6107  grad_norm: 7.9030  loss: 0.0585  top1_acc: 1.0000  top5_acc: 1.0000  loss_cls: 0.0585
2024/11/08 09:53:49 - mmengine - INFO - Epoch(train)  [11][ 40/333]  lr: 1.0000e-03  eta: 5:15:39  time: 0.6308  data_time: 0.0101  memory: 6107  grad_norm: 7.1627  loss: 0.0494  top1_acc: 0.9688  top5_acc: 1.0000  loss_cls: 0.0494
2024/11/08 09:54:01 - mmengine - INFO - Epoch(train)  [11][ 60/333]  lr: 1.0000e-03  eta: 5:15:26  time: 0.6311  data_time: 0.0101  memory: 6107  grad_norm: 8.9840  loss: 0.0753  top1_acc: 1.0000  top5_acc: 1.0000  loss_cls: 0.0753
2024/11/08 09:54:14 - mmengine - INFO - Epoch(train)  [11][ 80/333]  lr: 1.0000e-03  eta: 5:15:13  time: 0.6310  data_time: 0.0100  memory: 6107  grad_norm: 9.2187  loss: 0.0702  top1_acc: 1.0000  top5_acc: 1.0000  loss_cls: 0.0702
2024/11/08 09:54:27 - mmengine - INFO - Epoch(train)  [11][100/333]  lr: 1.0000e-03  eta: 5:15:00  time: 0.6311  data_time: 0.0103  memory: 6107  grad_norm: 8.2478  loss: 0.0581  top1_acc: 1.0000  top5_acc: 1.0000  loss_cls: 0.0581
2024/11/08 09:54:39 - mmengine - INFO - Epoch(train)  [11][120/333]  lr: 1.0000e-03  eta: 5:14:47  time: 0.6313  data_time: 0.0102  memory: 6107  grad_norm: 9.4266  loss: 0.0878  top1_acc: 1.0000  top5_acc: 1.0000  loss_cls: 0.0878
2024/11/08 09:54:52 - mmengine - INFO - Epoch(train)  [11][140/333]  lr: 1.0000e-03  eta: 5:14:34  time: 0.6313  data_time: 0.0103  memory: 6107  grad_norm: 9.2194  loss: 0.0764  top1_acc: 1.0000  top5_acc: 1.0000  loss_cls: 0.0764
2024/11/08 09:55:05 - mmengine - INFO - Epoch(train)  [11][160/333]  lr: 1.0000e-03  eta: 5:14:21  time: 0.6311  data_time: 0.0100  memory: 6107  grad_norm: 10.3533  loss: 0.0783  top1_acc: 0.9375  top5_acc: 1.0000  loss_cls: 0.0783
2024/11/08 09:55:17 - mmengine - INFO - Epoch(train)  [11][180/333]  lr: 1.0000e-03  eta: 5:14:08  time: 0.6306  data_time: 0.0098  memory: 6107  grad_norm: 10.5967  loss: 0.0994  top1_acc: 0.9375  top5_acc: 1.0000  loss_cls: 0.0994
2024/11/08 09:55:30 - mmengine - INFO - Epoch(train)  [11][200/333]  lr: 1.0000e-03  eta: 5:13:55  time: 0.6314  data_time: 0.0104  memory: 6107  grad_norm: 13.5898  loss: 0.1701  top1_acc: 0.9688  top5_acc: 0.9688  loss_cls: 0.1701
2024/11/08 09:55:42 - mmengine - INFO - Epoch(train)  [11][220/333]  lr: 1.0000e-03  eta: 5:13:42  time: 0.6308  data_time: 0.0099  memory: 6107  grad_norm: 12.2194  loss: 0.1159  top1_acc: 0.9688  top5_acc: 1.0000  loss_cls: 0.1159
2024/11/08 09:55:55 - mmengine - INFO - Epoch(train)  [11][240/333]  lr: 1.0000e-03  eta: 5:13:30  time: 0.6310  data_time: 0.0101  memory: 6107  grad_norm: 7.8827  loss: 0.0647  top1_acc: 0.9688  top5_acc: 1.0000  loss_cls: 0.0647
2024/11/08 09:56:08 - mmengine - INFO - Epoch(train)  [11][260/333]  lr: 1.0000e-03  eta: 5:13:17  time: 0.6314  data_time: 0.0105  memory: 6107  grad_norm: 8.5868  loss: 0.0762  top1_acc: 1.0000  top5_acc: 1.0000  loss_cls: 0.0762
2024/11/08 09:56:20 - mmengine - INFO - Epoch(train)  [11][280/333]  lr: 1.0000e-03  eta: 5:13:04  time: 0.6309  data_time: 0.0099  memory: 6107  grad_norm: 8.9946  loss: 0.0898  top1_acc: 0.9688  top5_acc: 1.0000  loss_cls: 0.0898
2024/11/08 09:56:33 - mmengine - INFO - Epoch(train)  [11][300/333]  lr: 1.0000e-03  eta: 5:12:51  time: 0.6309  data_time: 0.0099  memory: 6107  grad_norm: 8.7419  loss: 0.0887  top1_acc: 0.9688  top5_acc: 1.0000  loss_cls: 0.0887
2024/11/08 09:56:45 - mmengine - INFO - Epoch(train)  [11][320/333]  lr: 1.0000e-03  eta: 5:12:38  time: 0.6312  data_time: 0.0103  memory: 6107  grad_norm: 8.8902  loss: 0.1018  top1_acc: 1.0000  top5_acc: 1.0000  loss_cls: 0.1018
2024/11/08 09:56:54 - mmengine - INFO - Exp name: c3d-ucf101-all-zqf_20241108_091440
2024/11/08 09:56:54 - mmengine - INFO - Epoch(train)  [11][333/333]  lr: 1.0000e-03  eta: 5:12:29  time: 0.6311  data_time: 0.0102  memory: 6107  grad_norm: 9.4740  loss: 0.0965  top1_acc: 1.0000  top5_acc: 1.0000  loss_cls: 0.0965
2024/11/08 09:56:56 - mmengine - INFO - Epoch(val)  [11][ 20/167]    eta: 0:00:19  time: 0.1318  data_time: 0.0197  memory: 2027  
2024/11/08 09:56:59 - mmengine - INFO - Epoch(val)  [11][ 40/167]    eta: 0:00:15  time: 0.1180  data_time: 0.0058  memory: 2027  
2024/11/08 09:57:01 - mmengine - INFO - Epoch(val)  [11][ 60/167]    eta: 0:00:13  time: 0.1180  data_time: 0.0058  memory: 2027  
2024/11/08 09:57:03 - mmengine - INFO - Epoch(val)  [11][ 80/167]    eta: 0:00:10  time: 0.1177  data_time: 0.0056  memory: 2027  
2024/11/08 09:57:06 - mmengine - INFO - Epoch(val)  [11][100/167]    eta: 0:00:08  time: 0.1180  data_time: 0.0058  memory: 2027  
2024/11/08 09:57:08 - mmengine - INFO - Epoch(val)  [11][120/167]    eta: 0:00:05  time: 0.1182  data_time: 0.0060  memory: 2027  
2024/11/08 09:57:10 - mmengine - INFO - Epoch(val)  [11][140/167]    eta: 0:00:03  time: 0.1180  data_time: 0.0060  memory: 2027  
2024/11/08 09:57:13 - mmengine - INFO - Epoch(val)  [11][160/167]    eta: 0:00:00  time: 0.1173  data_time: 0.0053  memory: 2027  
2024/11/08 09:57:14 - mmengine - INFO - Epoch(val) [11][167/167]    acc/top1: 0.9602  acc/top5: 0.9951  acc/mean1: 0.9583  data_time: 0.0074  time: 0.1188
2024/11/08 09:57:27 - mmengine - INFO - Epoch(train)  [12][ 20/333]  lr: 1.0000e-03  eta: 5:12:21  time: 0.6570  data_time: 0.0359  memory: 6107  grad_norm: 8.5744  loss: 0.0888  top1_acc: 0.9688  top5_acc: 1.0000  loss_cls: 0.0888
2024/11/08 09:57:39 - mmengine - INFO - Epoch(train)  [12][ 40/333]  lr: 1.0000e-03  eta: 5:12:08  time: 0.6308  data_time: 0.0099  memory: 6107  grad_norm: 9.2126  loss: 0.0840  top1_acc: 0.9688  top5_acc: 1.0000  loss_cls: 0.0840
2024/11/08 09:57:52 - mmengine - INFO - Epoch(train)  [12][ 60/333]  lr: 1.0000e-03  eta: 5:11:55  time: 0.6309  data_time: 0.0099  memory: 6107  grad_norm: 6.9927  loss: 0.0536  top1_acc: 0.9375  top5_acc: 1.0000  loss_cls: 0.0536
2024/11/08 09:58:05 - mmengine - INFO - Epoch(train)  [12][ 80/333]  lr: 1.0000e-03  eta: 5:11:42  time: 0.6310  data_time: 0.0100  memory: 6107  grad_norm: 8.3533  loss: 0.0615  top1_acc: 0.9688  top5_acc: 1.0000  loss_cls: 0.0615
2024/11/08 09:58:17 - mmengine - INFO - Epoch(train)  [12][100/333]  lr: 1.0000e-03  eta: 5:11:29  time: 0.6311  data_time: 0.0102  memory: 6107  grad_norm: 8.0194  loss: 0.0655  top1_acc: 1.0000  top5_acc: 1.0000  loss_cls: 0.0655
2024/11/08 09:58:30 - mmengine - INFO - Epoch(train)  [12][120/333]  lr: 1.0000e-03  eta: 5:11:16  time: 0.6316  data_time: 0.0103  memory: 6107  grad_norm: 7.5626  loss: 0.0740  top1_acc: 0.9688  top5_acc: 1.0000  loss_cls: 0.0740
2024/11/08 09:58:42 - mmengine - INFO - Epoch(train)  [12][140/333]  lr: 1.0000e-03  eta: 5:11:03  time: 0.6309  data_time: 0.0100  memory: 6107  grad_norm: 9.9734  loss: 0.0851  top1_acc: 0.9375  top5_acc: 1.0000  loss_cls: 0.0851
2024/11/08 09:58:55 - mmengine - INFO - Epoch(train)  [12][160/333]  lr: 1.0000e-03  eta: 5:10:50  time: 0.6307  data_time: 0.0098  memory: 6107  grad_norm: 10.6947  loss: 0.0852  top1_acc: 0.9688  top5_acc: 0.9688  loss_cls: 0.0852
2024/11/08 09:59:08 - mmengine - INFO - Epoch(train)  [12][180/333]  lr: 1.0000e-03  eta: 5:10:37  time: 0.6314  data_time: 0.0104  memory: 6107  grad_norm: 5.6894  loss: 0.0454  top1_acc: 1.0000  top5_acc: 1.0000  loss_cls: 0.0454
2024/11/08 09:59:20 - mmengine - INFO - Epoch(train)  [12][200/333]  lr: 1.0000e-03  eta: 5:10:24  time: 0.6309  data_time: 0.0100  memory: 6107  grad_norm: 8.5456  loss: 0.0624  top1_acc: 1.0000  top5_acc: 1.0000  loss_cls: 0.0624
2024/11/08 09:59:33 - mmengine - INFO - Epoch(train)  [12][220/333]  lr: 1.0000e-03  eta: 5:10:12  time: 0.6309  data_time: 0.0099  memory: 6107  grad_norm: 7.0707  loss: 0.0486  top1_acc: 1.0000  top5_acc: 1.0000  loss_cls: 0.0486
2024/11/08 09:59:46 - mmengine - INFO - Epoch(train)  [12][240/333]  lr: 1.0000e-03  eta: 5:09:59  time: 0.6310  data_time: 0.0100  memory: 6107  grad_norm: 6.2983  loss: 0.0551  top1_acc: 1.0000  top5_acc: 1.0000  loss_cls: 0.0551
2024/11/08 09:59:58 - mmengine - INFO - Epoch(train)  [12][260/333]  lr: 1.0000e-03  eta: 5:09:46  time: 0.6309  data_time: 0.0100  memory: 6107  grad_norm: 9.2158  loss: 0.0750  top1_acc: 0.9688  top5_acc: 1.0000  loss_cls: 0.0750
2024/11/08 10:00:11 - mmengine - INFO - Epoch(train)  [12][280/333]  lr: 1.0000e-03  eta: 5:09:33  time: 0.6311  data_time: 0.0102  memory: 6107  grad_norm: 9.3554  loss: 0.0758  top1_acc: 1.0000  top5_acc: 1.0000  loss_cls: 0.0758
2024/11/08 10:00:23 - mmengine - INFO - Epoch(train)  [12][300/333]  lr: 1.0000e-03  eta: 5:09:20  time: 0.6313  data_time: 0.0103  memory: 6107  grad_norm: 7.6913  loss: 0.0707  top1_acc: 0.9688  top5_acc: 1.0000  loss_cls: 0.0707
2024/11/08 10:00:36 - mmengine - INFO - Epoch(train)  [12][320/333]  lr: 1.0000e-03  eta: 5:09:07  time: 0.6307  data_time: 0.0098  memory: 6107  grad_norm: 9.2751  loss: 0.0646  top1_acc: 1.0000  top5_acc: 1.0000  loss_cls: 0.0646
2024/11/08 10:00:44 - mmengine - INFO - Exp name: c3d-ucf101-all-zqf_20241108_091440
2024/11/08 10:00:44 - mmengine - INFO - Epoch(train)  [12][333/333]  lr: 1.0000e-03  eta: 5:08:59  time: 0.6309  data_time: 0.0100  memory: 6107  grad_norm: 9.8974  loss: 0.0690  top1_acc: 1.0000  top5_acc: 1.0000  loss_cls: 0.0690
2024/11/08 10:00:47 - mmengine - INFO - Epoch(val)  [12][ 20/167]    eta: 0:00:19  time: 0.1321  data_time: 0.0201  memory: 2027  
2024/11/08 10:00:49 - mmengine - INFO - Epoch(val)  [12][ 40/167]    eta: 0:00:15  time: 0.1181  data_time: 0.0059  memory: 2027  
2024/11/08 10:00:52 - mmengine - INFO - Epoch(val)  [12][ 60/167]    eta: 0:00:13  time: 0.1177  data_time: 0.0056  memory: 2027  
2024/11/08 10:00:54 - mmengine - INFO - Epoch(val)  [12][ 80/167]    eta: 0:00:10  time: 0.1179  data_time: 0.0058  memory: 2027  
2024/11/08 10:00:56 - mmengine - INFO - Epoch(val)  [12][100/167]    eta: 0:00:08  time: 0.1177  data_time: 0.0057  memory: 2027  
2024/11/08 10:00:59 - mmengine - INFO - Epoch(val)  [12][120/167]    eta: 0:00:05  time: 0.1180  data_time: 0.0058  memory: 2027  
2024/11/08 10:01:01 - mmengine - INFO - Epoch(val)  [12][140/167]    eta: 0:00:03  time: 0.1179  data_time: 0.0057  memory: 2027  
2024/11/08 10:01:03 - mmengine - INFO - Epoch(val)  [12][160/167]    eta: 0:00:00  time: 0.1180  data_time: 0.0058  memory: 2027  
2024/11/08 10:01:04 - mmengine - INFO - Epoch(val) [12][167/167]    acc/top1: 0.9640  acc/top5: 0.9947  acc/mean1: 0.9618  data_time: 0.0074  time: 0.1189
2024/11/08 10:01:04 - mmengine - INFO - The previous best checkpoint /home/node1/Desktop/n1/ai/open-mmlab/mmaction2/work_dirs/c3d-ucf101-all-zqf/best_acc_top1_epoch_10.pth is removed
2024/11/08 10:01:05 - mmengine - INFO - The best checkpoint with 0.9640 acc/top1 at 12 epoch is saved to best_acc_top1_epoch_12.pth.
2024/11/08 10:01:09 - mmengine - INFO - Exp name: c3d-ucf101-all-zqf_20241108_091440
2024/11/08 10:01:19 - mmengine - INFO - Epoch(train)  [13][ 20/333]  lr: 1.0000e-03  eta: 5:08:49  time: 0.6561  data_time: 0.0347  memory: 6107  grad_norm: 10.1479  loss: 0.0616  top1_acc: 0.9688  top5_acc: 1.0000  loss_cls: 0.0616
2024/11/08 10:01:32 - mmengine - INFO - Epoch(train)  [13][ 40/333]  lr: 1.0000e-03  eta: 5:08:36  time: 0.6311  data_time: 0.0103  memory: 6107  grad_norm: 11.1756  loss: 0.0933  top1_acc: 0.9688  top5_acc: 1.0000  loss_cls: 0.0933
2024/11/08 10:01:45 - mmengine - INFO - Epoch(train)  [13][ 60/333]  lr: 1.0000e-03  eta: 5:08:24  time: 0.6311  data_time: 0.0103  memory: 6107  grad_norm: 8.3345  loss: 0.0746  top1_acc: 0.9062  top5_acc: 1.0000  loss_cls: 0.0746
2024/11/08 10:01:57 - mmengine - INFO - Epoch(train)  [13][ 80/333]  lr: 1.0000e-03  eta: 5:08:11  time: 0.6311  data_time: 0.0102  memory: 6107  grad_norm: 7.7617  loss: 0.0690  top1_acc: 1.0000  top5_acc: 1.0000  loss_cls: 0.0690
2024/11/08 10:02:10 - mmengine - INFO - Epoch(train)  [13][100/333]  lr: 1.0000e-03  eta: 5:07:58  time: 0.6308  data_time: 0.0101  memory: 6107  grad_norm: 7.6463  loss: 0.0563  top1_acc: 0.9375  top5_acc: 1.0000  loss_cls: 0.0563
2024/11/08 10:02:22 - mmengine - INFO - Epoch(train)  [13][120/333]  lr: 1.0000e-03  eta: 5:07:45  time: 0.6308  data_time: 0.0102  memory: 6107  grad_norm: 8.6780  loss: 0.0678  top1_acc: 1.0000  top5_acc: 1.0000  loss_cls: 0.0678
2024/11/08 10:02:35 - mmengine - INFO - Epoch(train)  [13][140/333]  lr: 1.0000e-03  eta: 5:07:32  time: 0.6304  data_time: 0.0099  memory: 6107  grad_norm: 12.5783  loss: 0.1101  top1_acc: 0.9688  top5_acc: 1.0000  loss_cls: 0.1101
2024/11/08 10:02:48 - mmengine - INFO - Epoch(train)  [13][160/333]  lr: 1.0000e-03  eta: 5:07:19  time: 0.6308  data_time: 0.0100  memory: 6107  grad_norm: 8.5670  loss: 0.0749  top1_acc: 1.0000  top5_acc: 1.0000  loss_cls: 0.0749
2024/11/08 10:03:00 - mmengine - INFO - Epoch(train)  [13][180/333]  lr: 1.0000e-03  eta: 5:07:06  time: 0.6308  data_time: 0.0102  memory: 6107  grad_norm: 8.6175  loss: 0.0687  top1_acc: 1.0000  top5_acc: 1.0000  loss_cls: 0.0687
2024/11/08 10:03:13 - mmengine - INFO - Epoch(train)  [13][200/333]  lr: 1.0000e-03  eta: 5:06:53  time: 0.6306  data_time: 0.0099  memory: 6107  grad_norm: 8.8727  loss: 0.0691  top1_acc: 1.0000  top5_acc: 1.0000  loss_cls: 0.0691
2024/11/08 10:03:25 - mmengine - INFO - Epoch(train)  [13][220/333]  lr: 1.0000e-03  eta: 5:06:40  time: 0.6307  data_time: 0.0099  memory: 6107  grad_norm: 7.6080  loss: 0.0515  top1_acc: 1.0000  top5_acc: 1.0000  loss_cls: 0.0515
2024/11/08 10:03:38 - mmengine - INFO - Epoch(train)  [13][240/333]  lr: 1.0000e-03  eta: 5:06:27  time: 0.6308  data_time: 0.0100  memory: 6107  grad_norm: 8.7629  loss: 0.0616  top1_acc: 0.9688  top5_acc: 1.0000  loss_cls: 0.0616
2024/11/08 10:03:51 - mmengine - INFO - Epoch(train)  [13][260/333]  lr: 1.0000e-03  eta: 5:06:14  time: 0.6311  data_time: 0.0104  memory: 6107  grad_norm: 9.1803  loss: 0.0751  top1_acc: 1.0000  top5_acc: 1.0000  loss_cls: 0.0751
2024/11/08 10:04:03 - mmengine - INFO - Epoch(train)  [13][280/333]  lr: 1.0000e-03  eta: 5:06:02  time: 0.6316  data_time: 0.0107  memory: 6107  grad_norm: 7.7385  loss: 0.0561  top1_acc: 0.9375  top5_acc: 1.0000  loss_cls: 0.0561
2024/11/08 10:04:16 - mmengine - INFO - Epoch(train)  [13][300/333]  lr: 1.0000e-03  eta: 5:05:49  time: 0.6314  data_time: 0.0106  memory: 6107  grad_norm: 7.2820  loss: 0.0636  top1_acc: 1.0000  top5_acc: 1.0000  loss_cls: 0.0636
2024/11/08 10:04:29 - mmengine - INFO - Epoch(train)  [13][320/333]  lr: 1.0000e-03  eta: 5:05:36  time: 0.6308  data_time: 0.0101  memory: 6107  grad_norm: 7.6208  loss: 0.0553  top1_acc: 0.9062  top5_acc: 1.0000  loss_cls: 0.0553
2024/11/08 10:04:37 - mmengine - INFO - Exp name: c3d-ucf101-all-zqf_20241108_091440
2024/11/08 10:04:37 - mmengine - INFO - Epoch(train)  [13][333/333]  lr: 1.0000e-03  eta: 5:05:28  time: 0.6309  data_time: 0.0103  memory: 6107  grad_norm: 6.5376  loss: 0.0456  top1_acc: 1.0000  top5_acc: 1.0000  loss_cls: 0.0456
2024/11/08 10:04:39 - mmengine - INFO - Epoch(val)  [13][ 20/167]    eta: 0:00:19  time: 0.1322  data_time: 0.0202  memory: 2027  
2024/11/08 10:04:42 - mmengine - INFO - Epoch(val)  [13][ 40/167]    eta: 0:00:15  time: 0.1178  data_time: 0.0057  memory: 2027  
2024/11/08 10:04:44 - mmengine - INFO - Epoch(val)  [13][ 60/167]    eta: 0:00:13  time: 0.1180  data_time: 0.0058  memory: 2027  
2024/11/08 10:04:46 - mmengine - INFO - Epoch(val)  [13][ 80/167]    eta: 0:00:10  time: 0.1177  data_time: 0.0057  memory: 2027  
2024/11/08 10:04:49 - mmengine - INFO - Epoch(val)  [13][100/167]    eta: 0:00:08  time: 0.1174  data_time: 0.0054  memory: 2027  
2024/11/08 10:04:51 - mmengine - INFO - Epoch(val)  [13][120/167]    eta: 0:00:05  time: 0.1176  data_time: 0.0056  memory: 2027  
2024/11/08 10:04:54 - mmengine - INFO - Epoch(val)  [13][140/167]    eta: 0:00:03  time: 0.1180  data_time: 0.0059  memory: 2027  
2024/11/08 10:04:56 - mmengine - INFO - Epoch(val)  [13][160/167]    eta: 0:00:00  time: 0.1173  data_time: 0.0054  memory: 2027  
2024/11/08 10:04:57 - mmengine - INFO - Epoch(val) [13][167/167]    acc/top1: 0.9632  acc/top5: 0.9959  acc/mean1: 0.9612  data_time: 0.0073  time: 0.1187
2024/11/08 10:05:10 - mmengine - INFO - Epoch(train)  [14][ 20/333]  lr: 1.0000e-03  eta: 5:05:18  time: 0.6588  data_time: 0.0378  memory: 6107  grad_norm: 6.9837  loss: 0.0539  top1_acc: 1.0000  top5_acc: 1.0000  loss_cls: 0.0539
2024/11/08 10:05:22 - mmengine - INFO - Epoch(train)  [14][ 40/333]  lr: 1.0000e-03  eta: 5:05:05  time: 0.6310  data_time: 0.0101  memory: 6107  grad_norm: 8.4789  loss: 0.0563  top1_acc: 1.0000  top5_acc: 1.0000  loss_cls: 0.0563
2024/11/08 10:05:35 - mmengine - INFO - Epoch(train)  [14][ 60/333]  lr: 1.0000e-03  eta: 5:04:53  time: 0.6313  data_time: 0.0104  memory: 6107  grad_norm: 8.1522  loss: 0.0738  top1_acc: 1.0000  top5_acc: 1.0000  loss_cls: 0.0738
2024/11/08 10:05:48 - mmengine - INFO - Epoch(train)  [14][ 80/333]  lr: 1.0000e-03  eta: 5:04:40  time: 0.6311  data_time: 0.0102  memory: 6107  grad_norm: 7.7414  loss: 0.0477  top1_acc: 1.0000  top5_acc: 1.0000  loss_cls: 0.0477
2024/11/08 10:06:00 - mmengine - INFO - Epoch(train)  [14][100/333]  lr: 1.0000e-03  eta: 5:04:27  time: 0.6312  data_time: 0.0103  memory: 6107  grad_norm: 7.8357  loss: 0.0669  top1_acc: 0.9688  top5_acc: 1.0000  loss_cls: 0.0669
2024/11/08 10:06:13 - mmengine - INFO - Epoch(train)  [14][120/333]  lr: 1.0000e-03  eta: 5:04:14  time: 0.6309  data_time: 0.0100  memory: 6107  grad_norm: 5.2688  loss: 0.0367  top1_acc: 1.0000  top5_acc: 1.0000  loss_cls: 0.0367
2024/11/08 10:06:26 - mmengine - INFO - Epoch(train)  [14][140/333]  lr: 1.0000e-03  eta: 5:04:01  time: 0.6315  data_time: 0.0104  memory: 6107  grad_norm: 4.5137  loss: 0.0286  top1_acc: 1.0000  top5_acc: 1.0000  loss_cls: 0.0286
2024/11/08 10:06:38 - mmengine - INFO - Epoch(train)  [14][160/333]  lr: 1.0000e-03  eta: 5:03:48  time: 0.6306  data_time: 0.0098  memory: 6107  grad_norm: 6.9909  loss: 0.0399  top1_acc: 1.0000  top5_acc: 1.0000  loss_cls: 0.0399
2024/11/08 10:06:51 - mmengine - INFO - Epoch(train)  [14][180/333]  lr: 1.0000e-03  eta: 5:03:35  time: 0.6313  data_time: 0.0103  memory: 6107  grad_norm: 4.9751  loss: 0.0244  top1_acc: 1.0000  top5_acc: 1.0000  loss_cls: 0.0244
2024/11/08 10:07:03 - mmengine - INFO - Epoch(train)  [14][200/333]  lr: 1.0000e-03  eta: 5:03:23  time: 0.6315  data_time: 0.0105  memory: 6107  grad_norm: 4.7898  loss: 0.0329  top1_acc: 0.9375  top5_acc: 1.0000  loss_cls: 0.0329
2024/11/08 10:07:16 - mmengine - INFO - Epoch(train)  [14][220/333]  lr: 1.0000e-03  eta: 5:03:10  time: 0.6313  data_time: 0.0101  memory: 6107  grad_norm: 6.7880  loss: 0.0457  top1_acc: 1.0000  top5_acc: 1.0000  loss_cls: 0.0457
2024/11/08 10:07:29 - mmengine - INFO - Epoch(train)  [14][240/333]  lr: 1.0000e-03  eta: 5:02:57  time: 0.6309  data_time: 0.0100  memory: 6107  grad_norm: 8.7067  loss: 0.0663  top1_acc: 0.9688  top5_acc: 1.0000  loss_cls: 0.0663
2024/11/08 10:07:41 - mmengine - INFO - Epoch(train)  [14][260/333]  lr: 1.0000e-03  eta: 5:02:44  time: 0.6310  data_time: 0.0100  memory: 6107  grad_norm: 8.1532  loss: 0.0600  top1_acc: 0.9688  top5_acc: 1.0000  loss_cls: 0.0600
2024/11/08 10:07:54 - mmengine - INFO - Epoch(train)  [14][280/333]  lr: 1.0000e-03  eta: 5:02:31  time: 0.6310  data_time: 0.0101  memory: 6107  grad_norm: 9.0084  loss: 0.0682  top1_acc: 0.9375  top5_acc: 1.0000  loss_cls: 0.0682
2024/11/08 10:08:07 - mmengine - INFO - Epoch(train)  [14][300/333]  lr: 1.0000e-03  eta: 5:02:18  time: 0.6315  data_time: 0.0102  memory: 6107  grad_norm: 7.8881  loss: 0.0582  top1_acc: 1.0000  top5_acc: 1.0000  loss_cls: 0.0582
2024/11/08 10:08:19 - mmengine - INFO - Epoch(train)  [14][320/333]  lr: 1.0000e-03  eta: 5:02:06  time: 0.6310  data_time: 0.0102  memory: 6107  grad_norm: 7.2190  loss: 0.0488  top1_acc: 1.0000  top5_acc: 1.0000  loss_cls: 0.0488
2024/11/08 10:08:27 - mmengine - INFO - Exp name: c3d-ucf101-all-zqf_20241108_091440
2024/11/08 10:08:27 - mmengine - INFO - Epoch(train)  [14][333/333]  lr: 1.0000e-03  eta: 5:01:57  time: 0.6307  data_time: 0.0099  memory: 6107  grad_norm: 6.8871  loss: 0.0477  top1_acc: 1.0000  top5_acc: 1.0000  loss_cls: 0.0477
2024/11/08 10:08:30 - mmengine - INFO - Epoch(val)  [14][ 20/167]    eta: 0:00:19  time: 0.1320  data_time: 0.0198  memory: 2027  
2024/11/08 10:08:32 - mmengine - INFO - Epoch(val)  [14][ 40/167]    eta: 0:00:15  time: 0.1184  data_time: 0.0062  memory: 2027  
2024/11/08 10:08:35 - mmengine - INFO - Epoch(val)  [14][ 60/167]    eta: 0:00:13  time: 0.1181  data_time: 0.0059  memory: 2027  
2024/11/08 10:08:37 - mmengine - INFO - Epoch(val)  [14][ 80/167]    eta: 0:00:10  time: 0.1180  data_time: 0.0059  memory: 2027  
2024/11/08 10:08:39 - mmengine - INFO - Epoch(val)  [14][100/167]    eta: 0:00:08  time: 0.1176  data_time: 0.0056  memory: 2027  
2024/11/08 10:08:42 - mmengine - INFO - Epoch(val)  [14][120/167]    eta: 0:00:05  time: 0.1230  data_time: 0.0060  memory: 2027  
2024/11/08 10:08:44 - mmengine - INFO - Epoch(val)  [14][140/167]    eta: 0:00:03  time: 0.1175  data_time: 0.0055  memory: 2027  
2024/11/08 10:08:47 - mmengine - INFO - Epoch(val)  [14][160/167]    eta: 0:00:00  time: 0.1176  data_time: 0.0055  memory: 2027  
2024/11/08 10:08:47 - mmengine - INFO - Epoch(val) [14][167/167]    acc/top1: 0.9591  acc/top5: 0.9962  acc/mean1: 0.9577  data_time: 0.0074  time: 0.1194
2024/11/08 10:09:01 - mmengine - INFO - Epoch(train)  [15][ 20/333]  lr: 1.0000e-03  eta: 5:01:48  time: 0.6574  data_time: 0.0363  memory: 6107  grad_norm: 5.4588  loss: 0.0327  top1_acc: 1.0000  top5_acc: 1.0000  loss_cls: 0.0327
2024/11/08 10:09:13 - mmengine - INFO - Epoch(train)  [15][ 40/333]  lr: 1.0000e-03  eta: 5:01:35  time: 0.6311  data_time: 0.0101  memory: 6107  grad_norm: 5.2056  loss: 0.0273  top1_acc: 1.0000  top5_acc: 1.0000  loss_cls: 0.0273
2024/11/08 10:09:26 - mmengine - INFO - Epoch(train)  [15][ 60/333]  lr: 1.0000e-03  eta: 5:01:22  time: 0.6305  data_time: 0.0099  memory: 6107  grad_norm: 9.1354  loss: 0.0623  top1_acc: 1.0000  top5_acc: 1.0000  loss_cls: 0.0623
2024/11/08 10:09:38 - mmengine - INFO - Epoch(train)  [15][ 80/333]  lr: 1.0000e-03  eta: 5:01:09  time: 0.6314  data_time: 0.0103  memory: 6107  grad_norm: 9.6337  loss: 0.0788  top1_acc: 0.9688  top5_acc: 1.0000  loss_cls: 0.0788
2024/11/08 10:09:51 - mmengine - INFO - Epoch(train)  [15][100/333]  lr: 1.0000e-03  eta: 5:00:56  time: 0.6309  data_time: 0.0101  memory: 6107  grad_norm: 9.1019  loss: 0.0617  top1_acc: 1.0000  top5_acc: 1.0000  loss_cls: 0.0617
2024/11/08 10:10:04 - mmengine - INFO - Epoch(train)  [15][120/333]  lr: 1.0000e-03  eta: 5:00:43  time: 0.6312  data_time: 0.0102  memory: 6107  grad_norm: 9.6751  loss: 0.0729  top1_acc: 0.9688  top5_acc: 1.0000  loss_cls: 0.0729
