2024/10/09 11:41:15 - mmengine - INFO - 
------------------------------------------------------------
System environment:
    sys.platform: linux
    Python: 3.8.19 (default, Mar 20 2024, 19:58:24) [GCC 11.2.0]
    CUDA available: True
    MUSA available: False
    numpy_random_seed: 1890946774
    GPU 0: NVIDIA GeForce RTX 4060 Ti
    CUDA_HOME: /usr/local/cuda-11.8
    NVCC: Cuda compilation tools, release 11.8, V11.8.89
    GCC: gcc (Ubuntu 11.4.0-1ubuntu1~22.04) 11.4.0
    PyTorch: 2.4.1
    PyTorch compiling details: PyTorch built with:
  - GCC 9.3
  - C++ Version: 201703
  - Intel(R) oneAPI Math Kernel Library Version 2023.1-Product Build 20230303 for Intel(R) 64 architecture applications
  - Intel(R) MKL-DNN v3.4.2 (Git Hash 1137e04ec0b5251ca2b4400a4fd3c667ce843d67)
  - OpenMP 201511 (a.k.a. OpenMP 4.5)
  - LAPACK is enabled (usually provided by MKL)
  - NNPACK is enabled
  - CPU capability usage: AVX2
  - CUDA Runtime 11.8
  - NVCC architecture flags: -gencode;arch=compute_50,code=sm_50;-gencode;arch=compute_60,code=sm_60;-gencode;arch=compute_61,code=sm_61;-gencode;arch=compute_70,code=sm_70;-gencode;arch=compute_75,code=sm_75;-gencode;arch=compute_80,code=sm_80;-gencode;arch=compute_86,code=sm_86;-gencode;arch=compute_37,code=sm_37;-gencode;arch=compute_90,code=sm_90;-gencode;arch=compute_37,code=compute_37
  - CuDNN 90.1
  - Magma 2.6.1
  - Build settings: BLAS_INFO=mkl, BUILD_TYPE=Release, CUDA_VERSION=11.8, CUDNN_VERSION=9.1.0, CXX_COMPILER=/opt/rh/devtoolset-9/root/usr/bin/c++, CXX_FLAGS= -D_GLIBCXX_USE_CXX11_ABI=0 -fabi-version=11 -fvisibility-inlines-hidden -DUSE_PTHREADPOOL -DNDEBUG -DUSE_KINETO -DLIBKINETO_NOROCTRACER -DUSE_FBGEMM -DUSE_PYTORCH_QNNPACK -DUSE_XNNPACK -DSYMBOLICATE_MOBILE_DEBUG_HANDLE -O2 -fPIC -Wall -Wextra -Werror=return-type -Werror=non-virtual-dtor -Werror=bool-operation -Wnarrowing -Wno-missing-field-initializers -Wno-type-limits -Wno-array-bounds -Wno-unknown-pragmas -Wno-unused-parameter -Wno-unused-function -Wno-unused-result -Wno-strict-overflow -Wno-strict-aliasing -Wno-stringop-overflow -Wsuggest-override -Wno-psabi -Wno-error=pedantic -Wno-error=old-style-cast -Wno-missing-braces -fdiagnostics-color=always -faligned-new -Wno-unused-but-set-variable -Wno-maybe-uninitialized -fno-math-errno -fno-trapping-math -Werror=format -Wno-stringop-overflow, LAPACK_INFO=mkl, PERF_WITH_AVX=1, PERF_WITH_AVX2=1, PERF_WITH_AVX512=1, TORCH_VERSION=2.4.1, USE_CUDA=ON, USE_CUDNN=ON, USE_CUSPARSELT=1, USE_EXCEPTION_PTR=1, USE_GFLAGS=OFF, USE_GLOG=OFF, USE_GLOO=ON, USE_MKL=ON, USE_MKLDNN=ON, USE_MPI=OFF, USE_NCCL=ON, USE_NNPACK=ON, USE_OPENMP=ON, USE_ROCM=OFF, USE_ROCM_KERNEL_ASSERT=OFF, 

    TorchVision: 0.19.1
    OpenCV: 4.10.0
    MMEngine: 0.10.5

Runtime environment:
    cudnn_benchmark: False
    mp_cfg: {'mp_start_method': 'fork', 'opencv_num_threads': 0}
    dist_cfg: {'backend': 'nccl'}
    seed: 1890946774
    diff_rank_seed: False
    deterministic: False
    Distributed launcher: none
    Distributed training: False
    GPU number: 1
------------------------------------------------------------

2024/10/09 11:41:15 - mmengine - INFO - Config:
ann_file_train = 'data/kinetics400_tiny/kinetics_tiny_train_video.txt'
ann_file_val = 'data/kinetics400_tiny/kinetics_tiny_val_video.txt'
auto_scale_lr = dict(base_batch_size=256, enable=False)
data_root = 'data/kinetics400_tiny/train'
data_root_val = 'data/kinetics400_tiny/val'
dataset_type = 'VideoDataset'
default_hooks = dict(
    checkpoint=dict(
        interval=1, max_keep_ckpts=1, save_best='auto', type='CheckpointHook'),
    logger=dict(ignore_last=False, interval=20, type='LoggerHook'),
    param_scheduler=dict(type='ParamSchedulerHook'),
    runtime_info=dict(type='RuntimeInfoHook'),
    sampler_seed=dict(type='DistSamplerSeedHook'),
    sync_buffers=dict(type='SyncBuffersHook'),
    timer=dict(type='IterTimerHook'))
default_scope = 'mmaction'
env_cfg = dict(
    cudnn_benchmark=False,
    dist_cfg=dict(backend='nccl'),
    mp_cfg=dict(mp_start_method='fork', opencv_num_threads=0))
file_client_args = dict(io_backend='disk')
launcher = 'none'
load_from = 'https://download.openmmlab.com/mmaction/v1.0/recognition/tsn/tsn_imagenet-pretrained-r50_8xb32-1x1x3-100e_kinetics400-rgb/tsn_imagenet-pretrained-r50_8xb32-1x1x3-100e_kinetics400-rgb_20220906-cd10898e.pth'
log_level = 'INFO'
log_processor = dict(by_epoch=True, type='LogProcessor', window_size=20)
model = dict(
    backbone=dict(
        depth=50,
        norm_eval=False,
        pretrained='https://download.pytorch.org/models/resnet50-11ad3fa6.pth',
        type='ResNet'),
    cls_head=dict(
        average_clips='prob',
        consensus=dict(dim=1, type='AvgConsensus'),
        dropout_ratio=0.4,
        in_channels=2048,
        init_std=0.01,
        num_classes=2,
        spatial_type='avg',
        type='TSNHead'),
    data_preprocessor=dict(
        format_shape='NCHW',
        mean=[
            123.675,
            116.28,
            103.53,
        ],
        std=[
            58.395,
            57.12,
            57.375,
        ],
        type='ActionDataPreprocessor'),
    test_cfg=None,
    train_cfg=None,
    type='Recognizer2D')
optim_wrapper = dict(
    clip_grad=dict(max_norm=40, norm_type=2),
    optimizer=dict(lr=0.01, momentum=0.9, type='SGD', weight_decay=0.0001))
param_scheduler = [
    dict(
        begin=0,
        by_epoch=True,
        end=10,
        gamma=0.1,
        milestones=[
            4,
            8,
        ],
        type='MultiStepLR'),
]
randomness = dict(deterministic=False, diff_rank_seed=False, seed=None)
resume = False
test_cfg = dict(type='TestLoop')
test_dataloader = dict(
    batch_size=1,
    dataset=dict(
        ann_file='data/kinetics400_tiny/kinetics_tiny_val_video.txt',
        data_prefix=dict(video='data/kinetics400_tiny/val'),
        pipeline=[
            dict(io_backend='disk', type='DecordInit'),
            dict(
                clip_len=1,
                frame_interval=1,
                num_clips=25,
                test_mode=True,
                type='SampleFrames'),
            dict(type='DecordDecode'),
            dict(scale=(
                -1,
                256,
            ), type='Resize'),
            dict(crop_size=224, type='TenCrop'),
            dict(input_format='NCHW', type='FormatShape'),
            dict(type='PackActionInputs'),
        ],
        test_mode=True,
        type='VideoDataset'),
    num_workers=8,
    persistent_workers=True,
    sampler=dict(shuffle=False, type='DefaultSampler'))
test_evaluator = dict(type='AccMetric')
test_pipeline = [
    dict(io_backend='disk', type='DecordInit'),
    dict(
        clip_len=1,
        frame_interval=1,
        num_clips=25,
        test_mode=True,
        type='SampleFrames'),
    dict(type='DecordDecode'),
    dict(scale=(
        -1,
        256,
    ), type='Resize'),
    dict(crop_size=224, type='TenCrop'),
    dict(input_format='NCHW', type='FormatShape'),
    dict(type='PackActionInputs'),
]
train_cfg = dict(
    max_epochs=10, type='EpochBasedTrainLoop', val_begin=1, val_interval=1)
train_dataloader = dict(
    batch_size=4,
    dataset=dict(
        ann_file='data/kinetics400_tiny/kinetics_tiny_train_video.txt',
        data_prefix=dict(video='data/kinetics400_tiny/train'),
        pipeline=[
            dict(io_backend='disk', type='DecordInit'),
            dict(
                clip_len=1, frame_interval=1, num_clips=3,
                type='SampleFrames'),
            dict(type='DecordDecode'),
            dict(scale=(
                -1,
                256,
            ), type='Resize'),
            dict(
                input_size=224,
                max_wh_scale_gap=1,
                random_crop=False,
                scales=(
                    1,
                    0.875,
                    0.75,
                    0.66,
                ),
                type='MultiScaleCrop'),
            dict(keep_ratio=False, scale=(
                224,
                224,
            ), type='Resize'),
            dict(flip_ratio=0.5, type='Flip'),
            dict(input_format='NCHW', type='FormatShape'),
            dict(type='PackActionInputs'),
        ],
        type='VideoDataset'),
    num_workers=8,
    persistent_workers=True,
    sampler=dict(shuffle=True, type='DefaultSampler'))
train_pipeline = [
    dict(io_backend='disk', type='DecordInit'),
    dict(clip_len=1, frame_interval=1, num_clips=3, type='SampleFrames'),
    dict(type='DecordDecode'),
    dict(scale=(
        -1,
        256,
    ), type='Resize'),
    dict(
        input_size=224,
        max_wh_scale_gap=1,
        random_crop=False,
        scales=(
            1,
            0.875,
            0.75,
            0.66,
        ),
        type='MultiScaleCrop'),
    dict(keep_ratio=False, scale=(
        224,
        224,
    ), type='Resize'),
    dict(flip_ratio=0.5, type='Flip'),
    dict(input_format='NCHW', type='FormatShape'),
    dict(type='PackActionInputs'),
]
val_cfg = dict(type='ValLoop')
val_dataloader = dict(
    batch_size=32,
    dataset=dict(
        ann_file='data/kinetics400_tiny/kinetics_tiny_val_video.txt',
        data_prefix=dict(video='data/kinetics400_tiny/val'),
        pipeline=[
            dict(io_backend='disk', type='DecordInit'),
            dict(
                clip_len=1,
                frame_interval=1,
                num_clips=3,
                test_mode=True,
                type='SampleFrames'),
            dict(type='DecordDecode'),
            dict(scale=(
                -1,
                256,
            ), type='Resize'),
            dict(crop_size=224, type='CenterCrop'),
            dict(input_format='NCHW', type='FormatShape'),
            dict(type='PackActionInputs'),
        ],
        test_mode=True,
        type='VideoDataset'),
    num_workers=8,
    persistent_workers=True,
    sampler=dict(shuffle=False, type='DefaultSampler'))
val_evaluator = dict(type='AccMetric')
val_pipeline = [
    dict(io_backend='disk', type='DecordInit'),
    dict(
        clip_len=1,
        frame_interval=1,
        num_clips=3,
        test_mode=True,
        type='SampleFrames'),
    dict(type='DecordDecode'),
    dict(scale=(
        -1,
        256,
    ), type='Resize'),
    dict(crop_size=224, type='CenterCrop'),
    dict(input_format='NCHW', type='FormatShape'),
    dict(type='PackActionInputs'),
]
vis_backends = [
    dict(type='LocalVisBackend'),
]
visualizer = dict(
    type='ActionVisualizer', vis_backends=[
        dict(type='LocalVisBackend'),
    ])
work_dir = './work_dirs/tsn_imagenet-pretrained-r50_8xb32-1x1x3-100e_kinetics400-rgb'

2024/10/09 11:41:16 - mmengine - INFO - Distributed training is not used, all SyncBatchNorm (SyncBN) layers in the model will be automatically reverted to BatchNormXd layers if they are used.
2024/10/09 11:41:16 - mmengine - INFO - Hooks will be executed in the following order:
before_run:
(VERY_HIGH   ) RuntimeInfoHook                    
(BELOW_NORMAL) LoggerHook                         
 -------------------- 
before_train:
(VERY_HIGH   ) RuntimeInfoHook                    
(NORMAL      ) IterTimerHook                      
(VERY_LOW    ) CheckpointHook                     
 -------------------- 
before_train_epoch:
(VERY_HIGH   ) RuntimeInfoHook                    
(NORMAL      ) IterTimerHook                      
(NORMAL      ) DistSamplerSeedHook                
 -------------------- 
before_train_iter:
(VERY_HIGH   ) RuntimeInfoHook                    
(NORMAL      ) IterTimerHook                      
 -------------------- 
after_train_iter:
(VERY_HIGH   ) RuntimeInfoHook                    
(NORMAL      ) IterTimerHook                      
(BELOW_NORMAL) LoggerHook                         
(LOW         ) ParamSchedulerHook                 
(VERY_LOW    ) CheckpointHook                     
 -------------------- 
after_train_epoch:
(NORMAL      ) IterTimerHook                      
(NORMAL      ) SyncBuffersHook                    
(LOW         ) ParamSchedulerHook                 
(VERY_LOW    ) CheckpointHook                     
 -------------------- 
before_val:
(VERY_HIGH   ) RuntimeInfoHook                    
 -------------------- 
before_val_epoch:
(NORMAL      ) IterTimerHook                      
(NORMAL      ) SyncBuffersHook                    
 -------------------- 
before_val_iter:
(NORMAL      ) IterTimerHook                      
 -------------------- 
after_val_iter:
(NORMAL      ) IterTimerHook                      
(BELOW_NORMAL) LoggerHook                         
 -------------------- 
after_val_epoch:
(VERY_HIGH   ) RuntimeInfoHook                    
(NORMAL      ) IterTimerHook                      
(BELOW_NORMAL) LoggerHook                         
(LOW         ) ParamSchedulerHook                 
(VERY_LOW    ) CheckpointHook                     
 -------------------- 
after_val:
(VERY_HIGH   ) RuntimeInfoHook                    
 -------------------- 
after_train:
(VERY_HIGH   ) RuntimeInfoHook                    
(VERY_LOW    ) CheckpointHook                     
 -------------------- 
before_test:
(VERY_HIGH   ) RuntimeInfoHook                    
 -------------------- 
before_test_epoch:
(NORMAL      ) IterTimerHook                      
 -------------------- 
before_test_iter:
(NORMAL      ) IterTimerHook                      
 -------------------- 
after_test_iter:
(NORMAL      ) IterTimerHook                      
(BELOW_NORMAL) LoggerHook                         
 -------------------- 
after_test_epoch:
(VERY_HIGH   ) RuntimeInfoHook                    
(NORMAL      ) IterTimerHook                      
(BELOW_NORMAL) LoggerHook                         
 -------------------- 
after_test:
(VERY_HIGH   ) RuntimeInfoHook                    
 -------------------- 
after_run:
(BELOW_NORMAL) LoggerHook                         
 -------------------- 
2024/10/09 11:42:01 - mmengine - INFO - These parameters in pretrained checkpoint are not loaded: {'fc.weight', 'fc.bias'}
Name of parameter - Initialization information

backbone.conv1.conv.weight - torch.Size([64, 3, 7, 7]): 
Initialized by user-defined `init_weights` in ResNet  

backbone.conv1.bn.weight - torch.Size([64]): 
Initialized by user-defined `init_weights` in ResNet  

backbone.conv1.bn.bias - torch.Size([64]): 
Initialized by user-defined `init_weights` in ResNet  

backbone.layer1.0.conv1.conv.weight - torch.Size([64, 64, 1, 1]): 
Initialized by user-defined `init_weights` in ResNet  

backbone.layer1.0.conv1.bn.weight - torch.Size([64]): 
Initialized by user-defined `init_weights` in ResNet  

backbone.layer1.0.conv1.bn.bias - torch.Size([64]): 
Initialized by user-defined `init_weights` in ResNet  

backbone.layer1.0.conv2.conv.weight - torch.Size([64, 64, 3, 3]): 
Initialized by user-defined `init_weights` in ResNet  

backbone.layer1.0.conv2.bn.weight - torch.Size([64]): 
Initialized by user-defined `init_weights` in ResNet  

backbone.layer1.0.conv2.bn.bias - torch.Size([64]): 
Initialized by user-defined `init_weights` in ResNet  

backbone.layer1.0.conv3.conv.weight - torch.Size([256, 64, 1, 1]): 
Initialized by user-defined `init_weights` in ResNet  

backbone.layer1.0.conv3.bn.weight - torch.Size([256]): 
Initialized by user-defined `init_weights` in ResNet  

backbone.layer1.0.conv3.bn.bias - torch.Size([256]): 
Initialized by user-defined `init_weights` in ResNet  

backbone.layer1.0.downsample.conv.weight - torch.Size([256, 64, 1, 1]): 
Initialized by user-defined `init_weights` in ResNet  

backbone.layer1.0.downsample.bn.weight - torch.Size([256]): 
Initialized by user-defined `init_weights` in ResNet  

backbone.layer1.0.downsample.bn.bias - torch.Size([256]): 
Initialized by user-defined `init_weights` in ResNet  

backbone.layer1.1.conv1.conv.weight - torch.Size([64, 256, 1, 1]): 
Initialized by user-defined `init_weights` in ResNet  

backbone.layer1.1.conv1.bn.weight - torch.Size([64]): 
Initialized by user-defined `init_weights` in ResNet  

backbone.layer1.1.conv1.bn.bias - torch.Size([64]): 
Initialized by user-defined `init_weights` in ResNet  

backbone.layer1.1.conv2.conv.weight - torch.Size([64, 64, 3, 3]): 
Initialized by user-defined `init_weights` in ResNet  

backbone.layer1.1.conv2.bn.weight - torch.Size([64]): 
Initialized by user-defined `init_weights` in ResNet  

backbone.layer1.1.conv2.bn.bias - torch.Size([64]): 
Initialized by user-defined `init_weights` in ResNet  

backbone.layer1.1.conv3.conv.weight - torch.Size([256, 64, 1, 1]): 
Initialized by user-defined `init_weights` in ResNet  

backbone.layer1.1.conv3.bn.weight - torch.Size([256]): 
Initialized by user-defined `init_weights` in ResNet  

backbone.layer1.1.conv3.bn.bias - torch.Size([256]): 
Initialized by user-defined `init_weights` in ResNet  

backbone.layer1.2.conv1.conv.weight - torch.Size([64, 256, 1, 1]): 
Initialized by user-defined `init_weights` in ResNet  

backbone.layer1.2.conv1.bn.weight - torch.Size([64]): 
Initialized by user-defined `init_weights` in ResNet  

backbone.layer1.2.conv1.bn.bias - torch.Size([64]): 
Initialized by user-defined `init_weights` in ResNet  

backbone.layer1.2.conv2.conv.weight - torch.Size([64, 64, 3, 3]): 
Initialized by user-defined `init_weights` in ResNet  

backbone.layer1.2.conv2.bn.weight - torch.Size([64]): 
Initialized by user-defined `init_weights` in ResNet  

backbone.layer1.2.conv2.bn.bias - torch.Size([64]): 
Initialized by user-defined `init_weights` in ResNet  

backbone.layer1.2.conv3.conv.weight - torch.Size([256, 64, 1, 1]): 
Initialized by user-defined `init_weights` in ResNet  

backbone.layer1.2.conv3.bn.weight - torch.Size([256]): 
Initialized by user-defined `init_weights` in ResNet  

backbone.layer1.2.conv3.bn.bias - torch.Size([256]): 
Initialized by user-defined `init_weights` in ResNet  

backbone.layer2.0.conv1.conv.weight - torch.Size([128, 256, 1, 1]): 
Initialized by user-defined `init_weights` in ResNet  

backbone.layer2.0.conv1.bn.weight - torch.Size([128]): 
Initialized by user-defined `init_weights` in ResNet  

backbone.layer2.0.conv1.bn.bias - torch.Size([128]): 
Initialized by user-defined `init_weights` in ResNet  

backbone.layer2.0.conv2.conv.weight - torch.Size([128, 128, 3, 3]): 
Initialized by user-defined `init_weights` in ResNet  

backbone.layer2.0.conv2.bn.weight - torch.Size([128]): 
Initialized by user-defined `init_weights` in ResNet  

backbone.layer2.0.conv2.bn.bias - torch.Size([128]): 
Initialized by user-defined `init_weights` in ResNet  

backbone.layer2.0.conv3.conv.weight - torch.Size([512, 128, 1, 1]): 
Initialized by user-defined `init_weights` in ResNet  

backbone.layer2.0.conv3.bn.weight - torch.Size([512]): 
Initialized by user-defined `init_weights` in ResNet  

backbone.layer2.0.conv3.bn.bias - torch.Size([512]): 
Initialized by user-defined `init_weights` in ResNet  

backbone.layer2.0.downsample.conv.weight - torch.Size([512, 256, 1, 1]): 
Initialized by user-defined `init_weights` in ResNet  

backbone.layer2.0.downsample.bn.weight - torch.Size([512]): 
Initialized by user-defined `init_weights` in ResNet  

backbone.layer2.0.downsample.bn.bias - torch.Size([512]): 
Initialized by user-defined `init_weights` in ResNet  

backbone.layer2.1.conv1.conv.weight - torch.Size([128, 512, 1, 1]): 
Initialized by user-defined `init_weights` in ResNet  

backbone.layer2.1.conv1.bn.weight - torch.Size([128]): 
Initialized by user-defined `init_weights` in ResNet  

backbone.layer2.1.conv1.bn.bias - torch.Size([128]): 
Initialized by user-defined `init_weights` in ResNet  

backbone.layer2.1.conv2.conv.weight - torch.Size([128, 128, 3, 3]): 
Initialized by user-defined `init_weights` in ResNet  

backbone.layer2.1.conv2.bn.weight - torch.Size([128]): 
Initialized by user-defined `init_weights` in ResNet  

backbone.layer2.1.conv2.bn.bias - torch.Size([128]): 
Initialized by user-defined `init_weights` in ResNet  

backbone.layer2.1.conv3.conv.weight - torch.Size([512, 128, 1, 1]): 
Initialized by user-defined `init_weights` in ResNet  

backbone.layer2.1.conv3.bn.weight - torch.Size([512]): 
Initialized by user-defined `init_weights` in ResNet  

backbone.layer2.1.conv3.bn.bias - torch.Size([512]): 
Initialized by user-defined `init_weights` in ResNet  

backbone.layer2.2.conv1.conv.weight - torch.Size([128, 512, 1, 1]): 
Initialized by user-defined `init_weights` in ResNet  

backbone.layer2.2.conv1.bn.weight - torch.Size([128]): 
Initialized by user-defined `init_weights` in ResNet  

backbone.layer2.2.conv1.bn.bias - torch.Size([128]): 
Initialized by user-defined `init_weights` in ResNet  

backbone.layer2.2.conv2.conv.weight - torch.Size([128, 128, 3, 3]): 
Initialized by user-defined `init_weights` in ResNet  

backbone.layer2.2.conv2.bn.weight - torch.Size([128]): 
Initialized by user-defined `init_weights` in ResNet  

backbone.layer2.2.conv2.bn.bias - torch.Size([128]): 
Initialized by user-defined `init_weights` in ResNet  

backbone.layer2.2.conv3.conv.weight - torch.Size([512, 128, 1, 1]): 
Initialized by user-defined `init_weights` in ResNet  

backbone.layer2.2.conv3.bn.weight - torch.Size([512]): 
Initialized by user-defined `init_weights` in ResNet  

backbone.layer2.2.conv3.bn.bias - torch.Size([512]): 
Initialized by user-defined `init_weights` in ResNet  

backbone.layer2.3.conv1.conv.weight - torch.Size([128, 512, 1, 1]): 
Initialized by user-defined `init_weights` in ResNet  

backbone.layer2.3.conv1.bn.weight - torch.Size([128]): 
Initialized by user-defined `init_weights` in ResNet  

backbone.layer2.3.conv1.bn.bias - torch.Size([128]): 
Initialized by user-defined `init_weights` in ResNet  

backbone.layer2.3.conv2.conv.weight - torch.Size([128, 128, 3, 3]): 
Initialized by user-defined `init_weights` in ResNet  

backbone.layer2.3.conv2.bn.weight - torch.Size([128]): 
Initialized by user-defined `init_weights` in ResNet  

backbone.layer2.3.conv2.bn.bias - torch.Size([128]): 
Initialized by user-defined `init_weights` in ResNet  

backbone.layer2.3.conv3.conv.weight - torch.Size([512, 128, 1, 1]): 
Initialized by user-defined `init_weights` in ResNet  

backbone.layer2.3.conv3.bn.weight - torch.Size([512]): 
Initialized by user-defined `init_weights` in ResNet  

backbone.layer2.3.conv3.bn.bias - torch.Size([512]): 
Initialized by user-defined `init_weights` in ResNet  

backbone.layer3.0.conv1.conv.weight - torch.Size([256, 512, 1, 1]): 
Initialized by user-defined `init_weights` in ResNet  

backbone.layer3.0.conv1.bn.weight - torch.Size([256]): 
Initialized by user-defined `init_weights` in ResNet  

backbone.layer3.0.conv1.bn.bias - torch.Size([256]): 
Initialized by user-defined `init_weights` in ResNet  

backbone.layer3.0.conv2.conv.weight - torch.Size([256, 256, 3, 3]): 
Initialized by user-defined `init_weights` in ResNet  

backbone.layer3.0.conv2.bn.weight - torch.Size([256]): 
Initialized by user-defined `init_weights` in ResNet  

backbone.layer3.0.conv2.bn.bias - torch.Size([256]): 
Initialized by user-defined `init_weights` in ResNet  

backbone.layer3.0.conv3.conv.weight - torch.Size([1024, 256, 1, 1]): 
Initialized by user-defined `init_weights` in ResNet  

backbone.layer3.0.conv3.bn.weight - torch.Size([1024]): 
Initialized by user-defined `init_weights` in ResNet  

backbone.layer3.0.conv3.bn.bias - torch.Size([1024]): 
Initialized by user-defined `init_weights` in ResNet  

backbone.layer3.0.downsample.conv.weight - torch.Size([1024, 512, 1, 1]): 
Initialized by user-defined `init_weights` in ResNet  

backbone.layer3.0.downsample.bn.weight - torch.Size([1024]): 
Initialized by user-defined `init_weights` in ResNet  

backbone.layer3.0.downsample.bn.bias - torch.Size([1024]): 
Initialized by user-defined `init_weights` in ResNet  

backbone.layer3.1.conv1.conv.weight - torch.Size([256, 1024, 1, 1]): 
Initialized by user-defined `init_weights` in ResNet  

backbone.layer3.1.conv1.bn.weight - torch.Size([256]): 
Initialized by user-defined `init_weights` in ResNet  

backbone.layer3.1.conv1.bn.bias - torch.Size([256]): 
Initialized by user-defined `init_weights` in ResNet  

backbone.layer3.1.conv2.conv.weight - torch.Size([256, 256, 3, 3]): 
Initialized by user-defined `init_weights` in ResNet  

backbone.layer3.1.conv2.bn.weight - torch.Size([256]): 
Initialized by user-defined `init_weights` in ResNet  

backbone.layer3.1.conv2.bn.bias - torch.Size([256]): 
Initialized by user-defined `init_weights` in ResNet  

backbone.layer3.1.conv3.conv.weight - torch.Size([1024, 256, 1, 1]): 
Initialized by user-defined `init_weights` in ResNet  

backbone.layer3.1.conv3.bn.weight - torch.Size([1024]): 
Initialized by user-defined `init_weights` in ResNet  

backbone.layer3.1.conv3.bn.bias - torch.Size([1024]): 
Initialized by user-defined `init_weights` in ResNet  

backbone.layer3.2.conv1.conv.weight - torch.Size([256, 1024, 1, 1]): 
Initialized by user-defined `init_weights` in ResNet  

backbone.layer3.2.conv1.bn.weight - torch.Size([256]): 
Initialized by user-defined `init_weights` in ResNet  

backbone.layer3.2.conv1.bn.bias - torch.Size([256]): 
Initialized by user-defined `init_weights` in ResNet  

backbone.layer3.2.conv2.conv.weight - torch.Size([256, 256, 3, 3]): 
Initialized by user-defined `init_weights` in ResNet  

backbone.layer3.2.conv2.bn.weight - torch.Size([256]): 
Initialized by user-defined `init_weights` in ResNet  

backbone.layer3.2.conv2.bn.bias - torch.Size([256]): 
Initialized by user-defined `init_weights` in ResNet  

backbone.layer3.2.conv3.conv.weight - torch.Size([1024, 256, 1, 1]): 
Initialized by user-defined `init_weights` in ResNet  

backbone.layer3.2.conv3.bn.weight - torch.Size([1024]): 
Initialized by user-defined `init_weights` in ResNet  

backbone.layer3.2.conv3.bn.bias - torch.Size([1024]): 
Initialized by user-defined `init_weights` in ResNet  

backbone.layer3.3.conv1.conv.weight - torch.Size([256, 1024, 1, 1]): 
Initialized by user-defined `init_weights` in ResNet  

backbone.layer3.3.conv1.bn.weight - torch.Size([256]): 
Initialized by user-defined `init_weights` in ResNet  

backbone.layer3.3.conv1.bn.bias - torch.Size([256]): 
Initialized by user-defined `init_weights` in ResNet  

backbone.layer3.3.conv2.conv.weight - torch.Size([256, 256, 3, 3]): 
Initialized by user-defined `init_weights` in ResNet  

backbone.layer3.3.conv2.bn.weight - torch.Size([256]): 
Initialized by user-defined `init_weights` in ResNet  

backbone.layer3.3.conv2.bn.bias - torch.Size([256]): 
Initialized by user-defined `init_weights` in ResNet  

backbone.layer3.3.conv3.conv.weight - torch.Size([1024, 256, 1, 1]): 
Initialized by user-defined `init_weights` in ResNet  

backbone.layer3.3.conv3.bn.weight - torch.Size([1024]): 
Initialized by user-defined `init_weights` in ResNet  

backbone.layer3.3.conv3.bn.bias - torch.Size([1024]): 
Initialized by user-defined `init_weights` in ResNet  

backbone.layer3.4.conv1.conv.weight - torch.Size([256, 1024, 1, 1]): 
Initialized by user-defined `init_weights` in ResNet  

backbone.layer3.4.conv1.bn.weight - torch.Size([256]): 
Initialized by user-defined `init_weights` in ResNet  

backbone.layer3.4.conv1.bn.bias - torch.Size([256]): 
Initialized by user-defined `init_weights` in ResNet  

backbone.layer3.4.conv2.conv.weight - torch.Size([256, 256, 3, 3]): 
Initialized by user-defined `init_weights` in ResNet  

backbone.layer3.4.conv2.bn.weight - torch.Size([256]): 
Initialized by user-defined `init_weights` in ResNet  

backbone.layer3.4.conv2.bn.bias - torch.Size([256]): 
Initialized by user-defined `init_weights` in ResNet  

backbone.layer3.4.conv3.conv.weight - torch.Size([1024, 256, 1, 1]): 
Initialized by user-defined `init_weights` in ResNet  

backbone.layer3.4.conv3.bn.weight - torch.Size([1024]): 
Initialized by user-defined `init_weights` in ResNet  

backbone.layer3.4.conv3.bn.bias - torch.Size([1024]): 
Initialized by user-defined `init_weights` in ResNet  

backbone.layer3.5.conv1.conv.weight - torch.Size([256, 1024, 1, 1]): 
Initialized by user-defined `init_weights` in ResNet  

backbone.layer3.5.conv1.bn.weight - torch.Size([256]): 
Initialized by user-defined `init_weights` in ResNet  

backbone.layer3.5.conv1.bn.bias - torch.Size([256]): 
Initialized by user-defined `init_weights` in ResNet  

backbone.layer3.5.conv2.conv.weight - torch.Size([256, 256, 3, 3]): 
Initialized by user-defined `init_weights` in ResNet  

backbone.layer3.5.conv2.bn.weight - torch.Size([256]): 
Initialized by user-defined `init_weights` in ResNet  

backbone.layer3.5.conv2.bn.bias - torch.Size([256]): 
Initialized by user-defined `init_weights` in ResNet  

backbone.layer3.5.conv3.conv.weight - torch.Size([1024, 256, 1, 1]): 
Initialized by user-defined `init_weights` in ResNet  

backbone.layer3.5.conv3.bn.weight - torch.Size([1024]): 
Initialized by user-defined `init_weights` in ResNet  

backbone.layer3.5.conv3.bn.bias - torch.Size([1024]): 
Initialized by user-defined `init_weights` in ResNet  

backbone.layer4.0.conv1.conv.weight - torch.Size([512, 1024, 1, 1]): 
Initialized by user-defined `init_weights` in ResNet  

backbone.layer4.0.conv1.bn.weight - torch.Size([512]): 
Initialized by user-defined `init_weights` in ResNet  

backbone.layer4.0.conv1.bn.bias - torch.Size([512]): 
Initialized by user-defined `init_weights` in ResNet  

backbone.layer4.0.conv2.conv.weight - torch.Size([512, 512, 3, 3]): 
Initialized by user-defined `init_weights` in ResNet  

backbone.layer4.0.conv2.bn.weight - torch.Size([512]): 
Initialized by user-defined `init_weights` in ResNet  

backbone.layer4.0.conv2.bn.bias - torch.Size([512]): 
Initialized by user-defined `init_weights` in ResNet  

backbone.layer4.0.conv3.conv.weight - torch.Size([2048, 512, 1, 1]): 
Initialized by user-defined `init_weights` in ResNet  

backbone.layer4.0.conv3.bn.weight - torch.Size([2048]): 
Initialized by user-defined `init_weights` in ResNet  

backbone.layer4.0.conv3.bn.bias - torch.Size([2048]): 
Initialized by user-defined `init_weights` in ResNet  

backbone.layer4.0.downsample.conv.weight - torch.Size([2048, 1024, 1, 1]): 
Initialized by user-defined `init_weights` in ResNet  

backbone.layer4.0.downsample.bn.weight - torch.Size([2048]): 
Initialized by user-defined `init_weights` in ResNet  

backbone.layer4.0.downsample.bn.bias - torch.Size([2048]): 
Initialized by user-defined `init_weights` in ResNet  

backbone.layer4.1.conv1.conv.weight - torch.Size([512, 2048, 1, 1]): 
Initialized by user-defined `init_weights` in ResNet  

backbone.layer4.1.conv1.bn.weight - torch.Size([512]): 
Initialized by user-defined `init_weights` in ResNet  

backbone.layer4.1.conv1.bn.bias - torch.Size([512]): 
Initialized by user-defined `init_weights` in ResNet  

backbone.layer4.1.conv2.conv.weight - torch.Size([512, 512, 3, 3]): 
Initialized by user-defined `init_weights` in ResNet  

backbone.layer4.1.conv2.bn.weight - torch.Size([512]): 
Initialized by user-defined `init_weights` in ResNet  

backbone.layer4.1.conv2.bn.bias - torch.Size([512]): 
Initialized by user-defined `init_weights` in ResNet  

backbone.layer4.1.conv3.conv.weight - torch.Size([2048, 512, 1, 1]): 
Initialized by user-defined `init_weights` in ResNet  

backbone.layer4.1.conv3.bn.weight - torch.Size([2048]): 
Initialized by user-defined `init_weights` in ResNet  

backbone.layer4.1.conv3.bn.bias - torch.Size([2048]): 
Initialized by user-defined `init_weights` in ResNet  

backbone.layer4.2.conv1.conv.weight - torch.Size([512, 2048, 1, 1]): 
Initialized by user-defined `init_weights` in ResNet  

backbone.layer4.2.conv1.bn.weight - torch.Size([512]): 
Initialized by user-defined `init_weights` in ResNet  

backbone.layer4.2.conv1.bn.bias - torch.Size([512]): 
Initialized by user-defined `init_weights` in ResNet  

backbone.layer4.2.conv2.conv.weight - torch.Size([512, 512, 3, 3]): 
Initialized by user-defined `init_weights` in ResNet  

backbone.layer4.2.conv2.bn.weight - torch.Size([512]): 
Initialized by user-defined `init_weights` in ResNet  

backbone.layer4.2.conv2.bn.bias - torch.Size([512]): 
Initialized by user-defined `init_weights` in ResNet  

backbone.layer4.2.conv3.conv.weight - torch.Size([2048, 512, 1, 1]): 
Initialized by user-defined `init_weights` in ResNet  

backbone.layer4.2.conv3.bn.weight - torch.Size([2048]): 
Initialized by user-defined `init_weights` in ResNet  

backbone.layer4.2.conv3.bn.bias - torch.Size([2048]): 
Initialized by user-defined `init_weights` in ResNet  

cls_head.fc_cls.weight - torch.Size([2, 2048]): 
Initialized by user-defined `init_weights` in TSNHead  

cls_head.fc_cls.bias - torch.Size([2]): 
Initialized by user-defined `init_weights` in TSNHead  
2024/10/09 11:42:25 - mmengine - INFO - Load checkpoint from https://download.openmmlab.com/mmaction/v1.0/recognition/tsn/tsn_imagenet-pretrained-r50_8xb32-1x1x3-100e_kinetics400-rgb/tsn_imagenet-pretrained-r50_8xb32-1x1x3-100e_kinetics400-rgb_20220906-cd10898e.pth
2024/10/09 11:42:25 - mmengine - WARNING - "FileClient" will be deprecated in future. Please use io functions in https://mmengine.readthedocs.io/en/latest/api/fileio.html#file-io
2024/10/09 11:42:25 - mmengine - WARNING - "HardDiskBackend" is the alias of "LocalBackend" and the former will be deprecated in future.
2024/10/09 11:42:25 - mmengine - INFO - Checkpoints will be saved to /home/node1/Desktop/code/ai/open-mmlab/mmaction2/work_dirs/tsn_imagenet-pretrained-r50_8xb32-1x1x3-100e_kinetics400-rgb.
2024/10/09 11:42:26 - mmengine - INFO - Exp name: tsn_imagenet-pretrained-r50_8xb32-1x1x3-100e_kinetics400-rgb_20241009_114115
2024/10/09 11:42:26 - mmengine - INFO - Epoch(train)  [1][8/8]  lr: 1.0000e-02  eta: 0:00:09  time: 0.1366  data_time: 0.0437  memory: 1229  grad_norm: 9.1108  loss: 0.6694  top1_acc: 0.5000  top5_acc: 1.0000  loss_cls: 0.6694
2024/10/09 11:42:26 - mmengine - INFO - Saving checkpoint at 1 epochs
2024/10/09 11:42:27 - mmengine - INFO - Epoch(val) [1][1/1]    acc/top1: 0.5000  acc/top5: 1.0000  acc/mean1: 0.5000  data_time: 1.0056  time: 1.0592
2024/10/09 11:42:27 - mmengine - INFO - The best checkpoint with 0.5000 acc/top1 at 1 epoch is saved to best_acc_top1_epoch_1.pth.
2024/10/09 11:42:28 - mmengine - INFO - Exp name: tsn_imagenet-pretrained-r50_8xb32-1x1x3-100e_kinetics400-rgb_20241009_114115
2024/10/09 11:42:28 - mmengine - INFO - Epoch(train)  [2][8/8]  lr: 1.0000e-02  eta: 0:00:07  time: 0.1101  data_time: 0.0377  memory: 1229  grad_norm: 11.6900  loss: 0.5720  top1_acc: 1.0000  top5_acc: 1.0000  loss_cls: 0.5720
2024/10/09 11:42:28 - mmengine - INFO - Saving checkpoint at 2 epochs
2024/10/09 11:42:30 - mmengine - INFO - Epoch(val) [2][1/1]    acc/top1: 0.9000  acc/top5: 1.0000  acc/mean1: 0.9000  data_time: 0.9337  time: 0.9828
2024/10/09 11:42:30 - mmengine - INFO - The previous best checkpoint /home/node1/Desktop/code/ai/open-mmlab/mmaction2/work_dirs/tsn_imagenet-pretrained-r50_8xb32-1x1x3-100e_kinetics400-rgb/best_acc_top1_epoch_1.pth is removed
2024/10/09 11:42:30 - mmengine - INFO - The best checkpoint with 0.9000 acc/top1 at 2 epoch is saved to best_acc_top1_epoch_2.pth.
2024/10/09 11:42:31 - mmengine - INFO - Exp name: tsn_imagenet-pretrained-r50_8xb32-1x1x3-100e_kinetics400-rgb_20241009_114115
2024/10/09 11:42:31 - mmengine - INFO - Epoch(train)  [3][8/8]  lr: 1.0000e-02  eta: 0:00:05  time: 0.0803  data_time: 0.0268  memory: 1229  grad_norm: 12.7626  loss: 0.4658  top1_acc: 0.5000  top5_acc: 1.0000  loss_cls: 0.4658
2024/10/09 11:42:31 - mmengine - INFO - Saving checkpoint at 3 epochs
2024/10/09 11:42:33 - mmengine - INFO - Epoch(val) [3][1/1]    acc/top1: 0.9000  acc/top5: 1.0000  acc/mean1: 0.9000  data_time: 0.8598  time: 0.9052
2024/10/09 11:42:33 - mmengine - INFO - Exp name: tsn_imagenet-pretrained-r50_8xb32-1x1x3-100e_kinetics400-rgb_20241009_114115
2024/10/09 11:42:33 - mmengine - INFO - Epoch(train)  [4][8/8]  lr: 1.0000e-02  eta: 0:00:04  time: 0.0791  data_time: 0.0286  memory: 1229  grad_norm: 21.9580  loss: 0.4151  top1_acc: 0.5000  top5_acc: 1.0000  loss_cls: 0.4151
2024/10/09 11:42:33 - mmengine - INFO - Saving checkpoint at 4 epochs
2024/10/09 11:42:35 - mmengine - INFO - Epoch(val) [4][1/1]    acc/top1: 0.5000  acc/top5: 1.0000  acc/mean1: 0.5000  data_time: 0.8559  time: 0.9018
2024/10/09 11:42:35 - mmengine - INFO - Exp name: tsn_imagenet-pretrained-r50_8xb32-1x1x3-100e_kinetics400-rgb_20241009_114115
2024/10/09 11:42:35 - mmengine - INFO - Epoch(train)  [5][8/8]  lr: 1.0000e-03  eta: 0:00:03  time: 0.0785  data_time: 0.0285  memory: 1229  grad_norm: 29.5658  loss: 0.6984  top1_acc: 1.0000  top5_acc: 1.0000  loss_cls: 0.6984
2024/10/09 11:42:35 - mmengine - INFO - Saving checkpoint at 5 epochs
2024/10/09 11:42:37 - mmengine - INFO - Epoch(val) [5][1/1]    acc/top1: 0.7000  acc/top5: 1.0000  acc/mean1: 0.7000  data_time: 0.8546  time: 0.9000
2024/10/09 11:42:37 - mmengine - INFO - Exp name: tsn_imagenet-pretrained-r50_8xb32-1x1x3-100e_kinetics400-rgb_20241009_114115
2024/10/09 11:42:37 - mmengine - INFO - Epoch(train)  [6][8/8]  lr: 1.0000e-03  eta: 0:00:03  time: 0.0784  data_time: 0.0284  memory: 1229  grad_norm: 27.4632  loss: 0.5680  top1_acc: 1.0000  top5_acc: 1.0000  loss_cls: 0.5680
2024/10/09 11:42:37 - mmengine - INFO - Saving checkpoint at 6 epochs
2024/10/09 11:42:39 - mmengine - INFO - Epoch(val) [6][1/1]    acc/top1: 0.8000  acc/top5: 1.0000  acc/mean1: 0.8000  data_time: 0.8560  time: 0.9008
2024/10/09 11:42:39 - mmengine - INFO - Exp name: tsn_imagenet-pretrained-r50_8xb32-1x1x3-100e_kinetics400-rgb_20241009_114115
2024/10/09 11:42:39 - mmengine - INFO - Epoch(train)  [7][8/8]  lr: 1.0000e-03  eta: 0:00:02  time: 0.0790  data_time: 0.0289  memory: 1229  grad_norm: 20.1892  loss: 0.4171  top1_acc: 1.0000  top5_acc: 1.0000  loss_cls: 0.4171
2024/10/09 11:42:39 - mmengine - INFO - Saving checkpoint at 7 epochs
2024/10/09 11:42:41 - mmengine - INFO - Epoch(val) [7][1/1]    acc/top1: 0.8000  acc/top5: 1.0000  acc/mean1: 0.8000  data_time: 0.8546  time: 0.9000
2024/10/09 11:42:41 - mmengine - INFO - Exp name: tsn_imagenet-pretrained-r50_8xb32-1x1x3-100e_kinetics400-rgb_20241009_114115
2024/10/09 11:42:41 - mmengine - INFO - Epoch(train)  [8][8/8]  lr: 1.0000e-03  eta: 0:00:01  time: 0.0763  data_time: 0.0263  memory: 1229  grad_norm: 21.5226  loss: 0.3943  top1_acc: 0.5000  top5_acc: 1.0000  loss_cls: 0.3943
2024/10/09 11:42:41 - mmengine - INFO - Saving checkpoint at 8 epochs
2024/10/09 11:42:43 - mmengine - INFO - Epoch(val) [8][1/1]    acc/top1: 0.8000  acc/top5: 1.0000  acc/mean1: 0.8000  data_time: 0.8534  time: 0.8989
2024/10/09 11:42:43 - mmengine - INFO - Exp name: tsn_imagenet-pretrained-r50_8xb32-1x1x3-100e_kinetics400-rgb_20241009_114115
2024/10/09 11:42:43 - mmengine - INFO - Epoch(train)  [9][8/8]  lr: 1.0000e-04  eta: 0:00:00  time: 0.0789  data_time: 0.0289  memory: 1229  grad_norm: 21.0373  loss: 0.4030  top1_acc: 0.5000  top5_acc: 1.0000  loss_cls: 0.4030
2024/10/09 11:42:43 - mmengine - INFO - Saving checkpoint at 9 epochs
2024/10/09 11:42:45 - mmengine - INFO - Epoch(val) [9][1/1]    acc/top1: 0.8000  acc/top5: 1.0000  acc/mean1: 0.8000  data_time: 0.8553  time: 0.9002
2024/10/09 11:42:45 - mmengine - INFO - Exp name: tsn_imagenet-pretrained-r50_8xb32-1x1x3-100e_kinetics400-rgb_20241009_114115
2024/10/09 11:42:45 - mmengine - INFO - Epoch(train) [10][8/8]  lr: 1.0000e-04  eta: 0:00:00  time: 0.0807  data_time: 0.0307  memory: 1229  grad_norm: 18.6597  loss: 0.3221  top1_acc: 1.0000  top5_acc: 1.0000  loss_cls: 0.3221
2024/10/09 11:42:45 - mmengine - INFO - Saving checkpoint at 10 epochs
2024/10/09 11:42:47 - mmengine - INFO - Epoch(val) [10][1/1]    acc/top1: 0.8000  acc/top5: 1.0000  acc/mean1: 0.8000  data_time: 0.8548  time: 0.8997
