2024/10/27 20:44:41 - mmengine - INFO - 
------------------------------------------------------------
System environment:
    sys.platform: linux
    Python: 3.8.19 (default, Mar 20 2024, 19:58:24) [GCC 11.2.0]
    CUDA available: True
    MUSA available: False
    numpy_random_seed: 3407
    GPU 0: NVIDIA GeForce RTX 4060 Ti
    CUDA_HOME: /usr/local/cuda-11.8
    NVCC: Cuda compilation tools, release 11.8, V11.8.89
    GCC: gcc (Ubuntu 11.4.0-1ubuntu1~22.04) 11.4.0
    PyTorch: 2.4.1
    PyTorch compiling details: PyTorch built with:
  - GCC 9.3
  - C++ Version: 201703
  - Intel(R) oneAPI Math Kernel Library Version 2023.1-Product Build 20230303 for Intel(R) 64 architecture applications
  - Intel(R) MKL-DNN v3.4.2 (Git Hash 1137e04ec0b5251ca2b4400a4fd3c667ce843d67)
  - OpenMP 201511 (a.k.a. OpenMP 4.5)
  - LAPACK is enabled (usually provided by MKL)
  - NNPACK is enabled
  - CPU capability usage: AVX2
  - CUDA Runtime 11.8
  - NVCC architecture flags: -gencode;arch=compute_50,code=sm_50;-gencode;arch=compute_60,code=sm_60;-gencode;arch=compute_61,code=sm_61;-gencode;arch=compute_70,code=sm_70;-gencode;arch=compute_75,code=sm_75;-gencode;arch=compute_80,code=sm_80;-gencode;arch=compute_86,code=sm_86;-gencode;arch=compute_37,code=sm_37;-gencode;arch=compute_90,code=sm_90;-gencode;arch=compute_37,code=compute_37
  - CuDNN 90.1
  - Magma 2.6.1
  - Build settings: BLAS_INFO=mkl, BUILD_TYPE=Release, CUDA_VERSION=11.8, CUDNN_VERSION=9.1.0, CXX_COMPILER=/opt/rh/devtoolset-9/root/usr/bin/c++, CXX_FLAGS= -D_GLIBCXX_USE_CXX11_ABI=0 -fabi-version=11 -fvisibility-inlines-hidden -DUSE_PTHREADPOOL -DNDEBUG -DUSE_KINETO -DLIBKINETO_NOROCTRACER -DUSE_FBGEMM -DUSE_PYTORCH_QNNPACK -DUSE_XNNPACK -DSYMBOLICATE_MOBILE_DEBUG_HANDLE -O2 -fPIC -Wall -Wextra -Werror=return-type -Werror=non-virtual-dtor -Werror=bool-operation -Wnarrowing -Wno-missing-field-initializers -Wno-type-limits -Wno-array-bounds -Wno-unknown-pragmas -Wno-unused-parameter -Wno-unused-function -Wno-unused-result -Wno-strict-overflow -Wno-strict-aliasing -Wno-stringop-overflow -Wsuggest-override -Wno-psabi -Wno-error=pedantic -Wno-error=old-style-cast -Wno-missing-braces -fdiagnostics-color=always -faligned-new -Wno-unused-but-set-variable -Wno-maybe-uninitialized -fno-math-errno -fno-trapping-math -Werror=format -Wno-stringop-overflow, LAPACK_INFO=mkl, PERF_WITH_AVX=1, PERF_WITH_AVX2=1, PERF_WITH_AVX512=1, TORCH_VERSION=2.4.1, USE_CUDA=ON, USE_CUDNN=ON, USE_CUSPARSELT=1, USE_EXCEPTION_PTR=1, USE_GFLAGS=OFF, USE_GLOG=OFF, USE_GLOO=ON, USE_MKL=ON, USE_MKLDNN=ON, USE_MPI=OFF, USE_NCCL=ON, USE_NNPACK=ON, USE_OPENMP=ON, USE_ROCM=OFF, USE_ROCM_KERNEL_ASSERT=OFF, 

    TorchVision: 0.19.1
    OpenCV: 4.10.0
    MMEngine: 0.10.5

Runtime environment:
    cudnn_benchmark: False
    mp_cfg: {'mp_start_method': 'fork', 'opencv_num_threads': 0}
    dist_cfg: {'backend': 'nccl'}
    seed: 3407
    Distributed launcher: none
    Distributed training: False
    GPU number: 1
------------------------------------------------------------

2024/10/27 20:44:41 - mmengine - INFO - Config:
ann_file_train = '/home/node1/Desktop/code/ai/data/sbu/nc_plus_08size_3c_filter/Privacy-zqf/trainPrivacyRaw.txt'
ann_file_val = '/home/node1/Desktop/code/ai/data/sbu/nc_plus_08size_3c_filter/Privacy-zqf/valPrivacyRaw.txt'
auto_scale_lr = dict(base_batch_size=256, enable=False)
data_root = '/home/node1/Desktop/code/ai/data/sbu/nc_plus_08size_3c_filter/data'
data_root_val = '/home/node1/Desktop/code/ai/data/sbu/nc_plus_08size_3c_filter/data'
dataset_type = 'RawframeDataset'
default_hooks = dict(
    checkpoint=dict(
        interval=3, max_keep_ckpts=1, save_best='auto', type='CheckpointHook'),
    logger=dict(ignore_last=False, interval=100, type='LoggerHook'),
    param_scheduler=dict(type='ParamSchedulerHook'),
    runtime_info=dict(type='RuntimeInfoHook'),
    sampler_seed=dict(type='DistSamplerSeedHook'),
    sync_buffers=dict(type='SyncBuffersHook'),
    timer=dict(type='IterTimerHook'))
default_scope = 'mmaction'
env_cfg = dict(
    cudnn_benchmark=False,
    dist_cfg=dict(backend='nccl'),
    mp_cfg=dict(mp_start_method='fork', opencv_num_threads=0))
file_client_args = dict(io_backend='disk')
launcher = 'none'
load_from = None
log_level = 'INFO'
log_processor = dict(custom_cfg=[
    dict(
        data_src='top1_acc',
        log_name='top1_acc_avg',
        method_name='mean',
        window_size='global'),
])
model = dict(
    backbone=dict(
        depth=50,
        norm_eval=False,
        pretrained='https://download.pytorch.org/models/resnet50-11ad3fa6.pth',
        type='ResNet'),
    cls_head=dict(
        average_clips='score',
        in_channels=2048,
        init_std=0.01,
        num_classes=13,
        type='SoftmaxHead'),
    data_preprocessor=dict(
        format_shape='NCHW',
        mean=[
            123.675,
            116.28,
            103.53,
        ],
        std=[
            58.395,
            57.12,
            57.375,
        ],
        type='ActionDataPreprocessor'),
    test_cfg=None,
    train_cfg=None,
    type='Recognizer2D')
optim_wrapper = dict(
    clip_grad=dict(max_norm=40, norm_type=2),
    loss_scale='dynamic',
    optimizer=dict(lr=0.01, momentum=0.9, type='SGD', weight_decay=0.0001),
    type='AmpOptimWrapper')
param_scheduler = [
    dict(
        T_max=50,
        begin=0,
        by_epoch=True,
        end=50,
        eta_min=0,
        type='CosineAnnealingLR'),
]
randomness = dict(seed=3407)
resume = False
test_cfg = dict(type='TestLoop')
test_dataloader = dict(
    batch_size=1,
    dataset=dict(
        ann_file=
        '/home/node1/Desktop/code/ai/data/sbu/nc_plus_08size_3c_filter/Privacy-zqf/valPrivacyRaw.txt',
        data_prefix=dict(
            img=
            '/home/node1/Desktop/code/ai/data/sbu/nc_plus_08size_3c_filter/data'
        ),
        filename_tmpl='{:06}.png',
        pipeline=[
            dict(
                clip_len=1,
                frame_interval=1,
                num_clips=25,
                test_mode=True,
                type='SampleFrames'),
            dict(io_backend='disk', type='RawFrameDecode'),
            dict(scale=(
                -1,
                256,
            ), type='Resize'),
            dict(crop_size=224, type='TenCrop'),
            dict(input_format='NCHW', type='FormatShape'),
            dict(type='PackActionInputs'),
        ],
        test_mode=True,
        type='RawframeDataset'),
    num_workers=8,
    persistent_workers=True,
    sampler=dict(shuffle=False, type='DefaultSampler'))
test_evaluator = dict(type='AccMetric')
test_pipeline = [
    dict(
        clip_len=1,
        frame_interval=1,
        num_clips=25,
        test_mode=True,
        type='SampleFrames'),
    dict(io_backend='disk', type='RawFrameDecode'),
    dict(scale=(
        -1,
        256,
    ), type='Resize'),
    dict(crop_size=224, type='TenCrop'),
    dict(input_format='NCHW', type='FormatShape'),
    dict(type='PackActionInputs'),
]
train_cfg = dict(
    max_epochs=50, type='EpochBasedTrainLoop', val_begin=1, val_interval=1)
train_dataloader = dict(
    batch_size=50,
    dataset=dict(
        ann_file=
        '/home/node1/Desktop/code/ai/data/sbu/nc_plus_08size_3c_filter/Privacy-zqf/trainPrivacyRaw.txt',
        data_prefix=dict(
            img=
            '/home/node1/Desktop/code/ai/data/sbu/nc_plus_08size_3c_filter/data'
        ),
        filename_tmpl='{:06}.png',
        pipeline=[
            dict(
                clip_len=1, frame_interval=1, num_clips=6,
                type='SampleFrames'),
            dict(io_backend='disk', type='RawFrameDecode'),
            dict(scale=(
                -1,
                256,
            ), type='Resize'),
            dict(
                input_size=224,
                max_wh_scale_gap=1,
                random_crop=False,
                scales=(
                    1,
                    0.875,
                    0.75,
                    0.5,
                ),
                type='MultiScaleCrop'),
            dict(keep_ratio=False, scale=(
                224,
                224,
            ), type='Resize'),
            dict(input_format='NCHW', type='FormatShape'),
            dict(type='PackActionInputs'),
        ],
        type='RawframeDataset'),
    num_workers=8,
    persistent_workers=True,
    sampler=dict(shuffle=True, type='DefaultSampler'))
train_pipeline = [
    dict(clip_len=1, frame_interval=1, num_clips=6, type='SampleFrames'),
    dict(io_backend='disk', type='RawFrameDecode'),
    dict(scale=(
        -1,
        256,
    ), type='Resize'),
    dict(
        input_size=224,
        max_wh_scale_gap=1,
        random_crop=False,
        scales=(
            1,
            0.875,
            0.75,
            0.5,
        ),
        type='MultiScaleCrop'),
    dict(keep_ratio=False, scale=(
        224,
        224,
    ), type='Resize'),
    dict(input_format='NCHW', type='FormatShape'),
    dict(type='PackActionInputs'),
]
val_cfg = dict(type='ValLoop')
val_dataloader = dict(
    batch_size=16,
    dataset=dict(
        ann_file=
        '/home/node1/Desktop/code/ai/data/sbu/nc_plus_08size_3c_filter/Privacy-zqf/valPrivacyRaw.txt',
        data_prefix=dict(
            img=
            '/home/node1/Desktop/code/ai/data/sbu/nc_plus_08size_3c_filter/data'
        ),
        filename_tmpl='{:06}.png',
        pipeline=[
            dict(
                clip_len=1,
                frame_interval=1,
                num_clips=6,
                test_mode=True,
                type='SampleFrames'),
            dict(io_backend='disk', type='RawFrameDecode'),
            dict(scale=(
                -1,
                256,
            ), type='Resize'),
            dict(crop_size=224, type='CenterCrop'),
            dict(input_format='NCHW', type='FormatShape'),
            dict(type='PackActionInputs'),
        ],
        test_mode=True,
        type='RawframeDataset'),
    num_workers=8,
    persistent_workers=True,
    sampler=dict(shuffle=False, type='DefaultSampler'))
val_evaluator = dict(type='AccMetric')
val_pipeline = [
    dict(
        clip_len=1,
        frame_interval=1,
        num_clips=6,
        test_mode=True,
        type='SampleFrames'),
    dict(io_backend='disk', type='RawFrameDecode'),
    dict(scale=(
        -1,
        256,
    ), type='Resize'),
    dict(crop_size=224, type='CenterCrop'),
    dict(input_format='NCHW', type='FormatShape'),
    dict(type='PackActionInputs'),
]
vis_backends = [
    dict(type='LocalVisBackend'),
]
visualizer = dict(
    type='ActionVisualizer', vis_backends=[
        dict(type='LocalVisBackend'),
    ])
work_dir = '/home/node1/Desktop/code/ai/open-mmlab/mmaction2/work_dirs/resnet_cls_softmax_privacy_08-zqf2'

2024/10/27 20:44:42 - mmengine - INFO - Distributed training is not used, all SyncBatchNorm (SyncBN) layers in the model will be automatically reverted to BatchNormXd layers if they are used.
2024/10/27 20:44:42 - mmengine - INFO - Hooks will be executed in the following order:
before_run:
(VERY_HIGH   ) RuntimeInfoHook                    
(BELOW_NORMAL) LoggerHook                         
 -------------------- 
before_train:
(VERY_HIGH   ) RuntimeInfoHook                    
(NORMAL      ) IterTimerHook                      
(VERY_LOW    ) CheckpointHook                     
 -------------------- 
before_train_epoch:
(VERY_HIGH   ) RuntimeInfoHook                    
(NORMAL      ) IterTimerHook                      
(NORMAL      ) DistSamplerSeedHook                
 -------------------- 
before_train_iter:
(VERY_HIGH   ) RuntimeInfoHook                    
(NORMAL      ) IterTimerHook                      
 -------------------- 
after_train_iter:
(VERY_HIGH   ) RuntimeInfoHook                    
(NORMAL      ) IterTimerHook                      
(BELOW_NORMAL) LoggerHook                         
(LOW         ) ParamSchedulerHook                 
(VERY_LOW    ) CheckpointHook                     
 -------------------- 
after_train_epoch:
(NORMAL      ) IterTimerHook                      
(NORMAL      ) SyncBuffersHook                    
(LOW         ) ParamSchedulerHook                 
(VERY_LOW    ) CheckpointHook                     
 -------------------- 
before_val:
(VERY_HIGH   ) RuntimeInfoHook                    
 -------------------- 
before_val_epoch:
(NORMAL      ) IterTimerHook                      
(NORMAL      ) SyncBuffersHook                    
 -------------------- 
before_val_iter:
(NORMAL      ) IterTimerHook                      
 -------------------- 
after_val_iter:
(NORMAL      ) IterTimerHook                      
(BELOW_NORMAL) LoggerHook                         
 -------------------- 
after_val_epoch:
(VERY_HIGH   ) RuntimeInfoHook                    
(NORMAL      ) IterTimerHook                      
(BELOW_NORMAL) LoggerHook                         
(LOW         ) ParamSchedulerHook                 
(VERY_LOW    ) CheckpointHook                     
 -------------------- 
after_val:
(VERY_HIGH   ) RuntimeInfoHook                    
 -------------------- 
after_train:
(VERY_HIGH   ) RuntimeInfoHook                    
(VERY_LOW    ) CheckpointHook                     
 -------------------- 
before_test:
(VERY_HIGH   ) RuntimeInfoHook                    
 -------------------- 
before_test_epoch:
(NORMAL      ) IterTimerHook                      
 -------------------- 
before_test_iter:
(NORMAL      ) IterTimerHook                      
 -------------------- 
after_test_iter:
(NORMAL      ) IterTimerHook                      
(BELOW_NORMAL) LoggerHook                         
 -------------------- 
after_test_epoch:
(VERY_HIGH   ) RuntimeInfoHook                    
(NORMAL      ) IterTimerHook                      
(BELOW_NORMAL) LoggerHook                         
 -------------------- 
after_test:
(VERY_HIGH   ) RuntimeInfoHook                    
 -------------------- 
after_run:
(BELOW_NORMAL) LoggerHook                         
 -------------------- 
2024/10/27 20:44:42 - mmengine - INFO - These parameters in pretrained checkpoint are not loaded: {'fc.weight', 'fc.bias'}
Name of parameter - Initialization information

backbone.conv1.conv.weight - torch.Size([64, 3, 7, 7]): 
Initialized by user-defined `init_weights` in ResNet  

backbone.conv1.bn.weight - torch.Size([64]): 
Initialized by user-defined `init_weights` in ResNet  

backbone.conv1.bn.bias - torch.Size([64]): 
Initialized by user-defined `init_weights` in ResNet  

backbone.layer1.0.conv1.conv.weight - torch.Size([64, 64, 1, 1]): 
Initialized by user-defined `init_weights` in ResNet  

backbone.layer1.0.conv1.bn.weight - torch.Size([64]): 
Initialized by user-defined `init_weights` in ResNet  

backbone.layer1.0.conv1.bn.bias - torch.Size([64]): 
Initialized by user-defined `init_weights` in ResNet  

backbone.layer1.0.conv2.conv.weight - torch.Size([64, 64, 3, 3]): 
Initialized by user-defined `init_weights` in ResNet  

backbone.layer1.0.conv2.bn.weight - torch.Size([64]): 
Initialized by user-defined `init_weights` in ResNet  

backbone.layer1.0.conv2.bn.bias - torch.Size([64]): 
Initialized by user-defined `init_weights` in ResNet  

backbone.layer1.0.conv3.conv.weight - torch.Size([256, 64, 1, 1]): 
Initialized by user-defined `init_weights` in ResNet  

backbone.layer1.0.conv3.bn.weight - torch.Size([256]): 
Initialized by user-defined `init_weights` in ResNet  

backbone.layer1.0.conv3.bn.bias - torch.Size([256]): 
Initialized by user-defined `init_weights` in ResNet  

backbone.layer1.0.downsample.conv.weight - torch.Size([256, 64, 1, 1]): 
Initialized by user-defined `init_weights` in ResNet  

backbone.layer1.0.downsample.bn.weight - torch.Size([256]): 
Initialized by user-defined `init_weights` in ResNet  

backbone.layer1.0.downsample.bn.bias - torch.Size([256]): 
Initialized by user-defined `init_weights` in ResNet  

backbone.layer1.1.conv1.conv.weight - torch.Size([64, 256, 1, 1]): 
Initialized by user-defined `init_weights` in ResNet  

backbone.layer1.1.conv1.bn.weight - torch.Size([64]): 
Initialized by user-defined `init_weights` in ResNet  

backbone.layer1.1.conv1.bn.bias - torch.Size([64]): 
Initialized by user-defined `init_weights` in ResNet  

backbone.layer1.1.conv2.conv.weight - torch.Size([64, 64, 3, 3]): 
Initialized by user-defined `init_weights` in ResNet  

backbone.layer1.1.conv2.bn.weight - torch.Size([64]): 
Initialized by user-defined `init_weights` in ResNet  

backbone.layer1.1.conv2.bn.bias - torch.Size([64]): 
Initialized by user-defined `init_weights` in ResNet  

backbone.layer1.1.conv3.conv.weight - torch.Size([256, 64, 1, 1]): 
Initialized by user-defined `init_weights` in ResNet  

backbone.layer1.1.conv3.bn.weight - torch.Size([256]): 
Initialized by user-defined `init_weights` in ResNet  

backbone.layer1.1.conv3.bn.bias - torch.Size([256]): 
Initialized by user-defined `init_weights` in ResNet  

backbone.layer1.2.conv1.conv.weight - torch.Size([64, 256, 1, 1]): 
Initialized by user-defined `init_weights` in ResNet  

backbone.layer1.2.conv1.bn.weight - torch.Size([64]): 
Initialized by user-defined `init_weights` in ResNet  

backbone.layer1.2.conv1.bn.bias - torch.Size([64]): 
Initialized by user-defined `init_weights` in ResNet  

backbone.layer1.2.conv2.conv.weight - torch.Size([64, 64, 3, 3]): 
Initialized by user-defined `init_weights` in ResNet  

backbone.layer1.2.conv2.bn.weight - torch.Size([64]): 
Initialized by user-defined `init_weights` in ResNet  

backbone.layer1.2.conv2.bn.bias - torch.Size([64]): 
Initialized by user-defined `init_weights` in ResNet  

backbone.layer1.2.conv3.conv.weight - torch.Size([256, 64, 1, 1]): 
Initialized by user-defined `init_weights` in ResNet  

backbone.layer1.2.conv3.bn.weight - torch.Size([256]): 
Initialized by user-defined `init_weights` in ResNet  

backbone.layer1.2.conv3.bn.bias - torch.Size([256]): 
Initialized by user-defined `init_weights` in ResNet  

backbone.layer2.0.conv1.conv.weight - torch.Size([128, 256, 1, 1]): 
Initialized by user-defined `init_weights` in ResNet  

backbone.layer2.0.conv1.bn.weight - torch.Size([128]): 
Initialized by user-defined `init_weights` in ResNet  

backbone.layer2.0.conv1.bn.bias - torch.Size([128]): 
Initialized by user-defined `init_weights` in ResNet  

backbone.layer2.0.conv2.conv.weight - torch.Size([128, 128, 3, 3]): 
Initialized by user-defined `init_weights` in ResNet  

backbone.layer2.0.conv2.bn.weight - torch.Size([128]): 
Initialized by user-defined `init_weights` in ResNet  

backbone.layer2.0.conv2.bn.bias - torch.Size([128]): 
Initialized by user-defined `init_weights` in ResNet  

backbone.layer2.0.conv3.conv.weight - torch.Size([512, 128, 1, 1]): 
Initialized by user-defined `init_weights` in ResNet  

backbone.layer2.0.conv3.bn.weight - torch.Size([512]): 
Initialized by user-defined `init_weights` in ResNet  

backbone.layer2.0.conv3.bn.bias - torch.Size([512]): 
Initialized by user-defined `init_weights` in ResNet  

backbone.layer2.0.downsample.conv.weight - torch.Size([512, 256, 1, 1]): 
Initialized by user-defined `init_weights` in ResNet  

backbone.layer2.0.downsample.bn.weight - torch.Size([512]): 
Initialized by user-defined `init_weights` in ResNet  

backbone.layer2.0.downsample.bn.bias - torch.Size([512]): 
Initialized by user-defined `init_weights` in ResNet  

backbone.layer2.1.conv1.conv.weight - torch.Size([128, 512, 1, 1]): 
Initialized by user-defined `init_weights` in ResNet  

backbone.layer2.1.conv1.bn.weight - torch.Size([128]): 
Initialized by user-defined `init_weights` in ResNet  

backbone.layer2.1.conv1.bn.bias - torch.Size([128]): 
Initialized by user-defined `init_weights` in ResNet  

backbone.layer2.1.conv2.conv.weight - torch.Size([128, 128, 3, 3]): 
Initialized by user-defined `init_weights` in ResNet  

backbone.layer2.1.conv2.bn.weight - torch.Size([128]): 
Initialized by user-defined `init_weights` in ResNet  

backbone.layer2.1.conv2.bn.bias - torch.Size([128]): 
Initialized by user-defined `init_weights` in ResNet  

backbone.layer2.1.conv3.conv.weight - torch.Size([512, 128, 1, 1]): 
Initialized by user-defined `init_weights` in ResNet  

backbone.layer2.1.conv3.bn.weight - torch.Size([512]): 
Initialized by user-defined `init_weights` in ResNet  

backbone.layer2.1.conv3.bn.bias - torch.Size([512]): 
Initialized by user-defined `init_weights` in ResNet  

backbone.layer2.2.conv1.conv.weight - torch.Size([128, 512, 1, 1]): 
Initialized by user-defined `init_weights` in ResNet  

backbone.layer2.2.conv1.bn.weight - torch.Size([128]): 
Initialized by user-defined `init_weights` in ResNet  

backbone.layer2.2.conv1.bn.bias - torch.Size([128]): 
Initialized by user-defined `init_weights` in ResNet  

backbone.layer2.2.conv2.conv.weight - torch.Size([128, 128, 3, 3]): 
Initialized by user-defined `init_weights` in ResNet  

backbone.layer2.2.conv2.bn.weight - torch.Size([128]): 
Initialized by user-defined `init_weights` in ResNet  

backbone.layer2.2.conv2.bn.bias - torch.Size([128]): 
Initialized by user-defined `init_weights` in ResNet  

backbone.layer2.2.conv3.conv.weight - torch.Size([512, 128, 1, 1]): 
Initialized by user-defined `init_weights` in ResNet  

backbone.layer2.2.conv3.bn.weight - torch.Size([512]): 
Initialized by user-defined `init_weights` in ResNet  

backbone.layer2.2.conv3.bn.bias - torch.Size([512]): 
Initialized by user-defined `init_weights` in ResNet  

backbone.layer2.3.conv1.conv.weight - torch.Size([128, 512, 1, 1]): 
Initialized by user-defined `init_weights` in ResNet  

backbone.layer2.3.conv1.bn.weight - torch.Size([128]): 
Initialized by user-defined `init_weights` in ResNet  

backbone.layer2.3.conv1.bn.bias - torch.Size([128]): 
Initialized by user-defined `init_weights` in ResNet  

backbone.layer2.3.conv2.conv.weight - torch.Size([128, 128, 3, 3]): 
Initialized by user-defined `init_weights` in ResNet  

backbone.layer2.3.conv2.bn.weight - torch.Size([128]): 
Initialized by user-defined `init_weights` in ResNet  

backbone.layer2.3.conv2.bn.bias - torch.Size([128]): 
Initialized by user-defined `init_weights` in ResNet  

backbone.layer2.3.conv3.conv.weight - torch.Size([512, 128, 1, 1]): 
Initialized by user-defined `init_weights` in ResNet  

backbone.layer2.3.conv3.bn.weight - torch.Size([512]): 
Initialized by user-defined `init_weights` in ResNet  

backbone.layer2.3.conv3.bn.bias - torch.Size([512]): 
Initialized by user-defined `init_weights` in ResNet  

backbone.layer3.0.conv1.conv.weight - torch.Size([256, 512, 1, 1]): 
Initialized by user-defined `init_weights` in ResNet  

backbone.layer3.0.conv1.bn.weight - torch.Size([256]): 
Initialized by user-defined `init_weights` in ResNet  

backbone.layer3.0.conv1.bn.bias - torch.Size([256]): 
Initialized by user-defined `init_weights` in ResNet  

backbone.layer3.0.conv2.conv.weight - torch.Size([256, 256, 3, 3]): 
Initialized by user-defined `init_weights` in ResNet  

backbone.layer3.0.conv2.bn.weight - torch.Size([256]): 
Initialized by user-defined `init_weights` in ResNet  

backbone.layer3.0.conv2.bn.bias - torch.Size([256]): 
Initialized by user-defined `init_weights` in ResNet  

backbone.layer3.0.conv3.conv.weight - torch.Size([1024, 256, 1, 1]): 
Initialized by user-defined `init_weights` in ResNet  

backbone.layer3.0.conv3.bn.weight - torch.Size([1024]): 
Initialized by user-defined `init_weights` in ResNet  

backbone.layer3.0.conv3.bn.bias - torch.Size([1024]): 
Initialized by user-defined `init_weights` in ResNet  

backbone.layer3.0.downsample.conv.weight - torch.Size([1024, 512, 1, 1]): 
Initialized by user-defined `init_weights` in ResNet  

backbone.layer3.0.downsample.bn.weight - torch.Size([1024]): 
Initialized by user-defined `init_weights` in ResNet  

backbone.layer3.0.downsample.bn.bias - torch.Size([1024]): 
Initialized by user-defined `init_weights` in ResNet  

backbone.layer3.1.conv1.conv.weight - torch.Size([256, 1024, 1, 1]): 
Initialized by user-defined `init_weights` in ResNet  

backbone.layer3.1.conv1.bn.weight - torch.Size([256]): 
Initialized by user-defined `init_weights` in ResNet  

backbone.layer3.1.conv1.bn.bias - torch.Size([256]): 
Initialized by user-defined `init_weights` in ResNet  

backbone.layer3.1.conv2.conv.weight - torch.Size([256, 256, 3, 3]): 
Initialized by user-defined `init_weights` in ResNet  

backbone.layer3.1.conv2.bn.weight - torch.Size([256]): 
Initialized by user-defined `init_weights` in ResNet  

backbone.layer3.1.conv2.bn.bias - torch.Size([256]): 
Initialized by user-defined `init_weights` in ResNet  

backbone.layer3.1.conv3.conv.weight - torch.Size([1024, 256, 1, 1]): 
Initialized by user-defined `init_weights` in ResNet  

backbone.layer3.1.conv3.bn.weight - torch.Size([1024]): 
Initialized by user-defined `init_weights` in ResNet  

backbone.layer3.1.conv3.bn.bias - torch.Size([1024]): 
Initialized by user-defined `init_weights` in ResNet  

backbone.layer3.2.conv1.conv.weight - torch.Size([256, 1024, 1, 1]): 
Initialized by user-defined `init_weights` in ResNet  

backbone.layer3.2.conv1.bn.weight - torch.Size([256]): 
Initialized by user-defined `init_weights` in ResNet  

backbone.layer3.2.conv1.bn.bias - torch.Size([256]): 
Initialized by user-defined `init_weights` in ResNet  

backbone.layer3.2.conv2.conv.weight - torch.Size([256, 256, 3, 3]): 
Initialized by user-defined `init_weights` in ResNet  

backbone.layer3.2.conv2.bn.weight - torch.Size([256]): 
Initialized by user-defined `init_weights` in ResNet  

backbone.layer3.2.conv2.bn.bias - torch.Size([256]): 
Initialized by user-defined `init_weights` in ResNet  

backbone.layer3.2.conv3.conv.weight - torch.Size([1024, 256, 1, 1]): 
Initialized by user-defined `init_weights` in ResNet  

backbone.layer3.2.conv3.bn.weight - torch.Size([1024]): 
Initialized by user-defined `init_weights` in ResNet  

backbone.layer3.2.conv3.bn.bias - torch.Size([1024]): 
Initialized by user-defined `init_weights` in ResNet  

backbone.layer3.3.conv1.conv.weight - torch.Size([256, 1024, 1, 1]): 
Initialized by user-defined `init_weights` in ResNet  

backbone.layer3.3.conv1.bn.weight - torch.Size([256]): 
Initialized by user-defined `init_weights` in ResNet  

backbone.layer3.3.conv1.bn.bias - torch.Size([256]): 
Initialized by user-defined `init_weights` in ResNet  

backbone.layer3.3.conv2.conv.weight - torch.Size([256, 256, 3, 3]): 
Initialized by user-defined `init_weights` in ResNet  

backbone.layer3.3.conv2.bn.weight - torch.Size([256]): 
Initialized by user-defined `init_weights` in ResNet  

backbone.layer3.3.conv2.bn.bias - torch.Size([256]): 
Initialized by user-defined `init_weights` in ResNet  

backbone.layer3.3.conv3.conv.weight - torch.Size([1024, 256, 1, 1]): 
Initialized by user-defined `init_weights` in ResNet  

backbone.layer3.3.conv3.bn.weight - torch.Size([1024]): 
Initialized by user-defined `init_weights` in ResNet  

backbone.layer3.3.conv3.bn.bias - torch.Size([1024]): 
Initialized by user-defined `init_weights` in ResNet  

backbone.layer3.4.conv1.conv.weight - torch.Size([256, 1024, 1, 1]): 
Initialized by user-defined `init_weights` in ResNet  

backbone.layer3.4.conv1.bn.weight - torch.Size([256]): 
Initialized by user-defined `init_weights` in ResNet  

backbone.layer3.4.conv1.bn.bias - torch.Size([256]): 
Initialized by user-defined `init_weights` in ResNet  

backbone.layer3.4.conv2.conv.weight - torch.Size([256, 256, 3, 3]): 
Initialized by user-defined `init_weights` in ResNet  

backbone.layer3.4.conv2.bn.weight - torch.Size([256]): 
Initialized by user-defined `init_weights` in ResNet  

backbone.layer3.4.conv2.bn.bias - torch.Size([256]): 
Initialized by user-defined `init_weights` in ResNet  

backbone.layer3.4.conv3.conv.weight - torch.Size([1024, 256, 1, 1]): 
Initialized by user-defined `init_weights` in ResNet  

backbone.layer3.4.conv3.bn.weight - torch.Size([1024]): 
Initialized by user-defined `init_weights` in ResNet  

backbone.layer3.4.conv3.bn.bias - torch.Size([1024]): 
Initialized by user-defined `init_weights` in ResNet  

backbone.layer3.5.conv1.conv.weight - torch.Size([256, 1024, 1, 1]): 
Initialized by user-defined `init_weights` in ResNet  

backbone.layer3.5.conv1.bn.weight - torch.Size([256]): 
Initialized by user-defined `init_weights` in ResNet  

backbone.layer3.5.conv1.bn.bias - torch.Size([256]): 
Initialized by user-defined `init_weights` in ResNet  

backbone.layer3.5.conv2.conv.weight - torch.Size([256, 256, 3, 3]): 
Initialized by user-defined `init_weights` in ResNet  

backbone.layer3.5.conv2.bn.weight - torch.Size([256]): 
Initialized by user-defined `init_weights` in ResNet  

backbone.layer3.5.conv2.bn.bias - torch.Size([256]): 
Initialized by user-defined `init_weights` in ResNet  

backbone.layer3.5.conv3.conv.weight - torch.Size([1024, 256, 1, 1]): 
Initialized by user-defined `init_weights` in ResNet  

backbone.layer3.5.conv3.bn.weight - torch.Size([1024]): 
Initialized by user-defined `init_weights` in ResNet  

backbone.layer3.5.conv3.bn.bias - torch.Size([1024]): 
Initialized by user-defined `init_weights` in ResNet  

backbone.layer4.0.conv1.conv.weight - torch.Size([512, 1024, 1, 1]): 
Initialized by user-defined `init_weights` in ResNet  

backbone.layer4.0.conv1.bn.weight - torch.Size([512]): 
Initialized by user-defined `init_weights` in ResNet  

backbone.layer4.0.conv1.bn.bias - torch.Size([512]): 
Initialized by user-defined `init_weights` in ResNet  

backbone.layer4.0.conv2.conv.weight - torch.Size([512, 512, 3, 3]): 
Initialized by user-defined `init_weights` in ResNet  

backbone.layer4.0.conv2.bn.weight - torch.Size([512]): 
Initialized by user-defined `init_weights` in ResNet  

backbone.layer4.0.conv2.bn.bias - torch.Size([512]): 
Initialized by user-defined `init_weights` in ResNet  

backbone.layer4.0.conv3.conv.weight - torch.Size([2048, 512, 1, 1]): 
Initialized by user-defined `init_weights` in ResNet  

backbone.layer4.0.conv3.bn.weight - torch.Size([2048]): 
Initialized by user-defined `init_weights` in ResNet  

backbone.layer4.0.conv3.bn.bias - torch.Size([2048]): 
Initialized by user-defined `init_weights` in ResNet  

backbone.layer4.0.downsample.conv.weight - torch.Size([2048, 1024, 1, 1]): 
Initialized by user-defined `init_weights` in ResNet  

backbone.layer4.0.downsample.bn.weight - torch.Size([2048]): 
Initialized by user-defined `init_weights` in ResNet  

backbone.layer4.0.downsample.bn.bias - torch.Size([2048]): 
Initialized by user-defined `init_weights` in ResNet  

backbone.layer4.1.conv1.conv.weight - torch.Size([512, 2048, 1, 1]): 
Initialized by user-defined `init_weights` in ResNet  

backbone.layer4.1.conv1.bn.weight - torch.Size([512]): 
Initialized by user-defined `init_weights` in ResNet  

backbone.layer4.1.conv1.bn.bias - torch.Size([512]): 
Initialized by user-defined `init_weights` in ResNet  

backbone.layer4.1.conv2.conv.weight - torch.Size([512, 512, 3, 3]): 
Initialized by user-defined `init_weights` in ResNet  

backbone.layer4.1.conv2.bn.weight - torch.Size([512]): 
Initialized by user-defined `init_weights` in ResNet  

backbone.layer4.1.conv2.bn.bias - torch.Size([512]): 
Initialized by user-defined `init_weights` in ResNet  

backbone.layer4.1.conv3.conv.weight - torch.Size([2048, 512, 1, 1]): 
Initialized by user-defined `init_weights` in ResNet  

backbone.layer4.1.conv3.bn.weight - torch.Size([2048]): 
Initialized by user-defined `init_weights` in ResNet  

backbone.layer4.1.conv3.bn.bias - torch.Size([2048]): 
Initialized by user-defined `init_weights` in ResNet  

backbone.layer4.2.conv1.conv.weight - torch.Size([512, 2048, 1, 1]): 
Initialized by user-defined `init_weights` in ResNet  

backbone.layer4.2.conv1.bn.weight - torch.Size([512]): 
Initialized by user-defined `init_weights` in ResNet  

backbone.layer4.2.conv1.bn.bias - torch.Size([512]): 
Initialized by user-defined `init_weights` in ResNet  

backbone.layer4.2.conv2.conv.weight - torch.Size([512, 512, 3, 3]): 
Initialized by user-defined `init_weights` in ResNet  

backbone.layer4.2.conv2.bn.weight - torch.Size([512]): 
Initialized by user-defined `init_weights` in ResNet  

backbone.layer4.2.conv2.bn.bias - torch.Size([512]): 
Initialized by user-defined `init_weights` in ResNet  

backbone.layer4.2.conv3.conv.weight - torch.Size([2048, 512, 1, 1]): 
Initialized by user-defined `init_weights` in ResNet  

backbone.layer4.2.conv3.bn.weight - torch.Size([2048]): 
Initialized by user-defined `init_weights` in ResNet  

backbone.layer4.2.conv3.bn.bias - torch.Size([2048]): 
Initialized by user-defined `init_weights` in ResNet  

cls_head.fc_cls.weight - torch.Size([13, 2048]): 
Initialized by user-defined `init_weights` in SoftmaxHead  

cls_head.fc_cls.bias - torch.Size([13]): 
Initialized by user-defined `init_weights` in SoftmaxHead  
2024/10/27 20:44:42 - mmengine - WARNING - "FileClient" will be deprecated in future. Please use io functions in https://mmengine.readthedocs.io/en/latest/api/fileio.html#file-io
2024/10/27 20:44:42 - mmengine - WARNING - "HardDiskBackend" is the alias of "LocalBackend" and the former will be deprecated in future.
2024/10/27 20:44:42 - mmengine - INFO - Checkpoints will be saved to /home/node1/Desktop/code/ai/open-mmlab/mmaction2/work_dirs/resnet_cls_softmax_privacy_08-zqf2.
2024/10/27 20:44:45 - mmengine - INFO - Exp name: resnet_cls_softmax_privacy_08-zqf2_20241027_204440
2024/10/27 20:44:45 - mmengine - INFO - Epoch(train)  [1][4/4]  lr: 1.0000e-02  eta: 0:02:28  time: 0.7577  data_time: 0.0951  memory: 13068  grad_norm: 2.8826  loss: 2.5690  top1_acc: 0.0789  top5_acc: 0.4474  loss_cls: 2.5690  top1_acc_avg: 0.0547
2024/10/27 20:44:46 - mmengine - INFO - Epoch(val) [1][6/6]    acc/top1: 0.1277  acc/top5: 0.4787  acc/mean1: 0.1026  data_time: 0.0340  time: 0.1886
2024/10/27 20:44:47 - mmengine - INFO - The best checkpoint with 0.1277 acc/top1 at 1 epoch is saved to best_acc_top1_epoch_1.pth.
2024/10/27 20:44:49 - mmengine - INFO - Exp name: resnet_cls_softmax_privacy_08-zqf2_20241027_204440
2024/10/27 20:44:49 - mmengine - INFO - Epoch(train)  [2][4/4]  lr: 9.9901e-03  eta: 0:02:17  time: 0.7139  data_time: 0.0741  memory: 13068  grad_norm: 2.2621  loss: 2.5490  top1_acc: 0.0789  top5_acc: 0.5000  loss_cls: 2.5490  top1_acc_avg: 0.0872
2024/10/27 20:44:50 - mmengine - INFO - Epoch(val) [2][6/6]    acc/top1: 0.0426  acc/top5: 0.4681  acc/mean1: 0.0481  data_time: 0.0111  time: 0.1606
2024/10/27 20:44:53 - mmengine - INFO - Exp name: resnet_cls_softmax_privacy_08-zqf2_20241027_204440
2024/10/27 20:44:53 - mmengine - INFO - Epoch(train)  [3][4/4]  lr: 9.9606e-03  eta: 0:02:11  time: 0.6521  data_time: 0.0451  memory: 13068  grad_norm: 1.8640  loss: 2.5284  top1_acc: 0.0789  top5_acc: 0.4474  loss_cls: 2.5284  top1_acc_avg: 0.0997
2024/10/27 20:44:53 - mmengine - INFO - Saving checkpoint at 3 epochs
2024/10/27 20:44:54 - mmengine - INFO - Epoch(val) [3][6/6]    acc/top1: 0.0638  acc/top5: 0.4362  acc/mean1: 0.0769  data_time: 0.0117  time: 0.1611
2024/10/27 20:44:57 - mmengine - INFO - Exp name: resnet_cls_softmax_privacy_08-zqf2_20241027_204440
2024/10/27 20:44:57 - mmengine - INFO - Epoch(train)  [4][4/4]  lr: 9.9114e-03  eta: 0:02:07  time: 0.6505  data_time: 0.0447  memory: 13068  grad_norm: 1.6823  loss: 2.5062  top1_acc: 0.1579  top5_acc: 0.5000  loss_cls: 2.5062  top1_acc_avg: 0.1072
2024/10/27 20:44:58 - mmengine - INFO - Epoch(val) [4][6/6]    acc/top1: 0.0532  acc/top5: 0.4468  acc/mean1: 0.0865  data_time: 0.0116  time: 0.1602
2024/10/27 20:45:01 - mmengine - INFO - Exp name: resnet_cls_softmax_privacy_08-zqf2_20241027_204440
2024/10/27 20:45:01 - mmengine - INFO - Epoch(train)  [5][4/4]  lr: 9.8429e-03  eta: 0:02:03  time: 0.6492  data_time: 0.0439  memory: 13068  grad_norm: 1.7938  loss: 2.4988  top1_acc: 0.0263  top5_acc: 0.5000  loss_cls: 2.4988  top1_acc_avg: 0.1101
2024/10/27 20:45:02 - mmengine - INFO - Epoch(val) [5][6/6]    acc/top1: 0.0745  acc/top5: 0.4255  acc/mean1: 0.1058  data_time: 0.0112  time: 0.1603
2024/10/27 20:45:04 - mmengine - INFO - Exp name: resnet_cls_softmax_privacy_08-zqf2_20241027_204440
2024/10/27 20:45:04 - mmengine - INFO - Epoch(train)  [6][4/4]  lr: 9.7553e-03  eta: 0:02:00  time: 0.6491  data_time: 0.0437  memory: 13068  grad_norm: 1.8152  loss: 2.5000  top1_acc: 0.1842  top5_acc: 0.6316  loss_cls: 2.5000  top1_acc_avg: 0.1127
2024/10/27 20:45:04 - mmengine - INFO - Saving checkpoint at 6 epochs
2024/10/27 20:45:06 - mmengine - INFO - Epoch(val) [6][6/6]    acc/top1: 0.1277  acc/top5: 0.4149  acc/mean1: 0.1218  data_time: 0.0108  time: 0.1592
2024/10/27 20:45:08 - mmengine - INFO - Exp name: resnet_cls_softmax_privacy_08-zqf2_20241027_204440
2024/10/27 20:45:08 - mmengine - INFO - Epoch(train)  [7][4/4]  lr: 9.6489e-03  eta: 0:01:56  time: 0.6486  data_time: 0.0430  memory: 13068  grad_norm: 1.7169  loss: 2.4809  top1_acc: 0.1842  top5_acc: 0.4737  loss_cls: 2.4809  top1_acc_avg: 0.1218
2024/10/27 20:45:09 - mmengine - INFO - Epoch(val) [7][6/6]    acc/top1: 0.1915  acc/top5: 0.4681  acc/mean1: 0.1603  data_time: 0.0116  time: 0.1606
2024/10/27 20:45:09 - mmengine - INFO - The previous best checkpoint /home/node1/Desktop/code/ai/open-mmlab/mmaction2/work_dirs/resnet_cls_softmax_privacy_08-zqf2/best_acc_top1_epoch_1.pth is removed
2024/10/27 20:45:10 - mmengine - INFO - The best checkpoint with 0.1915 acc/top1 at 7 epoch is saved to best_acc_top1_epoch_7.pth.
2024/10/27 20:45:13 - mmengine - INFO - Exp name: resnet_cls_softmax_privacy_08-zqf2_20241027_204440
2024/10/27 20:45:13 - mmengine - INFO - Epoch(train)  [8][4/4]  lr: 9.5241e-03  eta: 0:01:53  time: 0.6492  data_time: 0.0442  memory: 13068  grad_norm: 1.5971  loss: 2.4653  top1_acc: 0.1579  top5_acc: 0.7105  loss_cls: 2.4653  top1_acc_avg: 0.1321
2024/10/27 20:45:14 - mmengine - INFO - Epoch(val) [8][6/6]    acc/top1: 0.1596  acc/top5: 0.4468  acc/mean1: 0.1314  data_time: 0.0104  time: 0.1573
2024/10/27 20:45:17 - mmengine - INFO - Exp name: resnet_cls_softmax_privacy_08-zqf2_20241027_204440
2024/10/27 20:45:17 - mmengine - INFO - Epoch(train)  [9][4/4]  lr: 9.3815e-03  eta: 0:01:50  time: 0.6492  data_time: 0.0442  memory: 13068  grad_norm: 1.6035  loss: 2.4666  top1_acc: 0.1842  top5_acc: 0.5263  loss_cls: 2.4666  top1_acc_avg: 0.1381
2024/10/27 20:45:17 - mmengine - INFO - Saving checkpoint at 9 epochs
2024/10/27 20:45:18 - mmengine - INFO - Epoch(val) [9][6/6]    acc/top1: 0.1277  acc/top5: 0.4468  acc/mean1: 0.1122  data_time: 0.0109  time: 0.1596
2024/10/27 20:45:21 - mmengine - INFO - Exp name: resnet_cls_softmax_privacy_08-zqf2_20241027_204440
2024/10/27 20:45:21 - mmengine - INFO - Epoch(train) [10][4/4]  lr: 9.2216e-03  eta: 0:01:48  time: 0.6508  data_time: 0.0442  memory: 13068  grad_norm: 1.6065  loss: 2.4443  top1_acc: 0.1842  top5_acc: 0.5789  loss_cls: 2.4443  top1_acc_avg: 0.1429
2024/10/27 20:45:22 - mmengine - INFO - Epoch(val) [10][6/6]    acc/top1: 0.1809  acc/top5: 0.5213  acc/mean1: 0.2019  data_time: 0.0111  time: 0.1612
2024/10/27 20:45:24 - mmengine - INFO - Exp name: resnet_cls_softmax_privacy_08-zqf2_20241027_204440
2024/10/27 20:45:24 - mmengine - INFO - Epoch(train) [11][4/4]  lr: 9.0451e-03  eta: 0:01:45  time: 0.6511  data_time: 0.0441  memory: 13068  grad_norm: 1.7348  loss: 2.4368  top1_acc: 0.1053  top5_acc: 0.4211  loss_cls: 2.4368  top1_acc_avg: 0.1446
2024/10/27 20:45:25 - mmengine - INFO - Epoch(val) [11][6/6]    acc/top1: 0.1383  acc/top5: 0.5000  acc/mean1: 0.1635  data_time: 0.0107  time: 0.1582
2024/10/27 20:45:28 - mmengine - INFO - Exp name: resnet_cls_softmax_privacy_08-zqf2_20241027_204440
2024/10/27 20:45:28 - mmengine - INFO - Epoch(train) [12][4/4]  lr: 8.8526e-03  eta: 0:01:42  time: 0.6490  data_time: 0.0444  memory: 13068  grad_norm: 1.8538  loss: 2.4273  top1_acc: 0.2368  top5_acc: 0.5789  loss_cls: 2.4273  top1_acc_avg: 0.1475
2024/10/27 20:45:28 - mmengine - INFO - Saving checkpoint at 12 epochs
2024/10/27 20:45:29 - mmengine - INFO - Epoch(val) [12][6/6]    acc/top1: 0.1383  acc/top5: 0.5957  acc/mean1: 0.1635  data_time: 0.0107  time: 0.1582
2024/10/27 20:45:32 - mmengine - INFO - Exp name: resnet_cls_softmax_privacy_08-zqf2_20241027_204440
2024/10/27 20:45:32 - mmengine - INFO - Epoch(train) [13][4/4]  lr: 8.6448e-03  eta: 0:01:39  time: 0.6446  data_time: 0.0432  memory: 13068  grad_norm: 1.9567  loss: 2.4049  top1_acc: 0.3158  top5_acc: 0.6316  loss_cls: 2.4049  top1_acc_avg: 0.1545
2024/10/27 20:45:33 - mmengine - INFO - Epoch(val) [13][6/6]    acc/top1: 0.1383  acc/top5: 0.6170  acc/mean1: 0.1442  data_time: 0.0106  time: 0.1582
2024/10/27 20:45:36 - mmengine - INFO - Exp name: resnet_cls_softmax_privacy_08-zqf2_20241027_204440
2024/10/27 20:45:36 - mmengine - INFO - Epoch(train) [14][4/4]  lr: 8.4227e-03  eta: 0:01:36  time: 0.6439  data_time: 0.0429  memory: 13068  grad_norm: 2.0232  loss: 2.3859  top1_acc: 0.1842  top5_acc: 0.6053  loss_cls: 2.3859  top1_acc_avg: 0.1642
2024/10/27 20:45:37 - mmengine - INFO - Epoch(val) [14][6/6]    acc/top1: 0.2128  acc/top5: 0.5957  acc/mean1: 0.2308  data_time: 0.0109  time: 0.1599
2024/10/27 20:45:37 - mmengine - INFO - The previous best checkpoint /home/node1/Desktop/code/ai/open-mmlab/mmaction2/work_dirs/resnet_cls_softmax_privacy_08-zqf2/best_acc_top1_epoch_7.pth is removed
2024/10/27 20:45:37 - mmengine - INFO - The best checkpoint with 0.2128 acc/top1 at 14 epoch is saved to best_acc_top1_epoch_14.pth.
2024/10/27 20:45:40 - mmengine - INFO - Exp name: resnet_cls_softmax_privacy_08-zqf2_20241027_204440
2024/10/27 20:45:40 - mmengine - INFO - Epoch(train) [15][4/4]  lr: 8.1871e-03  eta: 0:01:34  time: 0.6449  data_time: 0.0443  memory: 13068  grad_norm: 2.1069  loss: 2.3454  top1_acc: 0.3158  top5_acc: 0.7105  loss_cls: 2.3454  top1_acc_avg: 0.1742
2024/10/27 20:45:40 - mmengine - INFO - Saving checkpoint at 15 epochs
2024/10/27 20:45:42 - mmengine - INFO - Epoch(val) [15][6/6]    acc/top1: 0.2234  acc/top5: 0.6489  acc/mean1: 0.1955  data_time: 0.0111  time: 0.1599
2024/10/27 20:45:42 - mmengine - INFO - The previous best checkpoint /home/node1/Desktop/code/ai/open-mmlab/mmaction2/work_dirs/resnet_cls_softmax_privacy_08-zqf2/best_acc_top1_epoch_14.pth is removed
2024/10/27 20:45:42 - mmengine - INFO - The best checkpoint with 0.2234 acc/top1 at 15 epoch is saved to best_acc_top1_epoch_15.pth.
2024/10/27 20:45:45 - mmengine - INFO - Exp name: resnet_cls_softmax_privacy_08-zqf2_20241027_204440
2024/10/27 20:45:45 - mmengine - INFO - Epoch(train) [16][4/4]  lr: 7.9389e-03  eta: 0:01:31  time: 0.6427  data_time: 0.0424  memory: 13068  grad_norm: 2.1914  loss: 2.3211  top1_acc: 0.2368  top5_acc: 0.8158  loss_cls: 2.3211  top1_acc_avg: 0.1792
2024/10/27 20:45:46 - mmengine - INFO - Epoch(val) [16][6/6]    acc/top1: 0.2128  acc/top5: 0.6809  acc/mean1: 0.1987  data_time: 0.0112  time: 0.1592
2024/10/27 20:45:49 - mmengine - INFO - Exp name: resnet_cls_softmax_privacy_08-zqf2_20241027_204440
2024/10/27 20:45:49 - mmengine - INFO - Epoch(train) [17][4/4]  lr: 7.6791e-03  eta: 0:01:28  time: 0.6441  data_time: 0.0433  memory: 13068  grad_norm: 2.3098  loss: 2.2604  top1_acc: 0.3158  top5_acc: 0.7368  loss_cls: 2.2604  top1_acc_avg: 0.1869
2024/10/27 20:45:50 - mmengine - INFO - Epoch(val) [17][6/6]    acc/top1: 0.2447  acc/top5: 0.7128  acc/mean1: 0.2596  data_time: 0.0107  time: 0.1587
2024/10/27 20:45:50 - mmengine - INFO - The previous best checkpoint /home/node1/Desktop/code/ai/open-mmlab/mmaction2/work_dirs/resnet_cls_softmax_privacy_08-zqf2/best_acc_top1_epoch_15.pth is removed
2024/10/27 20:45:50 - mmengine - INFO - The best checkpoint with 0.2447 acc/top1 at 17 epoch is saved to best_acc_top1_epoch_17.pth.
2024/10/27 20:45:53 - mmengine - INFO - Exp name: resnet_cls_softmax_privacy_08-zqf2_20241027_204440
2024/10/27 20:45:53 - mmengine - INFO - Epoch(train) [18][4/4]  lr: 7.4088e-03  eta: 0:01:25  time: 0.6438  data_time: 0.0424  memory: 13068  grad_norm: 2.3870  loss: 2.2052  top1_acc: 0.3158  top5_acc: 0.7368  loss_cls: 2.2052  top1_acc_avg: 0.1950
2024/10/27 20:45:53 - mmengine - INFO - Saving checkpoint at 18 epochs
2024/10/27 20:45:54 - mmengine - INFO - Epoch(val) [18][6/6]    acc/top1: 0.2660  acc/top5: 0.7340  acc/mean1: 0.2623  data_time: 0.0116  time: 0.1591
2024/10/27 20:45:54 - mmengine - INFO - The previous best checkpoint /home/node1/Desktop/code/ai/open-mmlab/mmaction2/work_dirs/resnet_cls_softmax_privacy_08-zqf2/best_acc_top1_epoch_17.pth is removed
2024/10/27 20:45:55 - mmengine - INFO - The best checkpoint with 0.2660 acc/top1 at 18 epoch is saved to best_acc_top1_epoch_18.pth.
2024/10/27 20:45:58 - mmengine - INFO - Exp name: resnet_cls_softmax_privacy_08-zqf2_20241027_204440
2024/10/27 20:45:58 - mmengine - INFO - Epoch(train) [19][4/4]  lr: 7.1289e-03  eta: 0:01:23  time: 0.6455  data_time: 0.0434  memory: 13068  grad_norm: 2.4888  loss: 2.1189  top1_acc: 0.2368  top5_acc: 0.6842  loss_cls: 2.1189  top1_acc_avg: 0.2021
2024/10/27 20:45:59 - mmengine - INFO - Epoch(val) [19][6/6]    acc/top1: 0.2979  acc/top5: 0.7660  acc/mean1: 0.2816  data_time: 0.0110  time: 0.1587
2024/10/27 20:45:59 - mmengine - INFO - The previous best checkpoint /home/node1/Desktop/code/ai/open-mmlab/mmaction2/work_dirs/resnet_cls_softmax_privacy_08-zqf2/best_acc_top1_epoch_18.pth is removed
2024/10/27 20:45:59 - mmengine - INFO - The best checkpoint with 0.2979 acc/top1 at 19 epoch is saved to best_acc_top1_epoch_19.pth.
2024/10/27 20:46:02 - mmengine - INFO - Exp name: resnet_cls_softmax_privacy_08-zqf2_20241027_204440
2024/10/27 20:46:02 - mmengine - INFO - Epoch(train) [20][4/4]  lr: 6.8406e-03  eta: 0:01:20  time: 0.6453  data_time: 0.0436  memory: 13068  grad_norm: 2.5231  loss: 2.0618  top1_acc: 0.3947  top5_acc: 0.8158  loss_cls: 2.0618  top1_acc_avg: 0.2094
2024/10/27 20:46:03 - mmengine - INFO - Epoch(val) [20][6/6]    acc/top1: 0.3298  acc/top5: 0.7340  acc/mean1: 0.3333  data_time: 0.0107  time: 0.1590
2024/10/27 20:46:03 - mmengine - INFO - The previous best checkpoint /home/node1/Desktop/code/ai/open-mmlab/mmaction2/work_dirs/resnet_cls_softmax_privacy_08-zqf2/best_acc_top1_epoch_19.pth is removed
2024/10/27 20:46:04 - mmengine - INFO - The best checkpoint with 0.3298 acc/top1 at 20 epoch is saved to best_acc_top1_epoch_20.pth.
2024/10/27 20:46:07 - mmengine - INFO - Exp name: resnet_cls_softmax_privacy_08-zqf2_20241027_204440
2024/10/27 20:46:07 - mmengine - INFO - Epoch(train) [21][4/4]  lr: 6.5451e-03  eta: 0:01:17  time: 0.6449  data_time: 0.0433  memory: 13068  grad_norm: 2.6158  loss: 2.0148  top1_acc: 0.3421  top5_acc: 0.6842  loss_cls: 2.0148  top1_acc_avg: 0.2159
2024/10/27 20:46:07 - mmengine - INFO - Saving checkpoint at 21 epochs
2024/10/27 20:46:08 - mmengine - INFO - Epoch(val) [21][6/6]    acc/top1: 0.2553  acc/top5: 0.7553  acc/mean1: 0.2596  data_time: 0.0121  time: 0.1597
2024/10/27 20:46:11 - mmengine - INFO - Exp name: resnet_cls_softmax_privacy_08-zqf2_20241027_204440
2024/10/27 20:46:11 - mmengine - INFO - Epoch(train) [22][4/4]  lr: 6.2434e-03  eta: 0:01:14  time: 0.6457  data_time: 0.0432  memory: 13068  grad_norm: 2.7277  loss: 1.9407  top1_acc: 0.4211  top5_acc: 0.8421  loss_cls: 1.9407  top1_acc_avg: 0.2234
2024/10/27 20:46:12 - mmengine - INFO - Epoch(val) [22][6/6]    acc/top1: 0.2234  acc/top5: 0.7553  acc/mean1: 0.2083  data_time: 0.0110  time: 0.1595
2024/10/27 20:46:14 - mmengine - INFO - Exp name: resnet_cls_softmax_privacy_08-zqf2_20241027_204440
2024/10/27 20:46:14 - mmengine - INFO - Epoch(train) [23][4/4]  lr: 5.9369e-03  eta: 0:01:12  time: 0.6471  data_time: 0.0439  memory: 13068  grad_norm: 2.8591  loss: 1.9127  top1_acc: 0.4211  top5_acc: 0.8684  loss_cls: 1.9127  top1_acc_avg: 0.2306
2024/10/27 20:46:15 - mmengine - INFO - Epoch(val) [23][6/6]    acc/top1: 0.3298  acc/top5: 0.7872  acc/mean1: 0.3269  data_time: 0.0114  time: 0.1603
2024/10/27 20:46:18 - mmengine - INFO - Exp name: resnet_cls_softmax_privacy_08-zqf2_20241027_204440
2024/10/27 20:46:18 - mmengine - INFO - Epoch(train) [24][4/4]  lr: 5.6267e-03  eta: 0:01:09  time: 0.6449  data_time: 0.0429  memory: 13068  grad_norm: 2.8913  loss: 1.8426  top1_acc: 0.3947  top5_acc: 0.9474  loss_cls: 1.8426  top1_acc_avg: 0.2385
2024/10/27 20:46:18 - mmengine - INFO - Saving checkpoint at 24 epochs
2024/10/27 20:46:20 - mmengine - INFO - Epoch(val) [24][6/6]    acc/top1: 0.3617  acc/top5: 0.8511  acc/mean1: 0.3457  data_time: 0.0119  time: 0.1590
2024/10/27 20:46:20 - mmengine - INFO - The previous best checkpoint /home/node1/Desktop/code/ai/open-mmlab/mmaction2/work_dirs/resnet_cls_softmax_privacy_08-zqf2/best_acc_top1_epoch_20.pth is removed
2024/10/27 20:46:20 - mmengine - INFO - The best checkpoint with 0.3617 acc/top1 at 24 epoch is saved to best_acc_top1_epoch_24.pth.
2024/10/27 20:46:23 - mmengine - INFO - Exp name: resnet_cls_softmax_privacy_08-zqf2_20241027_204440
2024/10/27 20:46:23 - mmengine - INFO - Epoch(train) [25][4/4]  lr: 5.3140e-03  eta: 0:01:06  time: 0.6453  data_time: 0.0431  memory: 13068  grad_norm: 2.8807  loss: 1.7781  top1_acc: 0.3421  top5_acc: 0.8421  loss_cls: 1.7781  top1_acc_avg: 0.2457
2024/10/27 20:46:24 - mmengine - INFO - Epoch(val) [25][6/6]    acc/top1: 0.3617  acc/top5: 0.8511  acc/mean1: 0.3457  data_time: 0.0114  time: 0.1595
2024/10/27 20:46:27 - mmengine - INFO - Exp name: resnet_cls_softmax_privacy_08-zqf2_20241027_204440
2024/10/27 20:46:27 - mmengine - INFO - Epoch(train) [26][4/4]  lr: 5.0000e-03  eta: 0:01:04  time: 0.6460  data_time: 0.0430  memory: 13068  grad_norm: 3.0209  loss: 1.7380  top1_acc: 0.4211  top5_acc: 0.9474  loss_cls: 1.7380  top1_acc_avg: 0.2509
2024/10/27 20:46:28 - mmengine - INFO - Epoch(val) [26][6/6]    acc/top1: 0.4149  acc/top5: 0.8617  acc/mean1: 0.3718  data_time: 0.0107  time: 0.1579
2024/10/27 20:46:28 - mmengine - INFO - The previous best checkpoint /home/node1/Desktop/code/ai/open-mmlab/mmaction2/work_dirs/resnet_cls_softmax_privacy_08-zqf2/best_acc_top1_epoch_24.pth is removed
2024/10/27 20:46:28 - mmengine - INFO - The best checkpoint with 0.4149 acc/top1 at 26 epoch is saved to best_acc_top1_epoch_26.pth.
2024/10/27 20:46:31 - mmengine - INFO - Exp name: resnet_cls_softmax_privacy_08-zqf2_20241027_204440
2024/10/27 20:46:31 - mmengine - INFO - Epoch(train) [27][4/4]  lr: 4.6860e-03  eta: 0:01:01  time: 0.6459  data_time: 0.0428  memory: 13068  grad_norm: 3.1020  loss: 1.7191  top1_acc: 0.3158  top5_acc: 0.8421  loss_cls: 1.7191  top1_acc_avg: 0.2586
2024/10/27 20:46:31 - mmengine - INFO - Saving checkpoint at 27 epochs
2024/10/27 20:46:32 - mmengine - INFO - Epoch(val) [27][6/6]    acc/top1: 0.4043  acc/top5: 0.9043  acc/mean1: 0.3718  data_time: 0.0106  time: 0.1591
2024/10/27 20:46:35 - mmengine - INFO - Exp name: resnet_cls_softmax_privacy_08-zqf2_20241027_204440
2024/10/27 20:46:35 - mmengine - INFO - Epoch(train) [28][4/4]  lr: 4.3733e-03  eta: 0:00:58  time: 0.6452  data_time: 0.0431  memory: 13068  grad_norm: 3.1317  loss: 1.6636  top1_acc: 0.4474  top5_acc: 0.8421  loss_cls: 1.6636  top1_acc_avg: 0.2661
2024/10/27 20:46:36 - mmengine - INFO - Epoch(val) [28][6/6]    acc/top1: 0.4468  acc/top5: 0.9255  acc/mean1: 0.3923  data_time: 0.0107  time: 0.1589
2024/10/27 20:46:36 - mmengine - INFO - The previous best checkpoint /home/node1/Desktop/code/ai/open-mmlab/mmaction2/work_dirs/resnet_cls_softmax_privacy_08-zqf2/best_acc_top1_epoch_26.pth is removed
2024/10/27 20:46:36 - mmengine - INFO - The best checkpoint with 0.4468 acc/top1 at 28 epoch is saved to best_acc_top1_epoch_28.pth.
2024/10/27 20:46:39 - mmengine - INFO - Exp name: resnet_cls_softmax_privacy_08-zqf2_20241027_204440
2024/10/27 20:46:39 - mmengine - INFO - Epoch(train) [29][4/4]  lr: 4.0631e-03  eta: 0:00:56  time: 0.6435  data_time: 0.0431  memory: 13068  grad_norm: 3.2604  loss: 1.6511  top1_acc: 0.5000  top5_acc: 0.8684  loss_cls: 1.6511  top1_acc_avg: 0.2734
2024/10/27 20:46:40 - mmengine - INFO - Epoch(val) [29][6/6]    acc/top1: 0.5000  acc/top5: 0.9362  acc/mean1: 0.4159  data_time: 0.0107  time: 0.1582
2024/10/27 20:46:40 - mmengine - INFO - The previous best checkpoint /home/node1/Desktop/code/ai/open-mmlab/mmaction2/work_dirs/resnet_cls_softmax_privacy_08-zqf2/best_acc_top1_epoch_28.pth is removed
2024/10/27 20:46:41 - mmengine - INFO - The best checkpoint with 0.5000 acc/top1 at 29 epoch is saved to best_acc_top1_epoch_29.pth.
2024/10/27 20:46:44 - mmengine - INFO - Exp name: resnet_cls_softmax_privacy_08-zqf2_20241027_204440
2024/10/27 20:46:44 - mmengine - INFO - Epoch(train) [30][4/4]  lr: 3.7566e-03  eta: 0:00:53  time: 0.6458  data_time: 0.0444  memory: 13068  grad_norm: 3.3030  loss: 1.6272  top1_acc: 0.5000  top5_acc: 0.8947  loss_cls: 1.6272  top1_acc_avg: 0.2803
2024/10/27 20:46:44 - mmengine - INFO - Saving checkpoint at 30 epochs
2024/10/27 20:46:45 - mmengine - INFO - Epoch(val) [30][6/6]    acc/top1: 0.4574  acc/top5: 0.9362  acc/mean1: 0.3945  data_time: 0.0116  time: 0.1601
2024/10/27 20:46:48 - mmengine - INFO - Exp name: resnet_cls_softmax_privacy_08-zqf2_20241027_204440
2024/10/27 20:46:48 - mmengine - INFO - Epoch(train) [31][4/4]  lr: 3.4549e-03  eta: 0:00:50  time: 0.6456  data_time: 0.0432  memory: 13068  grad_norm: 3.4008  loss: 1.6635  top1_acc: 0.4211  top5_acc: 0.7895  loss_cls: 1.6635  top1_acc_avg: 0.2856
2024/10/27 20:46:49 - mmengine - INFO - Epoch(val) [31][6/6]    acc/top1: 0.4468  acc/top5: 0.9362  acc/mean1: 0.4088  data_time: 0.0115  time: 0.1600
2024/10/27 20:46:51 - mmengine - INFO - Exp name: resnet_cls_softmax_privacy_08-zqf2_20241027_204440
2024/10/27 20:46:51 - mmengine - INFO - Epoch(train) [32][4/4]  lr: 3.1594e-03  eta: 0:00:48  time: 0.6465  data_time: 0.0437  memory: 13068  grad_norm: 3.3361  loss: 1.6059  top1_acc: 0.4474  top5_acc: 0.8684  loss_cls: 1.6059  top1_acc_avg: 0.2916
2024/10/27 20:46:52 - mmengine - INFO - Epoch(val) [32][6/6]    acc/top1: 0.4468  acc/top5: 0.9468  acc/mean1: 0.4115  data_time: 0.0107  time: 0.1587
2024/10/27 20:46:55 - mmengine - INFO - Exp name: resnet_cls_softmax_privacy_08-zqf2_20241027_204440
2024/10/27 20:46:55 - mmengine - INFO - Epoch(train) [33][4/4]  lr: 2.8711e-03  eta: 0:00:45  time: 0.6551  data_time: 0.0528  memory: 13068  grad_norm: 3.2935  loss: 1.5676  top1_acc: 0.6316  top5_acc: 0.9211  loss_cls: 1.5676  top1_acc_avg: 0.2974
2024/10/27 20:46:55 - mmengine - INFO - Saving checkpoint at 33 epochs
2024/10/27 20:46:57 - mmengine - INFO - Epoch(val) [33][6/6]    acc/top1: 0.4681  acc/top5: 0.9468  acc/mean1: 0.4270  data_time: 0.0111  time: 0.1603
2024/10/27 20:46:59 - mmengine - INFO - Exp name: resnet_cls_softmax_privacy_08-zqf2_20241027_204440
2024/10/27 20:46:59 - mmengine - INFO - Epoch(train) [34][4/4]  lr: 2.5912e-03  eta: 0:00:42  time: 0.6568  data_time: 0.0530  memory: 13068  grad_norm: 3.3744  loss: 1.5040  top1_acc: 0.6316  top5_acc: 0.9211  loss_cls: 1.5040  top1_acc_avg: 0.3048
2024/10/27 20:47:00 - mmengine - INFO - Epoch(val) [34][6/6]    acc/top1: 0.5213  acc/top5: 0.9681  acc/mean1: 0.4650  data_time: 0.0106  time: 0.1583
2024/10/27 20:47:00 - mmengine - INFO - The previous best checkpoint /home/node1/Desktop/code/ai/open-mmlab/mmaction2/work_dirs/resnet_cls_softmax_privacy_08-zqf2/best_acc_top1_epoch_29.pth is removed
2024/10/27 20:47:01 - mmengine - INFO - The best checkpoint with 0.5213 acc/top1 at 34 epoch is saved to best_acc_top1_epoch_34.pth.
2024/10/27 20:47:04 - mmengine - INFO - Exp name: resnet_cls_softmax_privacy_08-zqf2_20241027_204440
2024/10/27 20:47:04 - mmengine - INFO - Epoch(train) [35][4/4]  lr: 2.3209e-03  eta: 0:00:40  time: 0.6498  data_time: 0.0447  memory: 13068  grad_norm: 3.4185  loss: 1.4776  top1_acc: 0.7105  top5_acc: 0.9474  loss_cls: 1.4776  top1_acc_avg: 0.3104
2024/10/27 20:47:05 - mmengine - INFO - Epoch(val) [35][6/6]    acc/top1: 0.5000  acc/top5: 0.9574  acc/mean1: 0.4495  data_time: 0.0114  time: 0.1595
2024/10/27 20:47:07 - mmengine - INFO - Exp name: resnet_cls_softmax_privacy_08-zqf2_20241027_204440
2024/10/27 20:47:07 - mmengine - INFO - Epoch(train) [36][4/4]  lr: 2.0611e-03  eta: 0:00:37  time: 0.6483  data_time: 0.0436  memory: 13068  grad_norm: 3.4151  loss: 1.4691  top1_acc: 0.6579  top5_acc: 0.8947  loss_cls: 1.4691  top1_acc_avg: 0.3168
2024/10/27 20:47:07 - mmengine - INFO - Saving checkpoint at 36 epochs
2024/10/27 20:47:09 - mmengine - INFO - Epoch(val) [36][6/6]    acc/top1: 0.5213  acc/top5: 0.9681  acc/mean1: 0.4687  data_time: 0.0106  time: 0.1594
2024/10/27 20:47:11 - mmengine - INFO - Exp name: resnet_cls_softmax_privacy_08-zqf2_20241027_204440
2024/10/27 20:47:11 - mmengine - INFO - Epoch(train) [37][4/4]  lr: 1.8129e-03  eta: 0:00:34  time: 0.6480  data_time: 0.0438  memory: 13068  grad_norm: 3.3632  loss: 1.4520  top1_acc: 0.5789  top5_acc: 0.8684  loss_cls: 1.4520  top1_acc_avg: 0.3238
2024/10/27 20:47:12 - mmengine - INFO - Epoch(val) [37][6/6]    acc/top1: 0.5106  acc/top5: 0.9787  acc/mean1: 0.4591  data_time: 0.0110  time: 0.1597
2024/10/27 20:47:15 - mmengine - INFO - Exp name: resnet_cls_softmax_privacy_08-zqf2_20241027_204440
2024/10/27 20:47:15 - mmengine - INFO - Epoch(train) [38][4/4]  lr: 1.5773e-03  eta: 0:00:32  time: 0.6493  data_time: 0.0447  memory: 13068  grad_norm: 3.3955  loss: 1.4116  top1_acc: 0.5263  top5_acc: 0.8947  loss_cls: 1.4116  top1_acc_avg: 0.3302
2024/10/27 20:47:16 - mmengine - INFO - Epoch(val) [38][6/6]    acc/top1: 0.5213  acc/top5: 0.9681  acc/mean1: 0.4687  data_time: 0.0108  time: 0.1600
2024/10/27 20:47:19 - mmengine - INFO - Exp name: resnet_cls_softmax_privacy_08-zqf2_20241027_204440
2024/10/27 20:47:19 - mmengine - INFO - Epoch(train) [39][4/4]  lr: 1.3552e-03  eta: 0:00:29  time: 0.6494  data_time: 0.0442  memory: 13068  grad_norm: 3.4294  loss: 1.3833  top1_acc: 0.4474  top5_acc: 0.9211  loss_cls: 1.3833  top1_acc_avg: 0.3352
2024/10/27 20:47:19 - mmengine - INFO - Saving checkpoint at 39 epochs
2024/10/27 20:47:20 - mmengine - INFO - Epoch(val) [39][6/6]    acc/top1: 0.5532  acc/top5: 0.9681  acc/mean1: 0.4948  data_time: 0.0112  time: 0.1598
2024/10/27 20:47:20 - mmengine - INFO - The previous best checkpoint /home/node1/Desktop/code/ai/open-mmlab/mmaction2/work_dirs/resnet_cls_softmax_privacy_08-zqf2/best_acc_top1_epoch_34.pth is removed
2024/10/27 20:47:20 - mmengine - INFO - The best checkpoint with 0.5532 acc/top1 at 39 epoch is saved to best_acc_top1_epoch_39.pth.
2024/10/27 20:47:24 - mmengine - INFO - Exp name: resnet_cls_softmax_privacy_08-zqf2_20241027_204440
2024/10/27 20:47:24 - mmengine - INFO - Epoch(train) [40][4/4]  lr: 1.1474e-03  eta: 0:00:26  time: 0.6488  data_time: 0.0431  memory: 13068  grad_norm: 3.4127  loss: 1.3681  top1_acc: 0.4474  top5_acc: 0.8684  loss_cls: 1.3681  top1_acc_avg: 0.3407
2024/10/27 20:47:25 - mmengine - INFO - Epoch(val) [40][6/6]    acc/top1: 0.5638  acc/top5: 0.9787  acc/mean1: 0.5039  data_time: 0.0110  time: 0.1603
2024/10/27 20:47:25 - mmengine - INFO - The previous best checkpoint /home/node1/Desktop/code/ai/open-mmlab/mmaction2/work_dirs/resnet_cls_softmax_privacy_08-zqf2/best_acc_top1_epoch_39.pth is removed
2024/10/27 20:47:25 - mmengine - INFO - The best checkpoint with 0.5638 acc/top1 at 40 epoch is saved to best_acc_top1_epoch_40.pth.
2024/10/27 20:47:28 - mmengine - INFO - Exp name: resnet_cls_softmax_privacy_08-zqf2_20241027_204440
2024/10/27 20:47:28 - mmengine - INFO - Epoch(train) [41][4/4]  lr: 9.5492e-04  eta: 0:00:24  time: 0.6506  data_time: 0.0438  memory: 13068  grad_norm: 3.4237  loss: 1.3554  top1_acc: 0.6579  top5_acc: 0.9737  loss_cls: 1.3554  top1_acc_avg: 0.3468
2024/10/27 20:47:29 - mmengine - INFO - Epoch(val) [41][6/6]    acc/top1: 0.5638  acc/top5: 0.9787  acc/mean1: 0.5071  data_time: 0.0107  time: 0.1606
2024/10/27 20:47:32 - mmengine - INFO - Exp name: resnet_cls_softmax_privacy_08-zqf2_20241027_204440
2024/10/27 20:47:32 - mmengine - INFO - Epoch(train) [42][4/4]  lr: 7.7836e-04  eta: 0:00:21  time: 0.6526  data_time: 0.0453  memory: 13068  grad_norm: 3.5244  loss: 1.4043  top1_acc: 0.4474  top5_acc: 0.9211  loss_cls: 1.4043  top1_acc_avg: 0.3507
2024/10/27 20:47:32 - mmengine - INFO - Saving checkpoint at 42 epochs
2024/10/27 20:47:33 - mmengine - INFO - Epoch(val) [42][6/6]    acc/top1: 0.5426  acc/top5: 0.9787  acc/mean1: 0.4687  data_time: 0.0116  time: 0.1596
2024/10/27 20:47:36 - mmengine - INFO - Exp name: resnet_cls_softmax_privacy_08-zqf2_20241027_204440
2024/10/27 20:47:36 - mmengine - INFO - Epoch(train) [43][4/4]  lr: 6.1847e-04  eta: 0:00:18  time: 0.6520  data_time: 0.0453  memory: 13068  grad_norm: 3.4618  loss: 1.3597  top1_acc: 0.5000  top5_acc: 0.9474  loss_cls: 1.3597  top1_acc_avg: 0.3555
2024/10/27 20:47:37 - mmengine - INFO - Epoch(val) [43][6/6]    acc/top1: 0.5426  acc/top5: 0.9787  acc/mean1: 0.4687  data_time: 0.0110  time: 0.1605
2024/10/27 20:47:39 - mmengine - INFO - Exp name: resnet_cls_softmax_privacy_08-zqf2_20241027_204440
2024/10/27 20:47:39 - mmengine - INFO - Epoch(train) [44][4/4]  lr: 4.7586e-04  eta: 0:00:16  time: 0.6503  data_time: 0.0431  memory: 13068  grad_norm: 3.6038  loss: 1.4171  top1_acc: 0.5526  top5_acc: 0.8684  loss_cls: 1.4171  top1_acc_avg: 0.3596
2024/10/27 20:47:40 - mmengine - INFO - Epoch(val) [44][6/6]    acc/top1: 0.5532  acc/top5: 0.9787  acc/mean1: 0.4746  data_time: 0.0113  time: 0.1602
2024/10/27 20:47:43 - mmengine - INFO - Exp name: resnet_cls_softmax_privacy_08-zqf2_20241027_204440
2024/10/27 20:47:43 - mmengine - INFO - Epoch(train) [45][4/4]  lr: 3.5112e-04  eta: 0:00:13  time: 0.6488  data_time: 0.0443  memory: 13068  grad_norm: 3.4954  loss: 1.3905  top1_acc: 0.5526  top5_acc: 0.9211  loss_cls: 1.3905  top1_acc_avg: 0.3643
2024/10/27 20:47:43 - mmengine - INFO - Saving checkpoint at 45 epochs
2024/10/27 20:47:44 - mmengine - INFO - Epoch(val) [45][6/6]    acc/top1: 0.5532  acc/top5: 0.9787  acc/mean1: 0.4746  data_time: 0.0108  time: 0.1591
2024/10/27 20:47:47 - mmengine - INFO - Exp name: resnet_cls_softmax_privacy_08-zqf2_20241027_204440
2024/10/27 20:47:47 - mmengine - INFO - Epoch(train) [46][4/4]  lr: 2.4472e-04  eta: 0:00:10  time: 0.6466  data_time: 0.0428  memory: 13068  grad_norm: 3.5562  loss: 1.3686  top1_acc: 0.6579  top5_acc: 0.8684  loss_cls: 1.3686  top1_acc_avg: 0.3683
2024/10/27 20:47:48 - mmengine - INFO - Epoch(val) [46][6/6]    acc/top1: 0.5638  acc/top5: 0.9787  acc/mean1: 0.4810  data_time: 0.0109  time: 0.1599
2024/10/27 20:47:51 - mmengine - INFO - Exp name: resnet_cls_softmax_privacy_08-zqf2_20241027_204440
2024/10/27 20:47:51 - mmengine - INFO - Epoch(train) [47][4/4]  lr: 1.5708e-04  eta: 0:00:08  time: 0.6479  data_time: 0.0441  memory: 13068  grad_norm: 3.7064  loss: 1.4227  top1_acc: 0.5000  top5_acc: 0.8684  loss_cls: 1.4227  top1_acc_avg: 0.3713
2024/10/27 20:47:52 - mmengine - INFO - Epoch(val) [47][6/6]    acc/top1: 0.5532  acc/top5: 0.9787  acc/mean1: 0.4714  data_time: 0.0110  time: 0.1602
2024/10/27 20:47:54 - mmengine - INFO - Exp name: resnet_cls_softmax_privacy_08-zqf2_20241027_204440
2024/10/27 20:47:54 - mmengine - INFO - Epoch(train) [48][4/4]  lr: 8.8564e-05  eta: 0:00:05  time: 0.6485  data_time: 0.0441  memory: 13068  grad_norm: 3.5889  loss: 1.3814  top1_acc: 0.6053  top5_acc: 0.9211  loss_cls: 1.3814  top1_acc_avg: 0.3759
2024/10/27 20:47:54 - mmengine - INFO - Saving checkpoint at 48 epochs
2024/10/27 20:47:56 - mmengine - INFO - Epoch(val) [48][6/6]    acc/top1: 0.5638  acc/top5: 0.9787  acc/mean1: 0.4906  data_time: 0.0107  time: 0.1591
2024/10/27 20:47:58 - mmengine - INFO - Exp name: resnet_cls_softmax_privacy_08-zqf2_20241027_204440
2024/10/27 20:47:58 - mmengine - INFO - Epoch(train) [49][4/4]  lr: 3.9426e-05  eta: 0:00:02  time: 0.6450  data_time: 0.0425  memory: 13068  grad_norm: 3.5740  loss: 1.3767  top1_acc: 0.6579  top5_acc: 1.0000  loss_cls: 1.3767  top1_acc_avg: 0.3791
2024/10/27 20:47:59 - mmengine - INFO - Epoch(val) [49][6/6]    acc/top1: 0.5532  acc/top5: 0.9787  acc/mean1: 0.4714  data_time: 0.0110  time: 0.1591
2024/10/27 20:48:02 - mmengine - INFO - Exp name: resnet_cls_softmax_privacy_08-zqf2_20241027_204440
2024/10/27 20:48:02 - mmengine - INFO - Epoch(train) [50][4/4]  lr: 9.8664e-06  eta: 0:00:00  time: 0.6430  data_time: 0.0422  memory: 13068  grad_norm: 3.4831  loss: 1.3426  top1_acc: 0.4737  top5_acc: 0.9737  loss_cls: 1.3426  top1_acc_avg: 0.3822
2024/10/27 20:48:02 - mmengine - INFO - Saving checkpoint at 50 epochs
2024/10/27 20:48:04 - mmengine - INFO - Epoch(val) [50][6/6]    acc/top1: 0.5532  acc/top5: 0.9787  acc/mean1: 0.4714  data_time: 0.0115  time: 0.1590
