2024/10/09 11:50:08 - mmengine - INFO - 
------------------------------------------------------------
System environment:
    sys.platform: linux
    Python: 3.8.19 (default, Mar 20 2024, 19:58:24) [GCC 11.2.0]
    CUDA available: True
    MUSA available: False
    numpy_random_seed: 579880220
    GPU 0: NVIDIA GeForce RTX 4060 Ti
    CUDA_HOME: /usr/local/cuda-11.8
    NVCC: Cuda compilation tools, release 11.8, V11.8.89
    GCC: gcc (Ubuntu 11.4.0-1ubuntu1~22.04) 11.4.0
    PyTorch: 2.4.1
    PyTorch compiling details: PyTorch built with:
  - GCC 9.3
  - C++ Version: 201703
  - Intel(R) oneAPI Math Kernel Library Version 2023.1-Product Build 20230303 for Intel(R) 64 architecture applications
  - Intel(R) MKL-DNN v3.4.2 (Git Hash 1137e04ec0b5251ca2b4400a4fd3c667ce843d67)
  - OpenMP 201511 (a.k.a. OpenMP 4.5)
  - LAPACK is enabled (usually provided by MKL)
  - NNPACK is enabled
  - CPU capability usage: AVX2
  - CUDA Runtime 11.8
  - NVCC architecture flags: -gencode;arch=compute_50,code=sm_50;-gencode;arch=compute_60,code=sm_60;-gencode;arch=compute_61,code=sm_61;-gencode;arch=compute_70,code=sm_70;-gencode;arch=compute_75,code=sm_75;-gencode;arch=compute_80,code=sm_80;-gencode;arch=compute_86,code=sm_86;-gencode;arch=compute_37,code=sm_37;-gencode;arch=compute_90,code=sm_90;-gencode;arch=compute_37,code=compute_37
  - CuDNN 90.1
  - Magma 2.6.1
  - Build settings: BLAS_INFO=mkl, BUILD_TYPE=Release, CUDA_VERSION=11.8, CUDNN_VERSION=9.1.0, CXX_COMPILER=/opt/rh/devtoolset-9/root/usr/bin/c++, CXX_FLAGS= -D_GLIBCXX_USE_CXX11_ABI=0 -fabi-version=11 -fvisibility-inlines-hidden -DUSE_PTHREADPOOL -DNDEBUG -DUSE_KINETO -DLIBKINETO_NOROCTRACER -DUSE_FBGEMM -DUSE_PYTORCH_QNNPACK -DUSE_XNNPACK -DSYMBOLICATE_MOBILE_DEBUG_HANDLE -O2 -fPIC -Wall -Wextra -Werror=return-type -Werror=non-virtual-dtor -Werror=bool-operation -Wnarrowing -Wno-missing-field-initializers -Wno-type-limits -Wno-array-bounds -Wno-unknown-pragmas -Wno-unused-parameter -Wno-unused-function -Wno-unused-result -Wno-strict-overflow -Wno-strict-aliasing -Wno-stringop-overflow -Wsuggest-override -Wno-psabi -Wno-error=pedantic -Wno-error=old-style-cast -Wno-missing-braces -fdiagnostics-color=always -faligned-new -Wno-unused-but-set-variable -Wno-maybe-uninitialized -fno-math-errno -fno-trapping-math -Werror=format -Wno-stringop-overflow, LAPACK_INFO=mkl, PERF_WITH_AVX=1, PERF_WITH_AVX2=1, PERF_WITH_AVX512=1, TORCH_VERSION=2.4.1, USE_CUDA=ON, USE_CUDNN=ON, USE_CUSPARSELT=1, USE_EXCEPTION_PTR=1, USE_GFLAGS=OFF, USE_GLOG=OFF, USE_GLOO=ON, USE_MKL=ON, USE_MKLDNN=ON, USE_MPI=OFF, USE_NCCL=ON, USE_NNPACK=ON, USE_OPENMP=ON, USE_ROCM=OFF, USE_ROCM_KERNEL_ASSERT=OFF, 

    TorchVision: 0.19.1
    OpenCV: 4.10.0
    MMEngine: 0.10.5

Runtime environment:
    cudnn_benchmark: False
    mp_cfg: {'mp_start_method': 'fork', 'opencv_num_threads': 0}
    dist_cfg: {'backend': 'nccl'}
    seed: 579880220
    Distributed launcher: none
    Distributed training: False
    GPU number: 1
------------------------------------------------------------

2024/10/09 11:50:08 - mmengine - INFO - Config:
ann_file_train = 'data/kinetics400_tiny/kinetics_tiny_train_video.txt'
ann_file_val = 'data/kinetics400_tiny/kinetics_tiny_val_video.txt'
auto_scale_lr = dict(base_batch_size=256, enable=False)
data_root = 'data/kinetics400_tiny/train'
data_root_val = 'data/kinetics400_tiny/val'
dataset_type = 'VideoDataset'
default_hooks = dict(
    checkpoint=dict(
        interval=1, max_keep_ckpts=1, save_best='auto', type='CheckpointHook'),
    logger=dict(ignore_last=False, interval=20, type='LoggerHook'),
    param_scheduler=dict(type='ParamSchedulerHook'),
    runtime_info=dict(type='RuntimeInfoHook'),
    sampler_seed=dict(type='DistSamplerSeedHook'),
    sync_buffers=dict(type='SyncBuffersHook'),
    timer=dict(type='IterTimerHook'))
default_scope = 'mmaction'
env_cfg = dict(
    cudnn_benchmark=False,
    dist_cfg=dict(backend='nccl'),
    mp_cfg=dict(mp_start_method='fork', opencv_num_threads=0))
file_client_args = dict(io_backend='disk')
launcher = 'none'
load_from = 'work_dirs/tsn_imagenet-pretrained-r50_8xb32-1x1x3-100e_kinetics400-rgb/epoch_10.pth'
log_level = 'INFO'
log_processor = dict(by_epoch=True, type='LogProcessor', window_size=20)
model = dict(
    backbone=dict(
        depth=50,
        norm_eval=False,
        pretrained='https://download.pytorch.org/models/resnet50-11ad3fa6.pth',
        type='ResNet'),
    cls_head=dict(
        average_clips='prob',
        consensus=dict(dim=1, type='AvgConsensus'),
        dropout_ratio=0.4,
        in_channels=2048,
        init_std=0.01,
        num_classes=2,
        spatial_type='avg',
        type='TSNHead'),
    data_preprocessor=dict(
        format_shape='NCHW',
        mean=[
            123.675,
            116.28,
            103.53,
        ],
        std=[
            58.395,
            57.12,
            57.375,
        ],
        type='ActionDataPreprocessor'),
    test_cfg=None,
    train_cfg=None,
    type='Recognizer2D')
optim_wrapper = dict(
    clip_grad=dict(max_norm=40, norm_type=2),
    optimizer=dict(lr=0.01, momentum=0.9, type='SGD', weight_decay=0.0001))
param_scheduler = [
    dict(
        begin=0,
        by_epoch=True,
        end=10,
        gamma=0.1,
        milestones=[
            4,
            8,
        ],
        type='MultiStepLR'),
]
resume = False
test_cfg = dict(type='TestLoop')
test_dataloader = dict(
    batch_size=1,
    dataset=dict(
        ann_file='data/kinetics400_tiny/kinetics_tiny_val_video.txt',
        data_prefix=dict(video='data/kinetics400_tiny/val'),
        pipeline=[
            dict(io_backend='disk', type='DecordInit'),
            dict(
                clip_len=1,
                frame_interval=1,
                num_clips=25,
                test_mode=True,
                type='SampleFrames'),
            dict(type='DecordDecode'),
            dict(scale=(
                -1,
                256,
            ), type='Resize'),
            dict(crop_size=224, type='TenCrop'),
            dict(input_format='NCHW', type='FormatShape'),
            dict(type='PackActionInputs'),
        ],
        test_mode=True,
        type='VideoDataset'),
    num_workers=8,
    persistent_workers=True,
    sampler=dict(shuffle=False, type='DefaultSampler'))
test_evaluator = dict(type='AccMetric')
test_pipeline = [
    dict(io_backend='disk', type='DecordInit'),
    dict(
        clip_len=1,
        frame_interval=1,
        num_clips=25,
        test_mode=True,
        type='SampleFrames'),
    dict(type='DecordDecode'),
    dict(scale=(
        -1,
        256,
    ), type='Resize'),
    dict(crop_size=224, type='TenCrop'),
    dict(input_format='NCHW', type='FormatShape'),
    dict(type='PackActionInputs'),
]
train_cfg = dict(
    max_epochs=10, type='EpochBasedTrainLoop', val_begin=1, val_interval=1)
train_dataloader = dict(
    batch_size=4,
    dataset=dict(
        ann_file='data/kinetics400_tiny/kinetics_tiny_train_video.txt',
        data_prefix=dict(video='data/kinetics400_tiny/train'),
        pipeline=[
            dict(io_backend='disk', type='DecordInit'),
            dict(
                clip_len=1, frame_interval=1, num_clips=3,
                type='SampleFrames'),
            dict(type='DecordDecode'),
            dict(scale=(
                -1,
                256,
            ), type='Resize'),
            dict(
                input_size=224,
                max_wh_scale_gap=1,
                random_crop=False,
                scales=(
                    1,
                    0.875,
                    0.75,
                    0.66,
                ),
                type='MultiScaleCrop'),
            dict(keep_ratio=False, scale=(
                224,
                224,
            ), type='Resize'),
            dict(flip_ratio=0.5, type='Flip'),
            dict(input_format='NCHW', type='FormatShape'),
            dict(type='PackActionInputs'),
        ],
        type='VideoDataset'),
    num_workers=8,
    persistent_workers=True,
    sampler=dict(shuffle=True, type='DefaultSampler'))
train_pipeline = [
    dict(io_backend='disk', type='DecordInit'),
    dict(clip_len=1, frame_interval=1, num_clips=3, type='SampleFrames'),
    dict(type='DecordDecode'),
    dict(scale=(
        -1,
        256,
    ), type='Resize'),
    dict(
        input_size=224,
        max_wh_scale_gap=1,
        random_crop=False,
        scales=(
            1,
            0.875,
            0.75,
            0.66,
        ),
        type='MultiScaleCrop'),
    dict(keep_ratio=False, scale=(
        224,
        224,
    ), type='Resize'),
    dict(flip_ratio=0.5, type='Flip'),
    dict(input_format='NCHW', type='FormatShape'),
    dict(type='PackActionInputs'),
]
val_cfg = dict(type='ValLoop')
val_dataloader = dict(
    batch_size=32,
    dataset=dict(
        ann_file='data/kinetics400_tiny/kinetics_tiny_val_video.txt',
        data_prefix=dict(video='data/kinetics400_tiny/val'),
        pipeline=[
            dict(io_backend='disk', type='DecordInit'),
            dict(
                clip_len=1,
                frame_interval=1,
                num_clips=3,
                test_mode=True,
                type='SampleFrames'),
            dict(type='DecordDecode'),
            dict(scale=(
                -1,
                256,
            ), type='Resize'),
            dict(crop_size=224, type='CenterCrop'),
            dict(input_format='NCHW', type='FormatShape'),
            dict(type='PackActionInputs'),
        ],
        test_mode=True,
        type='VideoDataset'),
    num_workers=8,
    persistent_workers=True,
    sampler=dict(shuffle=False, type='DefaultSampler'))
val_evaluator = dict(type='AccMetric')
val_pipeline = [
    dict(io_backend='disk', type='DecordInit'),
    dict(
        clip_len=1,
        frame_interval=1,
        num_clips=3,
        test_mode=True,
        type='SampleFrames'),
    dict(type='DecordDecode'),
    dict(scale=(
        -1,
        256,
    ), type='Resize'),
    dict(crop_size=224, type='CenterCrop'),
    dict(input_format='NCHW', type='FormatShape'),
    dict(type='PackActionInputs'),
]
vis_backends = [
    dict(type='LocalVisBackend'),
]
visualizer = dict(
    type='ActionVisualizer', vis_backends=[
        dict(type='LocalVisBackend'),
    ])
work_dir = './work_dirs/tsn_imagenet-pretrained-r50_8xb32-1x1x3-100e_kinetics400-rgb'

2024/10/09 11:50:09 - mmengine - INFO - Distributed training is not used, all SyncBatchNorm (SyncBN) layers in the model will be automatically reverted to BatchNormXd layers if they are used.
2024/10/09 11:50:09 - mmengine - INFO - Hooks will be executed in the following order:
before_run:
(VERY_HIGH   ) RuntimeInfoHook                    
(BELOW_NORMAL) LoggerHook                         
 -------------------- 
before_train:
(VERY_HIGH   ) RuntimeInfoHook                    
(NORMAL      ) IterTimerHook                      
(VERY_LOW    ) CheckpointHook                     
 -------------------- 
before_train_epoch:
(VERY_HIGH   ) RuntimeInfoHook                    
(NORMAL      ) IterTimerHook                      
(NORMAL      ) DistSamplerSeedHook                
 -------------------- 
before_train_iter:
(VERY_HIGH   ) RuntimeInfoHook                    
(NORMAL      ) IterTimerHook                      
 -------------------- 
after_train_iter:
(VERY_HIGH   ) RuntimeInfoHook                    
(NORMAL      ) IterTimerHook                      
(BELOW_NORMAL) LoggerHook                         
(LOW         ) ParamSchedulerHook                 
(VERY_LOW    ) CheckpointHook                     
 -------------------- 
after_train_epoch:
(NORMAL      ) IterTimerHook                      
(NORMAL      ) SyncBuffersHook                    
(LOW         ) ParamSchedulerHook                 
(VERY_LOW    ) CheckpointHook                     
 -------------------- 
before_val:
(VERY_HIGH   ) RuntimeInfoHook                    
 -------------------- 
before_val_epoch:
(NORMAL      ) IterTimerHook                      
(NORMAL      ) SyncBuffersHook                    
 -------------------- 
before_val_iter:
(NORMAL      ) IterTimerHook                      
 -------------------- 
after_val_iter:
(NORMAL      ) IterTimerHook                      
(BELOW_NORMAL) LoggerHook                         
 -------------------- 
after_val_epoch:
(VERY_HIGH   ) RuntimeInfoHook                    
(NORMAL      ) IterTimerHook                      
(BELOW_NORMAL) LoggerHook                         
(LOW         ) ParamSchedulerHook                 
(VERY_LOW    ) CheckpointHook                     
 -------------------- 
after_val:
(VERY_HIGH   ) RuntimeInfoHook                    
 -------------------- 
after_train:
(VERY_HIGH   ) RuntimeInfoHook                    
(VERY_LOW    ) CheckpointHook                     
 -------------------- 
before_test:
(VERY_HIGH   ) RuntimeInfoHook                    
 -------------------- 
before_test_epoch:
(NORMAL      ) IterTimerHook                      
 -------------------- 
before_test_iter:
(NORMAL      ) IterTimerHook                      
 -------------------- 
after_test_iter:
(NORMAL      ) IterTimerHook                      
(BELOW_NORMAL) LoggerHook                         
 -------------------- 
after_test_epoch:
(VERY_HIGH   ) RuntimeInfoHook                    
(NORMAL      ) IterTimerHook                      
(BELOW_NORMAL) LoggerHook                         
 -------------------- 
after_test:
(VERY_HIGH   ) RuntimeInfoHook                    
 -------------------- 
after_run:
(BELOW_NORMAL) LoggerHook                         
 -------------------- 
2024/10/09 11:50:09 - mmengine - INFO - Load checkpoint from work_dirs/tsn_imagenet-pretrained-r50_8xb32-1x1x3-100e_kinetics400-rgb/epoch_10.pth
2024/10/09 11:50:09 - mmengine - WARNING - "FileClient" will be deprecated in future. Please use io functions in https://mmengine.readthedocs.io/en/latest/api/fileio.html#file-io
2024/10/09 11:50:09 - mmengine - WARNING - "FileClient" will be deprecated in future. Please use io functions in https://mmengine.readthedocs.io/en/latest/api/fileio.html#file-io
2024/10/09 11:50:09 - mmengine - WARNING - "HardDiskBackend" is the alias of "LocalBackend" and the former will be deprecated in future.
2024/10/09 11:50:09 - mmengine - WARNING - "HardDiskBackend" is the alias of "LocalBackend" and the former will be deprecated in future.
2024/10/09 11:50:09 - mmengine - WARNING - "FileClient" will be deprecated in future. Please use io functions in https://mmengine.readthedocs.io/en/latest/api/fileio.html#file-io
2024/10/09 11:50:09 - mmengine - WARNING - "HardDiskBackend" is the alias of "LocalBackend" and the former will be deprecated in future.
2024/10/09 11:50:09 - mmengine - WARNING - "FileClient" will be deprecated in future. Please use io functions in https://mmengine.readthedocs.io/en/latest/api/fileio.html#file-io
2024/10/09 11:50:09 - mmengine - WARNING - "HardDiskBackend" is the alias of "LocalBackend" and the former will be deprecated in future.
2024/10/09 11:50:09 - mmengine - WARNING - "FileClient" will be deprecated in future. Please use io functions in https://mmengine.readthedocs.io/en/latest/api/fileio.html#file-io
2024/10/09 11:50:09 - mmengine - WARNING - "HardDiskBackend" is the alias of "LocalBackend" and the former will be deprecated in future.
2024/10/09 11:50:09 - mmengine - WARNING - "FileClient" will be deprecated in future. Please use io functions in https://mmengine.readthedocs.io/en/latest/api/fileio.html#file-io
2024/10/09 11:50:09 - mmengine - WARNING - "HardDiskBackend" is the alias of "LocalBackend" and the former will be deprecated in future.
2024/10/09 11:50:09 - mmengine - WARNING - "FileClient" will be deprecated in future. Please use io functions in https://mmengine.readthedocs.io/en/latest/api/fileio.html#file-io
2024/10/09 11:50:09 - mmengine - WARNING - "HardDiskBackend" is the alias of "LocalBackend" and the former will be deprecated in future.
2024/10/09 11:50:09 - mmengine - WARNING - "FileClient" will be deprecated in future. Please use io functions in https://mmengine.readthedocs.io/en/latest/api/fileio.html#file-io
2024/10/09 11:50:09 - mmengine - WARNING - "HardDiskBackend" is the alias of "LocalBackend" and the former will be deprecated in future.
2024/10/09 11:50:13 - mmengine - INFO - Epoch(test) [10/10]    acc/top1: 0.9000  acc/top5: 1.0000  acc/mean1: 0.9000  data_time: 0.0322  time: 0.4417
